2024-02-18 09:59:23,835 [INFO] Activator:176 - 


2024-02-18 09:59:23,841 [INFO] Activator:177 - !SESSION log4j initialized
2024-02-18 09:59:29,189 [INFO] LogOutputStream:77 - [STDOUT_REDIRECT] 
2024-02-18 09:59:32,189 [INFO] ApplicationProperties:184 - Using Application install path: C:\ST\STM32CubeIDE_1.13.2\STM32CubeIDE\plugins\com.st.stm32cube.common.mx_6.9.2.202309101412
2024-02-18 09:59:32,206 [INFO] DbMcusXml:78 - Set database path to: C:\ST\STM32CubeIDE_1.13.2\STM32CubeIDE\plugins\com.st.stm32cube.common.mx_6.9.2.202309101412\\db\/mcu/
2024-02-18 09:59:32,206 [INFO] ApiDb:274 - Set plugin database path to: C:\ST\STM32CubeIDE_1.13.2\STM32CubeIDE\plugins\com.st.stm32cube.common.mx_6.9.2.202309101412\\db\/plugins/boardmanager/
2024-02-18 09:59:32,206 [WARN] ApiDb:259 - Overriding images path with different value:  => C:\ST\STM32CubeIDE_1.13.2\STM32CubeIDE\plugins\com.st.stm32cube.common.mx_6.9.2.202309101412\\db\/plugins/mcufinder/images/
2024-02-18 09:59:32,216 [INFO] ApiDb:250 - Set database path to: C:\Users\islam\.stmcufinder\plugins\mcufinder//mcu/
2024-02-18 09:59:32,217 [INFO] DbMcusAds:125 - Set database path to: C:\Users\islam\.stmcufinder\plugins\mcufinder//mcu/
2024-02-18 09:59:32,219 [INFO] CrossReferenceDbSqlite:203 - Set database path to: C:\Users\islam\.stmcufinder\plugins\mcufinder//mcu/cs/
2024-02-18 09:59:32,325 [INFO] RulesReader:64 - Compatibility file has been processed (293 Rules)
2024-02-18 09:59:32,436 [INFO] DbMcusXml:78 - Set database path to: C:\ST\STM32CubeIDE_1.13.2\STM32CubeIDE\plugins\com.st.stm32cube.common.mx_6.9.2.202309101412\\db\/mcu/
2024-02-18 09:59:32,436 [INFO] ApiDb:274 - Set plugin database path to: C:\ST\STM32CubeIDE_1.13.2\STM32CubeIDE\plugins\com.st.stm32cube.common.mx_6.9.2.202309101412\\db\/plugins/boardmanager/
2024-02-18 09:59:32,437 [INFO] ApiDb:261 - Set plugin images path to: C:\ST\STM32CubeIDE_1.13.2\STM32CubeIDE\plugins\com.st.stm32cube.common.mx_6.9.2.202309101412\\db\/plugins/mcufinder/images/
2024-02-18 09:59:32,437 [WARN] DbFile:41 - Overriding database path with different value: C:\Users\islam\.stmcufinder\plugins\mcufinder/ => C:\Users\islam\.stmcufinder\plugins\mcufinder
2024-02-18 09:59:32,437 [INFO] ApiDb:250 - Set database path to: C:\Users\islam\.stmcufinder\plugins\mcufinder//mcu/
2024-02-18 09:59:32,437 [WARN] DbFile:41 - Overriding database path with different value: C:\Users\islam\.stmcufinder\plugins\mcufinder/ => C:\Users\islam\.stmcufinder\plugins\mcufinder
2024-02-18 09:59:32,437 [INFO] DbMcusAds:125 - Set database path to: C:\Users\islam\.stmcufinder\plugins\mcufinder//mcu/
2024-02-18 09:59:32,437 [WARN] DbFile:41 - Overriding database path with different value: C:\Users\islam\.stmcufinder\plugins\mcufinder/ => C:\Users\islam\.stmcufinder\plugins\mcufinder
2024-02-18 09:59:32,437 [WARN] DbFile:41 - Overriding database path with different value: C:\Users\islam\.stmcufinder\plugins\mcufinder/ => C:\Users\islam\.stmcufinder\plugins\mcufinder
2024-02-18 09:59:32,438 [INFO] CrossReferenceDbSqlite:203 - Set database path to: C:\Users\islam\.stmcufinder\plugins\mcufinder//mcu/cs/
2024-02-18 09:59:32,554 [INFO] MainPanel:262 - HeapMemory: 268435456
2024-02-18 09:59:32,646 [INFO] DbMcusXml:78 - Set database path to: C:\ST\STM32CubeIDE_1.13.2\STM32CubeIDE\plugins\com.st.stm32cube.common.mx_6.9.2.202309101412\\db\/mcu/
2024-02-18 09:59:32,647 [INFO] ApiDb:274 - Set plugin database path to: C:\ST\STM32CubeIDE_1.13.2\STM32CubeIDE\plugins\com.st.stm32cube.common.mx_6.9.2.202309101412\\db\/plugins/boardmanager/
2024-02-18 09:59:32,647 [INFO] ApiDb:261 - Set plugin images path to: C:\ST\STM32CubeIDE_1.13.2\STM32CubeIDE\plugins\com.st.stm32cube.common.mx_6.9.2.202309101412\\db\/plugins/mcufinder/images/
2024-02-18 09:59:32,647 [WARN] DbFile:41 - Overriding database path with different value: C:\Users\islam\.stmcufinder\plugins\mcufinder/ => C:\Users\islam\.stmcufinder\plugins\mcufinder
2024-02-18 09:59:32,647 [INFO] ApiDb:250 - Set database path to: C:\Users\islam\.stmcufinder\plugins\mcufinder//mcu/
2024-02-18 09:59:32,647 [WARN] DbFile:41 - Overriding database path with different value: C:\Users\islam\.stmcufinder\plugins\mcufinder/ => C:\Users\islam\.stmcufinder\plugins\mcufinder
2024-02-18 09:59:32,648 [INFO] DbMcusAds:125 - Set database path to: C:\Users\islam\.stmcufinder\plugins\mcufinder//mcu/
2024-02-18 09:59:32,648 [WARN] DbFile:41 - Overriding database path with different value: C:\Users\islam\.stmcufinder\plugins\mcufinder/ => C:\Users\islam\.stmcufinder\plugins\mcufinder
2024-02-18 09:59:32,648 [WARN] DbFile:41 - Overriding database path with different value: C:\Users\islam\.stmcufinder\plugins\mcufinder/ => C:\Users\islam\.stmcufinder\plugins\mcufinder
2024-02-18 09:59:32,648 [INFO] CrossReferenceDbSqlite:203 - Set database path to: C:\Users\islam\.stmcufinder\plugins\mcufinder//mcu/cs/
2024-02-18 09:59:32,679 [INFO] ApplicationProperties:184 - Using Application install path: C:\ST\STM32CubeIDE_1.13.2\STM32CubeIDE\plugins\com.st.stm32cube.common.mx_6.9.2.202309101412
2024-02-18 09:59:32,681 [INFO] PluginManage:196 - Search for loadable plugins [exclusion list=, ]
2024-02-18 09:59:32,682 [INFO] PluginManage:310 - Check plugin analytics
2024-02-18 09:59:32,862 [INFO] AnalyticsPlugin:253 - Accepted Software Licenses: 
2024-02-18 09:59:32,862 [INFO] AnalyticsPlugin:255 - Accepted CMSIS Pack Licenses: 
2024-02-18 09:59:32,863 [INFO] AnalyticsPlugin:257 - Accepted Firmware Licenses: 
2024-02-18 09:59:32,865 [INFO] PluginManage:359 - Loaded plugin analytics (category:tool,tabindex:-1)
2024-02-18 09:59:32,866 [INFO] PluginManage:310 - Check plugin cadmodel
2024-02-18 09:59:32,887 [INFO] CADModel:105 - Init CAD model plugin
2024-02-18 09:59:32,887 [INFO] PluginManage:359 - Loaded plugin cadmodel (category:power,tabindex:5)
2024-02-18 09:59:32,888 [INFO] PluginManage:310 - Check plugin clock
2024-02-18 09:59:32,917 [INFO] PluginManage:359 - Loaded plugin clock (category:base,tabindex:2)
2024-02-18 09:59:32,918 [INFO] PluginManage:310 - Check plugin ddr
2024-02-18 09:59:32,922 [INFO] PluginManage:359 - Loaded plugin ddr (category:tool,tabindex:6)
2024-02-18 09:59:32,922 [INFO] PluginManage:310 - Check plugin filemanager
2024-02-18 09:59:33,076 [INFO] PluginManage:359 - Loaded plugin filemanager (category:base,tabindex:10)
2024-02-18 09:59:33,076 [INFO] PluginManage:310 - Check plugin ipmanager
2024-02-18 09:59:33,085 [INFO] PluginManage:359 - Loaded plugin ipmanager (category:base,tabindex:5)
2024-02-18 09:59:33,085 [INFO] PluginManage:310 - Check plugin lpbam
2024-02-18 09:59:33,106 [INFO] PluginManage:359 - Loaded plugin lpbam (category:base,tabindex:0)
2024-02-18 09:59:33,106 [INFO] PluginManage:310 - Check plugin memorymap
2024-02-18 09:59:33,127 [INFO] PluginManage:359 - Loaded plugin memorymap (category:base,tabindex:4)
2024-02-18 09:59:33,127 [INFO] PluginManage:310 - Check plugin pinoutandconfiguration
2024-02-18 09:59:33,143 [INFO] PluginManage:359 - Loaded plugin pinoutandconfiguration (category:base,tabindex:1)
2024-02-18 09:59:33,144 [INFO] PluginManage:310 - Check plugin pinoutconfig
2024-02-18 09:59:33,228 [WARN] SupportedApi:132 - Cannot load RTOS API schema: s4s-elt-must-match.1: The content of 'definitions' must match (annotation?, (simpleType | complexType)?, (unique | key | keyref)*)). A problem was found starting at: attribute.
2024-02-18 09:59:33,347 [INFO] PluginManage:359 - Loaded plugin pinoutconfig (category:base,tabindex:0)
2024-02-18 09:59:33,347 [INFO] PluginManage:310 - Check plugin power
2024-02-18 09:59:33,372 [INFO] PluginManage:359 - Loaded plugin power (category:power,tabindex:4)
2024-02-18 09:59:33,373 [INFO] PluginManage:310 - Check plugin projectmanager
2024-02-18 09:59:33,388 [INFO] PluginManage:359 - Loaded plugin projectmanager (category:projectmanager,tabindex:3)
2024-02-18 09:59:33,388 [INFO] PluginManage:310 - Check plugin thirdparty
2024-02-18 09:59:33,681 [INFO] PluginManage:359 - Loaded plugin thirdparty (category:base,tabindex:-1)
2024-02-18 09:59:33,681 [WARN] IntegrityCheckThread:84 - waiting for thirdparty lock release [integrity check]
2024-02-18 09:59:33,681 [INFO] PluginManage:310 - Check plugin tools
2024-02-18 09:59:33,681 [INFO] IntegrityCheckThread:86 - entering critical section [integrity check]
2024-02-18 09:59:33,681 [INFO] ThirdPartyUpdaterWithRetryManager:70 - Updater plugin not ready yet. [1/15]
2024-02-18 09:59:33,715 [INFO] PluginManage:359 - Loaded plugin tools (category:base,tabindex:7)
2024-02-18 09:59:33,715 [INFO] PluginManage:310 - Check plugin tutovideos
2024-02-18 09:59:33,891 [INFO] PluginManage:359 - Loaded plugin tutovideos (category:base,tabindex:-1)
2024-02-18 09:59:33,891 [INFO] PluginManage:310 - Check plugin updater
2024-02-18 09:59:33,903 [INFO] PluginManage:359 - Loaded plugin updater (category:base,tabindex:12)
2024-02-18 09:59:33,903 [INFO] PluginManage:310 - Check plugin userauth
2024-02-18 09:59:33,908 [INFO] UserAuth:113 - Init User Auth plugin
2024-02-18 09:59:33,908 [INFO] PluginManage:359 - Loaded plugin userauth (category:base,tabindex:14)
2024-02-18 09:59:33,908 [INFO] PluginManage:283 - PluginManage : Loaded plugins [17]
2024-02-18 09:59:34,194 [INFO] PinOutPanel:1499 - setPackage(No Configuration,No Configuration)
2024-02-18 09:59:34,337 [INFO] CADModel:165 - CPN selected for project level
2024-02-18 09:59:34,337 [INFO] CADModel:114 - Register for checkConnection events
2024-02-18 09:59:34,359 [INFO] IPUIPlugin:80 - create IPUIPlugin
2024-02-18 09:59:34,359 [INFO] PluginManager:220 - loadIPPluginJar : add adc
2024-02-18 09:59:34,394 [INFO] IPUIPlugin:80 - create IPUIPlugin
2024-02-18 09:59:34,394 [INFO] PluginManager:220 - loadIPPluginJar : add aes
2024-02-18 09:59:34,432 [INFO] IPUIPlugin:80 - create IPUIPlugin
2024-02-18 09:59:34,432 [INFO] PluginManager:220 - loadIPPluginJar : add can
2024-02-18 09:59:34,452 [INFO] IPUIPlugin:80 - create IPUIPlugin
2024-02-18 09:59:34,453 [INFO] PluginManager:220 - loadIPPluginJar : add comp
2024-02-18 09:59:34,482 [INFO] IPUIPlugin:80 - create IPUIPlugin
2024-02-18 09:59:34,482 [INFO] PluginManager:220 - loadIPPluginJar : add cryp
2024-02-18 09:59:34,507 [INFO] IPUIPlugin:80 - create IPUIPlugin
2024-02-18 09:59:34,507 [INFO] PluginManager:220 - loadIPPluginJar : add dfsdm
2024-02-18 09:59:34,519 [INFO] IPUIPlugin:80 - create IPUIPlugin
2024-02-18 09:59:34,519 [INFO] PluginManager:220 - loadIPPluginJar : add dma
2024-02-18 09:59:34,564 [INFO] IPUIPlugin:80 - create IPUIPlugin
2024-02-18 09:59:34,564 [INFO] PluginManager:220 - loadIPPluginJar : add dma3
2024-02-18 09:59:34,584 [INFO] IPUIPlugin:80 - create IPUIPlugin
2024-02-18 09:59:34,585 [INFO] PluginManager:220 - loadIPPluginJar : add fatfs
2024-02-18 09:59:34,627 [INFO] IPUIPlugin:80 - create IPUIPlugin
2024-02-18 09:59:34,627 [INFO] PluginManager:220 - loadIPPluginJar : add fmc
2024-02-18 09:59:34,641 [INFO] IPUIPlugin:80 - create IPUIPlugin
2024-02-18 09:59:34,641 [INFO] PluginManager:220 - loadIPPluginJar : add freertos
2024-02-18 09:59:34,662 [INFO] IPUIPlugin:80 - create IPUIPlugin
2024-02-18 09:59:34,662 [INFO] PluginManager:220 - loadIPPluginJar : add genericplugin
2024-02-18 09:59:34,760 [INFO] IPUIPlugin:80 - create IPUIPlugin
2024-02-18 09:59:34,760 [INFO] PluginManager:220 - loadIPPluginJar : add gfxmmu
2024-02-18 09:59:34,874 [INFO] IPUIPlugin:80 - create IPUIPlugin
2024-02-18 09:59:34,874 [INFO] PluginManager:220 - loadIPPluginJar : add gic
2024-02-18 09:59:34,886 [INFO] IPUIPlugin:80 - create IPUIPlugin
2024-02-18 09:59:34,886 [INFO] PluginManager:220 - loadIPPluginJar : add gpio
2024-02-18 09:59:34,964 [INFO] IPUIPlugin:80 - create IPUIPlugin
2024-02-18 09:59:34,964 [INFO] PluginManager:220 - loadIPPluginJar : add gtzc
2024-02-18 09:59:34,992 [INFO] IPUIPlugin:80 - create IPUIPlugin
2024-02-18 09:59:34,992 [INFO] PluginManager:220 - loadIPPluginJar : add hash
2024-02-18 09:59:35,035 [INFO] IPUIPlugin:80 - create IPUIPlugin
2024-02-18 09:59:35,035 [INFO] PluginManager:220 - loadIPPluginJar : add i2c
2024-02-18 09:59:35,070 [INFO] IPUIPlugin:80 - create IPUIPlugin
2024-02-18 09:59:35,070 [INFO] PluginManager:220 - loadIPPluginJar : add i2s
2024-02-18 09:59:35,106 [INFO] IPUIPlugin:80 - create IPUIPlugin
2024-02-18 09:59:35,106 [INFO] PluginManager:220 - loadIPPluginJar : add i3c
2024-02-18 09:59:35,196 [INFO] IPUIPlugin:80 - create IPUIPlugin
2024-02-18 09:59:35,196 [INFO] PluginManager:220 - loadIPPluginJar : add ipddr
2024-02-18 09:59:35,274 [INFO] IPUIPlugin:80 - create IPUIPlugin
2024-02-18 09:59:35,274 [INFO] PluginManager:220 - loadIPPluginJar : add linkedlist
2024-02-18 09:59:35,304 [INFO] IPUIPlugin:80 - create IPUIPlugin
2024-02-18 09:59:35,305 [INFO] PluginManager:220 - loadIPPluginJar : add lorawan
2024-02-18 09:59:35,338 [INFO] IPUIPlugin:80 - create IPUIPlugin
2024-02-18 09:59:35,338 [INFO] PluginManager:220 - loadIPPluginJar : add ltdc
2024-02-18 09:59:35,351 [INFO] IPUIPlugin:80 - create IPUIPlugin
2024-02-18 09:59:35,351 [INFO] PluginManager:220 - loadIPPluginJar : add mdma
2024-02-18 09:59:35,362 [INFO] IPUIPlugin:80 - create IPUIPlugin
2024-02-18 09:59:35,362 [INFO] PluginManager:220 - loadIPPluginJar : add nvic
2024-02-18 09:59:35,393 [INFO] IPUIPlugin:80 - create IPUIPlugin
2024-02-18 09:59:35,393 [INFO] PluginManager:220 - loadIPPluginJar : add opamp
2024-02-18 09:59:35,450 [INFO] IPUIPlugin:80 - create IPUIPlugin
2024-02-18 09:59:35,450 [INFO] PluginManager:220 - loadIPPluginJar : add openamp
2024-02-18 09:59:35,497 [INFO] IPUIPlugin:80 - create IPUIPlugin
2024-02-18 09:59:35,497 [INFO] PluginManager:220 - loadIPPluginJar : add pdm2pcm
2024-02-18 09:59:35,510 [INFO] IPUIPlugin:80 - create IPUIPlugin
2024-02-18 09:59:35,512 [INFO] PluginManager:220 - loadIPPluginJar : add plateformsettings
2024-02-18 09:59:35,532 [INFO] IPUIPlugin:80 - create IPUIPlugin
2024-02-18 09:59:35,533 [INFO] PluginManager:220 - loadIPPluginJar : add quadspi
2024-02-18 09:59:35,545 [INFO] IPUIPlugin:80 - create IPUIPlugin
2024-02-18 09:59:35,545 [INFO] PluginManager:220 - loadIPPluginJar : add resmgrutility
2024-02-18 09:59:35,592 [INFO] IPUIPlugin:80 - create IPUIPlugin
2024-02-18 09:59:35,592 [INFO] PluginManager:220 - loadIPPluginJar : add sai
2024-02-18 09:59:35,629 [INFO] IPUIPlugin:80 - create IPUIPlugin
2024-02-18 09:59:35,629 [INFO] PluginManager:220 - loadIPPluginJar : add spi
2024-02-18 09:59:35,684 [INFO] IPUIPlugin:80 - create IPUIPlugin
2024-02-18 09:59:35,684 [INFO] PluginManager:220 - loadIPPluginJar : add stm32_wpan
2024-02-18 09:59:35,707 [INFO] IPUIPlugin:80 - create IPUIPlugin
2024-02-18 09:59:35,707 [INFO] PluginManager:220 - loadIPPluginJar : add tim
2024-02-18 09:59:35,764 [INFO] IPUIPlugin:80 - create IPUIPlugin
2024-02-18 09:59:35,764 [INFO] PluginManager:220 - loadIPPluginJar : add touchsensing
2024-02-18 09:59:35,786 [INFO] IPUIPlugin:80 - create IPUIPlugin
2024-02-18 09:59:35,786 [INFO] PluginManager:220 - loadIPPluginJar : add tracer_emb
2024-02-18 09:59:35,808 [INFO] IPUIPlugin:80 - create IPUIPlugin
2024-02-18 09:59:35,808 [INFO] PluginManager:220 - loadIPPluginJar : add ts
2024-02-18 09:59:35,830 [INFO] IPUIPlugin:80 - create IPUIPlugin
2024-02-18 09:59:35,830 [INFO] PluginManager:220 - loadIPPluginJar : add tsc
2024-02-18 09:59:35,852 [INFO] IPUIPlugin:80 - create IPUIPlugin
2024-02-18 09:59:35,853 [INFO] PluginManager:220 - loadIPPluginJar : add ucpd
2024-02-18 09:59:35,894 [INFO] IPUIPlugin:80 - create IPUIPlugin
2024-02-18 09:59:35,894 [INFO] PluginManager:220 - loadIPPluginJar : add usart
2024-02-18 09:59:35,936 [INFO] IPUIPlugin:80 - create IPUIPlugin
2024-02-18 09:59:35,936 [INFO] PluginManager:220 - loadIPPluginJar : add usbx
2024-02-18 09:59:36,058 [INFO] CADModel:165 - CPN selected for project level
2024-02-18 09:59:36,058 [INFO] CADModel:114 - Register for checkConnection events
2024-02-18 09:59:36,059 [FATAL] Updater:308 - Updater called before beeing initialized
2024-02-18 09:59:36,059 [ERROR] CADModel:125 - Updater not yet initialized, retry later 
2024-02-18 09:59:36,169 [INFO] CADModel:165 - CPN selected for project level
2024-02-18 09:59:36,169 [INFO] CADModel:114 - Register for checkConnection events
2024-02-18 09:59:36,169 [FATAL] Updater:308 - Updater called before beeing initialized
2024-02-18 09:59:36,169 [ERROR] CADModel:125 - Updater not yet initialized, retry later 
2024-02-18 09:59:36,172 [FATAL] Updater:308 - Updater called before beeing initialized
2024-02-18 09:59:36,276 [FATAL] Updater:308 - Updater called before beeing initialized
2024-02-18 09:59:36,286 [INFO] DbMcusAds:53 - JSON generation date=Wed Nov 29 13:52:27 TRT 2023 (1701255147349)
2024-02-18 09:59:36,286 [FATAL] Updater:308 - Updater called before beeing initialized
2024-02-18 09:59:36,350 [WARN] DetailPanel:346 - Failed to get advertising image, set to default
2024-02-18 09:59:36,442 [FATAL] Updater:308 - Updater called before beeing initialized
2024-02-18 09:59:36,444 [FATAL] Updater:308 - Updater called before beeing initialized
2024-02-18 09:59:36,444 [FATAL] Updater:308 - Updater called before beeing initialized
2024-02-18 09:59:36,444 [WARN] DetailPanel:346 - Failed to get advertising image, set to default
2024-02-18 09:59:36,445 [FATAL] Updater:308 - Updater called before beeing initialized
2024-02-18 09:59:36,495 [ERROR] Updater:1120 - MainUpdater not yet initialized. External WinMGr cannot be set.
2024-02-18 09:59:36,509 [INFO] Updater:1056 - Updater Version found : 6.9.2
2024-02-18 09:59:36,522 [INFO] ApplicationProperties:184 - Using Application install path: C:\ST\STM32CubeIDE_1.13.2\STM32CubeIDE\plugins\com.st.stm32cube.common.mx_6.9.2.202309101412
2024-02-18 09:59:36,682 [INFO] ThirdPartyUpdaterWithRetryManager:70 - Updater plugin not ready yet. [2/15]
2024-02-18 09:59:36,796 [INFO] MainUpdater:2868 - connection check result : 10
2024-02-18 09:59:36,797 [INFO] MainUpdater:285 - Updater Check For Update Now.
2024-02-18 09:59:36,797 [INFO] MicroXplorer:498 - Change Database Version : DB.6.0.92
2024-02-18 09:59:36,812 [INFO] McuFinderGlobals:63 - Set McuFinder mode to 2 (CubeIDE integrated)
2024-02-18 09:59:37,004 [INFO] CheckServerUpdateThread:120 - End of CheckServer Thread
2024-02-18 09:59:39,833 [WARN] PackLoader:240 - Cannot read IP mode file for STMicroelectronics.X-CUBE-SMBUS.2.1.0
2024-02-18 09:59:39,845 [WARN] PackLoader:240 - Cannot read IP mode file for STMicroelectronics.X-CUBE-TOUCHGFX.4.23.0
2024-02-18 09:59:39,881 [WARN] PackLoader:240 - Cannot read IP mode file for STMicroelectronics.X-CUBE-AZRTOS-F7.1.1.0
2024-02-18 09:59:39,900 [WARN] PackLoader:240 - Cannot read IP mode file for STMicroelectronics.FP-SNS-MOTENV1.4.3.2
2024-02-18 09:59:39,917 [WARN] PackLoader:240 - Cannot read IP mode file for STMicroelectronics.FP-SNS-FLIGHT1.5.0.2
2024-02-18 09:59:39,935 [WARN] PackLoader:240 - Cannot read IP mode file for STMicroelectronics.X-CUBE-DISPLAY.3.0.0
2024-02-18 09:59:39,954 [WARN] PackLoader:240 - Cannot read IP mode file for STMicroelectronics.X-CUBE-BLE1.7.0.0
2024-02-18 09:59:39,968 [WARN] PackLoader:240 - Cannot read IP mode file for emotas.I-CUBE-CANOPEN.1.3.0
2024-02-18 09:59:39,980 [WARN] PackLoader:240 - Cannot read IP mode file for STMicroelectronics.X-CUBE-TOUCHGFX.4.22.1
2024-02-18 09:59:39,999 [INFO] LogOutputStream:77 - [STDOUT_REDIRECT] 1 : Invalid condition id : UX_CORESTACK_Condition cause : null
2024-02-18 09:59:40,000 [INFO] LogOutputStream:77 - [STDOUT_REDIRECT] 1 : Invalid condition id : UX_CORESTACK_Condition cause : null
2024-02-18 09:59:40,001 [INFO] LogOutputStream:77 - [STDOUT_REDIRECT] 1 : Invalid condition id : UX_CORESTACK_Condition cause : null
2024-02-18 09:59:40,002 [INFO] LogOutputStream:77 - [STDOUT_REDIRECT] 1 : Invalid condition id : UX_CORESTACK_Condition cause : null
2024-02-18 09:59:40,003 [INFO] LogOutputStream:77 - [STDOUT_REDIRECT] 1 : Invalid condition id : UX_CORESTACK_Condition cause : null
2024-02-18 09:59:40,006 [WARN] PackLoader:240 - Cannot read IP mode file for STMicroelectronics.X-CUBE-AZRTOS-WL.2.0.0
2024-02-18 09:59:40,023 [WARN] PackLoader:240 - Cannot read IP mode file for WES.I-CUBE-Cesium.1.3.0
2024-02-18 09:59:40,037 [WARN] PackLoader:240 - Cannot read IP mode file for STMicroelectronics.X-CUBE-BLE2.3.3.0
2024-02-18 09:59:40,053 [WARN] PackLoader:240 - Cannot read IP mode file for STMicroelectronics.X-CUBE-ALGOBUILD.1.3.0
2024-02-18 09:59:40,078 [WARN] PackLoader:240 - Cannot read IP mode file for STMicroelectronics.X-CUBE-AZRTOS-G0.1.1.0
2024-02-18 09:59:40,107 [WARN] PackLoader:240 - Cannot read IP mode file for STMicroelectronics.X-CUBE-NFC4.3.0.0
2024-02-18 09:59:40,136 [WARN] PackLoader:240 - Cannot read IP mode file for STMicroelectronics.X-CUBE-BLEMGR.3.0.0
2024-02-18 09:59:40,149 [WARN] PackLoader:240 - Cannot read IP mode file for STMicroelectronics.FP-ATR-SIGFOX1.3.2.0
2024-02-18 09:59:40,161 [WARN] PackLoader:240 - Cannot read IP mode file for STMicroelectronics.X-CUBE-EEPRMA1.5.1.0
2024-02-18 09:59:40,192 [WARN] PackLoader:240 - Cannot read IP mode file for SEGGER.I-CUBE-embOS.1.3.1
2024-02-18 09:59:40,233 [WARN] PackLoader:240 - Cannot read IP mode file for STMicroelectronics.X-CUBE-GNSS1.6.0.0
2024-02-18 09:59:40,260 [WARN] PackLoader:240 - Cannot read IP mode file for STMicroelectronics.X-CUBE-AZRTOS-F4.1.1.0
2024-02-18 09:59:40,274 [WARN] PackLoader:240 - Cannot read IP mode file for wolfSSL.I-CUBE-wolfSSL.5.6.3
2024-02-18 09:59:40,301 [WARN] PackLoader:240 - Cannot read IP mode file for STMicroelectronics.X-CUBE-AZRTOS-L5.2.0.0
2024-02-18 09:59:40,344 [WARN] PackLoader:240 - Cannot read IP mode file for STMicroelectronics.X-CUBE-MEMS1.9.6.0
2024-02-18 09:59:40,482 [WARN] PackLoader:240 - Cannot read IP mode file for STMicroelectronics.X-CUBE-EEPRMA1.4.2.0
2024-02-18 09:59:40,498 [WARN] PackLoader:240 - Cannot read IP mode file for ITTIA_DB.I-CUBE-ITTIADB.8.8.0
2024-02-18 09:59:40,517 [WARN] PackLoader:240 - Cannot read IP mode file for STMicroelectronics.X-CUBE-BLEMGR.2.0.0
2024-02-18 09:59:40,544 [WARN] ConditionMgr:438 - getConditionDescription Invalid condition id : UX DEVICE CLASS RTOS Condition cause : null
2024-02-18 09:59:40,544 [WARN] ConditionMgr:438 - getConditionDescription Invalid condition id : UX DEVICE CLASS RTOS Condition cause : null
2024-02-18 09:59:40,546 [WARN] PackLoader:240 - Cannot read IP mode file for STMicroelectronics.X-CUBE-AZRTOS-H7.3.1.0
2024-02-18 09:59:40,547 [WARN] ConditionMgr:1039 - genDependencies : Invalid condition id : UX DEVICE CLASS RTOS Condition cause : null
2024-02-18 09:59:40,548 [WARN] ConditionMgr:1039 - genDependencies : Invalid condition id : UX DEVICE CLASS RTOS Condition cause : null
2024-02-18 09:59:40,548 [WARN] ConditionMgr:1039 - genDependencies : Invalid condition id : UX DEVICE CLASS RTOS Condition cause : null
2024-02-18 09:59:40,548 [WARN] ConditionMgr:1039 - genDependencies : Invalid condition id : UX DEVICE CLASS RTOS Condition cause : null
2024-02-18 09:59:40,548 [WARN] ConditionMgr:1039 - genDependencies : Invalid condition id : UX DEVICE CLASS RTOS Condition cause : null
2024-02-18 09:59:40,563 [WARN] PackLoader:240 - Cannot read IP mode file for STMicroelectronics.X-CUBE-NFC7.1.0.1
2024-02-18 09:59:40,577 [WARN] PackLoader:240 - Cannot read IP mode file for STMicroelectronics.X-CUBE-EEPRMA1.4.1.0
2024-02-18 09:59:40,591 [WARN] PackLoader:240 - Cannot read IP mode file for STMicroelectronics.X-CUBE-AI.8.1.0
2024-02-18 09:59:40,622 [WARN] ConditionMgr:438 - getConditionDescription Invalid condition id : LAN8742 Phy interface Condition cause : null
2024-02-18 09:59:40,622 [WARN] PackLoader:240 - Cannot read IP mode file for STMicroelectronics.X-CUBE-AZRTOS-L4.2.0.0
2024-02-18 09:59:40,623 [WARN] ConditionMgr:1039 - genDependencies : Invalid condition id : LAN8742 Phy interface Condition cause : null
2024-02-18 09:59:40,624 [WARN] ConditionMgr:1039 - genDependencies : Invalid condition id : LAN8742 Phy interface Condition cause : null
2024-02-18 09:59:40,624 [WARN] ConditionMgr:1039 - genDependencies : Invalid condition id : LAN8742 Phy interface Condition cause : null
2024-02-18 09:59:40,638 [WARN] PackLoader:240 - Cannot read IP mode file for STMicroelectronics.X-CUBE-SFXS2LP1.4.0.0
2024-02-18 09:59:40,651 [WARN] PackLoader:240 - Cannot read IP mode file for STMicroelectronics.X-CUBE-ISPU.1.1.0
2024-02-18 09:59:40,673 [WARN] ConditionMgr:438 - getConditionDescription Invalid condition id : UX DEVICE CLASS RTOS Condition cause : null
2024-02-18 09:59:40,673 [WARN] ConditionMgr:438 - getConditionDescription Invalid condition id : UX DEVICE CLASS RTOS Condition cause : null
2024-02-18 09:59:40,675 [WARN] PackLoader:240 - Cannot read IP mode file for STMicroelectronics.X-CUBE-AZRTOS-WB.2.0.0
2024-02-18 09:59:40,676 [WARN] ConditionMgr:1039 - genDependencies : Invalid condition id : UX DEVICE CLASS RTOS Condition cause : null
2024-02-18 09:59:40,676 [WARN] ConditionMgr:1039 - genDependencies : Invalid condition id : UX DEVICE CLASS RTOS Condition cause : null
2024-02-18 09:59:40,677 [WARN] ConditionMgr:1039 - genDependencies : Invalid condition id : UX DEVICE CLASS RTOS Condition cause : null
2024-02-18 09:59:40,677 [WARN] ConditionMgr:1039 - genDependencies : Invalid condition id : UX DEVICE CLASS RTOS Condition cause : null
2024-02-18 09:59:40,677 [WARN] ConditionMgr:1039 - genDependencies : Invalid condition id : UX DEVICE CLASS RTOS Condition cause : null
2024-02-18 09:59:40,697 [WARN] PackLoader:240 - Cannot read IP mode file for STMicroelectronics.X-CUBE-SUBG2.5.0.0
2024-02-18 09:59:40,721 [WARN] PackLoader:240 - Cannot read IP mode file for STMicroelectronics.X-CUBE-TOF1.3.3.1
2024-02-18 09:59:40,753 [WARN] PackLoader:240 - Cannot read IP mode file for STMicroelectronics.X-CUBE-AZRTOS-G4.2.0.0
2024-02-18 09:59:40,779 [WARN] PackLoader:240 - Cannot read IP mode file for Infineon.AIROC-Wi-Fi-Bluetooth-STM32.1.5.1
2024-02-18 09:59:40,795 [WARN] PackLoader:240 - Cannot read IP mode file for STMicroelectronics.FP-SNS-MOTENVWB1.1.3.1
2024-02-18 09:59:40,806 [WARN] PackLoader:240 - Cannot read IP mode file for STMicroelectronics.X-CUBE-ISPU.2.0.0
2024-02-18 09:59:40,846 [WARN] PackLoader:240 - Cannot read IP mode file for STMicroelectronics.X-CUBE-MEMS1.10.0.0
2024-02-18 09:59:40,935 [WARN] PackLoader:240 - Cannot read IP mode file for STMicroelectronics.X-CUBE-FREERTOS.1.1.0
2024-02-18 09:59:40,950 [WARN] PackLoader:240 - Cannot read IP mode file for portGmbH.I-Cube-SoM-uGOAL.1.1.0
2024-02-18 09:59:40,961 [WARN] PackLoader:240 - Cannot read IP mode file for STMicroelectronics.X-CUBE-ALS.1.0.1
2024-02-18 09:59:40,973 [WARN] PackLoader:240 - Cannot read IP mode file for STMicroelectronics.FP-ATR-ASTRA1.2.0.0
2024-02-18 09:59:40,996 [WARN] PackLoader:240 - Cannot read IP mode file for STMicroelectronics.X-CUBE-TOF1.3.4.0
2024-02-18 09:59:41,029 [WARN] PackLoader:240 - Cannot read IP mode file for STMicroelectronics.X-CUBE-AZRTOS-H7.3.2.0
2024-02-18 09:59:41,032 [INFO] ThirdParty:978 - Integrity check success = true
2024-02-18 09:59:41,032 [INFO] IntegrityCheckThread:100 - exiting critical section [integrity check]
2024-02-18 09:59:41,032 [INFO] IntegrityCheckThread:103 - End integrity checks thread
2024-02-18 09:59:57,779 [ERROR] LogOutputStream:75 - [STDERR_REDIRECT] SLF4J: Failed to load class "org.slf4j.impl.StaticLoggerBinder".
2024-02-18 09:59:57,779 [ERROR] LogOutputStream:75 - [STDERR_REDIRECT] SLF4J: Defaulting to no-operation (NOP) logger implementation
2024-02-18 09:59:57,781 [ERROR] LogOutputStream:75 - [STDERR_REDIRECT] SLF4J: See http://www.slf4j.org/codes.html#StaticLoggerBinder for further details.
2024-02-18 19:25:05,723 [INFO] Activator:176 - 


2024-02-18 19:25:05,726 [INFO] Activator:177 - !SESSION log4j initialized
2024-02-18 19:25:10,736 [INFO] LogOutputStream:77 - [STDOUT_REDIRECT] 
2024-02-18 19:25:13,408 [INFO] ApplicationProperties:184 - Using Application install path: C:\ST\STM32CubeIDE_1.13.2\STM32CubeIDE\plugins\com.st.stm32cube.common.mx_6.9.2.202309101412
2024-02-18 19:25:13,426 [INFO] DbMcusXml:78 - Set database path to: C:\ST\STM32CubeIDE_1.13.2\STM32CubeIDE\plugins\com.st.stm32cube.common.mx_6.9.2.202309101412\\db\/mcu/
2024-02-18 19:25:13,426 [INFO] ApiDb:274 - Set plugin database path to: C:\ST\STM32CubeIDE_1.13.2\STM32CubeIDE\plugins\com.st.stm32cube.common.mx_6.9.2.202309101412\\db\/plugins/boardmanager/
2024-02-18 19:25:13,427 [WARN] ApiDb:259 - Overriding images path with different value:  => C:\ST\STM32CubeIDE_1.13.2\STM32CubeIDE\plugins\com.st.stm32cube.common.mx_6.9.2.202309101412\\db\/plugins/mcufinder/images/
2024-02-18 19:25:13,435 [INFO] ApiDb:250 - Set database path to: C:\Users\islam\.stmcufinder\plugins\mcufinder//mcu/
2024-02-18 19:25:13,436 [INFO] DbMcusAds:125 - Set database path to: C:\Users\islam\.stmcufinder\plugins\mcufinder//mcu/
2024-02-18 19:25:13,438 [INFO] CrossReferenceDbSqlite:203 - Set database path to: C:\Users\islam\.stmcufinder\plugins\mcufinder//mcu/cs/
2024-02-18 19:25:13,538 [INFO] RulesReader:64 - Compatibility file has been processed (293 Rules)
2024-02-18 19:25:13,632 [INFO] DbMcusXml:78 - Set database path to: C:\ST\STM32CubeIDE_1.13.2\STM32CubeIDE\plugins\com.st.stm32cube.common.mx_6.9.2.202309101412\\db\/mcu/
2024-02-18 19:25:13,632 [INFO] ApiDb:274 - Set plugin database path to: C:\ST\STM32CubeIDE_1.13.2\STM32CubeIDE\plugins\com.st.stm32cube.common.mx_6.9.2.202309101412\\db\/plugins/boardmanager/
2024-02-18 19:25:13,632 [INFO] ApiDb:261 - Set plugin images path to: C:\ST\STM32CubeIDE_1.13.2\STM32CubeIDE\plugins\com.st.stm32cube.common.mx_6.9.2.202309101412\\db\/plugins/mcufinder/images/
2024-02-18 19:25:13,632 [WARN] DbFile:41 - Overriding database path with different value: C:\Users\islam\.stmcufinder\plugins\mcufinder/ => C:\Users\islam\.stmcufinder\plugins\mcufinder
2024-02-18 19:25:13,632 [INFO] ApiDb:250 - Set database path to: C:\Users\islam\.stmcufinder\plugins\mcufinder//mcu/
2024-02-18 19:25:13,632 [WARN] DbFile:41 - Overriding database path with different value: C:\Users\islam\.stmcufinder\plugins\mcufinder/ => C:\Users\islam\.stmcufinder\plugins\mcufinder
2024-02-18 19:25:13,632 [INFO] DbMcusAds:125 - Set database path to: C:\Users\islam\.stmcufinder\plugins\mcufinder//mcu/
2024-02-18 19:25:13,632 [WARN] DbFile:41 - Overriding database path with different value: C:\Users\islam\.stmcufinder\plugins\mcufinder/ => C:\Users\islam\.stmcufinder\plugins\mcufinder
2024-02-18 19:25:13,633 [WARN] DbFile:41 - Overriding database path with different value: C:\Users\islam\.stmcufinder\plugins\mcufinder/ => C:\Users\islam\.stmcufinder\plugins\mcufinder
2024-02-18 19:25:13,633 [INFO] CrossReferenceDbSqlite:203 - Set database path to: C:\Users\islam\.stmcufinder\plugins\mcufinder//mcu/cs/
2024-02-18 19:25:13,717 [INFO] MainPanel:262 - HeapMemory: 268435456
2024-02-18 19:25:13,801 [INFO] DbMcusXml:78 - Set database path to: C:\ST\STM32CubeIDE_1.13.2\STM32CubeIDE\plugins\com.st.stm32cube.common.mx_6.9.2.202309101412\\db\/mcu/
2024-02-18 19:25:13,802 [INFO] ApiDb:274 - Set plugin database path to: C:\ST\STM32CubeIDE_1.13.2\STM32CubeIDE\plugins\com.st.stm32cube.common.mx_6.9.2.202309101412\\db\/plugins/boardmanager/
2024-02-18 19:25:13,802 [INFO] ApiDb:261 - Set plugin images path to: C:\ST\STM32CubeIDE_1.13.2\STM32CubeIDE\plugins\com.st.stm32cube.common.mx_6.9.2.202309101412\\db\/plugins/mcufinder/images/
2024-02-18 19:25:13,802 [WARN] DbFile:41 - Overriding database path with different value: C:\Users\islam\.stmcufinder\plugins\mcufinder/ => C:\Users\islam\.stmcufinder\plugins\mcufinder
2024-02-18 19:25:13,802 [INFO] ApiDb:250 - Set database path to: C:\Users\islam\.stmcufinder\plugins\mcufinder//mcu/
2024-02-18 19:25:13,802 [WARN] DbFile:41 - Overriding database path with different value: C:\Users\islam\.stmcufinder\plugins\mcufinder/ => C:\Users\islam\.stmcufinder\plugins\mcufinder
2024-02-18 19:25:13,802 [INFO] DbMcusAds:125 - Set database path to: C:\Users\islam\.stmcufinder\plugins\mcufinder//mcu/
2024-02-18 19:25:13,802 [WARN] DbFile:41 - Overriding database path with different value: C:\Users\islam\.stmcufinder\plugins\mcufinder/ => C:\Users\islam\.stmcufinder\plugins\mcufinder
2024-02-18 19:25:13,802 [WARN] DbFile:41 - Overriding database path with different value: C:\Users\islam\.stmcufinder\plugins\mcufinder/ => C:\Users\islam\.stmcufinder\plugins\mcufinder
2024-02-18 19:25:13,802 [INFO] CrossReferenceDbSqlite:203 - Set database path to: C:\Users\islam\.stmcufinder\plugins\mcufinder//mcu/cs/
2024-02-18 19:25:13,818 [INFO] ApplicationProperties:184 - Using Application install path: C:\ST\STM32CubeIDE_1.13.2\STM32CubeIDE\plugins\com.st.stm32cube.common.mx_6.9.2.202309101412
2024-02-18 19:25:13,819 [INFO] PluginManage:196 - Search for loadable plugins [exclusion list=, ]
2024-02-18 19:25:13,820 [INFO] PluginManage:310 - Check plugin analytics
2024-02-18 19:25:13,959 [INFO] AnalyticsPlugin:253 - Accepted Software Licenses: 
2024-02-18 19:25:13,959 [INFO] AnalyticsPlugin:255 - Accepted CMSIS Pack Licenses: 
2024-02-18 19:25:13,960 [INFO] AnalyticsPlugin:257 - Accepted Firmware Licenses: 
2024-02-18 19:25:13,962 [INFO] PluginManage:359 - Loaded plugin analytics (category:tool,tabindex:-1)
2024-02-18 19:25:13,963 [INFO] PluginManage:310 - Check plugin cadmodel
2024-02-18 19:25:13,976 [INFO] CADModel:105 - Init CAD model plugin
2024-02-18 19:25:13,976 [INFO] PluginManage:359 - Loaded plugin cadmodel (category:power,tabindex:5)
2024-02-18 19:25:13,976 [INFO] PluginManage:310 - Check plugin clock
2024-02-18 19:25:13,992 [INFO] PluginManage:359 - Loaded plugin clock (category:base,tabindex:2)
2024-02-18 19:25:13,992 [INFO] PluginManage:310 - Check plugin ddr
2024-02-18 19:25:13,994 [INFO] PluginManage:359 - Loaded plugin ddr (category:tool,tabindex:6)
2024-02-18 19:25:13,995 [INFO] PluginManage:310 - Check plugin filemanager
2024-02-18 19:25:14,120 [INFO] PluginManage:359 - Loaded plugin filemanager (category:base,tabindex:10)
2024-02-18 19:25:14,120 [INFO] PluginManage:310 - Check plugin ipmanager
2024-02-18 19:25:14,127 [INFO] PluginManage:359 - Loaded plugin ipmanager (category:base,tabindex:5)
2024-02-18 19:25:14,127 [INFO] PluginManage:310 - Check plugin lpbam
2024-02-18 19:25:14,144 [INFO] PluginManage:359 - Loaded plugin lpbam (category:base,tabindex:0)
2024-02-18 19:25:14,144 [INFO] PluginManage:310 - Check plugin memorymap
2024-02-18 19:25:14,165 [INFO] PluginManage:359 - Loaded plugin memorymap (category:base,tabindex:4)
2024-02-18 19:25:14,165 [INFO] PluginManage:310 - Check plugin pinoutandconfiguration
2024-02-18 19:25:14,180 [INFO] PluginManage:359 - Loaded plugin pinoutandconfiguration (category:base,tabindex:1)
2024-02-18 19:25:14,180 [INFO] PluginManage:310 - Check plugin pinoutconfig
2024-02-18 19:25:14,271 [WARN] SupportedApi:132 - Cannot load RTOS API schema: s4s-elt-must-match.1: The content of 'definitions' must match (annotation?, (simpleType | complexType)?, (unique | key | keyref)*)). A problem was found starting at: attribute.
2024-02-18 19:25:14,394 [INFO] PluginManage:359 - Loaded plugin pinoutconfig (category:base,tabindex:0)
2024-02-18 19:25:14,394 [INFO] PluginManage:310 - Check plugin power
2024-02-18 19:25:14,415 [INFO] PluginManage:359 - Loaded plugin power (category:power,tabindex:4)
2024-02-18 19:25:14,416 [INFO] PluginManage:310 - Check plugin projectmanager
2024-02-18 19:25:14,432 [INFO] PluginManage:359 - Loaded plugin projectmanager (category:projectmanager,tabindex:3)
2024-02-18 19:25:14,432 [INFO] PluginManage:310 - Check plugin thirdparty
2024-02-18 19:25:14,698 [INFO] PluginManage:359 - Loaded plugin thirdparty (category:base,tabindex:-1)
2024-02-18 19:25:14,698 [INFO] PluginManage:310 - Check plugin tools
2024-02-18 19:25:14,698 [WARN] IntegrityCheckThread:84 - waiting for thirdparty lock release [integrity check]
2024-02-18 19:25:14,699 [INFO] IntegrityCheckThread:86 - entering critical section [integrity check]
2024-02-18 19:25:14,699 [INFO] ThirdPartyUpdaterWithRetryManager:70 - Updater plugin not ready yet. [1/15]
2024-02-18 19:25:14,735 [INFO] PluginManage:359 - Loaded plugin tools (category:base,tabindex:7)
2024-02-18 19:25:14,735 [INFO] PluginManage:310 - Check plugin tutovideos
2024-02-18 19:25:15,010 [INFO] PluginManage:359 - Loaded plugin tutovideos (category:base,tabindex:-1)
2024-02-18 19:25:15,010 [INFO] PluginManage:310 - Check plugin updater
2024-02-18 19:25:15,018 [INFO] PluginManage:359 - Loaded plugin updater (category:base,tabindex:12)
2024-02-18 19:25:15,018 [INFO] PluginManage:310 - Check plugin userauth
2024-02-18 19:25:15,022 [INFO] UserAuth:113 - Init User Auth plugin
2024-02-18 19:25:15,022 [INFO] PluginManage:359 - Loaded plugin userauth (category:base,tabindex:14)
2024-02-18 19:25:15,022 [INFO] PluginManage:283 - PluginManage : Loaded plugins [17]
2024-02-18 19:25:15,225 [INFO] PinOutPanel:1499 - setPackage(No Configuration,No Configuration)
2024-02-18 19:25:15,333 [INFO] CADModel:165 - CPN selected for project level
2024-02-18 19:25:15,333 [INFO] CADModel:114 - Register for checkConnection events
2024-02-18 19:25:15,356 [INFO] IPUIPlugin:80 - create IPUIPlugin
2024-02-18 19:25:15,356 [INFO] PluginManager:220 - loadIPPluginJar : add adc
2024-02-18 19:25:15,388 [INFO] IPUIPlugin:80 - create IPUIPlugin
2024-02-18 19:25:15,388 [INFO] PluginManager:220 - loadIPPluginJar : add aes
2024-02-18 19:25:15,428 [INFO] IPUIPlugin:80 - create IPUIPlugin
2024-02-18 19:25:15,428 [INFO] PluginManager:220 - loadIPPluginJar : add can
2024-02-18 19:25:15,450 [INFO] IPUIPlugin:80 - create IPUIPlugin
2024-02-18 19:25:15,451 [INFO] PluginManager:220 - loadIPPluginJar : add comp
2024-02-18 19:25:15,481 [INFO] IPUIPlugin:80 - create IPUIPlugin
2024-02-18 19:25:15,481 [INFO] PluginManager:220 - loadIPPluginJar : add cryp
2024-02-18 19:25:15,508 [INFO] IPUIPlugin:80 - create IPUIPlugin
2024-02-18 19:25:15,508 [INFO] PluginManager:220 - loadIPPluginJar : add dfsdm
2024-02-18 19:25:15,520 [INFO] IPUIPlugin:80 - create IPUIPlugin
2024-02-18 19:25:15,521 [INFO] PluginManager:220 - loadIPPluginJar : add dma
2024-02-18 19:25:15,562 [INFO] IPUIPlugin:80 - create IPUIPlugin
2024-02-18 19:25:15,562 [INFO] PluginManager:220 - loadIPPluginJar : add dma3
2024-02-18 19:25:15,581 [INFO] IPUIPlugin:80 - create IPUIPlugin
2024-02-18 19:25:15,581 [INFO] PluginManager:220 - loadIPPluginJar : add fatfs
2024-02-18 19:25:15,624 [INFO] IPUIPlugin:80 - create IPUIPlugin
2024-02-18 19:25:15,624 [INFO] PluginManager:220 - loadIPPluginJar : add fmc
2024-02-18 19:25:15,637 [INFO] IPUIPlugin:80 - create IPUIPlugin
2024-02-18 19:25:15,638 [INFO] PluginManager:220 - loadIPPluginJar : add freertos
2024-02-18 19:25:15,657 [INFO] IPUIPlugin:80 - create IPUIPlugin
2024-02-18 19:25:15,658 [INFO] PluginManager:220 - loadIPPluginJar : add genericplugin
2024-02-18 19:25:15,753 [INFO] IPUIPlugin:80 - create IPUIPlugin
2024-02-18 19:25:15,753 [INFO] PluginManager:220 - loadIPPluginJar : add gfxmmu
2024-02-18 19:25:15,874 [INFO] IPUIPlugin:80 - create IPUIPlugin
2024-02-18 19:25:15,874 [INFO] PluginManager:220 - loadIPPluginJar : add gic
2024-02-18 19:25:15,886 [INFO] IPUIPlugin:80 - create IPUIPlugin
2024-02-18 19:25:15,886 [INFO] PluginManager:220 - loadIPPluginJar : add gpio
2024-02-18 19:25:15,969 [INFO] IPUIPlugin:80 - create IPUIPlugin
2024-02-18 19:25:15,969 [INFO] PluginManager:220 - loadIPPluginJar : add gtzc
2024-02-18 19:25:15,998 [INFO] IPUIPlugin:80 - create IPUIPlugin
2024-02-18 19:25:15,998 [INFO] PluginManager:220 - loadIPPluginJar : add hash
2024-02-18 19:25:16,047 [INFO] IPUIPlugin:80 - create IPUIPlugin
2024-02-18 19:25:16,047 [INFO] PluginManager:220 - loadIPPluginJar : add i2c
2024-02-18 19:25:16,084 [INFO] IPUIPlugin:80 - create IPUIPlugin
2024-02-18 19:25:16,084 [INFO] PluginManager:220 - loadIPPluginJar : add i2s
2024-02-18 19:25:16,123 [INFO] IPUIPlugin:80 - create IPUIPlugin
2024-02-18 19:25:16,123 [INFO] PluginManager:220 - loadIPPluginJar : add i3c
2024-02-18 19:25:16,221 [INFO] IPUIPlugin:80 - create IPUIPlugin
2024-02-18 19:25:16,221 [INFO] PluginManager:220 - loadIPPluginJar : add ipddr
2024-02-18 19:25:16,309 [INFO] IPUIPlugin:80 - create IPUIPlugin
2024-02-18 19:25:16,309 [INFO] PluginManager:220 - loadIPPluginJar : add linkedlist
2024-02-18 19:25:16,342 [INFO] IPUIPlugin:80 - create IPUIPlugin
2024-02-18 19:25:16,342 [INFO] PluginManager:220 - loadIPPluginJar : add lorawan
2024-02-18 19:25:16,377 [INFO] IPUIPlugin:80 - create IPUIPlugin
2024-02-18 19:25:16,377 [INFO] PluginManager:220 - loadIPPluginJar : add ltdc
2024-02-18 19:25:16,389 [INFO] IPUIPlugin:80 - create IPUIPlugin
2024-02-18 19:25:16,390 [INFO] PluginManager:220 - loadIPPluginJar : add mdma
2024-02-18 19:25:16,401 [INFO] IPUIPlugin:80 - create IPUIPlugin
2024-02-18 19:25:16,401 [INFO] PluginManager:220 - loadIPPluginJar : add nvic
2024-02-18 19:25:16,433 [INFO] IPUIPlugin:80 - create IPUIPlugin
2024-02-18 19:25:16,434 [INFO] PluginManager:220 - loadIPPluginJar : add opamp
2024-02-18 19:25:16,489 [INFO] IPUIPlugin:80 - create IPUIPlugin
2024-02-18 19:25:16,489 [INFO] PluginManager:220 - loadIPPluginJar : add openamp
2024-02-18 19:25:16,528 [INFO] IPUIPlugin:80 - create IPUIPlugin
2024-02-18 19:25:16,528 [INFO] PluginManager:220 - loadIPPluginJar : add pdm2pcm
2024-02-18 19:25:16,542 [INFO] IPUIPlugin:80 - create IPUIPlugin
2024-02-18 19:25:16,542 [INFO] PluginManager:220 - loadIPPluginJar : add plateformsettings
2024-02-18 19:25:16,563 [INFO] IPUIPlugin:80 - create IPUIPlugin
2024-02-18 19:25:16,563 [INFO] PluginManager:220 - loadIPPluginJar : add quadspi
2024-02-18 19:25:16,573 [INFO] IPUIPlugin:80 - create IPUIPlugin
2024-02-18 19:25:16,574 [INFO] PluginManager:220 - loadIPPluginJar : add resmgrutility
2024-02-18 19:25:16,617 [INFO] IPUIPlugin:80 - create IPUIPlugin
2024-02-18 19:25:16,617 [INFO] PluginManager:220 - loadIPPluginJar : add sai
2024-02-18 19:25:16,652 [INFO] IPUIPlugin:80 - create IPUIPlugin
2024-02-18 19:25:16,652 [INFO] PluginManager:220 - loadIPPluginJar : add spi
2024-02-18 19:25:16,704 [INFO] IPUIPlugin:80 - create IPUIPlugin
2024-02-18 19:25:16,704 [INFO] PluginManager:220 - loadIPPluginJar : add stm32_wpan
2024-02-18 19:25:16,725 [INFO] IPUIPlugin:80 - create IPUIPlugin
2024-02-18 19:25:16,725 [INFO] PluginManager:220 - loadIPPluginJar : add tim
2024-02-18 19:25:16,775 [INFO] IPUIPlugin:80 - create IPUIPlugin
2024-02-18 19:25:16,775 [INFO] PluginManager:220 - loadIPPluginJar : add touchsensing
2024-02-18 19:25:16,797 [INFO] IPUIPlugin:80 - create IPUIPlugin
2024-02-18 19:25:16,798 [INFO] PluginManager:220 - loadIPPluginJar : add tracer_emb
2024-02-18 19:25:16,819 [INFO] IPUIPlugin:80 - create IPUIPlugin
2024-02-18 19:25:16,819 [INFO] PluginManager:220 - loadIPPluginJar : add ts
2024-02-18 19:25:16,839 [INFO] IPUIPlugin:80 - create IPUIPlugin
2024-02-18 19:25:16,839 [INFO] PluginManager:220 - loadIPPluginJar : add tsc
2024-02-18 19:25:16,860 [INFO] IPUIPlugin:80 - create IPUIPlugin
2024-02-18 19:25:16,860 [INFO] PluginManager:220 - loadIPPluginJar : add ucpd
2024-02-18 19:25:16,901 [INFO] IPUIPlugin:80 - create IPUIPlugin
2024-02-18 19:25:16,901 [INFO] PluginManager:220 - loadIPPluginJar : add usart
2024-02-18 19:25:16,940 [INFO] IPUIPlugin:80 - create IPUIPlugin
2024-02-18 19:25:16,941 [INFO] PluginManager:220 - loadIPPluginJar : add usbx
2024-02-18 19:25:17,058 [INFO] CADModel:165 - CPN selected for project level
2024-02-18 19:25:17,058 [INFO] CADModel:114 - Register for checkConnection events
2024-02-18 19:25:17,059 [FATAL] Updater:308 - Updater called before beeing initialized
2024-02-18 19:25:17,059 [ERROR] CADModel:125 - Updater not yet initialized, retry later 
2024-02-18 19:25:17,158 [INFO] CADModel:165 - CPN selected for project level
2024-02-18 19:25:17,158 [INFO] CADModel:114 - Register for checkConnection events
2024-02-18 19:25:17,158 [FATAL] Updater:308 - Updater called before beeing initialized
2024-02-18 19:25:17,158 [ERROR] CADModel:125 - Updater not yet initialized, retry later 
2024-02-18 19:25:17,161 [FATAL] Updater:308 - Updater called before beeing initialized
2024-02-18 19:25:17,272 [FATAL] Updater:308 - Updater called before beeing initialized
2024-02-18 19:25:17,283 [INFO] DbMcusAds:53 - JSON generation date=Wed Nov 29 13:52:27 TRT 2023 (1701255147349)
2024-02-18 19:25:17,283 [FATAL] Updater:308 - Updater called before beeing initialized
2024-02-18 19:25:17,383 [WARN] DetailPanel:346 - Failed to get advertising image, set to default
2024-02-18 19:25:17,493 [FATAL] Updater:308 - Updater called before beeing initialized
2024-02-18 19:25:17,495 [FATAL] Updater:308 - Updater called before beeing initialized
2024-02-18 19:25:17,495 [FATAL] Updater:308 - Updater called before beeing initialized
2024-02-18 19:25:17,495 [WARN] DetailPanel:346 - Failed to get advertising image, set to default
2024-02-18 19:25:17,496 [FATAL] Updater:308 - Updater called before beeing initialized
2024-02-18 19:25:17,554 [ERROR] Updater:1120 - MainUpdater not yet initialized. External WinMGr cannot be set.
2024-02-18 19:25:17,565 [INFO] Updater:1056 - Updater Version found : 6.9.2
2024-02-18 19:25:17,577 [INFO] ApplicationProperties:184 - Using Application install path: C:\ST\STM32CubeIDE_1.13.2\STM32CubeIDE\plugins\com.st.stm32cube.common.mx_6.9.2.202309101412
2024-02-18 19:25:17,702 [INFO] ThirdPartyUpdaterWithRetryManager:70 - Updater plugin not ready yet. [2/15]
2024-02-18 19:25:17,844 [INFO] MainUpdater:2868 - connection check result : 10
2024-02-18 19:25:17,845 [INFO] MainUpdater:285 - Updater Check For Update Now.
2024-02-18 19:25:17,846 [INFO] MicroXplorer:498 - Change Database Version : DB.6.0.92
2024-02-18 19:25:17,864 [INFO] McuFinderGlobals:63 - Set McuFinder mode to 2 (CubeIDE integrated)
2024-02-18 19:25:18,073 [INFO] CheckServerUpdateThread:120 - End of CheckServer Thread
2024-02-18 19:25:20,839 [WARN] PackLoader:240 - Cannot read IP mode file for STMicroelectronics.X-CUBE-SMBUS.2.1.0
2024-02-18 19:25:20,854 [WARN] PackLoader:240 - Cannot read IP mode file for STMicroelectronics.X-CUBE-TOUCHGFX.4.23.0
2024-02-18 19:25:20,893 [WARN] PackLoader:240 - Cannot read IP mode file for STMicroelectronics.X-CUBE-AZRTOS-F7.1.1.0
2024-02-18 19:25:20,913 [WARN] PackLoader:240 - Cannot read IP mode file for STMicroelectronics.FP-SNS-MOTENV1.4.3.2
2024-02-18 19:25:20,930 [WARN] PackLoader:240 - Cannot read IP mode file for STMicroelectronics.FP-SNS-FLIGHT1.5.0.2
2024-02-18 19:25:20,947 [WARN] PackLoader:240 - Cannot read IP mode file for STMicroelectronics.X-CUBE-DISPLAY.3.0.0
2024-02-18 19:25:20,973 [WARN] PackLoader:240 - Cannot read IP mode file for STMicroelectronics.X-CUBE-BLE1.7.0.0
2024-02-18 19:25:20,990 [WARN] PackLoader:240 - Cannot read IP mode file for emotas.I-CUBE-CANOPEN.1.3.0
2024-02-18 19:25:21,004 [WARN] PackLoader:240 - Cannot read IP mode file for STMicroelectronics.X-CUBE-TOUCHGFX.4.22.1
2024-02-18 19:25:21,028 [INFO] LogOutputStream:77 - [STDOUT_REDIRECT] 1 : Invalid condition id : UX_CORESTACK_Condition cause : null
2024-02-18 19:25:21,029 [INFO] LogOutputStream:77 - [STDOUT_REDIRECT] 1 : Invalid condition id : UX_CORESTACK_Condition cause : null
2024-02-18 19:25:21,030 [INFO] LogOutputStream:77 - [STDOUT_REDIRECT] 1 : Invalid condition id : UX_CORESTACK_Condition cause : null
2024-02-18 19:25:21,031 [INFO] LogOutputStream:77 - [STDOUT_REDIRECT] 1 : Invalid condition id : UX_CORESTACK_Condition cause : null
2024-02-18 19:25:21,033 [INFO] LogOutputStream:77 - [STDOUT_REDIRECT] 1 : Invalid condition id : UX_CORESTACK_Condition cause : null
2024-02-18 19:25:21,037 [WARN] PackLoader:240 - Cannot read IP mode file for STMicroelectronics.X-CUBE-AZRTOS-WL.2.0.0
2024-02-18 19:25:21,057 [WARN] PackLoader:240 - Cannot read IP mode file for WES.I-CUBE-Cesium.1.3.0
2024-02-18 19:25:21,073 [WARN] PackLoader:240 - Cannot read IP mode file for STMicroelectronics.X-CUBE-BLE2.3.3.0
2024-02-18 19:25:21,089 [WARN] PackLoader:240 - Cannot read IP mode file for STMicroelectronics.X-CUBE-ALGOBUILD.1.3.0
2024-02-18 19:25:21,121 [WARN] PackLoader:240 - Cannot read IP mode file for STMicroelectronics.X-CUBE-AZRTOS-G0.1.1.0
2024-02-18 19:25:21,138 [WARN] PackLoader:240 - Cannot read IP mode file for STMicroelectronics.X-CUBE-NFC4.3.0.0
2024-02-18 19:25:21,152 [WARN] PackLoader:240 - Cannot read IP mode file for STMicroelectronics.X-CUBE-BLEMGR.3.0.0
2024-02-18 19:25:21,164 [WARN] PackLoader:240 - Cannot read IP mode file for STMicroelectronics.FP-ATR-SIGFOX1.3.2.0
2024-02-18 19:25:21,176 [WARN] PackLoader:240 - Cannot read IP mode file for STMicroelectronics.X-CUBE-EEPRMA1.5.1.0
2024-02-18 19:25:21,212 [WARN] PackLoader:240 - Cannot read IP mode file for SEGGER.I-CUBE-embOS.1.3.1
2024-02-18 19:25:21,271 [WARN] PackLoader:240 - Cannot read IP mode file for STMicroelectronics.X-CUBE-GNSS1.6.0.0
2024-02-18 19:25:21,307 [WARN] PackLoader:240 - Cannot read IP mode file for STMicroelectronics.X-CUBE-AZRTOS-F4.1.1.0
2024-02-18 19:25:21,336 [WARN] PackLoader:240 - Cannot read IP mode file for wolfSSL.I-CUBE-wolfSSL.5.6.3
2024-02-18 19:25:21,381 [WARN] PackLoader:240 - Cannot read IP mode file for STMicroelectronics.X-CUBE-AZRTOS-L5.2.0.0
2024-02-18 19:25:21,438 [WARN] PackLoader:240 - Cannot read IP mode file for STMicroelectronics.X-CUBE-MEMS1.9.6.0
2024-02-18 19:25:21,595 [WARN] PackLoader:240 - Cannot read IP mode file for STMicroelectronics.X-CUBE-EEPRMA1.4.2.0
2024-02-18 19:25:21,608 [WARN] PackLoader:240 - Cannot read IP mode file for ITTIA_DB.I-CUBE-ITTIADB.8.8.0
2024-02-18 19:25:21,623 [WARN] PackLoader:240 - Cannot read IP mode file for STMicroelectronics.X-CUBE-BLEMGR.2.0.0
2024-02-18 19:25:21,655 [WARN] ConditionMgr:438 - getConditionDescription Invalid condition id : UX DEVICE CLASS RTOS Condition cause : null
2024-02-18 19:25:21,656 [WARN] ConditionMgr:438 - getConditionDescription Invalid condition id : UX DEVICE CLASS RTOS Condition cause : null
2024-02-18 19:25:21,659 [WARN] PackLoader:240 - Cannot read IP mode file for STMicroelectronics.X-CUBE-AZRTOS-H7.3.1.0
2024-02-18 19:25:21,660 [WARN] ConditionMgr:1039 - genDependencies : Invalid condition id : UX DEVICE CLASS RTOS Condition cause : null
2024-02-18 19:25:21,660 [WARN] ConditionMgr:1039 - genDependencies : Invalid condition id : UX DEVICE CLASS RTOS Condition cause : null
2024-02-18 19:25:21,661 [WARN] ConditionMgr:1039 - genDependencies : Invalid condition id : UX DEVICE CLASS RTOS Condition cause : null
2024-02-18 19:25:21,661 [WARN] ConditionMgr:1039 - genDependencies : Invalid condition id : UX DEVICE CLASS RTOS Condition cause : null
2024-02-18 19:25:21,661 [WARN] ConditionMgr:1039 - genDependencies : Invalid condition id : UX DEVICE CLASS RTOS Condition cause : null
2024-02-18 19:25:21,675 [WARN] PackLoader:240 - Cannot read IP mode file for STMicroelectronics.X-CUBE-NFC7.1.0.1
2024-02-18 19:25:21,689 [WARN] PackLoader:240 - Cannot read IP mode file for STMicroelectronics.X-CUBE-EEPRMA1.4.1.0
2024-02-18 19:25:21,703 [WARN] PackLoader:240 - Cannot read IP mode file for STMicroelectronics.X-CUBE-AI.8.1.0
2024-02-18 19:25:21,737 [WARN] ConditionMgr:438 - getConditionDescription Invalid condition id : LAN8742 Phy interface Condition cause : null
2024-02-18 19:25:21,737 [WARN] PackLoader:240 - Cannot read IP mode file for STMicroelectronics.X-CUBE-AZRTOS-L4.2.0.0
2024-02-18 19:25:21,738 [WARN] ConditionMgr:1039 - genDependencies : Invalid condition id : LAN8742 Phy interface Condition cause : null
2024-02-18 19:25:21,739 [WARN] ConditionMgr:1039 - genDependencies : Invalid condition id : LAN8742 Phy interface Condition cause : null
2024-02-18 19:25:21,739 [WARN] ConditionMgr:1039 - genDependencies : Invalid condition id : LAN8742 Phy interface Condition cause : null
2024-02-18 19:25:21,756 [WARN] PackLoader:240 - Cannot read IP mode file for STMicroelectronics.X-CUBE-SFXS2LP1.4.0.0
2024-02-18 19:25:21,770 [WARN] PackLoader:240 - Cannot read IP mode file for STMicroelectronics.X-CUBE-ISPU.1.1.0
2024-02-18 19:25:21,795 [WARN] ConditionMgr:438 - getConditionDescription Invalid condition id : UX DEVICE CLASS RTOS Condition cause : null
2024-02-18 19:25:21,796 [WARN] ConditionMgr:438 - getConditionDescription Invalid condition id : UX DEVICE CLASS RTOS Condition cause : null
2024-02-18 19:25:21,798 [WARN] PackLoader:240 - Cannot read IP mode file for STMicroelectronics.X-CUBE-AZRTOS-WB.2.0.0
2024-02-18 19:25:21,798 [WARN] ConditionMgr:1039 - genDependencies : Invalid condition id : UX DEVICE CLASS RTOS Condition cause : null
2024-02-18 19:25:21,799 [WARN] ConditionMgr:1039 - genDependencies : Invalid condition id : UX DEVICE CLASS RTOS Condition cause : null
2024-02-18 19:25:21,799 [WARN] ConditionMgr:1039 - genDependencies : Invalid condition id : UX DEVICE CLASS RTOS Condition cause : null
2024-02-18 19:25:21,799 [WARN] ConditionMgr:1039 - genDependencies : Invalid condition id : UX DEVICE CLASS RTOS Condition cause : null
2024-02-18 19:25:21,799 [WARN] ConditionMgr:1039 - genDependencies : Invalid condition id : UX DEVICE CLASS RTOS Condition cause : null
2024-02-18 19:25:21,820 [WARN] PackLoader:240 - Cannot read IP mode file for STMicroelectronics.X-CUBE-SUBG2.5.0.0
2024-02-18 19:25:21,841 [WARN] PackLoader:240 - Cannot read IP mode file for STMicroelectronics.X-CUBE-TOF1.3.3.1
2024-02-18 19:25:21,872 [WARN] PackLoader:240 - Cannot read IP mode file for STMicroelectronics.X-CUBE-AZRTOS-G4.2.0.0
2024-02-18 19:25:21,894 [WARN] PackLoader:240 - Cannot read IP mode file for Infineon.AIROC-Wi-Fi-Bluetooth-STM32.1.5.1
2024-02-18 19:25:21,908 [WARN] PackLoader:240 - Cannot read IP mode file for STMicroelectronics.FP-SNS-MOTENVWB1.1.3.1
2024-02-18 19:25:21,922 [WARN] PackLoader:240 - Cannot read IP mode file for STMicroelectronics.X-CUBE-ISPU.2.0.0
2024-02-18 19:25:21,976 [WARN] PackLoader:240 - Cannot read IP mode file for STMicroelectronics.X-CUBE-MEMS1.10.0.0
2024-02-18 19:25:22,113 [WARN] PackLoader:240 - Cannot read IP mode file for STMicroelectronics.X-CUBE-FREERTOS.1.1.0
2024-02-18 19:25:22,129 [WARN] PackLoader:240 - Cannot read IP mode file for portGmbH.I-Cube-SoM-uGOAL.1.1.0
2024-02-18 19:25:22,144 [WARN] PackLoader:240 - Cannot read IP mode file for STMicroelectronics.X-CUBE-ALS.1.0.1
2024-02-18 19:25:22,156 [WARN] PackLoader:240 - Cannot read IP mode file for STMicroelectronics.FP-ATR-ASTRA1.2.0.0
2024-02-18 19:25:22,178 [WARN] PackLoader:240 - Cannot read IP mode file for STMicroelectronics.X-CUBE-TOF1.3.4.0
2024-02-18 19:25:22,219 [WARN] PackLoader:240 - Cannot read IP mode file for STMicroelectronics.X-CUBE-AZRTOS-H7.3.2.0
2024-02-18 19:25:22,221 [INFO] ThirdParty:978 - Integrity check success = true
2024-02-18 19:25:22,222 [INFO] IntegrityCheckThread:100 - exiting critical section [integrity check]
2024-02-18 19:25:22,222 [INFO] IntegrityCheckThread:103 - End integrity checks thread
2024-02-18 19:25:38,956 [ERROR] LogOutputStream:75 - [STDERR_REDIRECT] SLF4J: Failed to load class "org.slf4j.impl.StaticLoggerBinder".
2024-02-18 19:25:38,956 [ERROR] LogOutputStream:75 - [STDERR_REDIRECT] SLF4J: Defaulting to no-operation (NOP) logger implementation
2024-02-18 19:25:38,957 [ERROR] LogOutputStream:75 - [STDERR_REDIRECT] SLF4J: See http://www.slf4j.org/codes.html#StaticLoggerBinder for further details.
2024-02-18 19:49:45,542 [INFO] McuFinderGlobals:63 - Set McuFinder mode to 2 (CubeIDE integrated)
2024-02-18 19:49:45,567 [INFO] MainUpdater:2868 - connection check result : 10
2024-02-18 19:49:46,098 [INFO] ApiDb:581 - Connected to CubeFinder SQLite database (C:\Users\islam\.stmcufinder\plugins\mcufinder\mcu\cube-finder-db.db)
2024-02-18 19:49:46,183 [INFO] ApiDb:668 - CubeFinder database Data Model version=2.1
2024-02-18 19:49:46,183 [INFO] ApiDb:669 - CubeFinder database Configuration version=3.0.39
2024-02-18 19:49:46,184 [INFO] ApiDb:670 - CubeFinder database generation date=2024-01-11 (1704964531)
2024-02-18 19:49:46,184 [INFO] ApiDb:671 - CubeFinder database FW Pack versions=[FP-ATR-ASTRA1_V2.0.0, FP-SNS-FLIGHT1_V5.0.1, FP-SNS-FLIGHT1_V5.0.2, FP-SNS-MOTENV1_V4.3.1, FP-SNS-MOTENV1_V4.3.2, FP-SNS-MOTENVWB1_V1.3.1, FP-SNS-SMARTAG2_V1.2.0, STM32Cube_FW_C0_V1.1.0, STM32Cube_FW_F4_V1.28.0, STM32Cube_FW_F7_V1.17.0, STM32Cube_FW_G0_V1.6.2, STM32Cube_FW_G4_V1.5.2, STM32Cube_FW_H5_V0.5.1, STM32Cube_FW_H5_V1.1.1, STM32Cube_FW_H5_V1.2.0RC2, STM32Cube_FW_H7_V1.11.0, STM32Cube_FW_L0_V1.12.2, STM32Cube_FW_L5_V1.5.0, STM32Cube_FW_U5_V1.3.0RC4, STM32Cube_FW_U5_V1.4.0, STM32Cube_FW_WBA_V1.0.0RC1, STM32Cube_FW_WBA_V1.1.0RC1, STM32Cube_FW_WBA_V1.2.0, STM32Cube_FW_WBA_V1.2.0RC2, STM32Cube_FW_WB_V1.15.0RC1, STM32Cube_FW_WB_V1.16.0, STM32Cube_FW_WB_V1.16.0RC2, STM32Cube_FW_WB_V1.18.0, STM32Cube_FW_WL_V1.3.0, X-CUBE-ALGOBUILD_V1.3.0, X-CUBE-ALS_V1.0.1, X-CUBE-AZRTOS-F4_V1.1.0, X-CUBE-AZRTOS-F7_V1.1.0, X-CUBE-AZRTOS-G0_V1.1.0, X-CUBE-AZRTOS-G4_V2.0.0, X-CUBE-AZRTOS-H7_V3.2.0, X-CUBE-AZRTOS-L4_V1.0.0, X-CUBE-AZRTOS-L4_V2.0.0, X-CUBE-AZRTOS-L5_V1.1.0, X-CUBE-AZRTOS-WB_V2.0.0, X-CUBE-AZRTOS-WL_V2.0.0, X-CUBE-BLE1_V7.0.0, X-CUBE-BLE2_V3.3.0, X-CUBE-BLEMGR_V3.0.0, X-CUBE-EEPRMA1_V4.1.0, X-CUBE-EEPRMA1_V4.2.0, X-CUBE-FREERTOS_V1.1.0, X-CUBE-GNSS1_V6.0.0, X-CUBE-MEMS1_V10.0.0, X-CUBE-MEMS1_V9.1.0, X-CUBE-MEMS1_V9.4.0, X-CUBE-MEMS1_V9.6.0, X-CUBE-NFC4_V3.0.0, X-CUBE-NFC7_V1.0.1, X-CUBE-SFXS2LP1_V4.0.0, X-CUBE-SUBG2_V5.0.0, X-CUBE-TOF1_V3.4.0]
2024-02-18 19:49:46,315 [INFO] DbBoardsSqlite:226 - include board P-NUCLEO-WB55-NUCLEO as a kit item of type 'Nucleo-64'
2024-02-18 19:49:46,315 [INFO] DbBoardsSqlite:226 - include board P-NUCLEO-WB55-USBDONGLE as a kit item of type 'Nucleo USB Dongle'
2024-02-18 19:49:46,317 [INFO] DbBoardsSqlite:226 - include board STEVAL-IDP005V1 as a kit item of type 'Evaluation Board'
2024-02-18 19:49:46,317 [INFO] DbBoardsSqlite:226 - include board STEVAL-IDP005V2 as a kit item of type 'Evaluation Board'
2024-02-18 19:49:46,625 [INFO] ApiDb:240 - Found 323 in-development CPN: [B-G473E-ZEST1S, B-WB1M-WPAN1, B-WL5M-SUBG1, NUCLEO-C031C6, NUCLEO-H503RB, NUCLEO-H563ZI, NUCLEO-U545RE-Q, NUCLEO-U5A5ZJ-Q, NUCLEO-WBA52CG, STEVAL-PROTEUS1, STEVAL-SMARTAG2, STEVAL-STWINBX1, STM320518-EVAL, STM32C0116-DK, STM32C011D6Y3TR, STM32C011D6Y6TR, STM32C011F4P3, STM32C011F4P6, STM32C011F4U3, STM32C011F4U6TR, STM32C011F6P3, STM32C011F6P6, STM32C011F6U3, STM32C011F6U6TR, STM32C011J4M3, STM32C011J4M6, STM32C011J6M3, STM32C011J6M6, STM32C0316-DK, STM32C031C4T3, STM32C031C4T6, STM32C031C4U3, STM32C031C4U6, STM32C031C6T3, STM32C031C6T6, STM32C031C6U3, STM32C031C6U6, STM32C031F4P3, STM32C031F4P6, STM32C031F6P3, STM32C031F6P6, STM32C031G4U3, STM32C031G4U6, STM32C031G6U3, STM32C031G6U6, STM32C031K4T3, STM32C031K4T6, STM32C031K4U3, STM32C031K4U6, STM32C031K6T3, STM32C031K6T6, STM32C031K6U3, STM32C031K6U6, STM32G071K8TXN, STM32G071K8UXN, STM32G081GBU6N, STM32G081KBT6N, STM32G081KBUXN, STM32G0B1CCT6N, STM32G0B1KCT6, STM32G0B1NEY6TR, STM32G0B1RCT6N, STM32G0C1CCT6, STM32G0C1CCT6N, STM32G0C1CCU6N, STM32G0C1CET6N, STM32G0C1CEU6N, STM32G0C1KCT6, STM32G0C1NEY6TR, STM32G0C1RCI6N, STM32G0C1RCT6N, STM32G0C1REI6N, STM32G0C1RET6N, STM32G0C1VCI6, STM32G0C1VEI6, STM32G471CCT6, STM32G471CCU6, STM32G471CET3, STM32G471CET6, STM32G471CEU3, STM32G471CEU6, STM32G471MCT6, STM32G471MET3, STM32G471MET6, STM32G471MEY6TR, STM32G471QCT6, STM32G471QET3, STM32G471RCT6, STM32G471RET3, STM32G471RET6, STM32G471VCH6, STM32G471VCI6, STM32G471VCT6, STM32G471VEH3, STM32G471VEH6, STM32G471VEI3, STM32G471VEI6, STM32G471VET3, STM32G471VET6, STM32G474CCT6, STM32H503CBT6, STM32H503CBU6, STM32H503EBY6TR, STM32H503KBU6, STM32H503RBT6, STM32H562AGI6, STM32H562AII6, STM32H562IGK6, STM32H562IGT6, STM32H562IIK6, STM32H562IIT6, STM32H562RGT6, STM32H562RGV6, STM32H562RIT6, STM32H562RIV6, STM32H562VGT6, STM32H562VIT6, STM32H562ZGT6, STM32H562ZIT6, STM32H563AGI6, STM32H563AII3Q, STM32H563AII6, STM32H563IGK6, STM32H563IGT6, STM32H563IIK3Q, STM32H563IIK6, STM32H563IIT3Q, STM32H563IIT6, STM32H563MIY3QTR, STM32H563RGT6, STM32H563RGV6, STM32H563RIT6, STM32H563RIV6, STM32H563VGT6, STM32H563VIT3Q, STM32H563VIT6, STM32H563ZGT6, STM32H563ZIT3Q, STM32H563ZIT6, STM32H573AII3Q, STM32H573AII6, STM32H573I-DK, STM32H573IIK3Q, STM32H573IIK6, STM32H573IIT3Q, STM32H573IIT6, STM32H573MIY3QTR, STM32H573RIT6, STM32H573RIV6, STM32H573VIT3Q, STM32H573VIT6, STM32H573ZIT3Q, STM32H573ZIT6, STM32L4R5QGI6STR, STM32MP131AAE3, STM32MP131AAF3, STM32MP131AAG3, STM32MP131CAE3, STM32MP131CAF3, STM32MP131CAG3, STM32MP131DAE7, STM32MP131DAF7, STM32MP131DAG7, STM32MP131FAE7, STM32MP131FAF7, STM32MP131FAG7, STM32MP133AAE3, STM32MP133AAF3, STM32MP133AAG3, STM32MP133CAE3, STM32MP133CAF3, STM32MP133CAG3, STM32MP133DAE7, STM32MP133DAF7, STM32MP133DAG7, STM32MP133FAE7, STM32MP133FAF7, STM32MP133FAG7, STM32MP135AAE3, STM32MP135AAF3, STM32MP135AAG3, STM32MP135CAE3, STM32MP135CAF3, STM32MP135CAG3, STM32MP135DAE7, STM32MP135DAF7, STM32MP135DAG7, STM32MP135F-DK, STM32MP135FAE7, STM32MP135FAF7, STM32MP135FAF7T, STM32MP135FAF7U, STM32MP135FAG7, STM32U535CBT6, STM32U535CBT6Q, STM32U535CBU6, STM32U535CBU6Q, STM32U535CCT6, STM32U535CCT6Q, STM32U535CCU6, STM32U535CCU6Q, STM32U535CET6, STM32U535CET6Q, STM32U535CEU6, STM32U535CEU6Q, STM32U535JEY6QTR, STM32U535NCY6QTR, STM32U535NEY6QTR, STM32U535RBI6, STM32U535RBI6Q, STM32U535RBT6, STM32U535RBT6Q, STM32U535RCI6, STM32U535RCI6Q, STM32U535RCT6, STM32U535RCT6Q, STM32U535REI6, STM32U535REI6Q, STM32U535RET6, STM32U535RET6Q, STM32U535VCI6, STM32U535VCI6Q, STM32U535VCT6, STM32U535VCT6Q, STM32U535VEI6, STM32U535VEI6Q, STM32U535VET6, STM32U535VET6Q, STM32U545CET6, STM32U545CET6Q, STM32U545CEU6, STM32U545CEU6Q, STM32U545JEY6QTR, STM32U545NEY6QTR, STM32U545REI6, STM32U545REI6Q, STM32U545RET6, STM32U545RET6Q, STM32U545VEI6, STM32U545VEI6Q, STM32U545VET6, STM32U545VET6Q, STM32U595AIH6, STM32U595AIH6Q, STM32U595AJH6, STM32U595AJH6Q, STM32U595QII6, STM32U595QII6Q, STM32U595QJI6, STM32U595QJI6Q, STM32U595RIT6, STM32U595RIT6Q, STM32U595RJT6, STM32U595RJT6Q, STM32U595VIT6, STM32U595VIT6Q, STM32U595VJT6, STM32U595VJT6Q, STM32U595ZIT6, STM32U595ZIT6Q, STM32U595ZIY6QTR, STM32U595ZJT6, STM32U595ZJT6Q, STM32U595ZJY6QTR, STM32U599BJY6QTR, STM32U599NIH6Q, STM32U599NJH6Q, STM32U599VIT6Q, STM32U599VJT6, STM32U599VJT6Q, STM32U599ZIT6Q, STM32U599ZIY6QTR, STM32U599ZJT6Q, STM32U599ZJY6QTR, STM32U5A5AJH6, STM32U5A5AJH6Q, STM32U5A5QJI6, STM32U5A5QJI6Q, STM32U5A5RJT6, STM32U5A5RJT6Q, STM32U5A5VJT6, STM32U5A5VJT6Q, STM32U5A5ZJT6, STM32U5A5ZJT6Q, STM32U5A5ZJY6QTR, STM32U5A9BJY6QTR, STM32U5A9J-DK, STM32U5A9NJH6Q, STM32U5A9VJT6Q, STM32U5A9ZJT6Q, STM32U5A9ZJY6QTR, STM32U5F7VIT6, STM32U5F7VIT6Q, STM32U5F7VJT6, STM32U5F7VJT6Q, STM32U5F9BJY6QTR, STM32U5F9NJH6Q, STM32U5F9VIT6Q, STM32U5F9VJT6Q, STM32U5F9ZIJ6QTR, STM32U5F9ZIT6Q, STM32U5F9ZJJ6QTR, STM32U5F9ZJT6Q, STM32U5G7VJT6, STM32U5G7VJT6Q, STM32U5G9BJY6QTR, STM32U5G9J-DK1, STM32U5G9J-DK2, STM32U5G9NJH6Q, STM32U5G9VJT6Q, STM32U5G9ZJJ6QTR, STM32U5G9ZJT6Q, STM32WB1MMCH6, STM32WBA52CEU6, STM32WBA52CEU6T, STM32WBA52CGU6, STM32WBA52CGU6T, STM32WBA52KEU6, STM32WBA52KEU6T, STM32WBA52KGU6, STM32WBA52KGU6T, STM32WL5MOCH6, STM32WL5MOCH6TR]
2024-02-18 19:49:46,628 [INFO] ApiDb:668 - CubeFinder database Data Model version=2.1
2024-02-18 19:49:46,628 [INFO] ApiDb:669 - CubeFinder database Configuration version=3.0.39
2024-02-18 19:49:46,628 [INFO] ApiDb:670 - CubeFinder database generation date=2024-01-11 (1704964531)
2024-02-18 19:49:46,628 [INFO] ApiDb:671 - CubeFinder database FW Pack versions=[FP-ATR-ASTRA1_V2.0.0, FP-SNS-FLIGHT1_V5.0.1, FP-SNS-FLIGHT1_V5.0.2, FP-SNS-MOTENV1_V4.3.1, FP-SNS-MOTENV1_V4.3.2, FP-SNS-MOTENVWB1_V1.3.1, FP-SNS-SMARTAG2_V1.2.0, STM32Cube_FW_C0_V1.1.0, STM32Cube_FW_F4_V1.28.0, STM32Cube_FW_F7_V1.17.0, STM32Cube_FW_G0_V1.6.2, STM32Cube_FW_G4_V1.5.2, STM32Cube_FW_H5_V0.5.1, STM32Cube_FW_H5_V1.1.1, STM32Cube_FW_H5_V1.2.0RC2, STM32Cube_FW_H7_V1.11.0, STM32Cube_FW_L0_V1.12.2, STM32Cube_FW_L5_V1.5.0, STM32Cube_FW_U5_V1.3.0RC4, STM32Cube_FW_U5_V1.4.0, STM32Cube_FW_WBA_V1.0.0RC1, STM32Cube_FW_WBA_V1.1.0RC1, STM32Cube_FW_WBA_V1.2.0, STM32Cube_FW_WBA_V1.2.0RC2, STM32Cube_FW_WB_V1.15.0RC1, STM32Cube_FW_WB_V1.16.0, STM32Cube_FW_WB_V1.16.0RC2, STM32Cube_FW_WB_V1.18.0, STM32Cube_FW_WL_V1.3.0, X-CUBE-ALGOBUILD_V1.3.0, X-CUBE-ALS_V1.0.1, X-CUBE-AZRTOS-F4_V1.1.0, X-CUBE-AZRTOS-F7_V1.1.0, X-CUBE-AZRTOS-G0_V1.1.0, X-CUBE-AZRTOS-G4_V2.0.0, X-CUBE-AZRTOS-H7_V3.2.0, X-CUBE-AZRTOS-L4_V1.0.0, X-CUBE-AZRTOS-L4_V2.0.0, X-CUBE-AZRTOS-L5_V1.1.0, X-CUBE-AZRTOS-WB_V2.0.0, X-CUBE-AZRTOS-WL_V2.0.0, X-CUBE-BLE1_V7.0.0, X-CUBE-BLE2_V3.3.0, X-CUBE-BLEMGR_V3.0.0, X-CUBE-EEPRMA1_V4.1.0, X-CUBE-EEPRMA1_V4.2.0, X-CUBE-FREERTOS_V1.1.0, X-CUBE-GNSS1_V6.0.0, X-CUBE-MEMS1_V10.0.0, X-CUBE-MEMS1_V9.1.0, X-CUBE-MEMS1_V9.4.0, X-CUBE-MEMS1_V9.6.0, X-CUBE-NFC4_V3.0.0, X-CUBE-NFC7_V1.0.1, X-CUBE-SFXS2LP1_V4.0.0, X-CUBE-SUBG2_V5.0.0, X-CUBE-TOF1_V3.4.0]
2024-02-18 19:49:48,356 [INFO] ApiDb:240 - Found 323 in-development CPN: [B-G473E-ZEST1S, B-WB1M-WPAN1, B-WL5M-SUBG1, NUCLEO-C031C6, NUCLEO-H503RB, NUCLEO-H563ZI, NUCLEO-U545RE-Q, NUCLEO-U5A5ZJ-Q, NUCLEO-WBA52CG, STEVAL-PROTEUS1, STEVAL-SMARTAG2, STEVAL-STWINBX1, STM320518-EVAL, STM32C0116-DK, STM32C011D6Y3TR, STM32C011D6Y6TR, STM32C011F4P3, STM32C011F4P6, STM32C011F4U3, STM32C011F4U6TR, STM32C011F6P3, STM32C011F6P6, STM32C011F6U3, STM32C011F6U6TR, STM32C011J4M3, STM32C011J4M6, STM32C011J6M3, STM32C011J6M6, STM32C0316-DK, STM32C031C4T3, STM32C031C4T6, STM32C031C4U3, STM32C031C4U6, STM32C031C6T3, STM32C031C6T6, STM32C031C6U3, STM32C031C6U6, STM32C031F4P3, STM32C031F4P6, STM32C031F6P3, STM32C031F6P6, STM32C031G4U3, STM32C031G4U6, STM32C031G6U3, STM32C031G6U6, STM32C031K4T3, STM32C031K4T6, STM32C031K4U3, STM32C031K4U6, STM32C031K6T3, STM32C031K6T6, STM32C031K6U3, STM32C031K6U6, STM32G071K8TXN, STM32G071K8UXN, STM32G081GBU6N, STM32G081KBT6N, STM32G081KBUXN, STM32G0B1CCT6N, STM32G0B1KCT6, STM32G0B1NEY6TR, STM32G0B1RCT6N, STM32G0C1CCT6, STM32G0C1CCT6N, STM32G0C1CCU6N, STM32G0C1CET6N, STM32G0C1CEU6N, STM32G0C1KCT6, STM32G0C1NEY6TR, STM32G0C1RCI6N, STM32G0C1RCT6N, STM32G0C1REI6N, STM32G0C1RET6N, STM32G0C1VCI6, STM32G0C1VEI6, STM32G471CCT6, STM32G471CCU6, STM32G471CET3, STM32G471CET6, STM32G471CEU3, STM32G471CEU6, STM32G471MCT6, STM32G471MET3, STM32G471MET6, STM32G471MEY6TR, STM32G471QCT6, STM32G471QET3, STM32G471RCT6, STM32G471RET3, STM32G471RET6, STM32G471VCH6, STM32G471VCI6, STM32G471VCT6, STM32G471VEH3, STM32G471VEH6, STM32G471VEI3, STM32G471VEI6, STM32G471VET3, STM32G471VET6, STM32G474CCT6, STM32H503CBT6, STM32H503CBU6, STM32H503EBY6TR, STM32H503KBU6, STM32H503RBT6, STM32H562AGI6, STM32H562AII6, STM32H562IGK6, STM32H562IGT6, STM32H562IIK6, STM32H562IIT6, STM32H562RGT6, STM32H562RGV6, STM32H562RIT6, STM32H562RIV6, STM32H562VGT6, STM32H562VIT6, STM32H562ZGT6, STM32H562ZIT6, STM32H563AGI6, STM32H563AII3Q, STM32H563AII6, STM32H563IGK6, STM32H563IGT6, STM32H563IIK3Q, STM32H563IIK6, STM32H563IIT3Q, STM32H563IIT6, STM32H563MIY3QTR, STM32H563RGT6, STM32H563RGV6, STM32H563RIT6, STM32H563RIV6, STM32H563VGT6, STM32H563VIT3Q, STM32H563VIT6, STM32H563ZGT6, STM32H563ZIT3Q, STM32H563ZIT6, STM32H573AII3Q, STM32H573AII6, STM32H573I-DK, STM32H573IIK3Q, STM32H573IIK6, STM32H573IIT3Q, STM32H573IIT6, STM32H573MIY3QTR, STM32H573RIT6, STM32H573RIV6, STM32H573VIT3Q, STM32H573VIT6, STM32H573ZIT3Q, STM32H573ZIT6, STM32L4R5QGI6STR, STM32MP131AAE3, STM32MP131AAF3, STM32MP131AAG3, STM32MP131CAE3, STM32MP131CAF3, STM32MP131CAG3, STM32MP131DAE7, STM32MP131DAF7, STM32MP131DAG7, STM32MP131FAE7, STM32MP131FAF7, STM32MP131FAG7, STM32MP133AAE3, STM32MP133AAF3, STM32MP133AAG3, STM32MP133CAE3, STM32MP133CAF3, STM32MP133CAG3, STM32MP133DAE7, STM32MP133DAF7, STM32MP133DAG7, STM32MP133FAE7, STM32MP133FAF7, STM32MP133FAG7, STM32MP135AAE3, STM32MP135AAF3, STM32MP135AAG3, STM32MP135CAE3, STM32MP135CAF3, STM32MP135CAG3, STM32MP135DAE7, STM32MP135DAF7, STM32MP135DAG7, STM32MP135F-DK, STM32MP135FAE7, STM32MP135FAF7, STM32MP135FAF7T, STM32MP135FAF7U, STM32MP135FAG7, STM32U535CBT6, STM32U535CBT6Q, STM32U535CBU6, STM32U535CBU6Q, STM32U535CCT6, STM32U535CCT6Q, STM32U535CCU6, STM32U535CCU6Q, STM32U535CET6, STM32U535CET6Q, STM32U535CEU6, STM32U535CEU6Q, STM32U535JEY6QTR, STM32U535NCY6QTR, STM32U535NEY6QTR, STM32U535RBI6, STM32U535RBI6Q, STM32U535RBT6, STM32U535RBT6Q, STM32U535RCI6, STM32U535RCI6Q, STM32U535RCT6, STM32U535RCT6Q, STM32U535REI6, STM32U535REI6Q, STM32U535RET6, STM32U535RET6Q, STM32U535VCI6, STM32U535VCI6Q, STM32U535VCT6, STM32U535VCT6Q, STM32U535VEI6, STM32U535VEI6Q, STM32U535VET6, STM32U535VET6Q, STM32U545CET6, STM32U545CET6Q, STM32U545CEU6, STM32U545CEU6Q, STM32U545JEY6QTR, STM32U545NEY6QTR, STM32U545REI6, STM32U545REI6Q, STM32U545RET6, STM32U545RET6Q, STM32U545VEI6, STM32U545VEI6Q, STM32U545VET6, STM32U545VET6Q, STM32U595AIH6, STM32U595AIH6Q, STM32U595AJH6, STM32U595AJH6Q, STM32U595QII6, STM32U595QII6Q, STM32U595QJI6, STM32U595QJI6Q, STM32U595RIT6, STM32U595RIT6Q, STM32U595RJT6, STM32U595RJT6Q, STM32U595VIT6, STM32U595VIT6Q, STM32U595VJT6, STM32U595VJT6Q, STM32U595ZIT6, STM32U595ZIT6Q, STM32U595ZIY6QTR, STM32U595ZJT6, STM32U595ZJT6Q, STM32U595ZJY6QTR, STM32U599BJY6QTR, STM32U599NIH6Q, STM32U599NJH6Q, STM32U599VIT6Q, STM32U599VJT6, STM32U599VJT6Q, STM32U599ZIT6Q, STM32U599ZIY6QTR, STM32U599ZJT6Q, STM32U599ZJY6QTR, STM32U5A5AJH6, STM32U5A5AJH6Q, STM32U5A5QJI6, STM32U5A5QJI6Q, STM32U5A5RJT6, STM32U5A5RJT6Q, STM32U5A5VJT6, STM32U5A5VJT6Q, STM32U5A5ZJT6, STM32U5A5ZJT6Q, STM32U5A5ZJY6QTR, STM32U5A9BJY6QTR, STM32U5A9J-DK, STM32U5A9NJH6Q, STM32U5A9VJT6Q, STM32U5A9ZJT6Q, STM32U5A9ZJY6QTR, STM32U5F7VIT6, STM32U5F7VIT6Q, STM32U5F7VJT6, STM32U5F7VJT6Q, STM32U5F9BJY6QTR, STM32U5F9NJH6Q, STM32U5F9VIT6Q, STM32U5F9VJT6Q, STM32U5F9ZIJ6QTR, STM32U5F9ZIT6Q, STM32U5F9ZJJ6QTR, STM32U5F9ZJT6Q, STM32U5G7VJT6, STM32U5G7VJT6Q, STM32U5G9BJY6QTR, STM32U5G9J-DK1, STM32U5G9J-DK2, STM32U5G9NJH6Q, STM32U5G9VJT6Q, STM32U5G9ZJJ6QTR, STM32U5G9ZJT6Q, STM32WB1MMCH6, STM32WBA52CEU6, STM32WBA52CEU6T, STM32WBA52CGU6, STM32WBA52CGU6T, STM32WBA52KEU6, STM32WBA52KEU6T, STM32WBA52KGU6, STM32WBA52KGU6T, STM32WL5MOCH6, STM32WL5MOCH6TR]
2024-02-18 19:49:48,359 [INFO] DbMcus:217 - Found 3882 MCUs, 3882 are supported
2024-02-18 19:49:48,361 [INFO] ApiDb:423 - Load user favorites file C:\Users\islam/.stm32cubeide/favorites.mcus.txt: 0 item(s)
2024-02-18 19:49:48,361 [INFO] ApiDb:427 - User favorites MCUs=[]
2024-02-18 19:49:48,362 [INFO] DbMcus:223 - Set 0 / 0 favorites MCUs
2024-02-18 19:49:48,609 [INFO] BoardInfo:880 - No configuration file found for board P-NUCLEO-WB55
2024-02-18 19:49:48,610 [INFO] DbBoards:157 - Kit is not supported: P-NUCLEO-WB55
2024-02-18 19:49:48,615 [INFO] BoardInfo:880 - No configuration file found for board STEVAL-BFA001V1B
2024-02-18 19:49:48,615 [INFO] DbBoards:157 - Kit is not supported: STEVAL-BFA001V1B
2024-02-18 19:49:48,616 [INFO] BoardInfo:880 - No configuration file found for board STEVAL-BFA001V2B
2024-02-18 19:49:48,616 [INFO] DbBoards:157 - Kit is not supported: STEVAL-BFA001V2B
2024-02-18 19:49:48,619 [INFO] BoardInfo:880 - No configuration file found for board STEVAL-MKBOXPRO
2024-02-18 19:49:48,619 [INFO] DbBoards:157 - Board is not supported: STEVAL-MKBOXPRO
2024-02-18 19:49:48,725 [INFO] DbBoards:161 - Found 191 boards, 187 are supported
2024-02-18 19:49:48,728 [INFO] ApiDb:423 - Load user favorites file C:\Users\islam/.stm32cubeide/favorites.boards.txt: 0 item(s)
2024-02-18 19:49:48,728 [INFO] ApiDb:427 - User favorites Boards=[]
2024-02-18 19:49:48,729 [INFO] DbBoards:190 - Set 0 / 0 favorites Boards
2024-02-18 19:49:48,729 [INFO] McuFinderGlobals:76 - Set McuFinderConnectedMode to true
2024-02-18 19:49:48,736 [INFO] MultiScanPanel:200 - Auto-refresh data requested => check proxy status ongoing
2024-02-18 19:49:48,738 [INFO] FinderPluginLoader:95 - Searching for filters in installed packs
2024-02-18 19:49:49,812 [INFO] LoadUrlFilesThread:185 - End of LoadServerUrlFiles without Thread
2024-02-18 19:49:49,828 [INFO] DetailPanel:341 - Set advertising image to C:/Users/islam/STM32Cube/Repository/\en.prom-stm32wl3-mcu-finder.jpg
2024-02-18 19:49:53,561 [INFO] MultiScanPanel:200 - Auto-refresh data requested => check proxy status ongoing
2024-02-18 19:49:53,661 [INFO] LoadUrlFilesThread:185 - End of LoadServerUrlFiles without Thread
2024-02-18 19:49:53,661 [INFO] DetailPanel:341 - Set advertising image to C:/Users/islam/STM32Cube/Repository/\en.prom-stm32wl3-mcu-finder.jpg
2024-02-18 19:49:53,672 [INFO] DbBoards:634 - Loading board mini-images...
2024-02-18 19:49:55,389 [INFO] DbBoards:657 - Loaded 191 board mini-images
2024-02-18 19:50:37,511 [INFO] McuFinderGlobals:76 - Set McuFinderConnectedMode to true
2024-02-18 19:50:37,514 [INFO] ApiDb:448 - Save user favorites file C:\Users\islam/.stm32cubeide/favorites.mcus.txt: 0 item(s)
2024-02-18 19:50:37,514 [INFO] ApiDb:452 - User favorites MCUs=[]
2024-02-18 19:50:37,515 [INFO] ApiDb:448 - Save user favorites file C:\Users\islam/.stm32cubeide/favorites.boards.txt: 0 item(s)
2024-02-18 19:50:37,515 [INFO] ApiDb:452 - User favorites Boards=[]
2024-02-18 22:31:47,779 [INFO] Activator:176 - 


2024-02-18 22:31:47,781 [INFO] Activator:177 - !SESSION log4j initialized
2024-02-18 22:31:52,772 [INFO] LogOutputStream:77 - [STDOUT_REDIRECT] 
2024-02-18 22:31:55,728 [INFO] ApplicationProperties:184 - Using Application install path: C:\ST\STM32CubeIDE_1.13.2\STM32CubeIDE\plugins\com.st.stm32cube.common.mx_6.9.2.202309101412
2024-02-18 22:31:55,746 [INFO] DbMcusXml:78 - Set database path to: C:\ST\STM32CubeIDE_1.13.2\STM32CubeIDE\plugins\com.st.stm32cube.common.mx_6.9.2.202309101412\\db\/mcu/
2024-02-18 22:31:55,747 [INFO] ApiDb:274 - Set plugin database path to: C:\ST\STM32CubeIDE_1.13.2\STM32CubeIDE\plugins\com.st.stm32cube.common.mx_6.9.2.202309101412\\db\/plugins/boardmanager/
2024-02-18 22:31:55,747 [WARN] ApiDb:259 - Overriding images path with different value:  => C:\ST\STM32CubeIDE_1.13.2\STM32CubeIDE\plugins\com.st.stm32cube.common.mx_6.9.2.202309101412\\db\/plugins/mcufinder/images/
2024-02-18 22:31:55,756 [INFO] ApiDb:250 - Set database path to: C:\Users\islam\.stmcufinder\plugins\mcufinder//mcu/
2024-02-18 22:31:55,757 [INFO] DbMcusAds:125 - Set database path to: C:\Users\islam\.stmcufinder\plugins\mcufinder//mcu/
2024-02-18 22:31:55,759 [INFO] CrossReferenceDbSqlite:203 - Set database path to: C:\Users\islam\.stmcufinder\plugins\mcufinder//mcu/cs/
2024-02-18 22:31:55,855 [INFO] RulesReader:64 - Compatibility file has been processed (293 Rules)
2024-02-18 22:31:55,948 [INFO] DbMcusXml:78 - Set database path to: C:\ST\STM32CubeIDE_1.13.2\STM32CubeIDE\plugins\com.st.stm32cube.common.mx_6.9.2.202309101412\\db\/mcu/
2024-02-18 22:31:55,948 [INFO] ApiDb:274 - Set plugin database path to: C:\ST\STM32CubeIDE_1.13.2\STM32CubeIDE\plugins\com.st.stm32cube.common.mx_6.9.2.202309101412\\db\/plugins/boardmanager/
2024-02-18 22:31:55,948 [INFO] ApiDb:261 - Set plugin images path to: C:\ST\STM32CubeIDE_1.13.2\STM32CubeIDE\plugins\com.st.stm32cube.common.mx_6.9.2.202309101412\\db\/plugins/mcufinder/images/
2024-02-18 22:31:55,949 [WARN] DbFile:41 - Overriding database path with different value: C:\Users\islam\.stmcufinder\plugins\mcufinder/ => C:\Users\islam\.stmcufinder\plugins\mcufinder
2024-02-18 22:31:55,949 [INFO] ApiDb:250 - Set database path to: C:\Users\islam\.stmcufinder\plugins\mcufinder//mcu/
2024-02-18 22:31:55,949 [WARN] DbFile:41 - Overriding database path with different value: C:\Users\islam\.stmcufinder\plugins\mcufinder/ => C:\Users\islam\.stmcufinder\plugins\mcufinder
2024-02-18 22:31:55,949 [INFO] DbMcusAds:125 - Set database path to: C:\Users\islam\.stmcufinder\plugins\mcufinder//mcu/
2024-02-18 22:31:55,949 [WARN] DbFile:41 - Overriding database path with different value: C:\Users\islam\.stmcufinder\plugins\mcufinder/ => C:\Users\islam\.stmcufinder\plugins\mcufinder
2024-02-18 22:31:55,949 [WARN] DbFile:41 - Overriding database path with different value: C:\Users\islam\.stmcufinder\plugins\mcufinder/ => C:\Users\islam\.stmcufinder\plugins\mcufinder
2024-02-18 22:31:55,949 [INFO] CrossReferenceDbSqlite:203 - Set database path to: C:\Users\islam\.stmcufinder\plugins\mcufinder//mcu/cs/
2024-02-18 22:31:56,018 [INFO] MainPanel:262 - HeapMemory: 268435456
2024-02-18 22:31:56,085 [INFO] DbMcusXml:78 - Set database path to: C:\ST\STM32CubeIDE_1.13.2\STM32CubeIDE\plugins\com.st.stm32cube.common.mx_6.9.2.202309101412\\db\/mcu/
2024-02-18 22:31:56,085 [INFO] ApiDb:274 - Set plugin database path to: C:\ST\STM32CubeIDE_1.13.2\STM32CubeIDE\plugins\com.st.stm32cube.common.mx_6.9.2.202309101412\\db\/plugins/boardmanager/
2024-02-18 22:31:56,085 [INFO] ApiDb:261 - Set plugin images path to: C:\ST\STM32CubeIDE_1.13.2\STM32CubeIDE\plugins\com.st.stm32cube.common.mx_6.9.2.202309101412\\db\/plugins/mcufinder/images/
2024-02-18 22:31:56,085 [WARN] DbFile:41 - Overriding database path with different value: C:\Users\islam\.stmcufinder\plugins\mcufinder/ => C:\Users\islam\.stmcufinder\plugins\mcufinder
2024-02-18 22:31:56,085 [INFO] ApiDb:250 - Set database path to: C:\Users\islam\.stmcufinder\plugins\mcufinder//mcu/
2024-02-18 22:31:56,085 [WARN] DbFile:41 - Overriding database path with different value: C:\Users\islam\.stmcufinder\plugins\mcufinder/ => C:\Users\islam\.stmcufinder\plugins\mcufinder
2024-02-18 22:31:56,085 [INFO] DbMcusAds:125 - Set database path to: C:\Users\islam\.stmcufinder\plugins\mcufinder//mcu/
2024-02-18 22:31:56,085 [WARN] DbFile:41 - Overriding database path with different value: C:\Users\islam\.stmcufinder\plugins\mcufinder/ => C:\Users\islam\.stmcufinder\plugins\mcufinder
2024-02-18 22:31:56,085 [WARN] DbFile:41 - Overriding database path with different value: C:\Users\islam\.stmcufinder\plugins\mcufinder/ => C:\Users\islam\.stmcufinder\plugins\mcufinder
2024-02-18 22:31:56,086 [INFO] CrossReferenceDbSqlite:203 - Set database path to: C:\Users\islam\.stmcufinder\plugins\mcufinder//mcu/cs/
2024-02-18 22:31:56,100 [INFO] ApplicationProperties:184 - Using Application install path: C:\ST\STM32CubeIDE_1.13.2\STM32CubeIDE\plugins\com.st.stm32cube.common.mx_6.9.2.202309101412
2024-02-18 22:31:56,101 [INFO] PluginManage:196 - Search for loadable plugins [exclusion list=, ]
2024-02-18 22:31:56,102 [INFO] PluginManage:310 - Check plugin analytics
2024-02-18 22:31:56,246 [INFO] AnalyticsPlugin:253 - Accepted Software Licenses: 
2024-02-18 22:31:56,246 [INFO] AnalyticsPlugin:255 - Accepted CMSIS Pack Licenses: 
2024-02-18 22:31:56,246 [INFO] AnalyticsPlugin:257 - Accepted Firmware Licenses: 
2024-02-18 22:31:56,249 [INFO] PluginManage:359 - Loaded plugin analytics (category:tool,tabindex:-1)
2024-02-18 22:31:56,259 [INFO] PluginManage:310 - Check plugin cadmodel
2024-02-18 22:31:56,277 [INFO] CADModel:105 - Init CAD model plugin
2024-02-18 22:31:56,277 [INFO] PluginManage:359 - Loaded plugin cadmodel (category:power,tabindex:5)
2024-02-18 22:31:56,278 [INFO] PluginManage:310 - Check plugin clock
2024-02-18 22:31:56,294 [INFO] PluginManage:359 - Loaded plugin clock (category:base,tabindex:2)
2024-02-18 22:31:56,294 [INFO] PluginManage:310 - Check plugin ddr
2024-02-18 22:31:56,296 [INFO] PluginManage:359 - Loaded plugin ddr (category:tool,tabindex:6)
2024-02-18 22:31:56,296 [INFO] PluginManage:310 - Check plugin filemanager
2024-02-18 22:31:56,421 [INFO] PluginManage:359 - Loaded plugin filemanager (category:base,tabindex:10)
2024-02-18 22:31:56,421 [INFO] PluginManage:310 - Check plugin ipmanager
2024-02-18 22:31:56,435 [INFO] PluginManage:359 - Loaded plugin ipmanager (category:base,tabindex:5)
2024-02-18 22:31:56,435 [INFO] PluginManage:310 - Check plugin lpbam
2024-02-18 22:31:56,452 [INFO] PluginManage:359 - Loaded plugin lpbam (category:base,tabindex:0)
2024-02-18 22:31:56,452 [INFO] PluginManage:310 - Check plugin memorymap
2024-02-18 22:31:56,468 [INFO] PluginManage:359 - Loaded plugin memorymap (category:base,tabindex:4)
2024-02-18 22:31:56,468 [INFO] PluginManage:310 - Check plugin pinoutandconfiguration
2024-02-18 22:31:56,482 [INFO] PluginManage:359 - Loaded plugin pinoutandconfiguration (category:base,tabindex:1)
2024-02-18 22:31:56,482 [INFO] PluginManage:310 - Check plugin pinoutconfig
2024-02-18 22:31:56,562 [WARN] SupportedApi:132 - Cannot load RTOS API schema: s4s-elt-must-match.1: The content of 'definitions' must match (annotation?, (simpleType | complexType)?, (unique | key | keyref)*)). A problem was found starting at: attribute.
2024-02-18 22:31:56,661 [INFO] PluginManage:359 - Loaded plugin pinoutconfig (category:base,tabindex:0)
2024-02-18 22:31:56,661 [INFO] PluginManage:310 - Check plugin power
2024-02-18 22:31:56,681 [INFO] PluginManage:359 - Loaded plugin power (category:power,tabindex:4)
2024-02-18 22:31:56,681 [INFO] PluginManage:310 - Check plugin projectmanager
2024-02-18 22:31:56,698 [INFO] PluginManage:359 - Loaded plugin projectmanager (category:projectmanager,tabindex:3)
2024-02-18 22:31:56,699 [INFO] PluginManage:310 - Check plugin thirdparty
2024-02-18 22:31:56,961 [INFO] PluginManage:359 - Loaded plugin thirdparty (category:base,tabindex:-1)
2024-02-18 22:31:56,961 [INFO] PluginManage:310 - Check plugin tools
2024-02-18 22:31:56,961 [WARN] IntegrityCheckThread:84 - waiting for thirdparty lock release [integrity check]
2024-02-18 22:31:56,961 [INFO] IntegrityCheckThread:86 - entering critical section [integrity check]
2024-02-18 22:31:56,961 [INFO] ThirdPartyUpdaterWithRetryManager:70 - Updater plugin not ready yet. [1/15]
2024-02-18 22:31:56,998 [INFO] PluginManage:359 - Loaded plugin tools (category:base,tabindex:7)
2024-02-18 22:31:56,998 [INFO] PluginManage:310 - Check plugin tutovideos
2024-02-18 22:31:57,165 [INFO] PluginManage:359 - Loaded plugin tutovideos (category:base,tabindex:-1)
2024-02-18 22:31:57,165 [INFO] PluginManage:310 - Check plugin updater
2024-02-18 22:31:57,177 [INFO] PluginManage:359 - Loaded plugin updater (category:base,tabindex:12)
2024-02-18 22:31:57,177 [INFO] PluginManage:310 - Check plugin userauth
2024-02-18 22:31:57,183 [INFO] UserAuth:113 - Init User Auth plugin
2024-02-18 22:31:57,183 [INFO] PluginManage:359 - Loaded plugin userauth (category:base,tabindex:14)
2024-02-18 22:31:57,183 [INFO] PluginManage:283 - PluginManage : Loaded plugins [17]
2024-02-18 22:31:57,479 [INFO] PinOutPanel:1499 - setPackage(No Configuration,No Configuration)
2024-02-18 22:31:57,644 [INFO] CADModel:165 - CPN selected for project level
2024-02-18 22:31:57,644 [INFO] CADModel:114 - Register for checkConnection events
2024-02-18 22:31:57,670 [INFO] IPUIPlugin:80 - create IPUIPlugin
2024-02-18 22:31:57,670 [INFO] PluginManager:220 - loadIPPluginJar : add adc
2024-02-18 22:31:57,713 [INFO] IPUIPlugin:80 - create IPUIPlugin
2024-02-18 22:31:57,713 [INFO] PluginManager:220 - loadIPPluginJar : add aes
2024-02-18 22:31:57,755 [INFO] IPUIPlugin:80 - create IPUIPlugin
2024-02-18 22:31:57,755 [INFO] PluginManager:220 - loadIPPluginJar : add can
2024-02-18 22:31:57,779 [INFO] IPUIPlugin:80 - create IPUIPlugin
2024-02-18 22:31:57,779 [INFO] PluginManager:220 - loadIPPluginJar : add comp
2024-02-18 22:31:57,815 [INFO] IPUIPlugin:80 - create IPUIPlugin
2024-02-18 22:31:57,815 [INFO] PluginManager:220 - loadIPPluginJar : add cryp
2024-02-18 22:31:57,845 [INFO] IPUIPlugin:80 - create IPUIPlugin
2024-02-18 22:31:57,845 [INFO] PluginManager:220 - loadIPPluginJar : add dfsdm
2024-02-18 22:31:57,858 [INFO] IPUIPlugin:80 - create IPUIPlugin
2024-02-18 22:31:57,858 [INFO] PluginManager:220 - loadIPPluginJar : add dma
2024-02-18 22:31:57,900 [INFO] IPUIPlugin:80 - create IPUIPlugin
2024-02-18 22:31:57,901 [INFO] PluginManager:220 - loadIPPluginJar : add dma3
2024-02-18 22:31:57,922 [INFO] IPUIPlugin:80 - create IPUIPlugin
2024-02-18 22:31:57,922 [INFO] PluginManager:220 - loadIPPluginJar : add fatfs
2024-02-18 22:31:57,969 [INFO] IPUIPlugin:80 - create IPUIPlugin
2024-02-18 22:31:57,969 [INFO] PluginManager:220 - loadIPPluginJar : add fmc
2024-02-18 22:31:57,983 [INFO] IPUIPlugin:80 - create IPUIPlugin
2024-02-18 22:31:57,983 [INFO] PluginManager:220 - loadIPPluginJar : add freertos
2024-02-18 22:31:58,006 [INFO] IPUIPlugin:80 - create IPUIPlugin
2024-02-18 22:31:58,006 [INFO] PluginManager:220 - loadIPPluginJar : add genericplugin
2024-02-18 22:31:58,130 [INFO] IPUIPlugin:80 - create IPUIPlugin
2024-02-18 22:31:58,130 [INFO] PluginManager:220 - loadIPPluginJar : add gfxmmu
2024-02-18 22:31:58,290 [INFO] IPUIPlugin:80 - create IPUIPlugin
2024-02-18 22:31:58,290 [INFO] PluginManager:220 - loadIPPluginJar : add gic
2024-02-18 22:31:58,303 [INFO] IPUIPlugin:80 - create IPUIPlugin
2024-02-18 22:31:58,303 [INFO] PluginManager:220 - loadIPPluginJar : add gpio
2024-02-18 22:31:58,403 [INFO] IPUIPlugin:80 - create IPUIPlugin
2024-02-18 22:31:58,403 [INFO] PluginManager:220 - loadIPPluginJar : add gtzc
2024-02-18 22:31:58,436 [INFO] IPUIPlugin:80 - create IPUIPlugin
2024-02-18 22:31:58,436 [INFO] PluginManager:220 - loadIPPluginJar : add hash
2024-02-18 22:31:58,494 [INFO] IPUIPlugin:80 - create IPUIPlugin
2024-02-18 22:31:58,494 [INFO] PluginManager:220 - loadIPPluginJar : add i2c
2024-02-18 22:31:58,539 [INFO] IPUIPlugin:80 - create IPUIPlugin
2024-02-18 22:31:58,539 [INFO] PluginManager:220 - loadIPPluginJar : add i2s
2024-02-18 22:31:58,584 [INFO] IPUIPlugin:80 - create IPUIPlugin
2024-02-18 22:31:58,584 [INFO] PluginManager:220 - loadIPPluginJar : add i3c
2024-02-18 22:31:58,698 [INFO] IPUIPlugin:80 - create IPUIPlugin
2024-02-18 22:31:58,698 [INFO] PluginManager:220 - loadIPPluginJar : add ipddr
2024-02-18 22:31:58,799 [INFO] IPUIPlugin:80 - create IPUIPlugin
2024-02-18 22:31:58,799 [INFO] PluginManager:220 - loadIPPluginJar : add linkedlist
2024-02-18 22:31:58,838 [INFO] IPUIPlugin:80 - create IPUIPlugin
2024-02-18 22:31:58,838 [INFO] PluginManager:220 - loadIPPluginJar : add lorawan
2024-02-18 22:31:58,876 [INFO] IPUIPlugin:80 - create IPUIPlugin
2024-02-18 22:31:58,876 [INFO] PluginManager:220 - loadIPPluginJar : add ltdc
2024-02-18 22:31:58,887 [INFO] IPUIPlugin:80 - create IPUIPlugin
2024-02-18 22:31:58,887 [INFO] PluginManager:220 - loadIPPluginJar : add mdma
2024-02-18 22:31:58,898 [INFO] IPUIPlugin:80 - create IPUIPlugin
2024-02-18 22:31:58,898 [INFO] PluginManager:220 - loadIPPluginJar : add nvic
2024-02-18 22:31:58,932 [INFO] IPUIPlugin:80 - create IPUIPlugin
2024-02-18 22:31:58,932 [INFO] PluginManager:220 - loadIPPluginJar : add opamp
2024-02-18 22:31:58,990 [INFO] IPUIPlugin:80 - create IPUIPlugin
2024-02-18 22:31:58,990 [INFO] PluginManager:220 - loadIPPluginJar : add openamp
2024-02-18 22:31:59,033 [INFO] IPUIPlugin:80 - create IPUIPlugin
2024-02-18 22:31:59,033 [INFO] PluginManager:220 - loadIPPluginJar : add pdm2pcm
2024-02-18 22:31:59,050 [INFO] IPUIPlugin:80 - create IPUIPlugin
2024-02-18 22:31:59,052 [INFO] PluginManager:220 - loadIPPluginJar : add plateformsettings
2024-02-18 22:31:59,076 [INFO] IPUIPlugin:80 - create IPUIPlugin
2024-02-18 22:31:59,076 [INFO] PluginManager:220 - loadIPPluginJar : add quadspi
2024-02-18 22:31:59,087 [INFO] IPUIPlugin:80 - create IPUIPlugin
2024-02-18 22:31:59,087 [INFO] PluginManager:220 - loadIPPluginJar : add resmgrutility
2024-02-18 22:31:59,142 [INFO] IPUIPlugin:80 - create IPUIPlugin
2024-02-18 22:31:59,142 [INFO] PluginManager:220 - loadIPPluginJar : add sai
2024-02-18 22:31:59,179 [INFO] IPUIPlugin:80 - create IPUIPlugin
2024-02-18 22:31:59,179 [INFO] PluginManager:220 - loadIPPluginJar : add spi
2024-02-18 22:31:59,238 [INFO] IPUIPlugin:80 - create IPUIPlugin
2024-02-18 22:31:59,238 [INFO] PluginManager:220 - loadIPPluginJar : add stm32_wpan
2024-02-18 22:31:59,260 [INFO] IPUIPlugin:80 - create IPUIPlugin
2024-02-18 22:31:59,260 [INFO] PluginManager:220 - loadIPPluginJar : add tim
2024-02-18 22:31:59,317 [INFO] IPUIPlugin:80 - create IPUIPlugin
2024-02-18 22:31:59,318 [INFO] PluginManager:220 - loadIPPluginJar : add touchsensing
2024-02-18 22:31:59,339 [INFO] IPUIPlugin:80 - create IPUIPlugin
2024-02-18 22:31:59,340 [INFO] PluginManager:220 - loadIPPluginJar : add tracer_emb
2024-02-18 22:31:59,370 [INFO] IPUIPlugin:80 - create IPUIPlugin
2024-02-18 22:31:59,370 [INFO] PluginManager:220 - loadIPPluginJar : add ts
2024-02-18 22:31:59,412 [INFO] IPUIPlugin:80 - create IPUIPlugin
2024-02-18 22:31:59,412 [INFO] PluginManager:220 - loadIPPluginJar : add tsc
2024-02-18 22:31:59,500 [INFO] IPUIPlugin:80 - create IPUIPlugin
2024-02-18 22:31:59,500 [INFO] PluginManager:220 - loadIPPluginJar : add ucpd
2024-02-18 22:31:59,569 [INFO] IPUIPlugin:80 - create IPUIPlugin
2024-02-18 22:31:59,569 [INFO] PluginManager:220 - loadIPPluginJar : add usart
2024-02-18 22:31:59,650 [INFO] IPUIPlugin:80 - create IPUIPlugin
2024-02-18 22:31:59,651 [INFO] PluginManager:220 - loadIPPluginJar : add usbx
2024-02-18 22:31:59,801 [INFO] CADModel:165 - CPN selected for project level
2024-02-18 22:31:59,801 [INFO] CADModel:114 - Register for checkConnection events
2024-02-18 22:31:59,801 [FATAL] Updater:308 - Updater called before beeing initialized
2024-02-18 22:31:59,802 [ERROR] CADModel:125 - Updater not yet initialized, retry later 
2024-02-18 22:31:59,962 [INFO] CADModel:165 - CPN selected for project level
2024-02-18 22:31:59,962 [INFO] ThirdPartyUpdaterWithRetryManager:70 - Updater plugin not ready yet. [2/15]
2024-02-18 22:31:59,962 [INFO] CADModel:114 - Register for checkConnection events
2024-02-18 22:31:59,962 [FATAL] Updater:308 - Updater called before beeing initialized
2024-02-18 22:31:59,962 [ERROR] CADModel:125 - Updater not yet initialized, retry later 
2024-02-18 22:31:59,965 [FATAL] Updater:308 - Updater called before beeing initialized
2024-02-18 22:32:00,120 [FATAL] Updater:308 - Updater called before beeing initialized
2024-02-18 22:32:00,132 [INFO] DbMcusAds:53 - JSON generation date=Wed Nov 29 13:52:27 TRT 2023 (1701255147349)
2024-02-18 22:32:00,132 [FATAL] Updater:308 - Updater called before beeing initialized
2024-02-18 22:32:00,197 [WARN] DetailPanel:346 - Failed to get advertising image, set to default
2024-02-18 22:32:00,311 [FATAL] Updater:308 - Updater called before beeing initialized
2024-02-18 22:32:00,313 [FATAL] Updater:308 - Updater called before beeing initialized
2024-02-18 22:32:00,313 [FATAL] Updater:308 - Updater called before beeing initialized
2024-02-18 22:32:00,313 [WARN] DetailPanel:346 - Failed to get advertising image, set to default
2024-02-18 22:32:00,314 [FATAL] Updater:308 - Updater called before beeing initialized
2024-02-18 22:32:00,369 [ERROR] Updater:1120 - MainUpdater not yet initialized. External WinMGr cannot be set.
2024-02-18 22:32:00,385 [INFO] Updater:1056 - Updater Version found : 6.9.2
2024-02-18 22:32:00,400 [INFO] ApplicationProperties:184 - Using Application install path: C:\ST\STM32CubeIDE_1.13.2\STM32CubeIDE\plugins\com.st.stm32cube.common.mx_6.9.2.202309101412
2024-02-18 22:32:00,574 [INFO] MainUpdater:2868 - connection check result : 10
2024-02-18 22:32:00,577 [INFO] MainUpdater:285 - Updater Check For Update Now.
2024-02-18 22:32:00,577 [INFO] MicroXplorer:498 - Change Database Version : DB.6.0.92
2024-02-18 22:32:00,612 [INFO] McuFinderGlobals:63 - Set McuFinder mode to 2 (CubeIDE integrated)
2024-02-18 22:32:00,824 [INFO] CheckServerUpdateThread:120 - End of CheckServer Thread
2024-02-18 22:32:03,214 [WARN] PackLoader:240 - Cannot read IP mode file for STMicroelectronics.X-CUBE-SMBUS.2.1.0
2024-02-18 22:32:03,251 [WARN] PackLoader:240 - Cannot read IP mode file for STMicroelectronics.X-CUBE-TOUCHGFX.4.23.0
2024-02-18 22:32:03,323 [WARN] PackLoader:240 - Cannot read IP mode file for STMicroelectronics.X-CUBE-AZRTOS-F7.1.1.0
2024-02-18 22:32:03,365 [WARN] PackLoader:240 - Cannot read IP mode file for STMicroelectronics.FP-SNS-MOTENV1.4.3.2
2024-02-18 22:32:03,394 [WARN] PackLoader:240 - Cannot read IP mode file for STMicroelectronics.FP-SNS-FLIGHT1.5.0.2
2024-02-18 22:32:03,425 [WARN] PackLoader:240 - Cannot read IP mode file for STMicroelectronics.X-CUBE-DISPLAY.3.0.0
2024-02-18 22:32:03,458 [WARN] PackLoader:240 - Cannot read IP mode file for STMicroelectronics.X-CUBE-BLE1.7.0.0
2024-02-18 22:32:03,480 [WARN] PackLoader:240 - Cannot read IP mode file for emotas.I-CUBE-CANOPEN.1.3.0
2024-02-18 22:32:03,499 [WARN] PackLoader:240 - Cannot read IP mode file for STMicroelectronics.X-CUBE-TOUCHGFX.4.22.1
2024-02-18 22:32:03,527 [INFO] LogOutputStream:77 - [STDOUT_REDIRECT] 1 : Invalid condition id : UX_CORESTACK_Condition cause : null
2024-02-18 22:32:03,528 [INFO] LogOutputStream:77 - [STDOUT_REDIRECT] 1 : Invalid condition id : UX_CORESTACK_Condition cause : null
2024-02-18 22:32:03,530 [INFO] LogOutputStream:77 - [STDOUT_REDIRECT] 1 : Invalid condition id : UX_CORESTACK_Condition cause : null
2024-02-18 22:32:03,533 [INFO] LogOutputStream:77 - [STDOUT_REDIRECT] 1 : Invalid condition id : UX_CORESTACK_Condition cause : null
2024-02-18 22:32:03,534 [INFO] LogOutputStream:77 - [STDOUT_REDIRECT] 1 : Invalid condition id : UX_CORESTACK_Condition cause : null
2024-02-18 22:32:03,540 [WARN] PackLoader:240 - Cannot read IP mode file for STMicroelectronics.X-CUBE-AZRTOS-WL.2.0.0
2024-02-18 22:32:03,564 [WARN] PackLoader:240 - Cannot read IP mode file for WES.I-CUBE-Cesium.1.3.0
2024-02-18 22:32:03,585 [WARN] PackLoader:240 - Cannot read IP mode file for STMicroelectronics.X-CUBE-BLE2.3.3.0
2024-02-18 22:32:03,609 [WARN] PackLoader:240 - Cannot read IP mode file for STMicroelectronics.X-CUBE-ALGOBUILD.1.3.0
2024-02-18 22:32:03,648 [WARN] PackLoader:240 - Cannot read IP mode file for STMicroelectronics.X-CUBE-AZRTOS-G0.1.1.0
2024-02-18 22:32:03,679 [WARN] PackLoader:240 - Cannot read IP mode file for STMicroelectronics.X-CUBE-NFC4.3.0.0
2024-02-18 22:32:03,702 [WARN] PackLoader:240 - Cannot read IP mode file for STMicroelectronics.X-CUBE-BLEMGR.3.0.0
2024-02-18 22:32:03,723 [WARN] PackLoader:240 - Cannot read IP mode file for STMicroelectronics.FP-ATR-SIGFOX1.3.2.0
2024-02-18 22:32:03,740 [WARN] PackLoader:240 - Cannot read IP mode file for STMicroelectronics.X-CUBE-EEPRMA1.5.1.0
2024-02-18 22:32:03,806 [WARN] PackLoader:240 - Cannot read IP mode file for SEGGER.I-CUBE-embOS.1.3.1
2024-02-18 22:32:03,897 [WARN] PackLoader:240 - Cannot read IP mode file for STMicroelectronics.X-CUBE-GNSS1.6.0.0
2024-02-18 22:32:03,943 [WARN] PackLoader:240 - Cannot read IP mode file for STMicroelectronics.X-CUBE-AZRTOS-F4.1.1.0
2024-02-18 22:32:03,970 [WARN] PackLoader:240 - Cannot read IP mode file for wolfSSL.I-CUBE-wolfSSL.5.6.3
2024-02-18 22:32:04,017 [WARN] PackLoader:240 - Cannot read IP mode file for STMicroelectronics.X-CUBE-AZRTOS-L5.2.0.0
2024-02-18 22:32:04,093 [WARN] PackLoader:240 - Cannot read IP mode file for STMicroelectronics.X-CUBE-MEMS1.9.6.0
2024-02-18 22:32:04,329 [WARN] PackLoader:240 - Cannot read IP mode file for STMicroelectronics.X-CUBE-EEPRMA1.4.2.0
2024-02-18 22:32:04,348 [WARN] PackLoader:240 - Cannot read IP mode file for ITTIA_DB.I-CUBE-ITTIADB.8.8.0
2024-02-18 22:32:04,382 [WARN] PackLoader:240 - Cannot read IP mode file for STMicroelectronics.X-CUBE-BLEMGR.2.0.0
2024-02-18 22:32:04,428 [WARN] ConditionMgr:438 - getConditionDescription Invalid condition id : UX DEVICE CLASS RTOS Condition cause : null
2024-02-18 22:32:04,429 [WARN] ConditionMgr:438 - getConditionDescription Invalid condition id : UX DEVICE CLASS RTOS Condition cause : null
2024-02-18 22:32:04,432 [WARN] PackLoader:240 - Cannot read IP mode file for STMicroelectronics.X-CUBE-AZRTOS-H7.3.1.0
2024-02-18 22:32:04,434 [WARN] ConditionMgr:1039 - genDependencies : Invalid condition id : UX DEVICE CLASS RTOS Condition cause : null
2024-02-18 22:32:04,434 [WARN] ConditionMgr:1039 - genDependencies : Invalid condition id : UX DEVICE CLASS RTOS Condition cause : null
2024-02-18 22:32:04,435 [WARN] ConditionMgr:1039 - genDependencies : Invalid condition id : UX DEVICE CLASS RTOS Condition cause : null
2024-02-18 22:32:04,436 [WARN] ConditionMgr:1039 - genDependencies : Invalid condition id : UX DEVICE CLASS RTOS Condition cause : null
2024-02-18 22:32:04,436 [WARN] ConditionMgr:1039 - genDependencies : Invalid condition id : UX DEVICE CLASS RTOS Condition cause : null
2024-02-18 22:32:04,457 [WARN] PackLoader:240 - Cannot read IP mode file for STMicroelectronics.X-CUBE-NFC7.1.0.1
2024-02-18 22:32:04,472 [WARN] PackLoader:240 - Cannot read IP mode file for STMicroelectronics.X-CUBE-EEPRMA1.4.1.0
2024-02-18 22:32:04,487 [WARN] PackLoader:240 - Cannot read IP mode file for STMicroelectronics.X-CUBE-AI.8.1.0
2024-02-18 22:32:04,515 [WARN] ConditionMgr:438 - getConditionDescription Invalid condition id : LAN8742 Phy interface Condition cause : null
2024-02-18 22:32:04,515 [WARN] PackLoader:240 - Cannot read IP mode file for STMicroelectronics.X-CUBE-AZRTOS-L4.2.0.0
2024-02-18 22:32:04,516 [WARN] ConditionMgr:1039 - genDependencies : Invalid condition id : LAN8742 Phy interface Condition cause : null
2024-02-18 22:32:04,517 [WARN] ConditionMgr:1039 - genDependencies : Invalid condition id : LAN8742 Phy interface Condition cause : null
2024-02-18 22:32:04,517 [WARN] ConditionMgr:1039 - genDependencies : Invalid condition id : LAN8742 Phy interface Condition cause : null
2024-02-18 22:32:04,531 [WARN] PackLoader:240 - Cannot read IP mode file for STMicroelectronics.X-CUBE-SFXS2LP1.4.0.0
2024-02-18 22:32:04,548 [WARN] PackLoader:240 - Cannot read IP mode file for STMicroelectronics.X-CUBE-ISPU.1.1.0
2024-02-18 22:32:04,578 [WARN] ConditionMgr:438 - getConditionDescription Invalid condition id : UX DEVICE CLASS RTOS Condition cause : null
2024-02-18 22:32:04,579 [WARN] ConditionMgr:438 - getConditionDescription Invalid condition id : UX DEVICE CLASS RTOS Condition cause : null
2024-02-18 22:32:04,581 [WARN] PackLoader:240 - Cannot read IP mode file for STMicroelectronics.X-CUBE-AZRTOS-WB.2.0.0
2024-02-18 22:32:04,583 [WARN] ConditionMgr:1039 - genDependencies : Invalid condition id : UX DEVICE CLASS RTOS Condition cause : null
2024-02-18 22:32:04,583 [WARN] ConditionMgr:1039 - genDependencies : Invalid condition id : UX DEVICE CLASS RTOS Condition cause : null
2024-02-18 22:32:04,584 [WARN] ConditionMgr:1039 - genDependencies : Invalid condition id : UX DEVICE CLASS RTOS Condition cause : null
2024-02-18 22:32:04,584 [WARN] ConditionMgr:1039 - genDependencies : Invalid condition id : UX DEVICE CLASS RTOS Condition cause : null
2024-02-18 22:32:04,584 [WARN] ConditionMgr:1039 - genDependencies : Invalid condition id : UX DEVICE CLASS RTOS Condition cause : null
2024-02-18 22:32:04,615 [WARN] PackLoader:240 - Cannot read IP mode file for STMicroelectronics.X-CUBE-SUBG2.5.0.0
2024-02-18 22:32:04,642 [WARN] PackLoader:240 - Cannot read IP mode file for STMicroelectronics.X-CUBE-TOF1.3.3.1
2024-02-18 22:32:04,675 [WARN] PackLoader:240 - Cannot read IP mode file for STMicroelectronics.X-CUBE-AZRTOS-G4.2.0.0
2024-02-18 22:32:04,699 [WARN] PackLoader:240 - Cannot read IP mode file for Infineon.AIROC-Wi-Fi-Bluetooth-STM32.1.5.1
2024-02-18 22:32:04,720 [WARN] PackLoader:240 - Cannot read IP mode file for STMicroelectronics.FP-SNS-MOTENVWB1.1.3.1
2024-02-18 22:32:04,741 [WARN] PackLoader:240 - Cannot read IP mode file for STMicroelectronics.X-CUBE-ISPU.2.0.0
2024-02-18 22:32:04,801 [WARN] PackLoader:240 - Cannot read IP mode file for STMicroelectronics.X-CUBE-MEMS1.10.0.0
2024-02-18 22:32:04,912 [WARN] PackLoader:240 - Cannot read IP mode file for STMicroelectronics.X-CUBE-FREERTOS.1.1.0
2024-02-18 22:32:04,928 [WARN] PackLoader:240 - Cannot read IP mode file for portGmbH.I-Cube-SoM-uGOAL.1.1.0
2024-02-18 22:32:04,942 [WARN] PackLoader:240 - Cannot read IP mode file for STMicroelectronics.X-CUBE-ALS.1.0.1
2024-02-18 22:32:04,956 [WARN] PackLoader:240 - Cannot read IP mode file for STMicroelectronics.FP-ATR-ASTRA1.2.0.0
2024-02-18 22:32:04,975 [WARN] PackLoader:240 - Cannot read IP mode file for STMicroelectronics.X-CUBE-TOF1.3.4.0
2024-02-18 22:32:05,010 [WARN] PackLoader:240 - Cannot read IP mode file for STMicroelectronics.X-CUBE-AZRTOS-H7.3.2.0
2024-02-18 22:32:05,012 [INFO] ThirdParty:978 - Integrity check success = true
2024-02-18 22:32:05,012 [INFO] IntegrityCheckThread:100 - exiting critical section [integrity check]
2024-02-18 22:32:05,012 [INFO] IntegrityCheckThread:103 - End integrity checks thread
2024-02-18 22:32:21,538 [ERROR] LogOutputStream:75 - [STDERR_REDIRECT] SLF4J: Failed to load class "org.slf4j.impl.StaticLoggerBinder".
2024-02-18 22:32:21,539 [ERROR] LogOutputStream:75 - [STDERR_REDIRECT] SLF4J: Defaulting to no-operation (NOP) logger implementation
2024-02-18 22:32:21,540 [ERROR] LogOutputStream:75 - [STDERR_REDIRECT] SLF4J: See http://www.slf4j.org/codes.html#StaticLoggerBinder for further details.
