2024-02-19 09:24:51,690 [INFO] McuFinderGlobals:63 - Set McuFinder mode to 2 (CubeIDE integrated)
2024-02-19 09:24:52,006 [INFO] MainUpdater:2868 - connection check result : 10
2024-02-19 09:24:52,564 [INFO] ApiDb:581 - Connected to CubeFinder SQLite database (C:\Users\islam\.stmcufinder\plugins\mcufinder\mcu\cube-finder-db.db)
2024-02-19 09:24:52,651 [INFO] ApiDb:668 - CubeFinder database Data Model version=2.1
2024-02-19 09:24:52,651 [INFO] ApiDb:669 - CubeFinder database Configuration version=3.0.39
2024-02-19 09:24:52,652 [INFO] ApiDb:670 - CubeFinder database generation date=2024-01-11 (1704964531)
2024-02-19 09:24:52,652 [INFO] ApiDb:671 - CubeFinder database FW Pack versions=[FP-ATR-ASTRA1_V2.0.0, FP-SNS-FLIGHT1_V5.0.1, FP-SNS-FLIGHT1_V5.0.2, FP-SNS-MOTENV1_V4.3.1, FP-SNS-MOTENV1_V4.3.2, FP-SNS-MOTENVWB1_V1.3.1, FP-SNS-SMARTAG2_V1.2.0, STM32Cube_FW_C0_V1.1.0, STM32Cube_FW_F4_V1.28.0, STM32Cube_FW_F7_V1.17.0, STM32Cube_FW_G0_V1.6.2, STM32Cube_FW_G4_V1.5.2, STM32Cube_FW_H5_V0.5.1, STM32Cube_FW_H5_V1.1.1, STM32Cube_FW_H5_V1.2.0RC2, STM32Cube_FW_H7_V1.11.0, STM32Cube_FW_L0_V1.12.2, STM32Cube_FW_L5_V1.5.0, STM32Cube_FW_U5_V1.3.0RC4, STM32Cube_FW_U5_V1.4.0, STM32Cube_FW_WBA_V1.0.0RC1, STM32Cube_FW_WBA_V1.1.0RC1, STM32Cube_FW_WBA_V1.2.0, STM32Cube_FW_WBA_V1.2.0RC2, STM32Cube_FW_WB_V1.15.0RC1, STM32Cube_FW_WB_V1.16.0, STM32Cube_FW_WB_V1.16.0RC2, STM32Cube_FW_WB_V1.18.0, STM32Cube_FW_WL_V1.3.0, X-CUBE-ALGOBUILD_V1.3.0, X-CUBE-ALS_V1.0.1, X-CUBE-AZRTOS-F4_V1.1.0, X-CUBE-AZRTOS-F7_V1.1.0, X-CUBE-AZRTOS-G0_V1.1.0, X-CUBE-AZRTOS-G4_V2.0.0, X-CUBE-AZRTOS-H7_V3.2.0, X-CUBE-AZRTOS-L4_V1.0.0, X-CUBE-AZRTOS-L4_V2.0.0, X-CUBE-AZRTOS-L5_V1.1.0, X-CUBE-AZRTOS-WB_V2.0.0, X-CUBE-AZRTOS-WL_V2.0.0, X-CUBE-BLE1_V7.0.0, X-CUBE-BLE2_V3.3.0, X-CUBE-BLEMGR_V3.0.0, X-CUBE-EEPRMA1_V4.1.0, X-CUBE-EEPRMA1_V4.2.0, X-CUBE-FREERTOS_V1.1.0, X-CUBE-GNSS1_V6.0.0, X-CUBE-MEMS1_V10.0.0, X-CUBE-MEMS1_V9.1.0, X-CUBE-MEMS1_V9.4.0, X-CUBE-MEMS1_V9.6.0, X-CUBE-NFC4_V3.0.0, X-CUBE-NFC7_V1.0.1, X-CUBE-SFXS2LP1_V4.0.0, X-CUBE-SUBG2_V5.0.0, X-CUBE-TOF1_V3.4.0]
2024-02-19 09:24:52,784 [INFO] DbBoardsSqlite:226 - include board P-NUCLEO-WB55-NUCLEO as a kit item of type 'Nucleo-64'
2024-02-19 09:24:52,784 [INFO] DbBoardsSqlite:226 - include board P-NUCLEO-WB55-USBDONGLE as a kit item of type 'Nucleo USB Dongle'
2024-02-19 09:24:52,786 [INFO] DbBoardsSqlite:226 - include board STEVAL-IDP005V1 as a kit item of type 'Evaluation Board'
2024-02-19 09:24:52,786 [INFO] DbBoardsSqlite:226 - include board STEVAL-IDP005V2 as a kit item of type 'Evaluation Board'
2024-02-19 09:24:53,098 [INFO] ApiDb:240 - Found 323 in-development CPN: [B-G473E-ZEST1S, B-WB1M-WPAN1, B-WL5M-SUBG1, NUCLEO-C031C6, NUCLEO-H503RB, NUCLEO-H563ZI, NUCLEO-U545RE-Q, NUCLEO-U5A5ZJ-Q, NUCLEO-WBA52CG, STEVAL-PROTEUS1, STEVAL-SMARTAG2, STEVAL-STWINBX1, STM320518-EVAL, STM32C0116-DK, STM32C011D6Y3TR, STM32C011D6Y6TR, STM32C011F4P3, STM32C011F4P6, STM32C011F4U3, STM32C011F4U6TR, STM32C011F6P3, STM32C011F6P6, STM32C011F6U3, STM32C011F6U6TR, STM32C011J4M3, STM32C011J4M6, STM32C011J6M3, STM32C011J6M6, STM32C0316-DK, STM32C031C4T3, STM32C031C4T6, STM32C031C4U3, STM32C031C4U6, STM32C031C6T3, STM32C031C6T6, STM32C031C6U3, STM32C031C6U6, STM32C031F4P3, STM32C031F4P6, STM32C031F6P3, STM32C031F6P6, STM32C031G4U3, STM32C031G4U6, STM32C031G6U3, STM32C031G6U6, STM32C031K4T3, STM32C031K4T6, STM32C031K4U3, STM32C031K4U6, STM32C031K6T3, STM32C031K6T6, STM32C031K6U3, STM32C031K6U6, STM32G071K8TXN, STM32G071K8UXN, STM32G081GBU6N, STM32G081KBT6N, STM32G081KBUXN, STM32G0B1CCT6N, STM32G0B1KCT6, STM32G0B1NEY6TR, STM32G0B1RCT6N, STM32G0C1CCT6, STM32G0C1CCT6N, STM32G0C1CCU6N, STM32G0C1CET6N, STM32G0C1CEU6N, STM32G0C1KCT6, STM32G0C1NEY6TR, STM32G0C1RCI6N, STM32G0C1RCT6N, STM32G0C1REI6N, STM32G0C1RET6N, STM32G0C1VCI6, STM32G0C1VEI6, STM32G471CCT6, STM32G471CCU6, STM32G471CET3, STM32G471CET6, STM32G471CEU3, STM32G471CEU6, STM32G471MCT6, STM32G471MET3, STM32G471MET6, STM32G471MEY6TR, STM32G471QCT6, STM32G471QET3, STM32G471RCT6, STM32G471RET3, STM32G471RET6, STM32G471VCH6, STM32G471VCI6, STM32G471VCT6, STM32G471VEH3, STM32G471VEH6, STM32G471VEI3, STM32G471VEI6, STM32G471VET3, STM32G471VET6, STM32G474CCT6, STM32H503CBT6, STM32H503CBU6, STM32H503EBY6TR, STM32H503KBU6, STM32H503RBT6, STM32H562AGI6, STM32H562AII6, STM32H562IGK6, STM32H562IGT6, STM32H562IIK6, STM32H562IIT6, STM32H562RGT6, STM32H562RGV6, STM32H562RIT6, STM32H562RIV6, STM32H562VGT6, STM32H562VIT6, STM32H562ZGT6, STM32H562ZIT6, STM32H563AGI6, STM32H563AII3Q, STM32H563AII6, STM32H563IGK6, STM32H563IGT6, STM32H563IIK3Q, STM32H563IIK6, STM32H563IIT3Q, STM32H563IIT6, STM32H563MIY3QTR, STM32H563RGT6, STM32H563RGV6, STM32H563RIT6, STM32H563RIV6, STM32H563VGT6, STM32H563VIT3Q, STM32H563VIT6, STM32H563ZGT6, STM32H563ZIT3Q, STM32H563ZIT6, STM32H573AII3Q, STM32H573AII6, STM32H573I-DK, STM32H573IIK3Q, STM32H573IIK6, STM32H573IIT3Q, STM32H573IIT6, STM32H573MIY3QTR, STM32H573RIT6, STM32H573RIV6, STM32H573VIT3Q, STM32H573VIT6, STM32H573ZIT3Q, STM32H573ZIT6, STM32L4R5QGI6STR, STM32MP131AAE3, STM32MP131AAF3, STM32MP131AAG3, STM32MP131CAE3, STM32MP131CAF3, STM32MP131CAG3, STM32MP131DAE7, STM32MP131DAF7, STM32MP131DAG7, STM32MP131FAE7, STM32MP131FAF7, STM32MP131FAG7, STM32MP133AAE3, STM32MP133AAF3, STM32MP133AAG3, STM32MP133CAE3, STM32MP133CAF3, STM32MP133CAG3, STM32MP133DAE7, STM32MP133DAF7, STM32MP133DAG7, STM32MP133FAE7, STM32MP133FAF7, STM32MP133FAG7, STM32MP135AAE3, STM32MP135AAF3, STM32MP135AAG3, STM32MP135CAE3, STM32MP135CAF3, STM32MP135CAG3, STM32MP135DAE7, STM32MP135DAF7, STM32MP135DAG7, STM32MP135F-DK, STM32MP135FAE7, STM32MP135FAF7, STM32MP135FAF7T, STM32MP135FAF7U, STM32MP135FAG7, STM32U535CBT6, STM32U535CBT6Q, STM32U535CBU6, STM32U535CBU6Q, STM32U535CCT6, STM32U535CCT6Q, STM32U535CCU6, STM32U535CCU6Q, STM32U535CET6, STM32U535CET6Q, STM32U535CEU6, STM32U535CEU6Q, STM32U535JEY6QTR, STM32U535NCY6QTR, STM32U535NEY6QTR, STM32U535RBI6, STM32U535RBI6Q, STM32U535RBT6, STM32U535RBT6Q, STM32U535RCI6, STM32U535RCI6Q, STM32U535RCT6, STM32U535RCT6Q, STM32U535REI6, STM32U535REI6Q, STM32U535RET6, STM32U535RET6Q, STM32U535VCI6, STM32U535VCI6Q, STM32U535VCT6, STM32U535VCT6Q, STM32U535VEI6, STM32U535VEI6Q, STM32U535VET6, STM32U535VET6Q, STM32U545CET6, STM32U545CET6Q, STM32U545CEU6, STM32U545CEU6Q, STM32U545JEY6QTR, STM32U545NEY6QTR, STM32U545REI6, STM32U545REI6Q, STM32U545RET6, STM32U545RET6Q, STM32U545VEI6, STM32U545VEI6Q, STM32U545VET6, STM32U545VET6Q, STM32U595AIH6, STM32U595AIH6Q, STM32U595AJH6, STM32U595AJH6Q, STM32U595QII6, STM32U595QII6Q, STM32U595QJI6, STM32U595QJI6Q, STM32U595RIT6, STM32U595RIT6Q, STM32U595RJT6, STM32U595RJT6Q, STM32U595VIT6, STM32U595VIT6Q, STM32U595VJT6, STM32U595VJT6Q, STM32U595ZIT6, STM32U595ZIT6Q, STM32U595ZIY6QTR, STM32U595ZJT6, STM32U595ZJT6Q, STM32U595ZJY6QTR, STM32U599BJY6QTR, STM32U599NIH6Q, STM32U599NJH6Q, STM32U599VIT6Q, STM32U599VJT6, STM32U599VJT6Q, STM32U599ZIT6Q, STM32U599ZIY6QTR, STM32U599ZJT6Q, STM32U599ZJY6QTR, STM32U5A5AJH6, STM32U5A5AJH6Q, STM32U5A5QJI6, STM32U5A5QJI6Q, STM32U5A5RJT6, STM32U5A5RJT6Q, STM32U5A5VJT6, STM32U5A5VJT6Q, STM32U5A5ZJT6, STM32U5A5ZJT6Q, STM32U5A5ZJY6QTR, STM32U5A9BJY6QTR, STM32U5A9J-DK, STM32U5A9NJH6Q, STM32U5A9VJT6Q, STM32U5A9ZJT6Q, STM32U5A9ZJY6QTR, STM32U5F7VIT6, STM32U5F7VIT6Q, STM32U5F7VJT6, STM32U5F7VJT6Q, STM32U5F9BJY6QTR, STM32U5F9NJH6Q, STM32U5F9VIT6Q, STM32U5F9VJT6Q, STM32U5F9ZIJ6QTR, STM32U5F9ZIT6Q, STM32U5F9ZJJ6QTR, STM32U5F9ZJT6Q, STM32U5G7VJT6, STM32U5G7VJT6Q, STM32U5G9BJY6QTR, STM32U5G9J-DK1, STM32U5G9J-DK2, STM32U5G9NJH6Q, STM32U5G9VJT6Q, STM32U5G9ZJJ6QTR, STM32U5G9ZJT6Q, STM32WB1MMCH6, STM32WBA52CEU6, STM32WBA52CEU6T, STM32WBA52CGU6, STM32WBA52CGU6T, STM32WBA52KEU6, STM32WBA52KEU6T, STM32WBA52KGU6, STM32WBA52KGU6T, STM32WL5MOCH6, STM32WL5MOCH6TR]
2024-02-19 09:24:53,101 [INFO] ApiDb:668 - CubeFinder database Data Model version=2.1
2024-02-19 09:24:53,101 [INFO] ApiDb:669 - CubeFinder database Configuration version=3.0.39
2024-02-19 09:24:53,101 [INFO] ApiDb:670 - CubeFinder database generation date=2024-01-11 (1704964531)
2024-02-19 09:24:53,101 [INFO] ApiDb:671 - CubeFinder database FW Pack versions=[FP-ATR-ASTRA1_V2.0.0, FP-SNS-FLIGHT1_V5.0.1, FP-SNS-FLIGHT1_V5.0.2, FP-SNS-MOTENV1_V4.3.1, FP-SNS-MOTENV1_V4.3.2, FP-SNS-MOTENVWB1_V1.3.1, FP-SNS-SMARTAG2_V1.2.0, STM32Cube_FW_C0_V1.1.0, STM32Cube_FW_F4_V1.28.0, STM32Cube_FW_F7_V1.17.0, STM32Cube_FW_G0_V1.6.2, STM32Cube_FW_G4_V1.5.2, STM32Cube_FW_H5_V0.5.1, STM32Cube_FW_H5_V1.1.1, STM32Cube_FW_H5_V1.2.0RC2, STM32Cube_FW_H7_V1.11.0, STM32Cube_FW_L0_V1.12.2, STM32Cube_FW_L5_V1.5.0, STM32Cube_FW_U5_V1.3.0RC4, STM32Cube_FW_U5_V1.4.0, STM32Cube_FW_WBA_V1.0.0RC1, STM32Cube_FW_WBA_V1.1.0RC1, STM32Cube_FW_WBA_V1.2.0, STM32Cube_FW_WBA_V1.2.0RC2, STM32Cube_FW_WB_V1.15.0RC1, STM32Cube_FW_WB_V1.16.0, STM32Cube_FW_WB_V1.16.0RC2, STM32Cube_FW_WB_V1.18.0, STM32Cube_FW_WL_V1.3.0, X-CUBE-ALGOBUILD_V1.3.0, X-CUBE-ALS_V1.0.1, X-CUBE-AZRTOS-F4_V1.1.0, X-CUBE-AZRTOS-F7_V1.1.0, X-CUBE-AZRTOS-G0_V1.1.0, X-CUBE-AZRTOS-G4_V2.0.0, X-CUBE-AZRTOS-H7_V3.2.0, X-CUBE-AZRTOS-L4_V1.0.0, X-CUBE-AZRTOS-L4_V2.0.0, X-CUBE-AZRTOS-L5_V1.1.0, X-CUBE-AZRTOS-WB_V2.0.0, X-CUBE-AZRTOS-WL_V2.0.0, X-CUBE-BLE1_V7.0.0, X-CUBE-BLE2_V3.3.0, X-CUBE-BLEMGR_V3.0.0, X-CUBE-EEPRMA1_V4.1.0, X-CUBE-EEPRMA1_V4.2.0, X-CUBE-FREERTOS_V1.1.0, X-CUBE-GNSS1_V6.0.0, X-CUBE-MEMS1_V10.0.0, X-CUBE-MEMS1_V9.1.0, X-CUBE-MEMS1_V9.4.0, X-CUBE-MEMS1_V9.6.0, X-CUBE-NFC4_V3.0.0, X-CUBE-NFC7_V1.0.1, X-CUBE-SFXS2LP1_V4.0.0, X-CUBE-SUBG2_V5.0.0, X-CUBE-TOF1_V3.4.0]
2024-02-19 09:24:54,794 [INFO] ApiDb:240 - Found 323 in-development CPN: [B-G473E-ZEST1S, B-WB1M-WPAN1, B-WL5M-SUBG1, NUCLEO-C031C6, NUCLEO-H503RB, NUCLEO-H563ZI, NUCLEO-U545RE-Q, NUCLEO-U5A5ZJ-Q, NUCLEO-WBA52CG, STEVAL-PROTEUS1, STEVAL-SMARTAG2, STEVAL-STWINBX1, STM320518-EVAL, STM32C0116-DK, STM32C011D6Y3TR, STM32C011D6Y6TR, STM32C011F4P3, STM32C011F4P6, STM32C011F4U3, STM32C011F4U6TR, STM32C011F6P3, STM32C011F6P6, STM32C011F6U3, STM32C011F6U6TR, STM32C011J4M3, STM32C011J4M6, STM32C011J6M3, STM32C011J6M6, STM32C0316-DK, STM32C031C4T3, STM32C031C4T6, STM32C031C4U3, STM32C031C4U6, STM32C031C6T3, STM32C031C6T6, STM32C031C6U3, STM32C031C6U6, STM32C031F4P3, STM32C031F4P6, STM32C031F6P3, STM32C031F6P6, STM32C031G4U3, STM32C031G4U6, STM32C031G6U3, STM32C031G6U6, STM32C031K4T3, STM32C031K4T6, STM32C031K4U3, STM32C031K4U6, STM32C031K6T3, STM32C031K6T6, STM32C031K6U3, STM32C031K6U6, STM32G071K8TXN, STM32G071K8UXN, STM32G081GBU6N, STM32G081KBT6N, STM32G081KBUXN, STM32G0B1CCT6N, STM32G0B1KCT6, STM32G0B1NEY6TR, STM32G0B1RCT6N, STM32G0C1CCT6, STM32G0C1CCT6N, STM32G0C1CCU6N, STM32G0C1CET6N, STM32G0C1CEU6N, STM32G0C1KCT6, STM32G0C1NEY6TR, STM32G0C1RCI6N, STM32G0C1RCT6N, STM32G0C1REI6N, STM32G0C1RET6N, STM32G0C1VCI6, STM32G0C1VEI6, STM32G471CCT6, STM32G471CCU6, STM32G471CET3, STM32G471CET6, STM32G471CEU3, STM32G471CEU6, STM32G471MCT6, STM32G471MET3, STM32G471MET6, STM32G471MEY6TR, STM32G471QCT6, STM32G471QET3, STM32G471RCT6, STM32G471RET3, STM32G471RET6, STM32G471VCH6, STM32G471VCI6, STM32G471VCT6, STM32G471VEH3, STM32G471VEH6, STM32G471VEI3, STM32G471VEI6, STM32G471VET3, STM32G471VET6, STM32G474CCT6, STM32H503CBT6, STM32H503CBU6, STM32H503EBY6TR, STM32H503KBU6, STM32H503RBT6, STM32H562AGI6, STM32H562AII6, STM32H562IGK6, STM32H562IGT6, STM32H562IIK6, STM32H562IIT6, STM32H562RGT6, STM32H562RGV6, STM32H562RIT6, STM32H562RIV6, STM32H562VGT6, STM32H562VIT6, STM32H562ZGT6, STM32H562ZIT6, STM32H563AGI6, STM32H563AII3Q, STM32H563AII6, STM32H563IGK6, STM32H563IGT6, STM32H563IIK3Q, STM32H563IIK6, STM32H563IIT3Q, STM32H563IIT6, STM32H563MIY3QTR, STM32H563RGT6, STM32H563RGV6, STM32H563RIT6, STM32H563RIV6, STM32H563VGT6, STM32H563VIT3Q, STM32H563VIT6, STM32H563ZGT6, STM32H563ZIT3Q, STM32H563ZIT6, STM32H573AII3Q, STM32H573AII6, STM32H573I-DK, STM32H573IIK3Q, STM32H573IIK6, STM32H573IIT3Q, STM32H573IIT6, STM32H573MIY3QTR, STM32H573RIT6, STM32H573RIV6, STM32H573VIT3Q, STM32H573VIT6, STM32H573ZIT3Q, STM32H573ZIT6, STM32L4R5QGI6STR, STM32MP131AAE3, STM32MP131AAF3, STM32MP131AAG3, STM32MP131CAE3, STM32MP131CAF3, STM32MP131CAG3, STM32MP131DAE7, STM32MP131DAF7, STM32MP131DAG7, STM32MP131FAE7, STM32MP131FAF7, STM32MP131FAG7, STM32MP133AAE3, STM32MP133AAF3, STM32MP133AAG3, STM32MP133CAE3, STM32MP133CAF3, STM32MP133CAG3, STM32MP133DAE7, STM32MP133DAF7, STM32MP133DAG7, STM32MP133FAE7, STM32MP133FAF7, STM32MP133FAG7, STM32MP135AAE3, STM32MP135AAF3, STM32MP135AAG3, STM32MP135CAE3, STM32MP135CAF3, STM32MP135CAG3, STM32MP135DAE7, STM32MP135DAF7, STM32MP135DAG7, STM32MP135F-DK, STM32MP135FAE7, STM32MP135FAF7, STM32MP135FAF7T, STM32MP135FAF7U, STM32MP135FAG7, STM32U535CBT6, STM32U535CBT6Q, STM32U535CBU6, STM32U535CBU6Q, STM32U535CCT6, STM32U535CCT6Q, STM32U535CCU6, STM32U535CCU6Q, STM32U535CET6, STM32U535CET6Q, STM32U535CEU6, STM32U535CEU6Q, STM32U535JEY6QTR, STM32U535NCY6QTR, STM32U535NEY6QTR, STM32U535RBI6, STM32U535RBI6Q, STM32U535RBT6, STM32U535RBT6Q, STM32U535RCI6, STM32U535RCI6Q, STM32U535RCT6, STM32U535RCT6Q, STM32U535REI6, STM32U535REI6Q, STM32U535RET6, STM32U535RET6Q, STM32U535VCI6, STM32U535VCI6Q, STM32U535VCT6, STM32U535VCT6Q, STM32U535VEI6, STM32U535VEI6Q, STM32U535VET6, STM32U535VET6Q, STM32U545CET6, STM32U545CET6Q, STM32U545CEU6, STM32U545CEU6Q, STM32U545JEY6QTR, STM32U545NEY6QTR, STM32U545REI6, STM32U545REI6Q, STM32U545RET6, STM32U545RET6Q, STM32U545VEI6, STM32U545VEI6Q, STM32U545VET6, STM32U545VET6Q, STM32U595AIH6, STM32U595AIH6Q, STM32U595AJH6, STM32U595AJH6Q, STM32U595QII6, STM32U595QII6Q, STM32U595QJI6, STM32U595QJI6Q, STM32U595RIT6, STM32U595RIT6Q, STM32U595RJT6, STM32U595RJT6Q, STM32U595VIT6, STM32U595VIT6Q, STM32U595VJT6, STM32U595VJT6Q, STM32U595ZIT6, STM32U595ZIT6Q, STM32U595ZIY6QTR, STM32U595ZJT6, STM32U595ZJT6Q, STM32U595ZJY6QTR, STM32U599BJY6QTR, STM32U599NIH6Q, STM32U599NJH6Q, STM32U599VIT6Q, STM32U599VJT6, STM32U599VJT6Q, STM32U599ZIT6Q, STM32U599ZIY6QTR, STM32U599ZJT6Q, STM32U599ZJY6QTR, STM32U5A5AJH6, STM32U5A5AJH6Q, STM32U5A5QJI6, STM32U5A5QJI6Q, STM32U5A5RJT6, STM32U5A5RJT6Q, STM32U5A5VJT6, STM32U5A5VJT6Q, STM32U5A5ZJT6, STM32U5A5ZJT6Q, STM32U5A5ZJY6QTR, STM32U5A9BJY6QTR, STM32U5A9J-DK, STM32U5A9NJH6Q, STM32U5A9VJT6Q, STM32U5A9ZJT6Q, STM32U5A9ZJY6QTR, STM32U5F7VIT6, STM32U5F7VIT6Q, STM32U5F7VJT6, STM32U5F7VJT6Q, STM32U5F9BJY6QTR, STM32U5F9NJH6Q, STM32U5F9VIT6Q, STM32U5F9VJT6Q, STM32U5F9ZIJ6QTR, STM32U5F9ZIT6Q, STM32U5F9ZJJ6QTR, STM32U5F9ZJT6Q, STM32U5G7VJT6, STM32U5G7VJT6Q, STM32U5G9BJY6QTR, STM32U5G9J-DK1, STM32U5G9J-DK2, STM32U5G9NJH6Q, STM32U5G9VJT6Q, STM32U5G9ZJJ6QTR, STM32U5G9ZJT6Q, STM32WB1MMCH6, STM32WBA52CEU6, STM32WBA52CEU6T, STM32WBA52CGU6, STM32WBA52CGU6T, STM32WBA52KEU6, STM32WBA52KEU6T, STM32WBA52KGU6, STM32WBA52KGU6T, STM32WL5MOCH6, STM32WL5MOCH6TR]
2024-02-19 09:24:54,798 [INFO] DbMcus:217 - Found 3882 MCUs, 3882 are supported
2024-02-19 09:24:54,799 [INFO] ApiDb:423 - Load user favorites file C:\Users\islam/.stm32cubeide/favorites.mcus.txt: 0 item(s)
2024-02-19 09:24:54,799 [INFO] ApiDb:427 - User favorites MCUs=[]
2024-02-19 09:24:54,799 [INFO] DbMcus:223 - Set 0 / 0 favorites MCUs
2024-02-19 09:24:55,117 [INFO] BoardInfo:880 - No configuration file found for board P-NUCLEO-WB55
2024-02-19 09:24:55,117 [INFO] DbBoards:157 - Kit is not supported: P-NUCLEO-WB55
2024-02-19 09:24:55,121 [INFO] BoardInfo:880 - No configuration file found for board STEVAL-BFA001V1B
2024-02-19 09:24:55,121 [INFO] DbBoards:157 - Kit is not supported: STEVAL-BFA001V1B
2024-02-19 09:24:55,122 [INFO] BoardInfo:880 - No configuration file found for board STEVAL-BFA001V2B
2024-02-19 09:24:55,122 [INFO] DbBoards:157 - Kit is not supported: STEVAL-BFA001V2B
2024-02-19 09:24:55,125 [INFO] BoardInfo:880 - No configuration file found for board STEVAL-MKBOXPRO
2024-02-19 09:24:55,125 [INFO] DbBoards:157 - Board is not supported: STEVAL-MKBOXPRO
2024-02-19 09:24:55,207 [INFO] DbBoards:161 - Found 191 boards, 187 are supported
2024-02-19 09:24:55,209 [INFO] ApiDb:423 - Load user favorites file C:\Users\islam/.stm32cubeide/favorites.boards.txt: 0 item(s)
2024-02-19 09:24:55,210 [INFO] ApiDb:427 - User favorites Boards=[]
2024-02-19 09:24:55,210 [INFO] DbBoards:190 - Set 0 / 0 favorites Boards
2024-02-19 09:24:55,210 [INFO] McuFinderGlobals:76 - Set McuFinderConnectedMode to true
2024-02-19 09:24:55,216 [INFO] MultiScanPanel:200 - Auto-refresh data requested => check proxy status ongoing
2024-02-19 09:24:55,219 [INFO] FinderPluginLoader:95 - Searching for filters in installed packs
2024-02-19 09:24:56,377 [INFO] LoadUrlFilesThread:185 - End of LoadServerUrlFiles without Thread
2024-02-19 09:24:56,427 [INFO] DetailPanel:341 - Set advertising image to C:/Users/islam/STM32Cube/Repository/\en.prom-stm32wl3-mcu-finder.jpg
2024-02-19 09:25:04,153 [INFO] MultiScanPanel:200 - Auto-refresh data requested => check proxy status ongoing
2024-02-19 09:25:04,252 [INFO] LoadUrlFilesThread:185 - End of LoadServerUrlFiles without Thread
2024-02-19 09:25:04,252 [INFO] DetailPanel:341 - Set advertising image to C:/Users/islam/STM32Cube/Repository/\en.prom-stm32wl3-mcu-finder.jpg
2024-02-19 09:25:04,263 [INFO] DbBoards:634 - Loading board mini-images...
2024-02-19 09:25:06,076 [INFO] DbBoards:657 - Loaded 191 board mini-images
2024-02-19 09:25:38,821 [INFO] McuFinderGlobals:76 - Set McuFinderConnectedMode to true
2024-02-19 09:25:38,827 [INFO] ApiDb:448 - Save user favorites file C:\Users\islam/.stm32cubeide/favorites.mcus.txt: 0 item(s)
2024-02-19 09:25:38,827 [INFO] ApiDb:452 - User favorites MCUs=[]
2024-02-19 09:25:38,829 [INFO] ApiDb:448 - Save user favorites file C:\Users\islam/.stm32cubeide/favorites.boards.txt: 0 item(s)
2024-02-19 09:25:38,829 [INFO] ApiDb:452 - User favorites Boards=[]
2024-02-19 10:00:00,547 [INFO] Activator:176 - 


2024-02-19 10:00:00,549 [INFO] Activator:177 - !SESSION log4j initialized
2024-02-19 10:00:05,887 [INFO] LogOutputStream:77 - [STDOUT_REDIRECT] 
2024-02-19 10:00:08,726 [INFO] ApplicationProperties:184 - Using Application install path: C:\ST\STM32CubeIDE_1.13.2\STM32CubeIDE\plugins\com.st.stm32cube.common.mx_6.9.2.202309101412
2024-02-19 10:00:08,743 [INFO] DbMcusXml:78 - Set database path to: C:\ST\STM32CubeIDE_1.13.2\STM32CubeIDE\plugins\com.st.stm32cube.common.mx_6.9.2.202309101412\\db\/mcu/
2024-02-19 10:00:08,743 [INFO] ApiDb:274 - Set plugin database path to: C:\ST\STM32CubeIDE_1.13.2\STM32CubeIDE\plugins\com.st.stm32cube.common.mx_6.9.2.202309101412\\db\/plugins/boardmanager/
2024-02-19 10:00:08,744 [WARN] ApiDb:259 - Overriding images path with different value:  => C:\ST\STM32CubeIDE_1.13.2\STM32CubeIDE\plugins\com.st.stm32cube.common.mx_6.9.2.202309101412\\db\/plugins/mcufinder/images/
2024-02-19 10:00:08,755 [INFO] ApiDb:250 - Set database path to: C:\Users\islam\.stmcufinder\plugins\mcufinder//mcu/
2024-02-19 10:00:08,756 [INFO] DbMcusAds:125 - Set database path to: C:\Users\islam\.stmcufinder\plugins\mcufinder//mcu/
2024-02-19 10:00:08,758 [INFO] CrossReferenceDbSqlite:203 - Set database path to: C:\Users\islam\.stmcufinder\plugins\mcufinder//mcu/cs/
2024-02-19 10:00:08,854 [INFO] RulesReader:64 - Compatibility file has been processed (293 Rules)
2024-02-19 10:00:08,937 [INFO] DbMcusXml:78 - Set database path to: C:\ST\STM32CubeIDE_1.13.2\STM32CubeIDE\plugins\com.st.stm32cube.common.mx_6.9.2.202309101412\\db\/mcu/
2024-02-19 10:00:08,938 [INFO] ApiDb:274 - Set plugin database path to: C:\ST\STM32CubeIDE_1.13.2\STM32CubeIDE\plugins\com.st.stm32cube.common.mx_6.9.2.202309101412\\db\/plugins/boardmanager/
2024-02-19 10:00:08,938 [INFO] ApiDb:261 - Set plugin images path to: C:\ST\STM32CubeIDE_1.13.2\STM32CubeIDE\plugins\com.st.stm32cube.common.mx_6.9.2.202309101412\\db\/plugins/mcufinder/images/
2024-02-19 10:00:08,938 [WARN] DbFile:41 - Overriding database path with different value: C:\Users\islam\.stmcufinder\plugins\mcufinder/ => C:\Users\islam\.stmcufinder\plugins\mcufinder
2024-02-19 10:00:08,938 [INFO] ApiDb:250 - Set database path to: C:\Users\islam\.stmcufinder\plugins\mcufinder//mcu/
2024-02-19 10:00:08,938 [WARN] DbFile:41 - Overriding database path with different value: C:\Users\islam\.stmcufinder\plugins\mcufinder/ => C:\Users\islam\.stmcufinder\plugins\mcufinder
2024-02-19 10:00:08,938 [INFO] DbMcusAds:125 - Set database path to: C:\Users\islam\.stmcufinder\plugins\mcufinder//mcu/
2024-02-19 10:00:08,938 [WARN] DbFile:41 - Overriding database path with different value: C:\Users\islam\.stmcufinder\plugins\mcufinder/ => C:\Users\islam\.stmcufinder\plugins\mcufinder
2024-02-19 10:00:08,938 [WARN] DbFile:41 - Overriding database path with different value: C:\Users\islam\.stmcufinder\plugins\mcufinder/ => C:\Users\islam\.stmcufinder\plugins\mcufinder
2024-02-19 10:00:08,938 [INFO] CrossReferenceDbSqlite:203 - Set database path to: C:\Users\islam\.stmcufinder\plugins\mcufinder//mcu/cs/
2024-02-19 10:00:09,010 [INFO] MainPanel:262 - HeapMemory: 268435456
2024-02-19 10:00:09,094 [INFO] DbMcusXml:78 - Set database path to: C:\ST\STM32CubeIDE_1.13.2\STM32CubeIDE\plugins\com.st.stm32cube.common.mx_6.9.2.202309101412\\db\/mcu/
2024-02-19 10:00:09,094 [INFO] ApiDb:274 - Set plugin database path to: C:\ST\STM32CubeIDE_1.13.2\STM32CubeIDE\plugins\com.st.stm32cube.common.mx_6.9.2.202309101412\\db\/plugins/boardmanager/
2024-02-19 10:00:09,094 [INFO] ApiDb:261 - Set plugin images path to: C:\ST\STM32CubeIDE_1.13.2\STM32CubeIDE\plugins\com.st.stm32cube.common.mx_6.9.2.202309101412\\db\/plugins/mcufinder/images/
2024-02-19 10:00:09,095 [WARN] DbFile:41 - Overriding database path with different value: C:\Users\islam\.stmcufinder\plugins\mcufinder/ => C:\Users\islam\.stmcufinder\plugins\mcufinder
2024-02-19 10:00:09,095 [INFO] ApiDb:250 - Set database path to: C:\Users\islam\.stmcufinder\plugins\mcufinder//mcu/
2024-02-19 10:00:09,095 [WARN] DbFile:41 - Overriding database path with different value: C:\Users\islam\.stmcufinder\plugins\mcufinder/ => C:\Users\islam\.stmcufinder\plugins\mcufinder
2024-02-19 10:00:09,095 [INFO] DbMcusAds:125 - Set database path to: C:\Users\islam\.stmcufinder\plugins\mcufinder//mcu/
2024-02-19 10:00:09,095 [WARN] DbFile:41 - Overriding database path with different value: C:\Users\islam\.stmcufinder\plugins\mcufinder/ => C:\Users\islam\.stmcufinder\plugins\mcufinder
2024-02-19 10:00:09,095 [WARN] DbFile:41 - Overriding database path with different value: C:\Users\islam\.stmcufinder\plugins\mcufinder/ => C:\Users\islam\.stmcufinder\plugins\mcufinder
2024-02-19 10:00:09,095 [INFO] CrossReferenceDbSqlite:203 - Set database path to: C:\Users\islam\.stmcufinder\plugins\mcufinder//mcu/cs/
2024-02-19 10:00:09,112 [INFO] ApplicationProperties:184 - Using Application install path: C:\ST\STM32CubeIDE_1.13.2\STM32CubeIDE\plugins\com.st.stm32cube.common.mx_6.9.2.202309101412
2024-02-19 10:00:09,113 [INFO] PluginManage:196 - Search for loadable plugins [exclusion list=, ]
2024-02-19 10:00:09,114 [INFO] PluginManage:310 - Check plugin analytics
2024-02-19 10:00:09,253 [INFO] AnalyticsPlugin:253 - Accepted Software Licenses: 
2024-02-19 10:00:09,253 [INFO] AnalyticsPlugin:255 - Accepted CMSIS Pack Licenses: 
2024-02-19 10:00:09,253 [INFO] AnalyticsPlugin:257 - Accepted Firmware Licenses: 
2024-02-19 10:00:09,256 [INFO] PluginManage:359 - Loaded plugin analytics (category:tool,tabindex:-1)
2024-02-19 10:00:09,257 [INFO] PluginManage:310 - Check plugin cadmodel
2024-02-19 10:00:09,272 [INFO] CADModel:105 - Init CAD model plugin
2024-02-19 10:00:09,273 [INFO] PluginManage:359 - Loaded plugin cadmodel (category:power,tabindex:5)
2024-02-19 10:00:09,273 [INFO] PluginManage:310 - Check plugin clock
2024-02-19 10:00:09,290 [INFO] PluginManage:359 - Loaded plugin clock (category:base,tabindex:2)
2024-02-19 10:00:09,290 [INFO] PluginManage:310 - Check plugin ddr
2024-02-19 10:00:09,292 [INFO] PluginManage:359 - Loaded plugin ddr (category:tool,tabindex:6)
2024-02-19 10:00:09,293 [INFO] PluginManage:310 - Check plugin filemanager
2024-02-19 10:00:09,420 [INFO] PluginManage:359 - Loaded plugin filemanager (category:base,tabindex:10)
2024-02-19 10:00:09,420 [INFO] PluginManage:310 - Check plugin ipmanager
2024-02-19 10:00:09,427 [INFO] PluginManage:359 - Loaded plugin ipmanager (category:base,tabindex:5)
2024-02-19 10:00:09,427 [INFO] PluginManage:310 - Check plugin lpbam
2024-02-19 10:00:09,445 [INFO] PluginManage:359 - Loaded plugin lpbam (category:base,tabindex:0)
2024-02-19 10:00:09,446 [INFO] PluginManage:310 - Check plugin memorymap
2024-02-19 10:00:09,470 [INFO] PluginManage:359 - Loaded plugin memorymap (category:base,tabindex:4)
2024-02-19 10:00:09,470 [INFO] PluginManage:310 - Check plugin pinoutandconfiguration
2024-02-19 10:00:09,489 [INFO] PluginManage:359 - Loaded plugin pinoutandconfiguration (category:base,tabindex:1)
2024-02-19 10:00:09,489 [INFO] PluginManage:310 - Check plugin pinoutconfig
2024-02-19 10:00:09,588 [WARN] SupportedApi:132 - Cannot load RTOS API schema: s4s-elt-must-match.1: The content of 'definitions' must match (annotation?, (simpleType | complexType)?, (unique | key | keyref)*)). A problem was found starting at: attribute.
2024-02-19 10:00:09,705 [INFO] PluginManage:359 - Loaded plugin pinoutconfig (category:base,tabindex:0)
2024-02-19 10:00:09,705 [INFO] PluginManage:310 - Check plugin power
2024-02-19 10:00:09,726 [INFO] PluginManage:359 - Loaded plugin power (category:power,tabindex:4)
2024-02-19 10:00:09,726 [INFO] PluginManage:310 - Check plugin projectmanager
2024-02-19 10:00:09,742 [INFO] PluginManage:359 - Loaded plugin projectmanager (category:projectmanager,tabindex:3)
2024-02-19 10:00:09,743 [INFO] PluginManage:310 - Check plugin thirdparty
2024-02-19 10:00:10,010 [INFO] PluginManage:359 - Loaded plugin thirdparty (category:base,tabindex:-1)
2024-02-19 10:00:10,010 [INFO] PluginManage:310 - Check plugin tools
2024-02-19 10:00:10,010 [WARN] IntegrityCheckThread:84 - waiting for thirdparty lock release [integrity check]
2024-02-19 10:00:10,010 [INFO] IntegrityCheckThread:86 - entering critical section [integrity check]
2024-02-19 10:00:10,011 [INFO] ThirdPartyUpdaterWithRetryManager:70 - Updater plugin not ready yet. [1/15]
2024-02-19 10:00:10,045 [INFO] PluginManage:359 - Loaded plugin tools (category:base,tabindex:7)
2024-02-19 10:00:10,045 [INFO] PluginManage:310 - Check plugin tutovideos
2024-02-19 10:00:10,222 [INFO] PluginManage:359 - Loaded plugin tutovideos (category:base,tabindex:-1)
2024-02-19 10:00:10,223 [INFO] PluginManage:310 - Check plugin updater
2024-02-19 10:00:10,237 [INFO] PluginManage:359 - Loaded plugin updater (category:base,tabindex:12)
2024-02-19 10:00:10,237 [INFO] PluginManage:310 - Check plugin userauth
2024-02-19 10:00:10,246 [INFO] UserAuth:113 - Init User Auth plugin
2024-02-19 10:00:10,246 [INFO] PluginManage:359 - Loaded plugin userauth (category:base,tabindex:14)
2024-02-19 10:00:10,247 [INFO] PluginManage:283 - PluginManage : Loaded plugins [17]
2024-02-19 10:00:10,488 [INFO] PinOutPanel:1499 - setPackage(No Configuration,No Configuration)
2024-02-19 10:00:10,601 [INFO] CADModel:165 - CPN selected for project level
2024-02-19 10:00:10,601 [INFO] CADModel:114 - Register for checkConnection events
2024-02-19 10:00:10,624 [INFO] IPUIPlugin:80 - create IPUIPlugin
2024-02-19 10:00:10,624 [INFO] PluginManager:220 - loadIPPluginJar : add adc
2024-02-19 10:00:10,658 [INFO] IPUIPlugin:80 - create IPUIPlugin
2024-02-19 10:00:10,658 [INFO] PluginManager:220 - loadIPPluginJar : add aes
2024-02-19 10:00:10,702 [INFO] IPUIPlugin:80 - create IPUIPlugin
2024-02-19 10:00:10,703 [INFO] PluginManager:220 - loadIPPluginJar : add can
2024-02-19 10:00:10,724 [INFO] IPUIPlugin:80 - create IPUIPlugin
2024-02-19 10:00:10,725 [INFO] PluginManager:220 - loadIPPluginJar : add comp
2024-02-19 10:00:10,756 [INFO] IPUIPlugin:80 - create IPUIPlugin
2024-02-19 10:00:10,756 [INFO] PluginManager:220 - loadIPPluginJar : add cryp
2024-02-19 10:00:10,786 [INFO] IPUIPlugin:80 - create IPUIPlugin
2024-02-19 10:00:10,786 [INFO] PluginManager:220 - loadIPPluginJar : add dfsdm
2024-02-19 10:00:10,799 [INFO] IPUIPlugin:80 - create IPUIPlugin
2024-02-19 10:00:10,799 [INFO] PluginManager:220 - loadIPPluginJar : add dma
2024-02-19 10:00:10,840 [INFO] IPUIPlugin:80 - create IPUIPlugin
2024-02-19 10:00:10,841 [INFO] PluginManager:220 - loadIPPluginJar : add dma3
2024-02-19 10:00:10,860 [INFO] IPUIPlugin:80 - create IPUIPlugin
2024-02-19 10:00:10,860 [INFO] PluginManager:220 - loadIPPluginJar : add fatfs
2024-02-19 10:00:10,905 [INFO] IPUIPlugin:80 - create IPUIPlugin
2024-02-19 10:00:10,905 [INFO] PluginManager:220 - loadIPPluginJar : add fmc
2024-02-19 10:00:10,919 [INFO] IPUIPlugin:80 - create IPUIPlugin
2024-02-19 10:00:10,919 [INFO] PluginManager:220 - loadIPPluginJar : add freertos
2024-02-19 10:00:10,940 [INFO] IPUIPlugin:80 - create IPUIPlugin
2024-02-19 10:00:10,940 [INFO] PluginManager:220 - loadIPPluginJar : add genericplugin
2024-02-19 10:00:11,037 [INFO] IPUIPlugin:80 - create IPUIPlugin
2024-02-19 10:00:11,038 [INFO] PluginManager:220 - loadIPPluginJar : add gfxmmu
2024-02-19 10:00:11,172 [INFO] IPUIPlugin:80 - create IPUIPlugin
2024-02-19 10:00:11,172 [INFO] PluginManager:220 - loadIPPluginJar : add gic
2024-02-19 10:00:11,186 [INFO] IPUIPlugin:80 - create IPUIPlugin
2024-02-19 10:00:11,186 [INFO] PluginManager:220 - loadIPPluginJar : add gpio
2024-02-19 10:00:11,272 [INFO] IPUIPlugin:80 - create IPUIPlugin
2024-02-19 10:00:11,272 [INFO] PluginManager:220 - loadIPPluginJar : add gtzc
2024-02-19 10:00:11,303 [INFO] IPUIPlugin:80 - create IPUIPlugin
2024-02-19 10:00:11,303 [INFO] PluginManager:220 - loadIPPluginJar : add hash
2024-02-19 10:00:11,351 [INFO] IPUIPlugin:80 - create IPUIPlugin
2024-02-19 10:00:11,351 [INFO] PluginManager:220 - loadIPPluginJar : add i2c
2024-02-19 10:00:11,386 [INFO] IPUIPlugin:80 - create IPUIPlugin
2024-02-19 10:00:11,386 [INFO] PluginManager:220 - loadIPPluginJar : add i2s
2024-02-19 10:00:11,422 [INFO] IPUIPlugin:80 - create IPUIPlugin
2024-02-19 10:00:11,422 [INFO] PluginManager:220 - loadIPPluginJar : add i3c
2024-02-19 10:00:11,515 [INFO] IPUIPlugin:80 - create IPUIPlugin
2024-02-19 10:00:11,515 [INFO] PluginManager:220 - loadIPPluginJar : add ipddr
2024-02-19 10:00:11,598 [INFO] IPUIPlugin:80 - create IPUIPlugin
2024-02-19 10:00:11,598 [INFO] PluginManager:220 - loadIPPluginJar : add linkedlist
2024-02-19 10:00:11,628 [INFO] IPUIPlugin:80 - create IPUIPlugin
2024-02-19 10:00:11,628 [INFO] PluginManager:220 - loadIPPluginJar : add lorawan
2024-02-19 10:00:11,660 [INFO] IPUIPlugin:80 - create IPUIPlugin
2024-02-19 10:00:11,661 [INFO] PluginManager:220 - loadIPPluginJar : add ltdc
2024-02-19 10:00:11,673 [INFO] IPUIPlugin:80 - create IPUIPlugin
2024-02-19 10:00:11,673 [INFO] PluginManager:220 - loadIPPluginJar : add mdma
2024-02-19 10:00:11,683 [INFO] IPUIPlugin:80 - create IPUIPlugin
2024-02-19 10:00:11,684 [INFO] PluginManager:220 - loadIPPluginJar : add nvic
2024-02-19 10:00:11,714 [INFO] IPUIPlugin:80 - create IPUIPlugin
2024-02-19 10:00:11,715 [INFO] PluginManager:220 - loadIPPluginJar : add opamp
2024-02-19 10:00:11,766 [INFO] IPUIPlugin:80 - create IPUIPlugin
2024-02-19 10:00:11,767 [INFO] PluginManager:220 - loadIPPluginJar : add openamp
2024-02-19 10:00:11,804 [INFO] IPUIPlugin:80 - create IPUIPlugin
2024-02-19 10:00:11,804 [INFO] PluginManager:220 - loadIPPluginJar : add pdm2pcm
2024-02-19 10:00:11,816 [INFO] IPUIPlugin:80 - create IPUIPlugin
2024-02-19 10:00:11,817 [INFO] PluginManager:220 - loadIPPluginJar : add plateformsettings
2024-02-19 10:00:11,839 [INFO] IPUIPlugin:80 - create IPUIPlugin
2024-02-19 10:00:11,839 [INFO] PluginManager:220 - loadIPPluginJar : add quadspi
2024-02-19 10:00:11,849 [INFO] IPUIPlugin:80 - create IPUIPlugin
2024-02-19 10:00:11,850 [INFO] PluginManager:220 - loadIPPluginJar : add resmgrutility
2024-02-19 10:00:11,891 [INFO] IPUIPlugin:80 - create IPUIPlugin
2024-02-19 10:00:11,891 [INFO] PluginManager:220 - loadIPPluginJar : add sai
2024-02-19 10:00:11,921 [INFO] IPUIPlugin:80 - create IPUIPlugin
2024-02-19 10:00:11,922 [INFO] PluginManager:220 - loadIPPluginJar : add spi
2024-02-19 10:00:11,969 [INFO] IPUIPlugin:80 - create IPUIPlugin
2024-02-19 10:00:11,969 [INFO] PluginManager:220 - loadIPPluginJar : add stm32_wpan
2024-02-19 10:00:11,990 [INFO] IPUIPlugin:80 - create IPUIPlugin
2024-02-19 10:00:11,990 [INFO] PluginManager:220 - loadIPPluginJar : add tim
2024-02-19 10:00:12,037 [INFO] IPUIPlugin:80 - create IPUIPlugin
2024-02-19 10:00:12,038 [INFO] PluginManager:220 - loadIPPluginJar : add touchsensing
2024-02-19 10:00:12,057 [INFO] IPUIPlugin:80 - create IPUIPlugin
2024-02-19 10:00:12,057 [INFO] PluginManager:220 - loadIPPluginJar : add tracer_emb
2024-02-19 10:00:12,077 [INFO] IPUIPlugin:80 - create IPUIPlugin
2024-02-19 10:00:12,077 [INFO] PluginManager:220 - loadIPPluginJar : add ts
2024-02-19 10:00:12,096 [INFO] IPUIPlugin:80 - create IPUIPlugin
2024-02-19 10:00:12,096 [INFO] PluginManager:220 - loadIPPluginJar : add tsc
2024-02-19 10:00:12,115 [INFO] IPUIPlugin:80 - create IPUIPlugin
2024-02-19 10:00:12,115 [INFO] PluginManager:220 - loadIPPluginJar : add ucpd
2024-02-19 10:00:12,155 [INFO] IPUIPlugin:80 - create IPUIPlugin
2024-02-19 10:00:12,155 [INFO] PluginManager:220 - loadIPPluginJar : add usart
2024-02-19 10:00:12,191 [INFO] IPUIPlugin:80 - create IPUIPlugin
2024-02-19 10:00:12,191 [INFO] PluginManager:220 - loadIPPluginJar : add usbx
2024-02-19 10:00:12,308 [INFO] CADModel:165 - CPN selected for project level
2024-02-19 10:00:12,309 [INFO] CADModel:114 - Register for checkConnection events
2024-02-19 10:00:12,309 [FATAL] Updater:308 - Updater called before beeing initialized
2024-02-19 10:00:12,309 [ERROR] CADModel:125 - Updater not yet initialized, retry later 
2024-02-19 10:00:12,434 [INFO] CADModel:165 - CPN selected for project level
2024-02-19 10:00:12,434 [INFO] CADModel:114 - Register for checkConnection events
2024-02-19 10:00:12,434 [FATAL] Updater:308 - Updater called before beeing initialized
2024-02-19 10:00:12,434 [ERROR] CADModel:125 - Updater not yet initialized, retry later 
2024-02-19 10:00:12,437 [FATAL] Updater:308 - Updater called before beeing initialized
2024-02-19 10:00:12,527 [FATAL] Updater:308 - Updater called before beeing initialized
2024-02-19 10:00:12,538 [INFO] DbMcusAds:53 - JSON generation date=Wed Nov 29 13:52:27 TRT 2023 (1701255147349)
2024-02-19 10:00:12,538 [FATAL] Updater:308 - Updater called before beeing initialized
2024-02-19 10:00:12,601 [WARN] DetailPanel:346 - Failed to get advertising image, set to default
2024-02-19 10:00:12,693 [FATAL] Updater:308 - Updater called before beeing initialized
2024-02-19 10:00:12,694 [FATAL] Updater:308 - Updater called before beeing initialized
2024-02-19 10:00:12,694 [FATAL] Updater:308 - Updater called before beeing initialized
2024-02-19 10:00:12,694 [WARN] DetailPanel:346 - Failed to get advertising image, set to default
2024-02-19 10:00:12,695 [FATAL] Updater:308 - Updater called before beeing initialized
2024-02-19 10:00:12,744 [ERROR] Updater:1120 - MainUpdater not yet initialized. External WinMGr cannot be set.
2024-02-19 10:00:12,754 [INFO] Updater:1056 - Updater Version found : 6.9.2
2024-02-19 10:00:12,765 [INFO] ApplicationProperties:184 - Using Application install path: C:\ST\STM32CubeIDE_1.13.2\STM32CubeIDE\plugins\com.st.stm32cube.common.mx_6.9.2.202309101412
2024-02-19 10:00:12,883 [INFO] MainUpdater:2868 - connection check result : 10
2024-02-19 10:00:12,884 [INFO] MainUpdater:285 - Updater Check For Update Now.
2024-02-19 10:00:12,884 [INFO] MicroXplorer:498 - Change Database Version : DB.6.0.92
2024-02-19 10:00:12,903 [INFO] McuFinderGlobals:63 - Set McuFinder mode to 2 (CubeIDE integrated)
2024-02-19 10:00:13,013 [WARN] MainUpdater:1189 - Updater busy. Cannot search thirdparties
2024-02-19 10:00:13,013 [INFO] ThirdPartyUpdaterWithRetryManager:96 - Updater plugin is busy. [1/15]
2024-02-19 10:00:13,090 [INFO] CheckServerUpdateThread:120 - End of CheckServer Thread
2024-02-19 10:00:16,151 [WARN] PackLoader:240 - Cannot read IP mode file for STMicroelectronics.X-CUBE-SMBUS.2.1.0
2024-02-19 10:00:16,166 [WARN] PackLoader:240 - Cannot read IP mode file for STMicroelectronics.X-CUBE-TOUCHGFX.4.23.0
2024-02-19 10:00:16,207 [WARN] PackLoader:240 - Cannot read IP mode file for STMicroelectronics.X-CUBE-AZRTOS-F7.1.1.0
2024-02-19 10:00:16,228 [WARN] PackLoader:240 - Cannot read IP mode file for STMicroelectronics.FP-SNS-MOTENV1.4.3.2
2024-02-19 10:00:16,244 [WARN] PackLoader:240 - Cannot read IP mode file for STMicroelectronics.FP-SNS-FLIGHT1.5.0.2
2024-02-19 10:00:16,263 [WARN] PackLoader:240 - Cannot read IP mode file for STMicroelectronics.X-CUBE-DISPLAY.3.0.0
2024-02-19 10:00:16,284 [WARN] PackLoader:240 - Cannot read IP mode file for STMicroelectronics.X-CUBE-BLE1.7.0.0
2024-02-19 10:00:16,297 [WARN] PackLoader:240 - Cannot read IP mode file for emotas.I-CUBE-CANOPEN.1.3.0
2024-02-19 10:00:16,309 [WARN] PackLoader:240 - Cannot read IP mode file for STMicroelectronics.X-CUBE-TOUCHGFX.4.22.1
2024-02-19 10:00:16,329 [INFO] LogOutputStream:77 - [STDOUT_REDIRECT] 1 : Invalid condition id : UX_CORESTACK_Condition cause : null
2024-02-19 10:00:16,329 [INFO] LogOutputStream:77 - [STDOUT_REDIRECT] 1 : Invalid condition id : UX_CORESTACK_Condition cause : null
2024-02-19 10:00:16,331 [INFO] LogOutputStream:77 - [STDOUT_REDIRECT] 1 : Invalid condition id : UX_CORESTACK_Condition cause : null
2024-02-19 10:00:16,332 [INFO] LogOutputStream:77 - [STDOUT_REDIRECT] 1 : Invalid condition id : UX_CORESTACK_Condition cause : null
2024-02-19 10:00:16,333 [INFO] LogOutputStream:77 - [STDOUT_REDIRECT] 1 : Invalid condition id : UX_CORESTACK_Condition cause : null
2024-02-19 10:00:16,336 [WARN] PackLoader:240 - Cannot read IP mode file for STMicroelectronics.X-CUBE-AZRTOS-WL.2.0.0
2024-02-19 10:00:16,356 [WARN] PackLoader:240 - Cannot read IP mode file for WES.I-CUBE-Cesium.1.3.0
2024-02-19 10:00:16,370 [WARN] PackLoader:240 - Cannot read IP mode file for STMicroelectronics.X-CUBE-BLE2.3.3.0
2024-02-19 10:00:16,385 [WARN] PackLoader:240 - Cannot read IP mode file for STMicroelectronics.X-CUBE-ALGOBUILD.1.3.0
2024-02-19 10:00:16,415 [WARN] PackLoader:240 - Cannot read IP mode file for STMicroelectronics.X-CUBE-AZRTOS-G0.1.1.0
2024-02-19 10:00:16,431 [WARN] PackLoader:240 - Cannot read IP mode file for STMicroelectronics.X-CUBE-NFC4.3.0.0
2024-02-19 10:00:16,448 [WARN] PackLoader:240 - Cannot read IP mode file for STMicroelectronics.X-CUBE-BLEMGR.3.0.0
2024-02-19 10:00:16,461 [WARN] PackLoader:240 - Cannot read IP mode file for STMicroelectronics.FP-ATR-SIGFOX1.3.2.0
2024-02-19 10:00:16,473 [WARN] PackLoader:240 - Cannot read IP mode file for STMicroelectronics.X-CUBE-EEPRMA1.5.1.0
2024-02-19 10:00:16,507 [WARN] PackLoader:240 - Cannot read IP mode file for SEGGER.I-CUBE-embOS.1.3.1
2024-02-19 10:00:16,572 [WARN] PackLoader:240 - Cannot read IP mode file for STMicroelectronics.X-CUBE-GNSS1.6.0.0
2024-02-19 10:00:16,599 [WARN] PackLoader:240 - Cannot read IP mode file for STMicroelectronics.X-CUBE-AZRTOS-F4.1.1.0
2024-02-19 10:00:16,618 [WARN] PackLoader:240 - Cannot read IP mode file for wolfSSL.I-CUBE-wolfSSL.5.6.3
2024-02-19 10:00:16,643 [WARN] PackLoader:240 - Cannot read IP mode file for STMicroelectronics.X-CUBE-AZRTOS-L5.2.0.0
2024-02-19 10:00:16,687 [WARN] PackLoader:240 - Cannot read IP mode file for STMicroelectronics.X-CUBE-MEMS1.9.6.0
2024-02-19 10:00:16,823 [WARN] PackLoader:240 - Cannot read IP mode file for STMicroelectronics.X-CUBE-EEPRMA1.4.2.0
2024-02-19 10:00:16,844 [WARN] PackLoader:240 - Cannot read IP mode file for ITTIA_DB.I-CUBE-ITTIADB.8.8.0
2024-02-19 10:00:16,866 [WARN] PackLoader:240 - Cannot read IP mode file for STMicroelectronics.X-CUBE-BLEMGR.2.0.0
2024-02-19 10:00:16,914 [WARN] ConditionMgr:438 - getConditionDescription Invalid condition id : UX DEVICE CLASS RTOS Condition cause : null
2024-02-19 10:00:16,914 [WARN] ConditionMgr:438 - getConditionDescription Invalid condition id : UX DEVICE CLASS RTOS Condition cause : null
2024-02-19 10:00:16,918 [WARN] PackLoader:240 - Cannot read IP mode file for STMicroelectronics.X-CUBE-AZRTOS-H7.3.1.0
2024-02-19 10:00:16,919 [WARN] ConditionMgr:1039 - genDependencies : Invalid condition id : UX DEVICE CLASS RTOS Condition cause : null
2024-02-19 10:00:16,919 [WARN] ConditionMgr:1039 - genDependencies : Invalid condition id : UX DEVICE CLASS RTOS Condition cause : null
2024-02-19 10:00:16,920 [WARN] ConditionMgr:1039 - genDependencies : Invalid condition id : UX DEVICE CLASS RTOS Condition cause : null
2024-02-19 10:00:16,921 [WARN] ConditionMgr:1039 - genDependencies : Invalid condition id : UX DEVICE CLASS RTOS Condition cause : null
2024-02-19 10:00:16,921 [WARN] ConditionMgr:1039 - genDependencies : Invalid condition id : UX DEVICE CLASS RTOS Condition cause : null
2024-02-19 10:00:16,939 [WARN] PackLoader:240 - Cannot read IP mode file for STMicroelectronics.X-CUBE-NFC7.1.0.1
2024-02-19 10:00:16,955 [WARN] PackLoader:240 - Cannot read IP mode file for STMicroelectronics.X-CUBE-EEPRMA1.4.1.0
2024-02-19 10:00:16,968 [WARN] PackLoader:240 - Cannot read IP mode file for STMicroelectronics.X-CUBE-AI.8.1.0
2024-02-19 10:00:16,994 [WARN] ConditionMgr:438 - getConditionDescription Invalid condition id : LAN8742 Phy interface Condition cause : null
2024-02-19 10:00:16,995 [WARN] PackLoader:240 - Cannot read IP mode file for STMicroelectronics.X-CUBE-AZRTOS-L4.2.0.0
2024-02-19 10:00:16,996 [WARN] ConditionMgr:1039 - genDependencies : Invalid condition id : LAN8742 Phy interface Condition cause : null
2024-02-19 10:00:16,996 [WARN] ConditionMgr:1039 - genDependencies : Invalid condition id : LAN8742 Phy interface Condition cause : null
2024-02-19 10:00:16,997 [WARN] ConditionMgr:1039 - genDependencies : Invalid condition id : LAN8742 Phy interface Condition cause : null
2024-02-19 10:00:17,014 [WARN] PackLoader:240 - Cannot read IP mode file for STMicroelectronics.X-CUBE-SFXS2LP1.4.0.0
2024-02-19 10:00:17,028 [WARN] PackLoader:240 - Cannot read IP mode file for STMicroelectronics.X-CUBE-ISPU.1.1.0
2024-02-19 10:00:17,050 [WARN] ConditionMgr:438 - getConditionDescription Invalid condition id : UX DEVICE CLASS RTOS Condition cause : null
2024-02-19 10:00:17,050 [WARN] ConditionMgr:438 - getConditionDescription Invalid condition id : UX DEVICE CLASS RTOS Condition cause : null
2024-02-19 10:00:17,052 [WARN] PackLoader:240 - Cannot read IP mode file for STMicroelectronics.X-CUBE-AZRTOS-WB.2.0.0
2024-02-19 10:00:17,052 [WARN] ConditionMgr:1039 - genDependencies : Invalid condition id : UX DEVICE CLASS RTOS Condition cause : null
2024-02-19 10:00:17,053 [WARN] ConditionMgr:1039 - genDependencies : Invalid condition id : UX DEVICE CLASS RTOS Condition cause : null
2024-02-19 10:00:17,053 [WARN] ConditionMgr:1039 - genDependencies : Invalid condition id : UX DEVICE CLASS RTOS Condition cause : null
2024-02-19 10:00:17,053 [WARN] ConditionMgr:1039 - genDependencies : Invalid condition id : UX DEVICE CLASS RTOS Condition cause : null
2024-02-19 10:00:17,053 [WARN] ConditionMgr:1039 - genDependencies : Invalid condition id : UX DEVICE CLASS RTOS Condition cause : null
2024-02-19 10:00:17,073 [WARN] PackLoader:240 - Cannot read IP mode file for STMicroelectronics.X-CUBE-SUBG2.5.0.0
2024-02-19 10:00:17,096 [WARN] PackLoader:240 - Cannot read IP mode file for STMicroelectronics.X-CUBE-TOF1.3.3.1
2024-02-19 10:00:17,130 [WARN] PackLoader:240 - Cannot read IP mode file for STMicroelectronics.X-CUBE-AZRTOS-G4.2.0.0
2024-02-19 10:00:17,154 [WARN] PackLoader:240 - Cannot read IP mode file for Infineon.AIROC-Wi-Fi-Bluetooth-STM32.1.5.1
2024-02-19 10:00:17,167 [WARN] PackLoader:240 - Cannot read IP mode file for STMicroelectronics.FP-SNS-MOTENVWB1.1.3.1
2024-02-19 10:00:17,179 [WARN] PackLoader:240 - Cannot read IP mode file for STMicroelectronics.X-CUBE-ISPU.2.0.0
2024-02-19 10:00:17,234 [WARN] PackLoader:240 - Cannot read IP mode file for STMicroelectronics.X-CUBE-MEMS1.10.0.0
2024-02-19 10:00:17,336 [WARN] PackLoader:240 - Cannot read IP mode file for STMicroelectronics.X-CUBE-FREERTOS.1.1.0
2024-02-19 10:00:17,351 [WARN] PackLoader:240 - Cannot read IP mode file for portGmbH.I-Cube-SoM-uGOAL.1.1.0
2024-02-19 10:00:17,365 [WARN] PackLoader:240 - Cannot read IP mode file for STMicroelectronics.X-CUBE-ALS.1.0.1
2024-02-19 10:00:17,379 [WARN] PackLoader:240 - Cannot read IP mode file for STMicroelectronics.FP-ATR-ASTRA1.2.0.0
2024-02-19 10:00:17,399 [WARN] PackLoader:240 - Cannot read IP mode file for STMicroelectronics.X-CUBE-TOF1.3.4.0
2024-02-19 10:00:17,433 [WARN] PackLoader:240 - Cannot read IP mode file for STMicroelectronics.X-CUBE-AZRTOS-H7.3.2.0
2024-02-19 10:00:17,435 [INFO] ThirdParty:978 - Integrity check success = true
2024-02-19 10:00:17,436 [INFO] IntegrityCheckThread:100 - exiting critical section [integrity check]
2024-02-19 10:00:17,436 [INFO] IntegrityCheckThread:103 - End integrity checks thread
2024-02-19 10:00:33,878 [ERROR] LogOutputStream:75 - [STDERR_REDIRECT] SLF4J: Failed to load class "org.slf4j.impl.StaticLoggerBinder".
2024-02-19 10:00:33,879 [ERROR] LogOutputStream:75 - [STDERR_REDIRECT] SLF4J: Defaulting to no-operation (NOP) logger implementation
2024-02-19 10:00:33,880 [ERROR] LogOutputStream:75 - [STDERR_REDIRECT] SLF4J: See http://www.slf4j.org/codes.html#StaticLoggerBinder for further details.
