2024-02-16 06:56:31,999 [INFO] Activator:176 - 


2024-02-16 06:56:32,007 [INFO] Activator:177 - !SESSION log4j initialized
2024-02-16 06:56:41,497 [INFO] LogOutputStream:77 - [STDOUT_REDIRECT] 
2024-02-16 06:56:46,637 [INFO] ApplicationProperties:184 - Using Application install path: C:\ST\STM32CubeIDE_1.13.2\STM32CubeIDE\plugins\com.st.stm32cube.common.mx_6.9.2.202309101412
2024-02-16 06:56:46,652 [INFO] DbMcusXml:78 - Set database path to: C:\ST\STM32CubeIDE_1.13.2\STM32CubeIDE\plugins\com.st.stm32cube.common.mx_6.9.2.202309101412\\db\/mcu/
2024-02-16 06:56:46,652 [INFO] ApiDb:274 - Set plugin database path to: C:\ST\STM32CubeIDE_1.13.2\STM32CubeIDE\plugins\com.st.stm32cube.common.mx_6.9.2.202309101412\\db\/plugins/boardmanager/
2024-02-16 06:56:46,663 [WARN] ApiDb:259 - Overriding images path with different value:  => C:\ST\STM32CubeIDE_1.13.2\STM32CubeIDE\plugins\com.st.stm32cube.common.mx_6.9.2.202309101412\\db\/plugins/mcufinder/images/
2024-02-16 06:56:46,679 [INFO] ApiDb:250 - Set database path to: C:\Users\islam\.stmcufinder\plugins\mcufinder//mcu/
2024-02-16 06:56:46,681 [INFO] DbMcusAds:125 - Set database path to: C:\Users\islam\.stmcufinder\plugins\mcufinder//mcu/
2024-02-16 06:56:46,684 [INFO] CrossReferenceDbSqlite:203 - Set database path to: C:\Users\islam\.stmcufinder\plugins\mcufinder//mcu/cs/
2024-02-16 06:56:46,910 [INFO] RulesReader:64 - Compatibility file has been processed (293 Rules)
2024-02-16 06:56:47,151 [INFO] DbMcusXml:78 - Set database path to: C:\ST\STM32CubeIDE_1.13.2\STM32CubeIDE\plugins\com.st.stm32cube.common.mx_6.9.2.202309101412\\db\/mcu/
2024-02-16 06:56:47,151 [INFO] ApiDb:274 - Set plugin database path to: C:\ST\STM32CubeIDE_1.13.2\STM32CubeIDE\plugins\com.st.stm32cube.common.mx_6.9.2.202309101412\\db\/plugins/boardmanager/
2024-02-16 06:56:47,151 [INFO] ApiDb:261 - Set plugin images path to: C:\ST\STM32CubeIDE_1.13.2\STM32CubeIDE\plugins\com.st.stm32cube.common.mx_6.9.2.202309101412\\db\/plugins/mcufinder/images/
2024-02-16 06:56:47,152 [WARN] DbFile:41 - Overriding database path with different value: C:\Users\islam\.stmcufinder\plugins\mcufinder/ => C:\Users\islam\.stmcufinder\plugins\mcufinder
2024-02-16 06:56:47,152 [INFO] ApiDb:250 - Set database path to: C:\Users\islam\.stmcufinder\plugins\mcufinder//mcu/
2024-02-16 06:56:47,152 [WARN] DbFile:41 - Overriding database path with different value: C:\Users\islam\.stmcufinder\plugins\mcufinder/ => C:\Users\islam\.stmcufinder\plugins\mcufinder
2024-02-16 06:56:47,152 [INFO] DbMcusAds:125 - Set database path to: C:\Users\islam\.stmcufinder\plugins\mcufinder//mcu/
2024-02-16 06:56:47,152 [WARN] DbFile:41 - Overriding database path with different value: C:\Users\islam\.stmcufinder\plugins\mcufinder/ => C:\Users\islam\.stmcufinder\plugins\mcufinder
2024-02-16 06:56:47,152 [WARN] DbFile:41 - Overriding database path with different value: C:\Users\islam\.stmcufinder\plugins\mcufinder/ => C:\Users\islam\.stmcufinder\plugins\mcufinder
2024-02-16 06:56:47,152 [INFO] CrossReferenceDbSqlite:203 - Set database path to: C:\Users\islam\.stmcufinder\plugins\mcufinder//mcu/cs/
2024-02-16 06:56:47,350 [INFO] MainPanel:262 - HeapMemory: 268435456
2024-02-16 06:56:47,525 [INFO] DbMcusXml:78 - Set database path to: C:\ST\STM32CubeIDE_1.13.2\STM32CubeIDE\plugins\com.st.stm32cube.common.mx_6.9.2.202309101412\\db\/mcu/
2024-02-16 06:56:47,525 [INFO] ApiDb:274 - Set plugin database path to: C:\ST\STM32CubeIDE_1.13.2\STM32CubeIDE\plugins\com.st.stm32cube.common.mx_6.9.2.202309101412\\db\/plugins/boardmanager/
2024-02-16 06:56:47,526 [INFO] ApiDb:261 - Set plugin images path to: C:\ST\STM32CubeIDE_1.13.2\STM32CubeIDE\plugins\com.st.stm32cube.common.mx_6.9.2.202309101412\\db\/plugins/mcufinder/images/
2024-02-16 06:56:47,526 [WARN] DbFile:41 - Overriding database path with different value: C:\Users\islam\.stmcufinder\plugins\mcufinder/ => C:\Users\islam\.stmcufinder\plugins\mcufinder
2024-02-16 06:56:47,526 [INFO] ApiDb:250 - Set database path to: C:\Users\islam\.stmcufinder\plugins\mcufinder//mcu/
2024-02-16 06:56:47,527 [WARN] DbFile:41 - Overriding database path with different value: C:\Users\islam\.stmcufinder\plugins\mcufinder/ => C:\Users\islam\.stmcufinder\plugins\mcufinder
2024-02-16 06:56:47,527 [INFO] DbMcusAds:125 - Set database path to: C:\Users\islam\.stmcufinder\plugins\mcufinder//mcu/
2024-02-16 06:56:47,527 [WARN] DbFile:41 - Overriding database path with different value: C:\Users\islam\.stmcufinder\plugins\mcufinder/ => C:\Users\islam\.stmcufinder\plugins\mcufinder
2024-02-16 06:56:47,527 [WARN] DbFile:41 - Overriding database path with different value: C:\Users\islam\.stmcufinder\plugins\mcufinder/ => C:\Users\islam\.stmcufinder\plugins\mcufinder
2024-02-16 06:56:47,527 [INFO] CrossReferenceDbSqlite:203 - Set database path to: C:\Users\islam\.stmcufinder\plugins\mcufinder//mcu/cs/
2024-02-16 06:56:47,555 [INFO] ApplicationProperties:184 - Using Application install path: C:\ST\STM32CubeIDE_1.13.2\STM32CubeIDE\plugins\com.st.stm32cube.common.mx_6.9.2.202309101412
2024-02-16 06:56:47,557 [INFO] PluginManage:196 - Search for loadable plugins [exclusion list=, ]
2024-02-16 06:56:47,559 [INFO] PluginManage:310 - Check plugin analytics
2024-02-16 06:56:48,208 [INFO] AnalyticsPlugin:253 - Accepted Software Licenses: 
2024-02-16 06:56:48,208 [INFO] AnalyticsPlugin:255 - Accepted CMSIS Pack Licenses: 
2024-02-16 06:56:48,210 [INFO] AnalyticsPlugin:257 - Accepted Firmware Licenses: 
2024-02-16 06:56:48,215 [INFO] PluginManage:359 - Loaded plugin analytics (category:tool,tabindex:-1)
2024-02-16 06:56:48,215 [INFO] PluginManage:310 - Check plugin cadmodel
2024-02-16 06:56:48,240 [INFO] CADModel:105 - Init CAD model plugin
2024-02-16 06:56:48,241 [INFO] PluginManage:359 - Loaded plugin cadmodel (category:power,tabindex:5)
2024-02-16 06:56:48,241 [INFO] PluginManage:310 - Check plugin clock
2024-02-16 06:56:48,287 [INFO] PluginManage:359 - Loaded plugin clock (category:base,tabindex:2)
2024-02-16 06:56:48,288 [INFO] PluginManage:310 - Check plugin ddr
2024-02-16 06:56:48,292 [INFO] PluginManage:359 - Loaded plugin ddr (category:tool,tabindex:6)
2024-02-16 06:56:48,293 [INFO] PluginManage:310 - Check plugin filemanager
2024-02-16 06:56:48,582 [INFO] PluginManage:359 - Loaded plugin filemanager (category:base,tabindex:10)
2024-02-16 06:56:48,582 [INFO] PluginManage:310 - Check plugin ipmanager
2024-02-16 06:56:48,613 [INFO] PluginManage:359 - Loaded plugin ipmanager (category:base,tabindex:5)
2024-02-16 06:56:48,613 [INFO] PluginManage:310 - Check plugin lpbam
2024-02-16 06:56:48,644 [INFO] PluginManage:359 - Loaded plugin lpbam (category:base,tabindex:0)
2024-02-16 06:56:48,645 [INFO] PluginManage:310 - Check plugin memorymap
2024-02-16 06:56:48,679 [INFO] PluginManage:359 - Loaded plugin memorymap (category:base,tabindex:4)
2024-02-16 06:56:48,679 [INFO] PluginManage:310 - Check plugin pinoutandconfiguration
2024-02-16 06:56:48,704 [INFO] PluginManage:359 - Loaded plugin pinoutandconfiguration (category:base,tabindex:1)
2024-02-16 06:56:48,704 [INFO] PluginManage:310 - Check plugin pinoutconfig
2024-02-16 06:56:48,808 [WARN] SupportedApi:132 - Cannot load RTOS API schema: s4s-elt-must-match.1: The content of 'definitions' must match (annotation?, (simpleType | complexType)?, (unique | key | keyref)*)). A problem was found starting at: attribute.
2024-02-16 06:56:48,952 [INFO] PluginManage:359 - Loaded plugin pinoutconfig (category:base,tabindex:0)
2024-02-16 06:56:48,952 [INFO] PluginManage:310 - Check plugin power
2024-02-16 06:56:48,976 [INFO] PluginManage:359 - Loaded plugin power (category:power,tabindex:4)
2024-02-16 06:56:48,976 [INFO] PluginManage:310 - Check plugin projectmanager
2024-02-16 06:56:49,045 [INFO] PluginManage:359 - Loaded plugin projectmanager (category:projectmanager,tabindex:3)
2024-02-16 06:56:49,045 [INFO] PluginManage:310 - Check plugin thirdparty
2024-02-16 06:56:49,640 [WARN] IntegrityCheckThread:84 - waiting for thirdparty lock release [integrity check]
2024-02-16 06:56:49,640 [INFO] PluginManage:359 - Loaded plugin thirdparty (category:base,tabindex:-1)
2024-02-16 06:56:49,640 [INFO] IntegrityCheckThread:86 - entering critical section [integrity check]
2024-02-16 06:56:49,640 [INFO] PluginManage:310 - Check plugin tools
2024-02-16 06:56:49,641 [INFO] ThirdPartyUpdaterWithRetryManager:70 - Updater plugin not ready yet. [1/15]
2024-02-16 06:56:49,671 [INFO] PluginManage:359 - Loaded plugin tools (category:base,tabindex:7)
2024-02-16 06:56:49,671 [INFO] PluginManage:310 - Check plugin tutovideos
2024-02-16 06:56:49,907 [INFO] PluginManage:359 - Loaded plugin tutovideos (category:base,tabindex:-1)
2024-02-16 06:56:49,907 [INFO] PluginManage:310 - Check plugin updater
2024-02-16 06:56:49,920 [INFO] PluginManage:359 - Loaded plugin updater (category:base,tabindex:12)
2024-02-16 06:56:49,921 [INFO] PluginManage:310 - Check plugin userauth
2024-02-16 06:56:49,926 [INFO] UserAuth:113 - Init User Auth plugin
2024-02-16 06:56:49,926 [INFO] PluginManage:359 - Loaded plugin userauth (category:base,tabindex:14)
2024-02-16 06:56:49,927 [INFO] PluginManage:283 - PluginManage : Loaded plugins [17]
2024-02-16 06:56:50,213 [INFO] PinOutPanel:1499 - setPackage(No Configuration,No Configuration)
2024-02-16 06:56:50,329 [INFO] CADModel:165 - CPN selected for project level
2024-02-16 06:56:50,329 [INFO] CADModel:114 - Register for checkConnection events
2024-02-16 06:56:50,471 [INFO] IPUIPlugin:80 - create IPUIPlugin
2024-02-16 06:56:50,472 [INFO] PluginManager:220 - loadIPPluginJar : add adc
2024-02-16 06:56:50,506 [INFO] IPUIPlugin:80 - create IPUIPlugin
2024-02-16 06:56:50,506 [INFO] PluginManager:220 - loadIPPluginJar : add aes
2024-02-16 06:56:50,546 [INFO] IPUIPlugin:80 - create IPUIPlugin
2024-02-16 06:56:50,546 [INFO] PluginManager:220 - loadIPPluginJar : add can
2024-02-16 06:56:50,568 [INFO] IPUIPlugin:80 - create IPUIPlugin
2024-02-16 06:56:50,568 [INFO] PluginManager:220 - loadIPPluginJar : add comp
2024-02-16 06:56:50,601 [INFO] IPUIPlugin:80 - create IPUIPlugin
2024-02-16 06:56:50,601 [INFO] PluginManager:220 - loadIPPluginJar : add cryp
2024-02-16 06:56:50,629 [INFO] IPUIPlugin:80 - create IPUIPlugin
2024-02-16 06:56:50,629 [INFO] PluginManager:220 - loadIPPluginJar : add dfsdm
2024-02-16 06:56:50,642 [INFO] IPUIPlugin:80 - create IPUIPlugin
2024-02-16 06:56:50,642 [INFO] PluginManager:220 - loadIPPluginJar : add dma
2024-02-16 06:56:50,679 [INFO] IPUIPlugin:80 - create IPUIPlugin
2024-02-16 06:56:50,679 [INFO] PluginManager:220 - loadIPPluginJar : add dma3
2024-02-16 06:56:50,699 [INFO] IPUIPlugin:80 - create IPUIPlugin
2024-02-16 06:56:50,699 [INFO] PluginManager:220 - loadIPPluginJar : add fatfs
2024-02-16 06:56:50,741 [INFO] IPUIPlugin:80 - create IPUIPlugin
2024-02-16 06:56:50,741 [INFO] PluginManager:220 - loadIPPluginJar : add fmc
2024-02-16 06:56:50,756 [INFO] IPUIPlugin:80 - create IPUIPlugin
2024-02-16 06:56:50,756 [INFO] PluginManager:220 - loadIPPluginJar : add freertos
2024-02-16 06:56:50,774 [INFO] IPUIPlugin:80 - create IPUIPlugin
2024-02-16 06:56:50,774 [INFO] PluginManager:220 - loadIPPluginJar : add genericplugin
2024-02-16 06:56:50,914 [INFO] IPUIPlugin:80 - create IPUIPlugin
2024-02-16 06:56:50,914 [INFO] PluginManager:220 - loadIPPluginJar : add gfxmmu
2024-02-16 06:56:51,029 [INFO] IPUIPlugin:80 - create IPUIPlugin
2024-02-16 06:56:51,029 [INFO] PluginManager:220 - loadIPPluginJar : add gic
2024-02-16 06:56:51,043 [INFO] IPUIPlugin:80 - create IPUIPlugin
2024-02-16 06:56:51,043 [INFO] PluginManager:220 - loadIPPluginJar : add gpio
2024-02-16 06:56:51,182 [INFO] IPUIPlugin:80 - create IPUIPlugin
2024-02-16 06:56:51,183 [INFO] PluginManager:220 - loadIPPluginJar : add gtzc
2024-02-16 06:56:51,222 [INFO] IPUIPlugin:80 - create IPUIPlugin
2024-02-16 06:56:51,222 [INFO] PluginManager:220 - loadIPPluginJar : add hash
2024-02-16 06:56:51,283 [INFO] IPUIPlugin:80 - create IPUIPlugin
2024-02-16 06:56:51,283 [INFO] PluginManager:220 - loadIPPluginJar : add i2c
2024-02-16 06:56:51,357 [INFO] IPUIPlugin:80 - create IPUIPlugin
2024-02-16 06:56:51,358 [INFO] PluginManager:220 - loadIPPluginJar : add i2s
2024-02-16 06:56:51,393 [INFO] IPUIPlugin:80 - create IPUIPlugin
2024-02-16 06:56:51,393 [INFO] PluginManager:220 - loadIPPluginJar : add i3c
2024-02-16 06:56:51,502 [INFO] IPUIPlugin:80 - create IPUIPlugin
2024-02-16 06:56:51,502 [INFO] PluginManager:220 - loadIPPluginJar : add ipddr
2024-02-16 06:56:51,641 [INFO] IPUIPlugin:80 - create IPUIPlugin
2024-02-16 06:56:51,641 [INFO] PluginManager:220 - loadIPPluginJar : add linkedlist
2024-02-16 06:56:51,671 [INFO] IPUIPlugin:80 - create IPUIPlugin
2024-02-16 06:56:51,672 [INFO] PluginManager:220 - loadIPPluginJar : add lorawan
2024-02-16 06:56:51,704 [INFO] IPUIPlugin:80 - create IPUIPlugin
2024-02-16 06:56:51,704 [INFO] PluginManager:220 - loadIPPluginJar : add ltdc
2024-02-16 06:56:51,840 [INFO] IPUIPlugin:80 - create IPUIPlugin
2024-02-16 06:56:51,840 [INFO] PluginManager:220 - loadIPPluginJar : add mdma
2024-02-16 06:56:51,854 [INFO] IPUIPlugin:80 - create IPUIPlugin
2024-02-16 06:56:51,854 [INFO] PluginManager:220 - loadIPPluginJar : add nvic
2024-02-16 06:56:51,887 [INFO] IPUIPlugin:80 - create IPUIPlugin
2024-02-16 06:56:51,887 [INFO] PluginManager:220 - loadIPPluginJar : add opamp
2024-02-16 06:56:51,965 [INFO] IPUIPlugin:80 - create IPUIPlugin
2024-02-16 06:56:51,966 [INFO] PluginManager:220 - loadIPPluginJar : add openamp
2024-02-16 06:56:52,004 [INFO] IPUIPlugin:80 - create IPUIPlugin
2024-02-16 06:56:52,005 [INFO] PluginManager:220 - loadIPPluginJar : add pdm2pcm
2024-02-16 06:56:52,017 [INFO] IPUIPlugin:80 - create IPUIPlugin
2024-02-16 06:56:52,019 [INFO] PluginManager:220 - loadIPPluginJar : add plateformsettings
2024-02-16 06:56:52,036 [INFO] IPUIPlugin:80 - create IPUIPlugin
2024-02-16 06:56:52,036 [INFO] PluginManager:220 - loadIPPluginJar : add quadspi
2024-02-16 06:56:52,049 [INFO] IPUIPlugin:80 - create IPUIPlugin
2024-02-16 06:56:52,049 [INFO] PluginManager:220 - loadIPPluginJar : add resmgrutility
2024-02-16 06:56:52,089 [INFO] IPUIPlugin:80 - create IPUIPlugin
2024-02-16 06:56:52,089 [INFO] PluginManager:220 - loadIPPluginJar : add sai
2024-02-16 06:56:52,126 [INFO] IPUIPlugin:80 - create IPUIPlugin
2024-02-16 06:56:52,126 [INFO] PluginManager:220 - loadIPPluginJar : add spi
2024-02-16 06:56:52,178 [INFO] IPUIPlugin:80 - create IPUIPlugin
2024-02-16 06:56:52,178 [INFO] PluginManager:220 - loadIPPluginJar : add stm32_wpan
2024-02-16 06:56:52,199 [INFO] IPUIPlugin:80 - create IPUIPlugin
2024-02-16 06:56:52,199 [INFO] PluginManager:220 - loadIPPluginJar : add tim
2024-02-16 06:56:52,247 [INFO] IPUIPlugin:80 - create IPUIPlugin
2024-02-16 06:56:52,247 [INFO] PluginManager:220 - loadIPPluginJar : add touchsensing
2024-02-16 06:56:52,268 [INFO] IPUIPlugin:80 - create IPUIPlugin
2024-02-16 06:56:52,268 [INFO] PluginManager:220 - loadIPPluginJar : add tracer_emb
2024-02-16 06:56:52,289 [INFO] IPUIPlugin:80 - create IPUIPlugin
2024-02-16 06:56:52,289 [INFO] PluginManager:220 - loadIPPluginJar : add ts
2024-02-16 06:56:52,309 [INFO] IPUIPlugin:80 - create IPUIPlugin
2024-02-16 06:56:52,309 [INFO] PluginManager:220 - loadIPPluginJar : add tsc
2024-02-16 06:56:52,332 [INFO] IPUIPlugin:80 - create IPUIPlugin
2024-02-16 06:56:52,333 [INFO] PluginManager:220 - loadIPPluginJar : add ucpd
2024-02-16 06:56:52,423 [INFO] IPUIPlugin:80 - create IPUIPlugin
2024-02-16 06:56:52,423 [INFO] PluginManager:220 - loadIPPluginJar : add usart
2024-02-16 06:56:52,478 [INFO] IPUIPlugin:80 - create IPUIPlugin
2024-02-16 06:56:52,478 [INFO] PluginManager:220 - loadIPPluginJar : add usbx
2024-02-16 06:56:52,606 [INFO] CADModel:165 - CPN selected for project level
2024-02-16 06:56:52,606 [INFO] CADModel:114 - Register for checkConnection events
2024-02-16 06:56:52,606 [FATAL] Updater:308 - Updater called before beeing initialized
2024-02-16 06:56:52,607 [ERROR] CADModel:125 - Updater not yet initialized, retry later 
2024-02-16 06:56:52,641 [INFO] ThirdPartyUpdaterWithRetryManager:70 - Updater plugin not ready yet. [2/15]
2024-02-16 06:56:52,765 [INFO] CADModel:165 - CPN selected for project level
2024-02-16 06:56:52,766 [INFO] CADModel:114 - Register for checkConnection events
2024-02-16 06:56:52,766 [FATAL] Updater:308 - Updater called before beeing initialized
2024-02-16 06:56:52,766 [ERROR] CADModel:125 - Updater not yet initialized, retry later 
2024-02-16 06:56:52,769 [FATAL] Updater:308 - Updater called before beeing initialized
2024-02-16 06:56:52,888 [FATAL] Updater:308 - Updater called before beeing initialized
2024-02-16 06:56:52,899 [INFO] DbMcusAds:53 - JSON generation date=Wed Nov 29 13:52:38 TRT 2023 (1701255158764)
2024-02-16 06:56:52,899 [FATAL] Updater:308 - Updater called before beeing initialized
2024-02-16 06:56:52,967 [WARN] DetailPanel:346 - Failed to get advertising image, set to default
2024-02-16 06:56:53,065 [FATAL] Updater:308 - Updater called before beeing initialized
2024-02-16 06:56:53,067 [FATAL] Updater:308 - Updater called before beeing initialized
2024-02-16 06:56:53,067 [FATAL] Updater:308 - Updater called before beeing initialized
2024-02-16 06:56:53,067 [WARN] DetailPanel:346 - Failed to get advertising image, set to default
2024-02-16 06:56:53,068 [FATAL] Updater:308 - Updater called before beeing initialized
2024-02-16 06:56:53,261 [ERROR] Updater:1120 - MainUpdater not yet initialized. External WinMGr cannot be set.
2024-02-16 06:56:53,271 [INFO] Updater:1056 - Updater Version found : 6.9.2
2024-02-16 06:56:53,297 [INFO] ApplicationProperties:184 - Using Application install path: C:\ST\STM32CubeIDE_1.13.2\STM32CubeIDE\plugins\com.st.stm32cube.common.mx_6.9.2.202309101412
2024-02-16 06:56:53,635 [INFO] MainUpdater:2868 - connection check result : 10
2024-02-16 06:56:53,636 [INFO] MainUpdater:3562 - Updater definition file requires update
2024-02-16 06:56:53,637 [INFO] MainUpdater:285 - Updater Check For Update Now.
2024-02-16 06:56:53,637 [INFO] MicroXplorer:498 - Change Database Version : DB.6.0.92
2024-02-16 06:56:53,651 [INFO] McuFinderGlobals:63 - Set McuFinder mode to 2 (CubeIDE integrated)
2024-02-16 06:56:54,190 [INFO] ServerAccessManage:473 - Download File updaters.zip
2024-02-16 06:56:54,341 [INFO] FileExtend:240 - Unzip File : updaters.zip
2024-02-16 06:56:54,341 [INFO] FileExtend:255 - Standard Zip Deflate
2024-02-16 06:56:55,293 [INFO] ServerAccessManage:473 - Download File PacksControlFlags.xml
2024-02-16 06:56:55,642 [WARN] MainUpdater:1189 - Updater busy. Cannot search thirdparties
2024-02-16 06:56:55,642 [INFO] ThirdPartyUpdaterWithRetryManager:96 - Updater plugin is busy. [1/15]
2024-02-16 06:56:56,243 [INFO] ServerAccessManage:473 - Download File cubemx.pidx
2024-02-16 06:56:57,235 [INFO] ServerAccessManage:473 - Download File STMicroelectronics.X-CUBE-EEPRMA1.pdsc
2024-02-16 06:56:58,582 [ERROR] ServerAccessManage:1089 - Problem, file not found on Server
2024-02-16 06:56:58,643 [WARN] MainUpdater:1189 - Updater busy. Cannot search thirdparties
2024-02-16 06:56:58,643 [INFO] ThirdPartyUpdaterWithRetryManager:96 - Updater plugin is busy. [2/15]
2024-02-16 06:56:59,832 [ERROR] ServerAccessManage:1089 - Problem, file not found on Server
2024-02-16 06:57:01,644 [WARN] MainUpdater:1189 - Updater busy. Cannot search thirdparties
2024-02-16 06:57:01,644 [INFO] ThirdPartyUpdaterWithRetryManager:96 - Updater plugin is busy. [3/15]
2024-02-16 06:57:02,320 [INFO] ServerAccessManage:473 - Download File STMicroelectronics.X-CUBE-TOUCHGFX.pdsc
2024-02-16 06:57:04,645 [WARN] MainUpdater:1189 - Updater busy. Cannot search thirdparties
2024-02-16 06:57:04,645 [INFO] ThirdPartyUpdaterWithRetryManager:96 - Updater plugin is busy. [4/15]
2024-02-16 06:57:07,646 [WARN] MainUpdater:1189 - Updater busy. Cannot search thirdparties
2024-02-16 06:57:07,646 [INFO] ThirdPartyUpdaterWithRetryManager:96 - Updater plugin is busy. [5/15]
2024-02-16 06:57:09,729 [ERROR] ServerAccessManage:1096 - Problem, Http access forbiden
2024-02-16 06:57:09,729 [ERROR] ServerAccessManage:651 - Problem, Http access forbiden : RoweBots.I-CUBE-UNISONRTOS.pdsc.
2024-02-16 06:57:09,924 [WARN] PackLoader:240 - Cannot read IP mode file for STMicroelectronics.X-CUBE-EEPRMA1.5.1.0
2024-02-16 06:57:09,936 [WARN] PackLoader:240 - Cannot read IP mode file for STMicroelectronics.X-CUBE-TOUCHGFX.4.23.0
2024-02-16 06:57:09,936 [INFO] PopulateThirdPartyThread:66 - Ending populate Thread
2024-02-16 06:57:09,938 [INFO] ThirdParty:1030 - CMSIS Pack Vendor :STMicroelectronics X-CUBE-EEPRMA1 5.1.0
2024-02-16 06:57:09,938 [INFO] ThirdParty:1030 - CMSIS Pack Vendor :STMicroelectronics X-CUBE-TOUCHGFX 4.23.0
2024-02-16 06:57:09,938 [INFO] LoadServerUpdatesThread:373 - End of LoadServerUpdate Thread
2024-02-16 06:57:10,052 [INFO] CheckServerUpdateThread:120 - End of CheckServer Thread
2024-02-16 06:57:10,820 [WARN] PackLoader:240 - Cannot read IP mode file for STMicroelectronics.X-CUBE-SMBUS.2.1.0
2024-02-16 06:57:10,824 [WARN] PackLoader:240 - Cannot read IP mode file for STMicroelectronics.X-CUBE-TOUCHGFX.4.23.0
2024-02-16 06:57:10,864 [WARN] PackLoader:240 - Cannot read IP mode file for STMicroelectronics.X-CUBE-AZRTOS-F7.1.1.0
2024-02-16 06:57:10,889 [WARN] PackLoader:240 - Cannot read IP mode file for STMicroelectronics.FP-SNS-MOTENV1.4.3.2
2024-02-16 06:57:10,899 [WARN] PackLoader:240 - Cannot read IP mode file for STMicroelectronics.FP-SNS-FLIGHT1.5.0.2
2024-02-16 06:57:10,920 [WARN] PackLoader:240 - Cannot read IP mode file for STMicroelectronics.X-CUBE-DISPLAY.3.0.0
2024-02-16 06:57:10,940 [WARN] PackLoader:240 - Cannot read IP mode file for STMicroelectronics.X-CUBE-BLE1.7.0.0
2024-02-16 06:57:10,958 [WARN] PackLoader:240 - Cannot read IP mode file for emotas.I-CUBE-CANOPEN.1.3.0
2024-02-16 06:57:10,976 [WARN] PackLoader:240 - Cannot read IP mode file for STMicroelectronics.X-CUBE-TOUCHGFX.4.22.1
2024-02-16 06:57:11,002 [INFO] LogOutputStream:77 - [STDOUT_REDIRECT] 1 : Invalid condition id : UX_CORESTACK_Condition cause : null
2024-02-16 06:57:11,003 [INFO] LogOutputStream:77 - [STDOUT_REDIRECT] 1 : Invalid condition id : UX_CORESTACK_Condition cause : null
2024-02-16 06:57:11,004 [INFO] LogOutputStream:77 - [STDOUT_REDIRECT] 1 : Invalid condition id : UX_CORESTACK_Condition cause : null
2024-02-16 06:57:11,006 [INFO] LogOutputStream:77 - [STDOUT_REDIRECT] 1 : Invalid condition id : UX_CORESTACK_Condition cause : null
2024-02-16 06:57:11,007 [INFO] LogOutputStream:77 - [STDOUT_REDIRECT] 1 : Invalid condition id : UX_CORESTACK_Condition cause : null
2024-02-16 06:57:11,010 [WARN] PackLoader:240 - Cannot read IP mode file for STMicroelectronics.X-CUBE-AZRTOS-WL.2.0.0
2024-02-16 06:57:11,030 [WARN] PackLoader:240 - Cannot read IP mode file for WES.I-CUBE-Cesium.1.3.0
2024-02-16 06:57:11,042 [WARN] PackLoader:240 - Cannot read IP mode file for STMicroelectronics.X-CUBE-BLE2.3.3.0
2024-02-16 06:57:11,056 [WARN] PackLoader:240 - Cannot read IP mode file for STMicroelectronics.X-CUBE-ALGOBUILD.1.3.0
2024-02-16 06:57:11,085 [WARN] PackLoader:240 - Cannot read IP mode file for STMicroelectronics.X-CUBE-AZRTOS-G0.1.1.0
2024-02-16 06:57:11,104 [WARN] PackLoader:240 - Cannot read IP mode file for STMicroelectronics.X-CUBE-NFC4.3.0.0
2024-02-16 06:57:11,127 [WARN] PackLoader:240 - Cannot read IP mode file for STMicroelectronics.X-CUBE-BLEMGR.3.0.0
2024-02-16 06:57:11,135 [WARN] PackLoader:240 - Cannot read IP mode file for STMicroelectronics.FP-ATR-SIGFOX1.3.2.0
2024-02-16 06:57:11,141 [WARN] PackLoader:240 - Cannot read IP mode file for STMicroelectronics.X-CUBE-EEPRMA1.5.1.0
2024-02-16 06:57:11,190 [WARN] PackLoader:240 - Cannot read IP mode file for SEGGER.I-CUBE-embOS.1.3.1
2024-02-16 06:57:11,235 [WARN] PackLoader:240 - Cannot read IP mode file for STMicroelectronics.X-CUBE-GNSS1.6.0.0
2024-02-16 06:57:11,267 [WARN] PackLoader:240 - Cannot read IP mode file for STMicroelectronics.X-CUBE-AZRTOS-F4.1.1.0
2024-02-16 06:57:11,285 [WARN] PackLoader:240 - Cannot read IP mode file for wolfSSL.I-CUBE-wolfSSL.5.6.3
2024-02-16 06:57:11,320 [WARN] PackLoader:240 - Cannot read IP mode file for STMicroelectronics.X-CUBE-AZRTOS-L5.2.0.0
2024-02-16 06:57:11,370 [WARN] PackLoader:240 - Cannot read IP mode file for STMicroelectronics.X-CUBE-MEMS1.9.6.0
2024-02-16 06:57:11,552 [WARN] PackLoader:240 - Cannot read IP mode file for STMicroelectronics.X-CUBE-EEPRMA1.4.2.0
2024-02-16 06:57:11,569 [WARN] PackLoader:240 - Cannot read IP mode file for ITTIA_DB.I-CUBE-ITTIADB.8.8.0
2024-02-16 06:57:11,585 [WARN] PackLoader:240 - Cannot read IP mode file for STMicroelectronics.X-CUBE-BLEMGR.2.0.0
2024-02-16 06:57:11,612 [WARN] ConditionMgr:438 - getConditionDescription Invalid condition id : UX DEVICE CLASS RTOS Condition cause : null
2024-02-16 06:57:11,612 [WARN] ConditionMgr:438 - getConditionDescription Invalid condition id : UX DEVICE CLASS RTOS Condition cause : null
2024-02-16 06:57:11,615 [WARN] PackLoader:240 - Cannot read IP mode file for STMicroelectronics.X-CUBE-AZRTOS-H7.3.1.0
2024-02-16 06:57:11,616 [WARN] ConditionMgr:1039 - genDependencies : Invalid condition id : UX DEVICE CLASS RTOS Condition cause : null
2024-02-16 06:57:11,616 [WARN] ConditionMgr:1039 - genDependencies : Invalid condition id : UX DEVICE CLASS RTOS Condition cause : null
2024-02-16 06:57:11,617 [WARN] ConditionMgr:1039 - genDependencies : Invalid condition id : UX DEVICE CLASS RTOS Condition cause : null
2024-02-16 06:57:11,617 [WARN] ConditionMgr:1039 - genDependencies : Invalid condition id : UX DEVICE CLASS RTOS Condition cause : null
2024-02-16 06:57:11,617 [WARN] ConditionMgr:1039 - genDependencies : Invalid condition id : UX DEVICE CLASS RTOS Condition cause : null
2024-02-16 06:57:11,635 [WARN] PackLoader:240 - Cannot read IP mode file for STMicroelectronics.X-CUBE-NFC7.1.0.1
2024-02-16 06:57:11,654 [WARN] PackLoader:240 - Cannot read IP mode file for STMicroelectronics.X-CUBE-EEPRMA1.4.1.0
2024-02-16 06:57:11,673 [WARN] PackLoader:240 - Cannot read IP mode file for STMicroelectronics.X-CUBE-AI.8.1.0
2024-02-16 06:57:11,711 [WARN] ConditionMgr:438 - getConditionDescription Invalid condition id : LAN8742 Phy interface Condition cause : null
2024-02-16 06:57:11,711 [WARN] PackLoader:240 - Cannot read IP mode file for STMicroelectronics.X-CUBE-AZRTOS-L4.2.0.0
2024-02-16 06:57:11,712 [WARN] ConditionMgr:1039 - genDependencies : Invalid condition id : LAN8742 Phy interface Condition cause : null
2024-02-16 06:57:11,712 [WARN] ConditionMgr:1039 - genDependencies : Invalid condition id : LAN8742 Phy interface Condition cause : null
2024-02-16 06:57:11,713 [WARN] ConditionMgr:1039 - genDependencies : Invalid condition id : LAN8742 Phy interface Condition cause : null
2024-02-16 06:57:11,728 [WARN] PackLoader:240 - Cannot read IP mode file for STMicroelectronics.X-CUBE-SFXS2LP1.4.0.0
2024-02-16 06:57:11,743 [WARN] PackLoader:240 - Cannot read IP mode file for STMicroelectronics.X-CUBE-ISPU.1.1.0
2024-02-16 06:57:11,770 [WARN] ConditionMgr:438 - getConditionDescription Invalid condition id : UX DEVICE CLASS RTOS Condition cause : null
2024-02-16 06:57:11,770 [WARN] ConditionMgr:438 - getConditionDescription Invalid condition id : UX DEVICE CLASS RTOS Condition cause : null
2024-02-16 06:57:11,771 [WARN] PackLoader:240 - Cannot read IP mode file for STMicroelectronics.X-CUBE-AZRTOS-WB.2.0.0
2024-02-16 06:57:11,772 [WARN] ConditionMgr:1039 - genDependencies : Invalid condition id : UX DEVICE CLASS RTOS Condition cause : null
2024-02-16 06:57:11,772 [WARN] ConditionMgr:1039 - genDependencies : Invalid condition id : UX DEVICE CLASS RTOS Condition cause : null
2024-02-16 06:57:11,772 [WARN] ConditionMgr:1039 - genDependencies : Invalid condition id : UX DEVICE CLASS RTOS Condition cause : null
2024-02-16 06:57:11,773 [WARN] ConditionMgr:1039 - genDependencies : Invalid condition id : UX DEVICE CLASS RTOS Condition cause : null
2024-02-16 06:57:11,773 [WARN] ConditionMgr:1039 - genDependencies : Invalid condition id : UX DEVICE CLASS RTOS Condition cause : null
2024-02-16 06:57:11,791 [WARN] PackLoader:240 - Cannot read IP mode file for STMicroelectronics.X-CUBE-SUBG2.5.0.0
2024-02-16 06:57:11,814 [WARN] PackLoader:240 - Cannot read IP mode file for STMicroelectronics.X-CUBE-TOF1.3.3.1
2024-02-16 06:57:11,844 [WARN] PackLoader:240 - Cannot read IP mode file for STMicroelectronics.X-CUBE-AZRTOS-G4.2.0.0
2024-02-16 06:57:11,869 [WARN] PackLoader:240 - Cannot read IP mode file for Infineon.AIROC-Wi-Fi-Bluetooth-STM32.1.5.1
2024-02-16 06:57:11,877 [WARN] PackLoader:240 - Cannot read IP mode file for STMicroelectronics.FP-SNS-MOTENVWB1.1.3.1
2024-02-16 06:57:11,890 [WARN] PackLoader:240 - Cannot read IP mode file for STMicroelectronics.X-CUBE-ISPU.2.0.0
2024-02-16 06:57:11,930 [WARN] PackLoader:240 - Cannot read IP mode file for STMicroelectronics.X-CUBE-MEMS1.10.0.0
2024-02-16 06:57:12,032 [WARN] PackLoader:240 - Cannot read IP mode file for STMicroelectronics.X-CUBE-FREERTOS.1.1.0
2024-02-16 06:57:12,046 [WARN] PackLoader:240 - Cannot read IP mode file for portGmbH.I-Cube-SoM-uGOAL.1.1.0
2024-02-16 06:57:12,058 [WARN] PackLoader:240 - Cannot read IP mode file for STMicroelectronics.X-CUBE-ALS.1.0.1
2024-02-16 06:57:12,065 [WARN] PackLoader:240 - Cannot read IP mode file for STMicroelectronics.FP-ATR-ASTRA1.2.0.0
2024-02-16 06:57:12,088 [WARN] PackLoader:240 - Cannot read IP mode file for STMicroelectronics.X-CUBE-TOF1.3.4.0
2024-02-16 06:57:12,128 [WARN] PackLoader:240 - Cannot read IP mode file for STMicroelectronics.X-CUBE-AZRTOS-H7.3.2.0
2024-02-16 06:57:12,132 [INFO] ThirdParty:978 - Integrity check success = true
2024-02-16 06:57:12,132 [INFO] IntegrityCheckThread:100 - exiting critical section [integrity check]
2024-02-16 06:57:12,132 [INFO] IntegrityCheckThread:103 - End integrity checks thread
2024-02-16 06:57:15,788 [ERROR] LogOutputStream:75 - [STDERR_REDIRECT] SLF4J: Failed to load class "org.slf4j.impl.StaticLoggerBinder".
2024-02-16 06:57:15,788 [ERROR] LogOutputStream:75 - [STDERR_REDIRECT] SLF4J: Defaulting to no-operation (NOP) logger implementation
2024-02-16 06:57:15,789 [ERROR] LogOutputStream:75 - [STDERR_REDIRECT] SLF4J: See http://www.slf4j.org/codes.html#StaticLoggerBinder for further details.
2024-02-16 09:31:38,034 [INFO] McuFinderGlobals:63 - Set McuFinder mode to 2 (CubeIDE integrated)
2024-02-16 09:31:38,059 [INFO] MainUpdater:2868 - connection check result : 10
2024-02-16 09:31:38,083 [INFO] McuFinderGlobals:76 - Set McuFinderConnectedMode to true
2024-02-16 09:31:38,626 [INFO] ServerAccessManage:473 - Download File mcusAds.json._tmp_
2024-02-16 09:31:38,737 [INFO] LoadUrlFilesThread:156 - End of LoadUrlFiles Thread
2024-02-16 09:31:39,069 [INFO] ServerAccessManage:473 - Download File cube-finder-db.zip
2024-02-16 09:31:51,946 [INFO] FileExtend:240 - Unzip File : cube-finder-db.zip
2024-02-16 09:31:51,946 [INFO] FileExtend:255 - Standard Zip Deflate
2024-02-16 09:31:52,789 [INFO] LoadUrlFilesThread:156 - End of LoadUrlFiles Thread
2024-02-16 09:31:53,251 [INFO] ServerAccessManage:473 - Download File crdb.zip
2024-02-16 09:31:53,652 [INFO] FileExtend:240 - Unzip File : crdb.zip
2024-02-16 09:31:53,653 [INFO] FileExtend:255 - Standard Zip Deflate
2024-02-16 09:31:53,782 [INFO] LoadUrlFilesThread:156 - End of LoadUrlFiles Thread
2024-02-16 09:31:53,905 [INFO] ServerAccessManage:473 - Download File tutoVideoDB.zip
2024-02-16 09:31:53,954 [INFO] FileExtend:240 - Unzip File : tutoVideoDB.zip
2024-02-16 09:31:53,955 [INFO] FileExtend:255 - Standard Zip Deflate
2024-02-16 09:31:54,068 [INFO] LoadUrlFilesThread:156 - End of LoadUrlFiles Thread
2024-02-16 09:31:54,075 [WARN] DbFile:41 - Overriding database path with different value: C:\Users\islam\.stmcufinder\plugins\mcufinder/ => C:\Users\islam\.stmcufinder\plugins\mcufinder
2024-02-16 09:31:54,194 [INFO] ServerAccessManage:473 - Download File api_config.json
2024-02-16 09:31:54,300 [INFO] LoadUrlFilesThread:156 - End of LoadUrlFiles Thread
2024-02-16 09:31:54,302 [INFO] DbMcusAds:53 - JSON generation date=Wed Nov 29 13:52:27 TRT 2023 (1701255147349)
2024-02-16 09:31:54,333 [INFO] LoadUrlFilesThread:185 - End of LoadServerUrlFiles without Thread
2024-02-16 09:31:54,333 [INFO] TargetSelectorAdapter:259 - Refresh data is successful
2024-02-16 09:31:54,536 [INFO] ApiDb:581 - Connected to CubeFinder SQLite database (C:\Users\islam\.stmcufinder\plugins\mcufinder\mcu\cube-finder-db.db)
2024-02-16 09:31:54,601 [INFO] ApiDb:668 - CubeFinder database Data Model version=2.1
2024-02-16 09:31:54,601 [INFO] ApiDb:669 - CubeFinder database Configuration version=3.0.39
2024-02-16 09:31:54,602 [INFO] ApiDb:670 - CubeFinder database generation date=2024-01-11 (1704964531)
2024-02-16 09:31:54,603 [INFO] ApiDb:671 - CubeFinder database FW Pack versions=[FP-ATR-ASTRA1_V2.0.0, FP-SNS-FLIGHT1_V5.0.1, FP-SNS-FLIGHT1_V5.0.2, FP-SNS-MOTENV1_V4.3.1, FP-SNS-MOTENV1_V4.3.2, FP-SNS-MOTENVWB1_V1.3.1, FP-SNS-SMARTAG2_V1.2.0, STM32Cube_FW_C0_V1.1.0, STM32Cube_FW_F4_V1.28.0, STM32Cube_FW_F7_V1.17.0, STM32Cube_FW_G0_V1.6.2, STM32Cube_FW_G4_V1.5.2, STM32Cube_FW_H5_V0.5.1, STM32Cube_FW_H5_V1.1.1, STM32Cube_FW_H5_V1.2.0RC2, STM32Cube_FW_H7_V1.11.0, STM32Cube_FW_L0_V1.12.2, STM32Cube_FW_L5_V1.5.0, STM32Cube_FW_U5_V1.3.0RC4, STM32Cube_FW_U5_V1.4.0, STM32Cube_FW_WBA_V1.0.0RC1, STM32Cube_FW_WBA_V1.1.0RC1, STM32Cube_FW_WBA_V1.2.0, STM32Cube_FW_WBA_V1.2.0RC2, STM32Cube_FW_WB_V1.15.0RC1, STM32Cube_FW_WB_V1.16.0, STM32Cube_FW_WB_V1.16.0RC2, STM32Cube_FW_WB_V1.18.0, STM32Cube_FW_WL_V1.3.0, X-CUBE-ALGOBUILD_V1.3.0, X-CUBE-ALS_V1.0.1, X-CUBE-AZRTOS-F4_V1.1.0, X-CUBE-AZRTOS-F7_V1.1.0, X-CUBE-AZRTOS-G0_V1.1.0, X-CUBE-AZRTOS-G4_V2.0.0, X-CUBE-AZRTOS-H7_V3.2.0, X-CUBE-AZRTOS-L4_V1.0.0, X-CUBE-AZRTOS-L4_V2.0.0, X-CUBE-AZRTOS-L5_V1.1.0, X-CUBE-AZRTOS-WB_V2.0.0, X-CUBE-AZRTOS-WL_V2.0.0, X-CUBE-BLE1_V7.0.0, X-CUBE-BLE2_V3.3.0, X-CUBE-BLEMGR_V3.0.0, X-CUBE-EEPRMA1_V4.1.0, X-CUBE-EEPRMA1_V4.2.0, X-CUBE-FREERTOS_V1.1.0, X-CUBE-GNSS1_V6.0.0, X-CUBE-MEMS1_V10.0.0, X-CUBE-MEMS1_V9.1.0, X-CUBE-MEMS1_V9.4.0, X-CUBE-MEMS1_V9.6.0, X-CUBE-NFC4_V3.0.0, X-CUBE-NFC7_V1.0.1, X-CUBE-SFXS2LP1_V4.0.0, X-CUBE-SUBG2_V5.0.0, X-CUBE-TOF1_V3.4.0]
2024-02-16 09:31:56,290 [INFO] ApiDb:240 - Found 323 in-development CPN: [B-G473E-ZEST1S, B-WB1M-WPAN1, B-WL5M-SUBG1, NUCLEO-C031C6, NUCLEO-H503RB, NUCLEO-H563ZI, NUCLEO-U545RE-Q, NUCLEO-U5A5ZJ-Q, NUCLEO-WBA52CG, STEVAL-PROTEUS1, STEVAL-SMARTAG2, STEVAL-STWINBX1, STM320518-EVAL, STM32C0116-DK, STM32C011D6Y3TR, STM32C011D6Y6TR, STM32C011F4P3, STM32C011F4P6, STM32C011F4U3, STM32C011F4U6TR, STM32C011F6P3, STM32C011F6P6, STM32C011F6U3, STM32C011F6U6TR, STM32C011J4M3, STM32C011J4M6, STM32C011J6M3, STM32C011J6M6, STM32C0316-DK, STM32C031C4T3, STM32C031C4T6, STM32C031C4U3, STM32C031C4U6, STM32C031C6T3, STM32C031C6T6, STM32C031C6U3, STM32C031C6U6, STM32C031F4P3, STM32C031F4P6, STM32C031F6P3, STM32C031F6P6, STM32C031G4U3, STM32C031G4U6, STM32C031G6U3, STM32C031G6U6, STM32C031K4T3, STM32C031K4T6, STM32C031K4U3, STM32C031K4U6, STM32C031K6T3, STM32C031K6T6, STM32C031K6U3, STM32C031K6U6, STM32G071K8TXN, STM32G071K8UXN, STM32G081GBU6N, STM32G081KBT6N, STM32G081KBUXN, STM32G0B1CCT6N, STM32G0B1KCT6, STM32G0B1NEY6TR, STM32G0B1RCT6N, STM32G0C1CCT6, STM32G0C1CCT6N, STM32G0C1CCU6N, STM32G0C1CET6N, STM32G0C1CEU6N, STM32G0C1KCT6, STM32G0C1NEY6TR, STM32G0C1RCI6N, STM32G0C1RCT6N, STM32G0C1REI6N, STM32G0C1RET6N, STM32G0C1VCI6, STM32G0C1VEI6, STM32G471CCT6, STM32G471CCU6, STM32G471CET3, STM32G471CET6, STM32G471CEU3, STM32G471CEU6, STM32G471MCT6, STM32G471MET3, STM32G471MET6, STM32G471MEY6TR, STM32G471QCT6, STM32G471QET3, STM32G471RCT6, STM32G471RET3, STM32G471RET6, STM32G471VCH6, STM32G471VCI6, STM32G471VCT6, STM32G471VEH3, STM32G471VEH6, STM32G471VEI3, STM32G471VEI6, STM32G471VET3, STM32G471VET6, STM32G474CCT6, STM32H503CBT6, STM32H503CBU6, STM32H503EBY6TR, STM32H503KBU6, STM32H503RBT6, STM32H562AGI6, STM32H562AII6, STM32H562IGK6, STM32H562IGT6, STM32H562IIK6, STM32H562IIT6, STM32H562RGT6, STM32H562RGV6, STM32H562RIT6, STM32H562RIV6, STM32H562VGT6, STM32H562VIT6, STM32H562ZGT6, STM32H562ZIT6, STM32H563AGI6, STM32H563AII3Q, STM32H563AII6, STM32H563IGK6, STM32H563IGT6, STM32H563IIK3Q, STM32H563IIK6, STM32H563IIT3Q, STM32H563IIT6, STM32H563MIY3QTR, STM32H563RGT6, STM32H563RGV6, STM32H563RIT6, STM32H563RIV6, STM32H563VGT6, STM32H563VIT3Q, STM32H563VIT6, STM32H563ZGT6, STM32H563ZIT3Q, STM32H563ZIT6, STM32H573AII3Q, STM32H573AII6, STM32H573I-DK, STM32H573IIK3Q, STM32H573IIK6, STM32H573IIT3Q, STM32H573IIT6, STM32H573MIY3QTR, STM32H573RIT6, STM32H573RIV6, STM32H573VIT3Q, STM32H573VIT6, STM32H573ZIT3Q, STM32H573ZIT6, STM32L4R5QGI6STR, STM32MP131AAE3, STM32MP131AAF3, STM32MP131AAG3, STM32MP131CAE3, STM32MP131CAF3, STM32MP131CAG3, STM32MP131DAE7, STM32MP131DAF7, STM32MP131DAG7, STM32MP131FAE7, STM32MP131FAF7, STM32MP131FAG7, STM32MP133AAE3, STM32MP133AAF3, STM32MP133AAG3, STM32MP133CAE3, STM32MP133CAF3, STM32MP133CAG3, STM32MP133DAE7, STM32MP133DAF7, STM32MP133DAG7, STM32MP133FAE7, STM32MP133FAF7, STM32MP133FAG7, STM32MP135AAE3, STM32MP135AAF3, STM32MP135AAG3, STM32MP135CAE3, STM32MP135CAF3, STM32MP135CAG3, STM32MP135DAE7, STM32MP135DAF7, STM32MP135DAG7, STM32MP135F-DK, STM32MP135FAE7, STM32MP135FAF7, STM32MP135FAF7T, STM32MP135FAF7U, STM32MP135FAG7, STM32U535CBT6, STM32U535CBT6Q, STM32U535CBU6, STM32U535CBU6Q, STM32U535CCT6, STM32U535CCT6Q, STM32U535CCU6, STM32U535CCU6Q, STM32U535CET6, STM32U535CET6Q, STM32U535CEU6, STM32U535CEU6Q, STM32U535JEY6QTR, STM32U535NCY6QTR, STM32U535NEY6QTR, STM32U535RBI6, STM32U535RBI6Q, STM32U535RBT6, STM32U535RBT6Q, STM32U535RCI6, STM32U535RCI6Q, STM32U535RCT6, STM32U535RCT6Q, STM32U535REI6, STM32U535REI6Q, STM32U535RET6, STM32U535RET6Q, STM32U535VCI6, STM32U535VCI6Q, STM32U535VCT6, STM32U535VCT6Q, STM32U535VEI6, STM32U535VEI6Q, STM32U535VET6, STM32U535VET6Q, STM32U545CET6, STM32U545CET6Q, STM32U545CEU6, STM32U545CEU6Q, STM32U545JEY6QTR, STM32U545NEY6QTR, STM32U545REI6, STM32U545REI6Q, STM32U545RET6, STM32U545RET6Q, STM32U545VEI6, STM32U545VEI6Q, STM32U545VET6, STM32U545VET6Q, STM32U595AIH6, STM32U595AIH6Q, STM32U595AJH6, STM32U595AJH6Q, STM32U595QII6, STM32U595QII6Q, STM32U595QJI6, STM32U595QJI6Q, STM32U595RIT6, STM32U595RIT6Q, STM32U595RJT6, STM32U595RJT6Q, STM32U595VIT6, STM32U595VIT6Q, STM32U595VJT6, STM32U595VJT6Q, STM32U595ZIT6, STM32U595ZIT6Q, STM32U595ZIY6QTR, STM32U595ZJT6, STM32U595ZJT6Q, STM32U595ZJY6QTR, STM32U599BJY6QTR, STM32U599NIH6Q, STM32U599NJH6Q, STM32U599VIT6Q, STM32U599VJT6, STM32U599VJT6Q, STM32U599ZIT6Q, STM32U599ZIY6QTR, STM32U599ZJT6Q, STM32U599ZJY6QTR, STM32U5A5AJH6, STM32U5A5AJH6Q, STM32U5A5QJI6, STM32U5A5QJI6Q, STM32U5A5RJT6, STM32U5A5RJT6Q, STM32U5A5VJT6, STM32U5A5VJT6Q, STM32U5A5ZJT6, STM32U5A5ZJT6Q, STM32U5A5ZJY6QTR, STM32U5A9BJY6QTR, STM32U5A9J-DK, STM32U5A9NJH6Q, STM32U5A9VJT6Q, STM32U5A9ZJT6Q, STM32U5A9ZJY6QTR, STM32U5F7VIT6, STM32U5F7VIT6Q, STM32U5F7VJT6, STM32U5F7VJT6Q, STM32U5F9BJY6QTR, STM32U5F9NJH6Q, STM32U5F9VIT6Q, STM32U5F9VJT6Q, STM32U5F9ZIJ6QTR, STM32U5F9ZIT6Q, STM32U5F9ZJJ6QTR, STM32U5F9ZJT6Q, STM32U5G7VJT6, STM32U5G7VJT6Q, STM32U5G9BJY6QTR, STM32U5G9J-DK1, STM32U5G9J-DK2, STM32U5G9NJH6Q, STM32U5G9VJT6Q, STM32U5G9ZJJ6QTR, STM32U5G9ZJT6Q, STM32WB1MMCH6, STM32WBA52CEU6, STM32WBA52CEU6T, STM32WBA52CGU6, STM32WBA52CGU6T, STM32WBA52KEU6, STM32WBA52KEU6T, STM32WBA52KGU6, STM32WBA52KGU6T, STM32WL5MOCH6, STM32WL5MOCH6TR]
2024-02-16 09:31:56,294 [INFO] DbMcus:217 - Found 3882 MCUs, 3882 are supported
2024-02-16 09:31:56,296 [INFO] ApiDb:423 - Load user favorites file C:\Users\islam/.stm32cubeide/favorites.mcus.txt: 0 item(s)
2024-02-16 09:31:56,296 [INFO] ApiDb:427 - User favorites MCUs=[]
2024-02-16 09:31:56,296 [INFO] DbMcus:223 - Set 0 / 0 favorites MCUs
2024-02-16 09:31:56,460 [INFO] ApiDb:668 - CubeFinder database Data Model version=2.1
2024-02-16 09:31:56,461 [INFO] ApiDb:669 - CubeFinder database Configuration version=3.0.39
2024-02-16 09:31:56,461 [INFO] ApiDb:670 - CubeFinder database generation date=2024-01-11 (1704964531)
2024-02-16 09:31:56,461 [INFO] ApiDb:671 - CubeFinder database FW Pack versions=[FP-ATR-ASTRA1_V2.0.0, FP-SNS-FLIGHT1_V5.0.1, FP-SNS-FLIGHT1_V5.0.2, FP-SNS-MOTENV1_V4.3.1, FP-SNS-MOTENV1_V4.3.2, FP-SNS-MOTENVWB1_V1.3.1, FP-SNS-SMARTAG2_V1.2.0, STM32Cube_FW_C0_V1.1.0, STM32Cube_FW_F4_V1.28.0, STM32Cube_FW_F7_V1.17.0, STM32Cube_FW_G0_V1.6.2, STM32Cube_FW_G4_V1.5.2, STM32Cube_FW_H5_V0.5.1, STM32Cube_FW_H5_V1.1.1, STM32Cube_FW_H5_V1.2.0RC2, STM32Cube_FW_H7_V1.11.0, STM32Cube_FW_L0_V1.12.2, STM32Cube_FW_L5_V1.5.0, STM32Cube_FW_U5_V1.3.0RC4, STM32Cube_FW_U5_V1.4.0, STM32Cube_FW_WBA_V1.0.0RC1, STM32Cube_FW_WBA_V1.1.0RC1, STM32Cube_FW_WBA_V1.2.0, STM32Cube_FW_WBA_V1.2.0RC2, STM32Cube_FW_WB_V1.15.0RC1, STM32Cube_FW_WB_V1.16.0, STM32Cube_FW_WB_V1.16.0RC2, STM32Cube_FW_WB_V1.18.0, STM32Cube_FW_WL_V1.3.0, X-CUBE-ALGOBUILD_V1.3.0, X-CUBE-ALS_V1.0.1, X-CUBE-AZRTOS-F4_V1.1.0, X-CUBE-AZRTOS-F7_V1.1.0, X-CUBE-AZRTOS-G0_V1.1.0, X-CUBE-AZRTOS-G4_V2.0.0, X-CUBE-AZRTOS-H7_V3.2.0, X-CUBE-AZRTOS-L4_V1.0.0, X-CUBE-AZRTOS-L4_V2.0.0, X-CUBE-AZRTOS-L5_V1.1.0, X-CUBE-AZRTOS-WB_V2.0.0, X-CUBE-AZRTOS-WL_V2.0.0, X-CUBE-BLE1_V7.0.0, X-CUBE-BLE2_V3.3.0, X-CUBE-BLEMGR_V3.0.0, X-CUBE-EEPRMA1_V4.1.0, X-CUBE-EEPRMA1_V4.2.0, X-CUBE-FREERTOS_V1.1.0, X-CUBE-GNSS1_V6.0.0, X-CUBE-MEMS1_V10.0.0, X-CUBE-MEMS1_V9.1.0, X-CUBE-MEMS1_V9.4.0, X-CUBE-MEMS1_V9.6.0, X-CUBE-NFC4_V3.0.0, X-CUBE-NFC7_V1.0.1, X-CUBE-SFXS2LP1_V4.0.0, X-CUBE-SUBG2_V5.0.0, X-CUBE-TOF1_V3.4.0]
2024-02-16 09:31:56,508 [INFO] DbBoardsSqlite:226 - include board P-NUCLEO-WB55-NUCLEO as a kit item of type 'Nucleo-64'
2024-02-16 09:31:56,508 [INFO] DbBoardsSqlite:226 - include board P-NUCLEO-WB55-USBDONGLE as a kit item of type 'Nucleo USB Dongle'
2024-02-16 09:31:56,508 [INFO] DbBoardsSqlite:226 - include board STEVAL-IDP005V1 as a kit item of type 'Evaluation Board'
2024-02-16 09:31:56,508 [INFO] DbBoardsSqlite:226 - include board STEVAL-IDP005V2 as a kit item of type 'Evaluation Board'
2024-02-16 09:31:56,554 [INFO] ApiDb:240 - Found 323 in-development CPN: [B-G473E-ZEST1S, B-WB1M-WPAN1, B-WL5M-SUBG1, NUCLEO-C031C6, NUCLEO-H503RB, NUCLEO-H563ZI, NUCLEO-U545RE-Q, NUCLEO-U5A5ZJ-Q, NUCLEO-WBA52CG, STEVAL-PROTEUS1, STEVAL-SMARTAG2, STEVAL-STWINBX1, STM320518-EVAL, STM32C0116-DK, STM32C011D6Y3TR, STM32C011D6Y6TR, STM32C011F4P3, STM32C011F4P6, STM32C011F4U3, STM32C011F4U6TR, STM32C011F6P3, STM32C011F6P6, STM32C011F6U3, STM32C011F6U6TR, STM32C011J4M3, STM32C011J4M6, STM32C011J6M3, STM32C011J6M6, STM32C0316-DK, STM32C031C4T3, STM32C031C4T6, STM32C031C4U3, STM32C031C4U6, STM32C031C6T3, STM32C031C6T6, STM32C031C6U3, STM32C031C6U6, STM32C031F4P3, STM32C031F4P6, STM32C031F6P3, STM32C031F6P6, STM32C031G4U3, STM32C031G4U6, STM32C031G6U3, STM32C031G6U6, STM32C031K4T3, STM32C031K4T6, STM32C031K4U3, STM32C031K4U6, STM32C031K6T3, STM32C031K6T6, STM32C031K6U3, STM32C031K6U6, STM32G071K8TXN, STM32G071K8UXN, STM32G081GBU6N, STM32G081KBT6N, STM32G081KBUXN, STM32G0B1CCT6N, STM32G0B1KCT6, STM32G0B1NEY6TR, STM32G0B1RCT6N, STM32G0C1CCT6, STM32G0C1CCT6N, STM32G0C1CCU6N, STM32G0C1CET6N, STM32G0C1CEU6N, STM32G0C1KCT6, STM32G0C1NEY6TR, STM32G0C1RCI6N, STM32G0C1RCT6N, STM32G0C1REI6N, STM32G0C1RET6N, STM32G0C1VCI6, STM32G0C1VEI6, STM32G471CCT6, STM32G471CCU6, STM32G471CET3, STM32G471CET6, STM32G471CEU3, STM32G471CEU6, STM32G471MCT6, STM32G471MET3, STM32G471MET6, STM32G471MEY6TR, STM32G471QCT6, STM32G471QET3, STM32G471RCT6, STM32G471RET3, STM32G471RET6, STM32G471VCH6, STM32G471VCI6, STM32G471VCT6, STM32G471VEH3, STM32G471VEH6, STM32G471VEI3, STM32G471VEI6, STM32G471VET3, STM32G471VET6, STM32G474CCT6, STM32H503CBT6, STM32H503CBU6, STM32H503EBY6TR, STM32H503KBU6, STM32H503RBT6, STM32H562AGI6, STM32H562AII6, STM32H562IGK6, STM32H562IGT6, STM32H562IIK6, STM32H562IIT6, STM32H562RGT6, STM32H562RGV6, STM32H562RIT6, STM32H562RIV6, STM32H562VGT6, STM32H562VIT6, STM32H562ZGT6, STM32H562ZIT6, STM32H563AGI6, STM32H563AII3Q, STM32H563AII6, STM32H563IGK6, STM32H563IGT6, STM32H563IIK3Q, STM32H563IIK6, STM32H563IIT3Q, STM32H563IIT6, STM32H563MIY3QTR, STM32H563RGT6, STM32H563RGV6, STM32H563RIT6, STM32H563RIV6, STM32H563VGT6, STM32H563VIT3Q, STM32H563VIT6, STM32H563ZGT6, STM32H563ZIT3Q, STM32H563ZIT6, STM32H573AII3Q, STM32H573AII6, STM32H573I-DK, STM32H573IIK3Q, STM32H573IIK6, STM32H573IIT3Q, STM32H573IIT6, STM32H573MIY3QTR, STM32H573RIT6, STM32H573RIV6, STM32H573VIT3Q, STM32H573VIT6, STM32H573ZIT3Q, STM32H573ZIT6, STM32L4R5QGI6STR, STM32MP131AAE3, STM32MP131AAF3, STM32MP131AAG3, STM32MP131CAE3, STM32MP131CAF3, STM32MP131CAG3, STM32MP131DAE7, STM32MP131DAF7, STM32MP131DAG7, STM32MP131FAE7, STM32MP131FAF7, STM32MP131FAG7, STM32MP133AAE3, STM32MP133AAF3, STM32MP133AAG3, STM32MP133CAE3, STM32MP133CAF3, STM32MP133CAG3, STM32MP133DAE7, STM32MP133DAF7, STM32MP133DAG7, STM32MP133FAE7, STM32MP133FAF7, STM32MP133FAG7, STM32MP135AAE3, STM32MP135AAF3, STM32MP135AAG3, STM32MP135CAE3, STM32MP135CAF3, STM32MP135CAG3, STM32MP135DAE7, STM32MP135DAF7, STM32MP135DAG7, STM32MP135F-DK, STM32MP135FAE7, STM32MP135FAF7, STM32MP135FAF7T, STM32MP135FAF7U, STM32MP135FAG7, STM32U535CBT6, STM32U535CBT6Q, STM32U535CBU6, STM32U535CBU6Q, STM32U535CCT6, STM32U535CCT6Q, STM32U535CCU6, STM32U535CCU6Q, STM32U535CET6, STM32U535CET6Q, STM32U535CEU6, STM32U535CEU6Q, STM32U535JEY6QTR, STM32U535NCY6QTR, STM32U535NEY6QTR, STM32U535RBI6, STM32U535RBI6Q, STM32U535RBT6, STM32U535RBT6Q, STM32U535RCI6, STM32U535RCI6Q, STM32U535RCT6, STM32U535RCT6Q, STM32U535REI6, STM32U535REI6Q, STM32U535RET6, STM32U535RET6Q, STM32U535VCI6, STM32U535VCI6Q, STM32U535VCT6, STM32U535VCT6Q, STM32U535VEI6, STM32U535VEI6Q, STM32U535VET6, STM32U535VET6Q, STM32U545CET6, STM32U545CET6Q, STM32U545CEU6, STM32U545CEU6Q, STM32U545JEY6QTR, STM32U545NEY6QTR, STM32U545REI6, STM32U545REI6Q, STM32U545RET6, STM32U545RET6Q, STM32U545VEI6, STM32U545VEI6Q, STM32U545VET6, STM32U545VET6Q, STM32U595AIH6, STM32U595AIH6Q, STM32U595AJH6, STM32U595AJH6Q, STM32U595QII6, STM32U595QII6Q, STM32U595QJI6, STM32U595QJI6Q, STM32U595RIT6, STM32U595RIT6Q, STM32U595RJT6, STM32U595RJT6Q, STM32U595VIT6, STM32U595VIT6Q, STM32U595VJT6, STM32U595VJT6Q, STM32U595ZIT6, STM32U595ZIT6Q, STM32U595ZIY6QTR, STM32U595ZJT6, STM32U595ZJT6Q, STM32U595ZJY6QTR, STM32U599BJY6QTR, STM32U599NIH6Q, STM32U599NJH6Q, STM32U599VIT6Q, STM32U599VJT6, STM32U599VJT6Q, STM32U599ZIT6Q, STM32U599ZIY6QTR, STM32U599ZJT6Q, STM32U599ZJY6QTR, STM32U5A5AJH6, STM32U5A5AJH6Q, STM32U5A5QJI6, STM32U5A5QJI6Q, STM32U5A5RJT6, STM32U5A5RJT6Q, STM32U5A5VJT6, STM32U5A5VJT6Q, STM32U5A5ZJT6, STM32U5A5ZJT6Q, STM32U5A5ZJY6QTR, STM32U5A9BJY6QTR, STM32U5A9J-DK, STM32U5A9NJH6Q, STM32U5A9VJT6Q, STM32U5A9ZJT6Q, STM32U5A9ZJY6QTR, STM32U5F7VIT6, STM32U5F7VIT6Q, STM32U5F7VJT6, STM32U5F7VJT6Q, STM32U5F9BJY6QTR, STM32U5F9NJH6Q, STM32U5F9VIT6Q, STM32U5F9VJT6Q, STM32U5F9ZIJ6QTR, STM32U5F9ZIT6Q, STM32U5F9ZJJ6QTR, STM32U5F9ZJT6Q, STM32U5G7VJT6, STM32U5G7VJT6Q, STM32U5G9BJY6QTR, STM32U5G9J-DK1, STM32U5G9J-DK2, STM32U5G9NJH6Q, STM32U5G9VJT6Q, STM32U5G9ZJJ6QTR, STM32U5G9ZJT6Q, STM32WB1MMCH6, STM32WBA52CEU6, STM32WBA52CEU6T, STM32WBA52CGU6, STM32WBA52CGU6T, STM32WBA52KEU6, STM32WBA52KEU6T, STM32WBA52KGU6, STM32WBA52KGU6T, STM32WL5MOCH6, STM32WL5MOCH6TR]
2024-02-16 09:31:56,660 [INFO] BoardInfo:880 - No configuration file found for board P-NUCLEO-WB55
2024-02-16 09:31:56,661 [INFO] DbBoards:157 - Kit is not supported: P-NUCLEO-WB55
2024-02-16 09:31:56,676 [INFO] BoardInfo:880 - No configuration file found for board STEVAL-BFA001V1B
2024-02-16 09:31:56,676 [INFO] DbBoards:157 - Kit is not supported: STEVAL-BFA001V1B
2024-02-16 09:31:56,677 [INFO] BoardInfo:880 - No configuration file found for board STEVAL-BFA001V2B
2024-02-16 09:31:56,677 [INFO] DbBoards:157 - Kit is not supported: STEVAL-BFA001V2B
2024-02-16 09:31:56,681 [INFO] BoardInfo:880 - No configuration file found for board STEVAL-MKBOXPRO
2024-02-16 09:31:56,681 [INFO] DbBoards:157 - Board is not supported: STEVAL-MKBOXPRO
2024-02-16 09:31:56,778 [INFO] DbBoards:161 - Found 191 boards, 187 are supported
2024-02-16 09:31:56,781 [INFO] ApiDb:423 - Load user favorites file C:\Users\islam/.stm32cubeide/favorites.boards.txt: 0 item(s)
2024-02-16 09:31:56,781 [INFO] ApiDb:427 - User favorites Boards=[]
2024-02-16 09:31:56,781 [INFO] DbBoards:190 - Set 0 / 0 favorites Boards
2024-02-16 09:31:56,783 [INFO] ApiDb:668 - CubeFinder database Data Model version=2.1
2024-02-16 09:31:56,784 [INFO] ApiDb:669 - CubeFinder database Configuration version=3.0.39
2024-02-16 09:31:56,784 [INFO] ApiDb:670 - CubeFinder database generation date=2024-01-11 (1704964531)
2024-02-16 09:31:56,784 [INFO] ApiDb:671 - CubeFinder database FW Pack versions=[FP-ATR-ASTRA1_V2.0.0, FP-SNS-FLIGHT1_V5.0.1, FP-SNS-FLIGHT1_V5.0.2, FP-SNS-MOTENV1_V4.3.1, FP-SNS-MOTENV1_V4.3.2, FP-SNS-MOTENVWB1_V1.3.1, FP-SNS-SMARTAG2_V1.2.0, STM32Cube_FW_C0_V1.1.0, STM32Cube_FW_F4_V1.28.0, STM32Cube_FW_F7_V1.17.0, STM32Cube_FW_G0_V1.6.2, STM32Cube_FW_G4_V1.5.2, STM32Cube_FW_H5_V0.5.1, STM32Cube_FW_H5_V1.1.1, STM32Cube_FW_H5_V1.2.0RC2, STM32Cube_FW_H7_V1.11.0, STM32Cube_FW_L0_V1.12.2, STM32Cube_FW_L5_V1.5.0, STM32Cube_FW_U5_V1.3.0RC4, STM32Cube_FW_U5_V1.4.0, STM32Cube_FW_WBA_V1.0.0RC1, STM32Cube_FW_WBA_V1.1.0RC1, STM32Cube_FW_WBA_V1.2.0, STM32Cube_FW_WBA_V1.2.0RC2, STM32Cube_FW_WB_V1.15.0RC1, STM32Cube_FW_WB_V1.16.0, STM32Cube_FW_WB_V1.16.0RC2, STM32Cube_FW_WB_V1.18.0, STM32Cube_FW_WL_V1.3.0, X-CUBE-ALGOBUILD_V1.3.0, X-CUBE-ALS_V1.0.1, X-CUBE-AZRTOS-F4_V1.1.0, X-CUBE-AZRTOS-F7_V1.1.0, X-CUBE-AZRTOS-G0_V1.1.0, X-CUBE-AZRTOS-G4_V2.0.0, X-CUBE-AZRTOS-H7_V3.2.0, X-CUBE-AZRTOS-L4_V1.0.0, X-CUBE-AZRTOS-L4_V2.0.0, X-CUBE-AZRTOS-L5_V1.1.0, X-CUBE-AZRTOS-WB_V2.0.0, X-CUBE-AZRTOS-WL_V2.0.0, X-CUBE-BLE1_V7.0.0, X-CUBE-BLE2_V3.3.0, X-CUBE-BLEMGR_V3.0.0, X-CUBE-EEPRMA1_V4.1.0, X-CUBE-EEPRMA1_V4.2.0, X-CUBE-FREERTOS_V1.1.0, X-CUBE-GNSS1_V6.0.0, X-CUBE-MEMS1_V10.0.0, X-CUBE-MEMS1_V9.1.0, X-CUBE-MEMS1_V9.4.0, X-CUBE-MEMS1_V9.6.0, X-CUBE-NFC4_V3.0.0, X-CUBE-NFC7_V1.0.1, X-CUBE-SFXS2LP1_V4.0.0, X-CUBE-SUBG2_V5.0.0, X-CUBE-TOF1_V3.4.0]
2024-02-16 09:31:57,422 [ERROR] DbExamplesSqlite:437 - Missing JSON key: board_cpn
2024-02-16 09:31:57,423 [ERROR] DbExamplesSqlite:437 - Missing JSON key: board_cpn
2024-02-16 09:31:57,423 [ERROR] DbExamplesSqlite:437 - Missing JSON key: board_cpn
2024-02-16 09:31:57,423 [ERROR] DbExamplesSqlite:437 - Missing JSON key: board_cpn
2024-02-16 09:31:57,459 [INFO] DbExamplesSqlite:395 - Ignored 55 examples not supported by CubeIDE
2024-02-16 09:31:57,459 [INFO] DbExamplesSqlite:396 - Found 7560 examples active
2024-02-16 09:31:57,459 [INFO] DbExamplesSqlite:397 - Found 844 examples obsolete
2024-02-16 09:31:57,459 [INFO] DbExamplesSqlite:398 - Found 0 examples under development
2024-02-16 09:31:57,460 [INFO] DbExamplesSqlite:399 - Found 8 examples not building
2024-02-16 09:31:57,461 [INFO] DbExamples:125 - Found 7513 examples
2024-02-16 09:31:57,515 [ERROR] DbExamples:208 - Found 247 examples with invalid data (board or MCU)
2024-02-16 09:31:57,515 [INFO] DbExamples:222 - Found 93 boards with related examples
2024-02-16 09:31:57,516 [INFO] DbExamples:235 - Found 79 MCUs with related examples
2024-02-16 09:31:57,533 [INFO] ApiDb:414 - User favorites file not found: C:\Users\islam/.stm32cubeide/favorites.examples.txt
2024-02-16 09:31:57,533 [INFO] DbExamples:250 - Set 0 / 0 favorites Examples
2024-02-16 09:31:57,901 [INFO] McuFinderGlobals:76 - Set McuFinderConnectedMode to true
2024-02-16 09:31:57,911 [INFO] MultiScanPanel:200 - Auto-refresh data requested => check proxy status ongoing
2024-02-16 09:31:57,916 [INFO] FinderPluginLoader:95 - Searching for filters in installed packs
2024-02-16 09:31:59,156 [INFO] LoadUrlFilesThread:185 - End of LoadServerUrlFiles without Thread
2024-02-16 09:31:59,168 [INFO] DetailPanel:341 - Set advertising image to C:/Users/islam/STM32Cube/Repository/\en.prom-stm32wl3-mcu-finder.jpg
2024-02-16 09:32:07,720 [INFO] MultiScanPanel:200 - Auto-refresh data requested => check proxy status ongoing
2024-02-16 09:32:07,822 [INFO] LoadUrlFilesThread:185 - End of LoadServerUrlFiles without Thread
2024-02-16 09:32:07,822 [INFO] DetailPanel:341 - Set advertising image to C:/Users/islam/STM32Cube/Repository/\en.prom-stm32wl3-mcu-finder.jpg
2024-02-16 09:32:07,831 [INFO] DbBoards:634 - Loading board mini-images...
2024-02-16 09:32:09,279 [INFO] DbBoards:657 - Loaded 191 board mini-images
2024-02-16 09:32:33,375 [INFO] McuFinderGlobals:76 - Set McuFinderConnectedMode to true
2024-02-16 09:32:33,576 [INFO] ApiDb:448 - Save user favorites file C:\Users\islam/.stm32cubeide/favorites.mcus.txt: 0 item(s)
2024-02-16 09:32:33,577 [INFO] ApiDb:452 - User favorites MCUs=[]
2024-02-16 09:32:33,578 [INFO] ApiDb:448 - Save user favorites file C:\Users\islam/.stm32cubeide/favorites.boards.txt: 0 item(s)
2024-02-16 09:32:33,578 [INFO] ApiDb:452 - User favorites Boards=[]
2024-02-16 09:34:30,440 [INFO] MainUpdater:2868 - connection check result : 10
2024-02-16 09:34:30,552 [INFO] McuFinderGlobals:76 - Set McuFinderConnectedMode to true
2024-02-16 09:34:30,553 [INFO] MultiScanPanel:200 - Auto-refresh data requested => check proxy status ongoing
2024-02-16 09:34:30,553 [INFO] FinderPluginLoader:95 - Searching for filters in installed packs
2024-02-16 09:34:31,331 [INFO] LoadUrlFilesThread:185 - End of LoadServerUrlFiles without Thread
2024-02-16 09:34:31,332 [INFO] DetailPanel:341 - Set advertising image to C:/Users/islam/STM32Cube/Repository/\en.prom-stm32wl3-mcu-finder.jpg
2024-02-16 09:34:36,551 [INFO] MultiScanPanel:200 - Auto-refresh data requested => check proxy status ongoing
2024-02-16 09:34:36,596 [INFO] LoadUrlFilesThread:185 - End of LoadServerUrlFiles without Thread
2024-02-16 09:34:36,596 [INFO] DetailPanel:341 - Set advertising image to C:/Users/islam/STM32Cube/Repository/\en.prom-stm32wl3-mcu-finder.jpg
2024-02-16 09:34:37,786 [INFO] ApiDb:581 - Connected to CubeFinder SQLite database (C:\Users\islam\.stmcufinder\plugins\mcufinder\mcu\cube-finder-db.db)
2024-02-16 09:35:21,787 [INFO] McuFinderGlobals:76 - Set McuFinderConnectedMode to true
2024-02-16 09:35:21,789 [INFO] ApiDb:448 - Save user favorites file C:\Users\islam/.stm32cubeide/favorites.mcus.txt: 0 item(s)
2024-02-16 09:35:21,789 [INFO] ApiDb:452 - User favorites MCUs=[]
2024-02-16 09:35:21,791 [INFO] ApiDb:448 - Save user favorites file C:\Users\islam/.stm32cubeide/favorites.boards.txt: 0 item(s)
2024-02-16 09:35:21,791 [INFO] ApiDb:452 - User favorites Boards=[]
