2023-12-11 21:03:54,774 [INFO] Activator:176 - 


2023-12-11 21:03:54,780 [INFO] Activator:177 - !SESSION log4j initialized
2023-12-11 21:04:00,573 [INFO] LogOutputStream:77 - [STDOUT_REDIRECT] 
2023-12-11 21:04:02,789 [INFO] ApplicationProperties:184 - Using Application install path: C:\ST\STM32CubeIDE_1.13.2\STM32CubeIDE\plugins\com.st.stm32cube.common.mx_6.9.2.202309101412
2023-12-11 21:04:02,803 [INFO] DbMcusXml:78 - Set database path to: C:\ST\STM32CubeIDE_1.13.2\STM32CubeIDE\plugins\com.st.stm32cube.common.mx_6.9.2.202309101412\\db\/mcu/
2023-12-11 21:04:02,804 [INFO] ApiDb:274 - Set plugin database path to: C:\ST\STM32CubeIDE_1.13.2\STM32CubeIDE\plugins\com.st.stm32cube.common.mx_6.9.2.202309101412\\db\/plugins/boardmanager/
2023-12-11 21:04:02,804 [WARN] ApiDb:259 - Overriding images path with different value:  => C:\ST\STM32CubeIDE_1.13.2\STM32CubeIDE\plugins\com.st.stm32cube.common.mx_6.9.2.202309101412\\db\/plugins/mcufinder/images/
2023-12-11 21:04:02,812 [INFO] ApiDb:250 - Set database path to: C:\Users\islam\.stmcufinder\plugins\mcufinder//mcu/
2023-12-11 21:04:02,813 [INFO] DbMcusAds:125 - Set database path to: C:\Users\islam\.stmcufinder\plugins\mcufinder//mcu/
2023-12-11 21:04:02,815 [INFO] CrossReferenceDbSqlite:203 - Set database path to: C:\Users\islam\.stmcufinder\plugins\mcufinder//mcu/cs/
2023-12-11 21:04:02,918 [INFO] RulesReader:64 - Compatibility file has been processed (293 Rules)
2023-12-11 21:04:02,995 [INFO] DbMcusXml:78 - Set database path to: C:\ST\STM32CubeIDE_1.13.2\STM32CubeIDE\plugins\com.st.stm32cube.common.mx_6.9.2.202309101412\\db\/mcu/
2023-12-11 21:04:02,995 [INFO] ApiDb:274 - Set plugin database path to: C:\ST\STM32CubeIDE_1.13.2\STM32CubeIDE\plugins\com.st.stm32cube.common.mx_6.9.2.202309101412\\db\/plugins/boardmanager/
2023-12-11 21:04:02,995 [INFO] ApiDb:261 - Set plugin images path to: C:\ST\STM32CubeIDE_1.13.2\STM32CubeIDE\plugins\com.st.stm32cube.common.mx_6.9.2.202309101412\\db\/plugins/mcufinder/images/
2023-12-11 21:04:02,995 [WARN] DbFile:41 - Overriding database path with different value: C:\Users\islam\.stmcufinder\plugins\mcufinder/ => C:\Users\islam\.stmcufinder\plugins\mcufinder
2023-12-11 21:04:02,995 [INFO] ApiDb:250 - Set database path to: C:\Users\islam\.stmcufinder\plugins\mcufinder//mcu/
2023-12-11 21:04:02,995 [WARN] DbFile:41 - Overriding database path with different value: C:\Users\islam\.stmcufinder\plugins\mcufinder/ => C:\Users\islam\.stmcufinder\plugins\mcufinder
2023-12-11 21:04:02,995 [INFO] DbMcusAds:125 - Set database path to: C:\Users\islam\.stmcufinder\plugins\mcufinder//mcu/
2023-12-11 21:04:02,995 [WARN] DbFile:41 - Overriding database path with different value: C:\Users\islam\.stmcufinder\plugins\mcufinder/ => C:\Users\islam\.stmcufinder\plugins\mcufinder
2023-12-11 21:04:02,995 [WARN] DbFile:41 - Overriding database path with different value: C:\Users\islam\.stmcufinder\plugins\mcufinder/ => C:\Users\islam\.stmcufinder\plugins\mcufinder
2023-12-11 21:04:02,996 [INFO] CrossReferenceDbSqlite:203 - Set database path to: C:\Users\islam\.stmcufinder\plugins\mcufinder//mcu/cs/
2023-12-11 21:04:03,069 [INFO] MainPanel:262 - HeapMemory: 268435456
2023-12-11 21:04:03,155 [INFO] DbMcusXml:78 - Set database path to: C:\ST\STM32CubeIDE_1.13.2\STM32CubeIDE\plugins\com.st.stm32cube.common.mx_6.9.2.202309101412\\db\/mcu/
2023-12-11 21:04:03,155 [INFO] ApiDb:274 - Set plugin database path to: C:\ST\STM32CubeIDE_1.13.2\STM32CubeIDE\plugins\com.st.stm32cube.common.mx_6.9.2.202309101412\\db\/plugins/boardmanager/
2023-12-11 21:04:03,155 [INFO] ApiDb:261 - Set plugin images path to: C:\ST\STM32CubeIDE_1.13.2\STM32CubeIDE\plugins\com.st.stm32cube.common.mx_6.9.2.202309101412\\db\/plugins/mcufinder/images/
2023-12-11 21:04:03,156 [WARN] DbFile:41 - Overriding database path with different value: C:\Users\islam\.stmcufinder\plugins\mcufinder/ => C:\Users\islam\.stmcufinder\plugins\mcufinder
2023-12-11 21:04:03,156 [INFO] ApiDb:250 - Set database path to: C:\Users\islam\.stmcufinder\plugins\mcufinder//mcu/
2023-12-11 21:04:03,156 [WARN] DbFile:41 - Overriding database path with different value: C:\Users\islam\.stmcufinder\plugins\mcufinder/ => C:\Users\islam\.stmcufinder\plugins\mcufinder
2023-12-11 21:04:03,156 [INFO] DbMcusAds:125 - Set database path to: C:\Users\islam\.stmcufinder\plugins\mcufinder//mcu/
2023-12-11 21:04:03,157 [WARN] DbFile:41 - Overriding database path with different value: C:\Users\islam\.stmcufinder\plugins\mcufinder/ => C:\Users\islam\.stmcufinder\plugins\mcufinder
2023-12-11 21:04:03,157 [WARN] DbFile:41 - Overriding database path with different value: C:\Users\islam\.stmcufinder\plugins\mcufinder/ => C:\Users\islam\.stmcufinder\plugins\mcufinder
2023-12-11 21:04:03,157 [INFO] CrossReferenceDbSqlite:203 - Set database path to: C:\Users\islam\.stmcufinder\plugins\mcufinder//mcu/cs/
2023-12-11 21:04:03,177 [INFO] ApplicationProperties:184 - Using Application install path: C:\ST\STM32CubeIDE_1.13.2\STM32CubeIDE\plugins\com.st.stm32cube.common.mx_6.9.2.202309101412
2023-12-11 21:04:03,178 [INFO] PluginManage:196 - Search for loadable plugins [exclusion list=, ]
2023-12-11 21:04:03,180 [INFO] PluginManage:310 - Check plugin analytics
2023-12-11 21:04:03,353 [INFO] AnalyticsPlugin:253 - Accepted Software Licenses: 
2023-12-11 21:04:03,353 [INFO] AnalyticsPlugin:255 - Accepted CMSIS Pack Licenses: 
2023-12-11 21:04:03,354 [INFO] AnalyticsPlugin:257 - Accepted Firmware Licenses: 
2023-12-11 21:04:03,355 [INFO] PluginManage:359 - Loaded plugin analytics (category:tool,tabindex:-1)
2023-12-11 21:04:03,356 [INFO] PluginManage:310 - Check plugin cadmodel
2023-12-11 21:04:03,373 [INFO] CADModel:105 - Init CAD model plugin
2023-12-11 21:04:03,373 [INFO] PluginManage:359 - Loaded plugin cadmodel (category:power,tabindex:5)
2023-12-11 21:04:03,373 [INFO] PluginManage:310 - Check plugin clock
2023-12-11 21:04:03,394 [INFO] PluginManage:359 - Loaded plugin clock (category:base,tabindex:2)
2023-12-11 21:04:03,394 [INFO] PluginManage:310 - Check plugin ddr
2023-12-11 21:04:03,397 [INFO] PluginManage:359 - Loaded plugin ddr (category:tool,tabindex:6)
2023-12-11 21:04:03,397 [INFO] PluginManage:310 - Check plugin filemanager
2023-12-11 21:04:03,521 [INFO] PluginManage:359 - Loaded plugin filemanager (category:base,tabindex:10)
2023-12-11 21:04:03,521 [INFO] PluginManage:310 - Check plugin ipmanager
2023-12-11 21:04:03,528 [INFO] PluginManage:359 - Loaded plugin ipmanager (category:base,tabindex:5)
2023-12-11 21:04:03,528 [INFO] PluginManage:310 - Check plugin lpbam
2023-12-11 21:04:03,546 [INFO] PluginManage:359 - Loaded plugin lpbam (category:base,tabindex:0)
2023-12-11 21:04:03,547 [INFO] PluginManage:310 - Check plugin memorymap
2023-12-11 21:04:03,572 [INFO] PluginManage:359 - Loaded plugin memorymap (category:base,tabindex:4)
2023-12-11 21:04:03,572 [INFO] PluginManage:310 - Check plugin pinoutandconfiguration
2023-12-11 21:04:03,591 [INFO] PluginManage:359 - Loaded plugin pinoutandconfiguration (category:base,tabindex:1)
2023-12-11 21:04:03,591 [INFO] PluginManage:310 - Check plugin pinoutconfig
2023-12-11 21:04:03,703 [WARN] SupportedApi:132 - Cannot load RTOS API schema: s4s-elt-must-match.1: The content of 'definitions' must match (annotation?, (simpleType | complexType)?, (unique | key | keyref)*)). A problem was found starting at: attribute.
2023-12-11 21:04:03,821 [INFO] PluginManage:359 - Loaded plugin pinoutconfig (category:base,tabindex:0)
2023-12-11 21:04:03,822 [INFO] PluginManage:310 - Check plugin power
2023-12-11 21:04:03,840 [INFO] PluginManage:359 - Loaded plugin power (category:power,tabindex:4)
2023-12-11 21:04:03,841 [INFO] PluginManage:310 - Check plugin projectmanager
2023-12-11 21:04:03,853 [INFO] PluginManage:359 - Loaded plugin projectmanager (category:projectmanager,tabindex:3)
2023-12-11 21:04:03,853 [INFO] PluginManage:310 - Check plugin thirdparty
2023-12-11 21:04:04,095 [INFO] PluginManage:359 - Loaded plugin thirdparty (category:base,tabindex:-1)
2023-12-11 21:04:04,095 [WARN] IntegrityCheckThread:84 - waiting for thirdparty lock release [integrity check]
2023-12-11 21:04:04,096 [INFO] PluginManage:310 - Check plugin tools
2023-12-11 21:04:04,096 [INFO] IntegrityCheckThread:86 - entering critical section [integrity check]
2023-12-11 21:04:04,096 [INFO] ThirdPartyUpdaterWithRetryManager:70 - Updater plugin not ready yet. [1/15]
2023-12-11 21:04:04,125 [INFO] PluginManage:359 - Loaded plugin tools (category:base,tabindex:7)
2023-12-11 21:04:04,125 [INFO] PluginManage:310 - Check plugin tutovideos
2023-12-11 21:04:04,289 [INFO] PluginManage:359 - Loaded plugin tutovideos (category:base,tabindex:-1)
2023-12-11 21:04:04,289 [INFO] PluginManage:310 - Check plugin updater
2023-12-11 21:04:04,300 [INFO] PluginManage:359 - Loaded plugin updater (category:base,tabindex:12)
2023-12-11 21:04:04,300 [INFO] PluginManage:310 - Check plugin userauth
2023-12-11 21:04:04,304 [INFO] UserAuth:113 - Init User Auth plugin
2023-12-11 21:04:04,305 [INFO] PluginManage:359 - Loaded plugin userauth (category:base,tabindex:14)
2023-12-11 21:04:04,305 [INFO] PluginManage:283 - PluginManage : Loaded plugins [17]
2023-12-11 21:04:04,518 [INFO] PinOutPanel:1499 - setPackage(No Configuration,No Configuration)
2023-12-11 21:04:04,611 [INFO] CADModel:165 - CPN selected for project level
2023-12-11 21:04:04,612 [INFO] CADModel:114 - Register for checkConnection events
2023-12-11 21:04:04,633 [INFO] IPUIPlugin:80 - create IPUIPlugin
2023-12-11 21:04:04,633 [INFO] PluginManager:220 - loadIPPluginJar : add adc
2023-12-11 21:04:04,662 [INFO] IPUIPlugin:80 - create IPUIPlugin
2023-12-11 21:04:04,662 [INFO] PluginManager:220 - loadIPPluginJar : add aes
2023-12-11 21:04:04,697 [INFO] IPUIPlugin:80 - create IPUIPlugin
2023-12-11 21:04:04,697 [INFO] PluginManager:220 - loadIPPluginJar : add can
2023-12-11 21:04:04,717 [INFO] IPUIPlugin:80 - create IPUIPlugin
2023-12-11 21:04:04,718 [INFO] PluginManager:220 - loadIPPluginJar : add comp
2023-12-11 21:04:04,752 [INFO] IPUIPlugin:80 - create IPUIPlugin
2023-12-11 21:04:04,752 [INFO] PluginManager:220 - loadIPPluginJar : add cryp
2023-12-11 21:04:04,791 [INFO] IPUIPlugin:80 - create IPUIPlugin
2023-12-11 21:04:04,791 [INFO] PluginManager:220 - loadIPPluginJar : add dfsdm
2023-12-11 21:04:04,813 [INFO] IPUIPlugin:80 - create IPUIPlugin
2023-12-11 21:04:04,815 [INFO] PluginManager:220 - loadIPPluginJar : add dma
2023-12-11 21:04:04,889 [INFO] IPUIPlugin:80 - create IPUIPlugin
2023-12-11 21:04:04,889 [INFO] PluginManager:220 - loadIPPluginJar : add dma3
2023-12-11 21:04:04,924 [INFO] IPUIPlugin:80 - create IPUIPlugin
2023-12-11 21:04:04,924 [INFO] PluginManager:220 - loadIPPluginJar : add fatfs
2023-12-11 21:04:05,012 [INFO] IPUIPlugin:80 - create IPUIPlugin
2023-12-11 21:04:05,012 [INFO] PluginManager:220 - loadIPPluginJar : add fmc
2023-12-11 21:04:05,036 [INFO] IPUIPlugin:80 - create IPUIPlugin
2023-12-11 21:04:05,037 [INFO] PluginManager:220 - loadIPPluginJar : add freertos
2023-12-11 21:04:05,070 [INFO] IPUIPlugin:80 - create IPUIPlugin
2023-12-11 21:04:05,071 [INFO] PluginManager:220 - loadIPPluginJar : add genericplugin
2023-12-11 21:04:05,210 [INFO] IPUIPlugin:80 - create IPUIPlugin
2023-12-11 21:04:05,210 [INFO] PluginManager:220 - loadIPPluginJar : add gfxmmu
2023-12-11 21:04:05,350 [INFO] IPUIPlugin:80 - create IPUIPlugin
2023-12-11 21:04:05,350 [INFO] PluginManager:220 - loadIPPluginJar : add gic
2023-12-11 21:04:05,362 [INFO] IPUIPlugin:80 - create IPUIPlugin
2023-12-11 21:04:05,362 [INFO] PluginManager:220 - loadIPPluginJar : add gpio
2023-12-11 21:04:05,475 [INFO] IPUIPlugin:80 - create IPUIPlugin
2023-12-11 21:04:05,475 [INFO] PluginManager:220 - loadIPPluginJar : add gtzc
2023-12-11 21:04:05,523 [INFO] IPUIPlugin:80 - create IPUIPlugin
2023-12-11 21:04:05,524 [INFO] PluginManager:220 - loadIPPluginJar : add hash
2023-12-11 21:04:05,571 [INFO] IPUIPlugin:80 - create IPUIPlugin
2023-12-11 21:04:05,572 [INFO] PluginManager:220 - loadIPPluginJar : add i2c
2023-12-11 21:04:05,608 [INFO] IPUIPlugin:80 - create IPUIPlugin
2023-12-11 21:04:05,608 [INFO] PluginManager:220 - loadIPPluginJar : add i2s
2023-12-11 21:04:05,651 [INFO] IPUIPlugin:80 - create IPUIPlugin
2023-12-11 21:04:05,651 [INFO] PluginManager:220 - loadIPPluginJar : add i3c
2023-12-11 21:04:05,778 [INFO] IPUIPlugin:80 - create IPUIPlugin
2023-12-11 21:04:05,778 [INFO] PluginManager:220 - loadIPPluginJar : add ipddr
2023-12-11 21:04:05,872 [INFO] IPUIPlugin:80 - create IPUIPlugin
2023-12-11 21:04:05,872 [INFO] PluginManager:220 - loadIPPluginJar : add linkedlist
2023-12-11 21:04:05,904 [INFO] IPUIPlugin:80 - create IPUIPlugin
2023-12-11 21:04:05,904 [INFO] PluginManager:220 - loadIPPluginJar : add lorawan
2023-12-11 21:04:05,940 [INFO] IPUIPlugin:80 - create IPUIPlugin
2023-12-11 21:04:05,940 [INFO] PluginManager:220 - loadIPPluginJar : add ltdc
2023-12-11 21:04:05,954 [INFO] IPUIPlugin:80 - create IPUIPlugin
2023-12-11 21:04:05,954 [INFO] PluginManager:220 - loadIPPluginJar : add mdma
2023-12-11 21:04:05,966 [INFO] IPUIPlugin:80 - create IPUIPlugin
2023-12-11 21:04:05,966 [INFO] PluginManager:220 - loadIPPluginJar : add nvic
2023-12-11 21:04:05,999 [INFO] IPUIPlugin:80 - create IPUIPlugin
2023-12-11 21:04:05,999 [INFO] PluginManager:220 - loadIPPluginJar : add opamp
2023-12-11 21:04:06,054 [INFO] IPUIPlugin:80 - create IPUIPlugin
2023-12-11 21:04:06,054 [INFO] PluginManager:220 - loadIPPluginJar : add openamp
2023-12-11 21:04:06,094 [INFO] IPUIPlugin:80 - create IPUIPlugin
2023-12-11 21:04:06,094 [INFO] PluginManager:220 - loadIPPluginJar : add pdm2pcm
2023-12-11 21:04:06,108 [INFO] IPUIPlugin:80 - create IPUIPlugin
2023-12-11 21:04:06,110 [INFO] PluginManager:220 - loadIPPluginJar : add plateformsettings
2023-12-11 21:04:06,132 [INFO] IPUIPlugin:80 - create IPUIPlugin
2023-12-11 21:04:06,132 [INFO] PluginManager:220 - loadIPPluginJar : add quadspi
2023-12-11 21:04:06,143 [INFO] IPUIPlugin:80 - create IPUIPlugin
2023-12-11 21:04:06,143 [INFO] PluginManager:220 - loadIPPluginJar : add resmgrutility
2023-12-11 21:04:06,188 [INFO] IPUIPlugin:80 - create IPUIPlugin
2023-12-11 21:04:06,189 [INFO] PluginManager:220 - loadIPPluginJar : add sai
2023-12-11 21:04:06,224 [INFO] IPUIPlugin:80 - create IPUIPlugin
2023-12-11 21:04:06,224 [INFO] PluginManager:220 - loadIPPluginJar : add spi
2023-12-11 21:04:06,277 [INFO] IPUIPlugin:80 - create IPUIPlugin
2023-12-11 21:04:06,277 [INFO] PluginManager:220 - loadIPPluginJar : add stm32_wpan
2023-12-11 21:04:06,297 [INFO] IPUIPlugin:80 - create IPUIPlugin
2023-12-11 21:04:06,297 [INFO] PluginManager:220 - loadIPPluginJar : add tim
2023-12-11 21:04:06,342 [INFO] IPUIPlugin:80 - create IPUIPlugin
2023-12-11 21:04:06,342 [INFO] PluginManager:220 - loadIPPluginJar : add touchsensing
2023-12-11 21:04:06,361 [INFO] IPUIPlugin:80 - create IPUIPlugin
2023-12-11 21:04:06,361 [INFO] PluginManager:220 - loadIPPluginJar : add tracer_emb
2023-12-11 21:04:06,380 [INFO] IPUIPlugin:80 - create IPUIPlugin
2023-12-11 21:04:06,380 [INFO] PluginManager:220 - loadIPPluginJar : add ts
2023-12-11 21:04:06,400 [INFO] IPUIPlugin:80 - create IPUIPlugin
2023-12-11 21:04:06,400 [INFO] PluginManager:220 - loadIPPluginJar : add tsc
2023-12-11 21:04:06,418 [INFO] IPUIPlugin:80 - create IPUIPlugin
2023-12-11 21:04:06,419 [INFO] PluginManager:220 - loadIPPluginJar : add ucpd
2023-12-11 21:04:06,456 [INFO] IPUIPlugin:80 - create IPUIPlugin
2023-12-11 21:04:06,456 [INFO] PluginManager:220 - loadIPPluginJar : add usart
2023-12-11 21:04:06,495 [INFO] IPUIPlugin:80 - create IPUIPlugin
2023-12-11 21:04:06,495 [INFO] PluginManager:220 - loadIPPluginJar : add usbx
2023-12-11 21:04:06,609 [INFO] CADModel:165 - CPN selected for project level
2023-12-11 21:04:06,609 [INFO] CADModel:114 - Register for checkConnection events
2023-12-11 21:04:06,609 [FATAL] Updater:308 - Updater called before beeing initialized
2023-12-11 21:04:06,609 [ERROR] CADModel:125 - Updater not yet initialized, retry later 
2023-12-11 21:04:06,717 [INFO] CADModel:165 - CPN selected for project level
2023-12-11 21:04:06,717 [INFO] CADModel:114 - Register for checkConnection events
2023-12-11 21:04:06,717 [FATAL] Updater:308 - Updater called before beeing initialized
2023-12-11 21:04:06,717 [ERROR] CADModel:125 - Updater not yet initialized, retry later 
2023-12-11 21:04:06,720 [FATAL] Updater:308 - Updater called before beeing initialized
2023-12-11 21:04:06,805 [FATAL] Updater:308 - Updater called before beeing initialized
2023-12-11 21:04:06,815 [INFO] DbMcusAds:53 - JSON generation date=Wed Nov 29 13:52:38 TRT 2023 (1701255158764)
2023-12-11 21:04:06,816 [FATAL] Updater:308 - Updater called before beeing initialized
2023-12-11 21:04:06,882 [WARN] DetailPanel:346 - Failed to get advertising image, set to default
2023-12-11 21:04:06,981 [FATAL] Updater:308 - Updater called before beeing initialized
2023-12-11 21:04:06,983 [FATAL] Updater:308 - Updater called before beeing initialized
2023-12-11 21:04:06,983 [FATAL] Updater:308 - Updater called before beeing initialized
2023-12-11 21:04:06,983 [WARN] DetailPanel:346 - Failed to get advertising image, set to default
2023-12-11 21:04:06,984 [FATAL] Updater:308 - Updater called before beeing initialized
2023-12-11 21:04:07,033 [ERROR] Updater:1120 - MainUpdater not yet initialized. External WinMGr cannot be set.
2023-12-11 21:04:07,043 [INFO] Updater:1056 - Updater Version found : 6.9.2
2023-12-11 21:04:07,058 [INFO] ApplicationProperties:184 - Using Application install path: C:\ST\STM32CubeIDE_1.13.2\STM32CubeIDE\plugins\com.st.stm32cube.common.mx_6.9.2.202309101412
2023-12-11 21:04:07,097 [INFO] ThirdPartyUpdaterWithRetryManager:70 - Updater plugin not ready yet. [2/15]
2023-12-11 21:04:07,265 [INFO] MainUpdater:2868 - connection check result : 10
2023-12-11 21:04:07,266 [INFO] MainUpdater:285 - Updater Check For Update Now.
2023-12-11 21:04:07,266 [INFO] MicroXplorer:498 - Change Database Version : DB.6.0.92
2023-12-11 21:04:07,282 [INFO] McuFinderGlobals:63 - Set McuFinder mode to 2 (CubeIDE integrated)
2023-12-11 21:04:07,507 [INFO] CheckServerUpdateThread:120 - End of CheckServer Thread
2023-12-11 21:04:10,264 [WARN] PackLoader:240 - Cannot read IP mode file for STMicroelectronics.X-CUBE-SMBUS.2.1.0
2023-12-11 21:04:10,324 [WARN] PackLoader:240 - Cannot read IP mode file for STMicroelectronics.X-CUBE-AZRTOS-F7.1.1.0
2023-12-11 21:04:10,348 [WARN] PackLoader:240 - Cannot read IP mode file for STMicroelectronics.FP-SNS-MOTENV1.4.3.2
2023-12-11 21:04:10,365 [WARN] PackLoader:240 - Cannot read IP mode file for STMicroelectronics.FP-SNS-FLIGHT1.5.0.2
2023-12-11 21:04:10,386 [WARN] PackLoader:240 - Cannot read IP mode file for STMicroelectronics.X-CUBE-DISPLAY.3.0.0
2023-12-11 21:04:10,412 [WARN] PackLoader:240 - Cannot read IP mode file for STMicroelectronics.X-CUBE-BLE1.7.0.0
2023-12-11 21:04:10,433 [WARN] PackLoader:240 - Cannot read IP mode file for emotas.I-CUBE-CANOPEN.1.3.0
2023-12-11 21:04:10,463 [INFO] LogOutputStream:77 - [STDOUT_REDIRECT] 1 : Invalid condition id : UX_CORESTACK_Condition cause : null
2023-12-11 21:04:10,464 [INFO] LogOutputStream:77 - [STDOUT_REDIRECT] 1 : Invalid condition id : UX_CORESTACK_Condition cause : null
2023-12-11 21:04:10,466 [INFO] LogOutputStream:77 - [STDOUT_REDIRECT] 1 : Invalid condition id : UX_CORESTACK_Condition cause : null
2023-12-11 21:04:10,467 [INFO] LogOutputStream:77 - [STDOUT_REDIRECT] 1 : Invalid condition id : UX_CORESTACK_Condition cause : null
2023-12-11 21:04:10,469 [INFO] LogOutputStream:77 - [STDOUT_REDIRECT] 1 : Invalid condition id : UX_CORESTACK_Condition cause : null
2023-12-11 21:04:10,475 [WARN] PackLoader:240 - Cannot read IP mode file for STMicroelectronics.X-CUBE-AZRTOS-WL.2.0.0
2023-12-11 21:04:10,501 [WARN] PackLoader:240 - Cannot read IP mode file for WES.I-CUBE-Cesium.1.3.0
2023-12-11 21:04:10,518 [WARN] PackLoader:240 - Cannot read IP mode file for STMicroelectronics.X-CUBE-BLE2.3.3.0
2023-12-11 21:04:10,538 [WARN] PackLoader:240 - Cannot read IP mode file for STMicroelectronics.X-CUBE-ALGOBUILD.1.3.0
2023-12-11 21:04:10,577 [WARN] PackLoader:240 - Cannot read IP mode file for STMicroelectronics.X-CUBE-AZRTOS-G0.1.1.0
2023-12-11 21:04:10,600 [WARN] PackLoader:240 - Cannot read IP mode file for STMicroelectronics.X-CUBE-NFC4.3.0.0
2023-12-11 21:04:10,623 [WARN] PackLoader:240 - Cannot read IP mode file for STMicroelectronics.X-CUBE-BLEMGR.3.0.0
2023-12-11 21:04:10,640 [WARN] PackLoader:240 - Cannot read IP mode file for STMicroelectronics.FP-ATR-SIGFOX1.3.2.0
2023-12-11 21:04:10,692 [WARN] PackLoader:240 - Cannot read IP mode file for SEGGER.I-CUBE-embOS.1.3.1
2023-12-11 21:04:10,781 [WARN] PackLoader:240 - Cannot read IP mode file for STMicroelectronics.X-CUBE-GNSS1.6.0.0
2023-12-11 21:04:10,838 [WARN] PackLoader:240 - Cannot read IP mode file for STMicroelectronics.X-CUBE-AZRTOS-F4.1.1.0
2023-12-11 21:04:10,859 [WARN] PackLoader:240 - Cannot read IP mode file for wolfSSL.I-CUBE-wolfSSL.5.6.3
2023-12-11 21:04:10,888 [WARN] PackLoader:240 - Cannot read IP mode file for STMicroelectronics.X-CUBE-AZRTOS-L5.2.0.0
2023-12-11 21:04:10,956 [WARN] PackLoader:240 - Cannot read IP mode file for STMicroelectronics.X-CUBE-MEMS1.9.6.0
2023-12-11 21:04:11,153 [WARN] PackLoader:240 - Cannot read IP mode file for STMicroelectronics.X-CUBE-EEPRMA1.4.2.0
2023-12-11 21:04:11,172 [WARN] PackLoader:240 - Cannot read IP mode file for ITTIA_DB.I-CUBE-ITTIADB.8.8.0
2023-12-11 21:04:11,188 [WARN] PackLoader:240 - Cannot read IP mode file for STMicroelectronics.X-CUBE-BLEMGR.2.0.0
2023-12-11 21:04:11,222 [WARN] ConditionMgr:438 - getConditionDescription Invalid condition id : UX DEVICE CLASS RTOS Condition cause : null
2023-12-11 21:04:11,223 [WARN] ConditionMgr:438 - getConditionDescription Invalid condition id : UX DEVICE CLASS RTOS Condition cause : null
2023-12-11 21:04:11,225 [WARN] PackLoader:240 - Cannot read IP mode file for STMicroelectronics.X-CUBE-AZRTOS-H7.3.1.0
2023-12-11 21:04:11,226 [WARN] ConditionMgr:1039 - genDependencies : Invalid condition id : UX DEVICE CLASS RTOS Condition cause : null
2023-12-11 21:04:11,226 [WARN] ConditionMgr:1039 - genDependencies : Invalid condition id : UX DEVICE CLASS RTOS Condition cause : null
2023-12-11 21:04:11,227 [WARN] ConditionMgr:1039 - genDependencies : Invalid condition id : UX DEVICE CLASS RTOS Condition cause : null
2023-12-11 21:04:11,227 [WARN] ConditionMgr:1039 - genDependencies : Invalid condition id : UX DEVICE CLASS RTOS Condition cause : null
2023-12-11 21:04:11,227 [WARN] ConditionMgr:1039 - genDependencies : Invalid condition id : UX DEVICE CLASS RTOS Condition cause : null
2023-12-11 21:04:11,247 [WARN] PackLoader:240 - Cannot read IP mode file for STMicroelectronics.X-CUBE-NFC7.1.0.1
2023-12-11 21:04:11,268 [WARN] PackLoader:240 - Cannot read IP mode file for STMicroelectronics.X-CUBE-EEPRMA1.4.1.0
2023-12-11 21:04:11,287 [WARN] PackLoader:240 - Cannot read IP mode file for STMicroelectronics.X-CUBE-AI.8.1.0
2023-12-11 21:04:11,327 [WARN] ConditionMgr:438 - getConditionDescription Invalid condition id : LAN8742 Phy interface Condition cause : null
2023-12-11 21:04:11,329 [WARN] PackLoader:240 - Cannot read IP mode file for STMicroelectronics.X-CUBE-AZRTOS-L4.2.0.0
2023-12-11 21:04:11,331 [WARN] ConditionMgr:1039 - genDependencies : Invalid condition id : LAN8742 Phy interface Condition cause : null
2023-12-11 21:04:11,332 [WARN] ConditionMgr:1039 - genDependencies : Invalid condition id : LAN8742 Phy interface Condition cause : null
2023-12-11 21:04:11,332 [WARN] ConditionMgr:1039 - genDependencies : Invalid condition id : LAN8742 Phy interface Condition cause : null
2023-12-11 21:04:11,356 [WARN] PackLoader:240 - Cannot read IP mode file for STMicroelectronics.X-CUBE-SFXS2LP1.4.0.0
2023-12-11 21:04:11,380 [WARN] PackLoader:240 - Cannot read IP mode file for STMicroelectronics.X-CUBE-ISPU.1.1.0
2023-12-11 21:04:11,415 [WARN] ConditionMgr:438 - getConditionDescription Invalid condition id : UX DEVICE CLASS RTOS Condition cause : null
2023-12-11 21:04:11,415 [WARN] ConditionMgr:438 - getConditionDescription Invalid condition id : UX DEVICE CLASS RTOS Condition cause : null
2023-12-11 21:04:11,418 [WARN] PackLoader:240 - Cannot read IP mode file for STMicroelectronics.X-CUBE-AZRTOS-WB.2.0.0
2023-12-11 21:04:11,418 [WARN] ConditionMgr:1039 - genDependencies : Invalid condition id : UX DEVICE CLASS RTOS Condition cause : null
2023-12-11 21:04:11,419 [WARN] ConditionMgr:1039 - genDependencies : Invalid condition id : UX DEVICE CLASS RTOS Condition cause : null
2023-12-11 21:04:11,419 [WARN] ConditionMgr:1039 - genDependencies : Invalid condition id : UX DEVICE CLASS RTOS Condition cause : null
2023-12-11 21:04:11,419 [WARN] ConditionMgr:1039 - genDependencies : Invalid condition id : UX DEVICE CLASS RTOS Condition cause : null
2023-12-11 21:04:11,419 [WARN] ConditionMgr:1039 - genDependencies : Invalid condition id : UX DEVICE CLASS RTOS Condition cause : null
2023-12-11 21:04:11,452 [WARN] PackLoader:240 - Cannot read IP mode file for STMicroelectronics.X-CUBE-SUBG2.5.0.0
2023-12-11 21:04:11,489 [WARN] PackLoader:240 - Cannot read IP mode file for STMicroelectronics.X-CUBE-TOF1.3.3.1
2023-12-11 21:04:11,527 [WARN] PackLoader:240 - Cannot read IP mode file for STMicroelectronics.X-CUBE-AZRTOS-G4.2.0.0
2023-12-11 21:04:11,552 [WARN] PackLoader:240 - Cannot read IP mode file for Infineon.AIROC-Wi-Fi-Bluetooth-STM32.1.5.1
2023-12-11 21:04:11,567 [WARN] PackLoader:240 - Cannot read IP mode file for STMicroelectronics.FP-SNS-MOTENVWB1.1.3.1
2023-12-11 21:04:11,581 [WARN] PackLoader:240 - Cannot read IP mode file for STMicroelectronics.X-CUBE-ISPU.2.0.0
2023-12-11 21:04:11,643 [WARN] PackLoader:240 - Cannot read IP mode file for STMicroelectronics.X-CUBE-MEMS1.10.0.0
2023-12-11 21:04:11,792 [WARN] PackLoader:240 - Cannot read IP mode file for STMicroelectronics.X-CUBE-FREERTOS.1.1.0
2023-12-11 21:04:11,812 [WARN] PackLoader:240 - Cannot read IP mode file for portGmbH.I-Cube-SoM-uGOAL.1.1.0
2023-12-11 21:04:11,834 [WARN] PackLoader:240 - Cannot read IP mode file for STMicroelectronics.X-CUBE-ALS.1.0.1
2023-12-11 21:04:11,850 [WARN] PackLoader:240 - Cannot read IP mode file for STMicroelectronics.FP-ATR-ASTRA1.2.0.0
2023-12-11 21:04:11,872 [WARN] PackLoader:240 - Cannot read IP mode file for STMicroelectronics.X-CUBE-TOF1.3.4.0
2023-12-11 21:04:11,914 [WARN] PackLoader:240 - Cannot read IP mode file for STMicroelectronics.X-CUBE-AZRTOS-H7.3.2.0
2023-12-11 21:04:11,917 [INFO] ThirdParty:978 - Integrity check success = true
2023-12-11 21:04:11,918 [INFO] IntegrityCheckThread:100 - exiting critical section [integrity check]
2023-12-11 21:04:11,918 [INFO] IntegrityCheckThread:103 - End integrity checks thread
2023-12-11 21:04:12,447 [ERROR] AdobePublisher:162 - Exception while opening the connection: java.net.SocketTimeoutException: Read timed out
2023-12-11 21:04:33,327 [ERROR] LogOutputStream:75 - [STDERR_REDIRECT] SLF4J: Failed to load class "org.slf4j.impl.StaticLoggerBinder".
2023-12-11 21:04:33,327 [ERROR] LogOutputStream:75 - [STDERR_REDIRECT] SLF4J: Defaulting to no-operation (NOP) logger implementation
2023-12-11 21:04:33,329 [ERROR] LogOutputStream:75 - [STDERR_REDIRECT] SLF4J: See http://www.slf4j.org/codes.html#StaticLoggerBinder for further details.
2023-12-11 21:19:22,198 [INFO] McuFinderGlobals:63 - Set McuFinder mode to 2 (CubeIDE integrated)
2023-12-11 21:19:22,220 [INFO] MainUpdater:2868 - connection check result : 10
2023-12-11 21:19:22,789 [INFO] ApiDb:581 - Connected to CubeFinder SQLite database (C:\Users\islam\.stmcufinder\plugins\mcufinder\mcu\cube-finder-db.db)
2023-12-11 21:19:22,875 [INFO] ApiDb:668 - CubeFinder database Data Model version=2.1
2023-12-11 21:19:22,875 [INFO] ApiDb:669 - CubeFinder database Configuration version=3.0.39
2023-12-11 21:19:22,876 [INFO] ApiDb:670 - CubeFinder database generation date=2023-11-06 (1699269565)
2023-12-11 21:19:22,877 [INFO] ApiDb:671 - CubeFinder database FW Pack versions=[FP-ATR-ASTRA1_V2.0.0, FP-SNS-FLIGHT1_V5.0.1, FP-SNS-FLIGHT1_V5.0.2, FP-SNS-MOTENV1_V4.3.1, FP-SNS-MOTENV1_V4.3.2, FP-SNS-MOTENVWB1_V1.3.0, FP-SNS-SMARTAG2_V1.2.0, STM32Cube_FW_C0_V1.1.0, STM32Cube_FW_F4_V1.28.0, STM32Cube_FW_F7_V1.17.0, STM32Cube_FW_G0_V1.6.1, STM32Cube_FW_G4_V1.5.1, STM32Cube_FW_H5_V0.5.1, STM32Cube_FW_H5_V1.1.1, STM32Cube_FW_H5_V1.2.0RC2, STM32Cube_FW_H7_V1.11.0, STM32Cube_FW_L0_V1.12.2, STM32Cube_FW_L5_V1.5.0, STM32Cube_FW_U5_V1.3.0RC4, STM32Cube_FW_U5_V1.4.0, STM32Cube_FW_WBA_V1.0.0RC1, STM32Cube_FW_WBA_V1.1.0RC1, STM32Cube_FW_WBA_V1.2.0, STM32Cube_FW_WBA_V1.2.0RC2, STM32Cube_FW_WB_V1.15.0RC1, STM32Cube_FW_WB_V1.16.0, STM32Cube_FW_WB_V1.16.0RC2, STM32Cube_FW_WB_V1.18.0, STM32Cube_FW_WL_V1.3.0, X-CUBE-ALGOBUILD_V1.3.0, X-CUBE-ALS_V1.0.1, X-CUBE-AZRTOS-F4_V1.1.0, X-CUBE-AZRTOS-F7_V1.1.0, X-CUBE-AZRTOS-G0_V1.1.0, X-CUBE-AZRTOS-G4_V2.0.0, X-CUBE-AZRTOS-H7_V3.1.0, X-CUBE-AZRTOS-L4_V1.0.0, X-CUBE-AZRTOS-L4_V2.0.0, X-CUBE-AZRTOS-L5_V1.1.0, X-CUBE-AZRTOS-WB_V2.0.0, X-CUBE-AZRTOS-WL_V2.0.0, X-CUBE-BLE1_V7.0.0, X-CUBE-BLE2_V3.3.0, X-CUBE-BLEMGR_V2.0.0, X-CUBE-EEPRMA1_V4.1.0, X-CUBE-EEPRMA1_V4.2.0, X-CUBE-FREERTOS_V1.1.0, X-CUBE-GNSS1_V6.0.0, X-CUBE-MEMS1_V10.0.0, X-CUBE-MEMS1_V9.1.0, X-CUBE-MEMS1_V9.4.0, X-CUBE-MEMS1_V9.6.0, X-CUBE-NFC4_V3.0.0, X-CUBE-NFC7_V1.0.1, X-CUBE-SFXS2LP1_V4.0.0, X-CUBE-SUBG2_V5.0.0, X-CUBE-TOF1_V3.3.1]
2023-12-11 21:19:23,021 [INFO] DbBoardsSqlite:226 - include board P-NUCLEO-WB55-NUCLEO as a kit item of type 'Nucleo-64'
2023-12-11 21:19:23,022 [INFO] DbBoardsSqlite:226 - include board P-NUCLEO-WB55-USBDONGLE as a kit item of type 'Nucleo USB Dongle'
2023-12-11 21:19:23,023 [INFO] DbBoardsSqlite:226 - include board STEVAL-IDP005V1 as a kit item of type 'Evaluation Board'
2023-12-11 21:19:23,023 [INFO] DbBoardsSqlite:226 - include board STEVAL-IDP005V2 as a kit item of type 'Evaluation Board'
2023-12-11 21:19:23,319 [INFO] ApiDb:240 - Found 323 in-development CPN: [B-G473E-ZEST1S, B-WB1M-WPAN1, B-WL5M-SUBG1, NUCLEO-C031C6, NUCLEO-H503RB, NUCLEO-H563ZI, NUCLEO-U545RE-Q, NUCLEO-U5A5ZJ-Q, NUCLEO-WBA52CG, STEVAL-PROTEUS1, STEVAL-SMARTAG2, STEVAL-STWINBX1, STM320518-EVAL, STM32C0116-DK, STM32C011D6Y3TR, STM32C011D6Y6TR, STM32C011F4P3, STM32C011F4P6, STM32C011F4U3, STM32C011F4U6TR, STM32C011F6P3, STM32C011F6P6, STM32C011F6U3, STM32C011F6U6TR, STM32C011J4M3, STM32C011J4M6, STM32C011J6M3, STM32C011J6M6, STM32C0316-DK, STM32C031C4T3, STM32C031C4T6, STM32C031C4U3, STM32C031C4U6, STM32C031C6T3, STM32C031C6T6, STM32C031C6U3, STM32C031C6U6, STM32C031F4P3, STM32C031F4P6, STM32C031F6P3, STM32C031F6P6, STM32C031G4U3, STM32C031G4U6, STM32C031G6U3, STM32C031G6U6, STM32C031K4T3, STM32C031K4T6, STM32C031K4U3, STM32C031K4U6, STM32C031K6T3, STM32C031K6T6, STM32C031K6U3, STM32C031K6U6, STM32G071K8TXN, STM32G071K8UXN, STM32G081GBU6N, STM32G081KBT6N, STM32G081KBUXN, STM32G0B1CCT6N, STM32G0B1KCT6, STM32G0B1NEY6TR, STM32G0B1RCT6N, STM32G0C1CCT6, STM32G0C1CCT6N, STM32G0C1CCU6N, STM32G0C1CET6N, STM32G0C1CEU6N, STM32G0C1KCT6, STM32G0C1NEY6TR, STM32G0C1RCI6N, STM32G0C1RCT6N, STM32G0C1REI6N, STM32G0C1RET6N, STM32G0C1VCI6, STM32G0C1VEI6, STM32G471CCT6, STM32G471CCU6, STM32G471CET3, STM32G471CET6, STM32G471CEU3, STM32G471CEU6, STM32G471MCT6, STM32G471MET3, STM32G471MET6, STM32G471MEY6TR, STM32G471QCT6, STM32G471QET3, STM32G471RCT6, STM32G471RET3, STM32G471RET6, STM32G471VCH6, STM32G471VCI6, STM32G471VCT6, STM32G471VEH3, STM32G471VEH6, STM32G471VEI3, STM32G471VEI6, STM32G471VET3, STM32G471VET6, STM32G474CCT6, STM32H503CBT6, STM32H503CBU6, STM32H503EBY6TR, STM32H503KBU6, STM32H503RBT6, STM32H562AGI6, STM32H562AII6, STM32H562IGK6, STM32H562IGT6, STM32H562IIK6, STM32H562IIT6, STM32H562RGT6, STM32H562RGV6, STM32H562RIT6, STM32H562RIV6, STM32H562VGT6, STM32H562VIT6, STM32H562ZGT6, STM32H562ZIT6, STM32H563AGI6, STM32H563AII3Q, STM32H563AII6, STM32H563IGK6, STM32H563IGT6, STM32H563IIK3Q, STM32H563IIK6, STM32H563IIT3Q, STM32H563IIT6, STM32H563MIY3QTR, STM32H563RGT6, STM32H563RGV6, STM32H563RIT6, STM32H563RIV6, STM32H563VGT6, STM32H563VIT3Q, STM32H563VIT6, STM32H563ZGT6, STM32H563ZIT3Q, STM32H563ZIT6, STM32H573AII3Q, STM32H573AII6, STM32H573I-DK, STM32H573IIK3Q, STM32H573IIK6, STM32H573IIT3Q, STM32H573IIT6, STM32H573MIY3QTR, STM32H573RIT6, STM32H573RIV6, STM32H573VIT3Q, STM32H573VIT6, STM32H573ZIT3Q, STM32H573ZIT6, STM32L4R5QGI6STR, STM32MP131AAE3, STM32MP131AAF3, STM32MP131AAG3, STM32MP131CAE3, STM32MP131CAF3, STM32MP131CAG3, STM32MP131DAE7, STM32MP131DAF7, STM32MP131DAG7, STM32MP131FAE7, STM32MP131FAF7, STM32MP131FAG7, STM32MP133AAE3, STM32MP133AAF3, STM32MP133AAG3, STM32MP133CAE3, STM32MP133CAF3, STM32MP133CAG3, STM32MP133DAE7, STM32MP133DAF7, STM32MP133DAG7, STM32MP133FAE7, STM32MP133FAF7, STM32MP133FAG7, STM32MP135AAE3, STM32MP135AAF3, STM32MP135AAG3, STM32MP135CAE3, STM32MP135CAF3, STM32MP135CAG3, STM32MP135DAE7, STM32MP135DAF7, STM32MP135DAG7, STM32MP135F-DK, STM32MP135FAE7, STM32MP135FAF7, STM32MP135FAF7T, STM32MP135FAF7U, STM32MP135FAG7, STM32U535CBT6, STM32U535CBT6Q, STM32U535CBU6, STM32U535CBU6Q, STM32U535CCT6, STM32U535CCT6Q, STM32U535CCU6, STM32U535CCU6Q, STM32U535CET6, STM32U535CET6Q, STM32U535CEU6, STM32U535CEU6Q, STM32U535JEY6QTR, STM32U535NCY6QTR, STM32U535NEY6QTR, STM32U535RBI6, STM32U535RBI6Q, STM32U535RBT6, STM32U535RBT6Q, STM32U535RCI6, STM32U535RCI6Q, STM32U535RCT6, STM32U535RCT6Q, STM32U535REI6, STM32U535REI6Q, STM32U535RET6, STM32U535RET6Q, STM32U535VCI6, STM32U535VCI6Q, STM32U535VCT6, STM32U535VCT6Q, STM32U535VEI6, STM32U535VEI6Q, STM32U535VET6, STM32U535VET6Q, STM32U545CET6, STM32U545CET6Q, STM32U545CEU6, STM32U545CEU6Q, STM32U545JEY6QTR, STM32U545NEY6QTR, STM32U545REI6, STM32U545REI6Q, STM32U545RET6, STM32U545RET6Q, STM32U545VEI6, STM32U545VEI6Q, STM32U545VET6, STM32U545VET6Q, STM32U595AIH6, STM32U595AIH6Q, STM32U595AJH6, STM32U595AJH6Q, STM32U595QII6, STM32U595QII6Q, STM32U595QJI6, STM32U595QJI6Q, STM32U595RIT6, STM32U595RIT6Q, STM32U595RJT6, STM32U595RJT6Q, STM32U595VIT6, STM32U595VIT6Q, STM32U595VJT6, STM32U595VJT6Q, STM32U595ZIT6, STM32U595ZIT6Q, STM32U595ZIY6QTR, STM32U595ZJT6, STM32U595ZJT6Q, STM32U595ZJY6QTR, STM32U599BJY6QTR, STM32U599NIH6Q, STM32U599NJH6Q, STM32U599VIT6Q, STM32U599VJT6, STM32U599VJT6Q, STM32U599ZIT6Q, STM32U599ZIY6QTR, STM32U599ZJT6Q, STM32U599ZJY6QTR, STM32U5A5AJH6, STM32U5A5AJH6Q, STM32U5A5QJI6, STM32U5A5QJI6Q, STM32U5A5RJT6, STM32U5A5RJT6Q, STM32U5A5VJT6, STM32U5A5VJT6Q, STM32U5A5ZJT6, STM32U5A5ZJT6Q, STM32U5A5ZJY6QTR, STM32U5A9BJY6QTR, STM32U5A9J-DK, STM32U5A9NJH6Q, STM32U5A9VJT6Q, STM32U5A9ZJT6Q, STM32U5A9ZJY6QTR, STM32U5F7VIT6, STM32U5F7VIT6Q, STM32U5F7VJT6, STM32U5F7VJT6Q, STM32U5F9BJY6QTR, STM32U5F9NJH6Q, STM32U5F9VIT6Q, STM32U5F9VJT6Q, STM32U5F9ZIJ6QTR, STM32U5F9ZIT6Q, STM32U5F9ZJJ6QTR, STM32U5F9ZJT6Q, STM32U5G7VJT6, STM32U5G7VJT6Q, STM32U5G9BJY6QTR, STM32U5G9J-DK1, STM32U5G9J-DK2, STM32U5G9NJH6Q, STM32U5G9VJT6Q, STM32U5G9ZJJ6QTR, STM32U5G9ZJT6Q, STM32WB1MMCH6, STM32WBA52CEU6, STM32WBA52CEU6T, STM32WBA52CGU6, STM32WBA52CGU6T, STM32WBA52KEU6, STM32WBA52KEU6T, STM32WBA52KGU6, STM32WBA52KGU6T, STM32WL5MOCH6, STM32WL5MOCH6TR]
2023-12-11 21:19:23,322 [INFO] ApiDb:668 - CubeFinder database Data Model version=2.1
2023-12-11 21:19:23,322 [INFO] ApiDb:669 - CubeFinder database Configuration version=3.0.39
2023-12-11 21:19:23,322 [INFO] ApiDb:670 - CubeFinder database generation date=2023-11-06 (1699269565)
2023-12-11 21:19:23,322 [INFO] ApiDb:671 - CubeFinder database FW Pack versions=[FP-ATR-ASTRA1_V2.0.0, FP-SNS-FLIGHT1_V5.0.1, FP-SNS-FLIGHT1_V5.0.2, FP-SNS-MOTENV1_V4.3.1, FP-SNS-MOTENV1_V4.3.2, FP-SNS-MOTENVWB1_V1.3.0, FP-SNS-SMARTAG2_V1.2.0, STM32Cube_FW_C0_V1.1.0, STM32Cube_FW_F4_V1.28.0, STM32Cube_FW_F7_V1.17.0, STM32Cube_FW_G0_V1.6.1, STM32Cube_FW_G4_V1.5.1, STM32Cube_FW_H5_V0.5.1, STM32Cube_FW_H5_V1.1.1, STM32Cube_FW_H5_V1.2.0RC2, STM32Cube_FW_H7_V1.11.0, STM32Cube_FW_L0_V1.12.2, STM32Cube_FW_L5_V1.5.0, STM32Cube_FW_U5_V1.3.0RC4, STM32Cube_FW_U5_V1.4.0, STM32Cube_FW_WBA_V1.0.0RC1, STM32Cube_FW_WBA_V1.1.0RC1, STM32Cube_FW_WBA_V1.2.0, STM32Cube_FW_WBA_V1.2.0RC2, STM32Cube_FW_WB_V1.15.0RC1, STM32Cube_FW_WB_V1.16.0, STM32Cube_FW_WB_V1.16.0RC2, STM32Cube_FW_WB_V1.18.0, STM32Cube_FW_WL_V1.3.0, X-CUBE-ALGOBUILD_V1.3.0, X-CUBE-ALS_V1.0.1, X-CUBE-AZRTOS-F4_V1.1.0, X-CUBE-AZRTOS-F7_V1.1.0, X-CUBE-AZRTOS-G0_V1.1.0, X-CUBE-AZRTOS-G4_V2.0.0, X-CUBE-AZRTOS-H7_V3.1.0, X-CUBE-AZRTOS-L4_V1.0.0, X-CUBE-AZRTOS-L4_V2.0.0, X-CUBE-AZRTOS-L5_V1.1.0, X-CUBE-AZRTOS-WB_V2.0.0, X-CUBE-AZRTOS-WL_V2.0.0, X-CUBE-BLE1_V7.0.0, X-CUBE-BLE2_V3.3.0, X-CUBE-BLEMGR_V2.0.0, X-CUBE-EEPRMA1_V4.1.0, X-CUBE-EEPRMA1_V4.2.0, X-CUBE-FREERTOS_V1.1.0, X-CUBE-GNSS1_V6.0.0, X-CUBE-MEMS1_V10.0.0, X-CUBE-MEMS1_V9.1.0, X-CUBE-MEMS1_V9.4.0, X-CUBE-MEMS1_V9.6.0, X-CUBE-NFC4_V3.0.0, X-CUBE-NFC7_V1.0.1, X-CUBE-SFXS2LP1_V4.0.0, X-CUBE-SUBG2_V5.0.0, X-CUBE-TOF1_V3.3.1]
2023-12-11 21:19:25,086 [INFO] ApiDb:240 - Found 323 in-development CPN: [B-G473E-ZEST1S, B-WB1M-WPAN1, B-WL5M-SUBG1, NUCLEO-C031C6, NUCLEO-H503RB, NUCLEO-H563ZI, NUCLEO-U545RE-Q, NUCLEO-U5A5ZJ-Q, NUCLEO-WBA52CG, STEVAL-PROTEUS1, STEVAL-SMARTAG2, STEVAL-STWINBX1, STM320518-EVAL, STM32C0116-DK, STM32C011D6Y3TR, STM32C011D6Y6TR, STM32C011F4P3, STM32C011F4P6, STM32C011F4U3, STM32C011F4U6TR, STM32C011F6P3, STM32C011F6P6, STM32C011F6U3, STM32C011F6U6TR, STM32C011J4M3, STM32C011J4M6, STM32C011J6M3, STM32C011J6M6, STM32C0316-DK, STM32C031C4T3, STM32C031C4T6, STM32C031C4U3, STM32C031C4U6, STM32C031C6T3, STM32C031C6T6, STM32C031C6U3, STM32C031C6U6, STM32C031F4P3, STM32C031F4P6, STM32C031F6P3, STM32C031F6P6, STM32C031G4U3, STM32C031G4U6, STM32C031G6U3, STM32C031G6U6, STM32C031K4T3, STM32C031K4T6, STM32C031K4U3, STM32C031K4U6, STM32C031K6T3, STM32C031K6T6, STM32C031K6U3, STM32C031K6U6, STM32G071K8TXN, STM32G071K8UXN, STM32G081GBU6N, STM32G081KBT6N, STM32G081KBUXN, STM32G0B1CCT6N, STM32G0B1KCT6, STM32G0B1NEY6TR, STM32G0B1RCT6N, STM32G0C1CCT6, STM32G0C1CCT6N, STM32G0C1CCU6N, STM32G0C1CET6N, STM32G0C1CEU6N, STM32G0C1KCT6, STM32G0C1NEY6TR, STM32G0C1RCI6N, STM32G0C1RCT6N, STM32G0C1REI6N, STM32G0C1RET6N, STM32G0C1VCI6, STM32G0C1VEI6, STM32G471CCT6, STM32G471CCU6, STM32G471CET3, STM32G471CET6, STM32G471CEU3, STM32G471CEU6, STM32G471MCT6, STM32G471MET3, STM32G471MET6, STM32G471MEY6TR, STM32G471QCT6, STM32G471QET3, STM32G471RCT6, STM32G471RET3, STM32G471RET6, STM32G471VCH6, STM32G471VCI6, STM32G471VCT6, STM32G471VEH3, STM32G471VEH6, STM32G471VEI3, STM32G471VEI6, STM32G471VET3, STM32G471VET6, STM32G474CCT6, STM32H503CBT6, STM32H503CBU6, STM32H503EBY6TR, STM32H503KBU6, STM32H503RBT6, STM32H562AGI6, STM32H562AII6, STM32H562IGK6, STM32H562IGT6, STM32H562IIK6, STM32H562IIT6, STM32H562RGT6, STM32H562RGV6, STM32H562RIT6, STM32H562RIV6, STM32H562VGT6, STM32H562VIT6, STM32H562ZGT6, STM32H562ZIT6, STM32H563AGI6, STM32H563AII3Q, STM32H563AII6, STM32H563IGK6, STM32H563IGT6, STM32H563IIK3Q, STM32H563IIK6, STM32H563IIT3Q, STM32H563IIT6, STM32H563MIY3QTR, STM32H563RGT6, STM32H563RGV6, STM32H563RIT6, STM32H563RIV6, STM32H563VGT6, STM32H563VIT3Q, STM32H563VIT6, STM32H563ZGT6, STM32H563ZIT3Q, STM32H563ZIT6, STM32H573AII3Q, STM32H573AII6, STM32H573I-DK, STM32H573IIK3Q, STM32H573IIK6, STM32H573IIT3Q, STM32H573IIT6, STM32H573MIY3QTR, STM32H573RIT6, STM32H573RIV6, STM32H573VIT3Q, STM32H573VIT6, STM32H573ZIT3Q, STM32H573ZIT6, STM32L4R5QGI6STR, STM32MP131AAE3, STM32MP131AAF3, STM32MP131AAG3, STM32MP131CAE3, STM32MP131CAF3, STM32MP131CAG3, STM32MP131DAE7, STM32MP131DAF7, STM32MP131DAG7, STM32MP131FAE7, STM32MP131FAF7, STM32MP131FAG7, STM32MP133AAE3, STM32MP133AAF3, STM32MP133AAG3, STM32MP133CAE3, STM32MP133CAF3, STM32MP133CAG3, STM32MP133DAE7, STM32MP133DAF7, STM32MP133DAG7, STM32MP133FAE7, STM32MP133FAF7, STM32MP133FAG7, STM32MP135AAE3, STM32MP135AAF3, STM32MP135AAG3, STM32MP135CAE3, STM32MP135CAF3, STM32MP135CAG3, STM32MP135DAE7, STM32MP135DAF7, STM32MP135DAG7, STM32MP135F-DK, STM32MP135FAE7, STM32MP135FAF7, STM32MP135FAF7T, STM32MP135FAF7U, STM32MP135FAG7, STM32U535CBT6, STM32U535CBT6Q, STM32U535CBU6, STM32U535CBU6Q, STM32U535CCT6, STM32U535CCT6Q, STM32U535CCU6, STM32U535CCU6Q, STM32U535CET6, STM32U535CET6Q, STM32U535CEU6, STM32U535CEU6Q, STM32U535JEY6QTR, STM32U535NCY6QTR, STM32U535NEY6QTR, STM32U535RBI6, STM32U535RBI6Q, STM32U535RBT6, STM32U535RBT6Q, STM32U535RCI6, STM32U535RCI6Q, STM32U535RCT6, STM32U535RCT6Q, STM32U535REI6, STM32U535REI6Q, STM32U535RET6, STM32U535RET6Q, STM32U535VCI6, STM32U535VCI6Q, STM32U535VCT6, STM32U535VCT6Q, STM32U535VEI6, STM32U535VEI6Q, STM32U535VET6, STM32U535VET6Q, STM32U545CET6, STM32U545CET6Q, STM32U545CEU6, STM32U545CEU6Q, STM32U545JEY6QTR, STM32U545NEY6QTR, STM32U545REI6, STM32U545REI6Q, STM32U545RET6, STM32U545RET6Q, STM32U545VEI6, STM32U545VEI6Q, STM32U545VET6, STM32U545VET6Q, STM32U595AIH6, STM32U595AIH6Q, STM32U595AJH6, STM32U595AJH6Q, STM32U595QII6, STM32U595QII6Q, STM32U595QJI6, STM32U595QJI6Q, STM32U595RIT6, STM32U595RIT6Q, STM32U595RJT6, STM32U595RJT6Q, STM32U595VIT6, STM32U595VIT6Q, STM32U595VJT6, STM32U595VJT6Q, STM32U595ZIT6, STM32U595ZIT6Q, STM32U595ZIY6QTR, STM32U595ZJT6, STM32U595ZJT6Q, STM32U595ZJY6QTR, STM32U599BJY6QTR, STM32U599NIH6Q, STM32U599NJH6Q, STM32U599VIT6Q, STM32U599VJT6, STM32U599VJT6Q, STM32U599ZIT6Q, STM32U599ZIY6QTR, STM32U599ZJT6Q, STM32U599ZJY6QTR, STM32U5A5AJH6, STM32U5A5AJH6Q, STM32U5A5QJI6, STM32U5A5QJI6Q, STM32U5A5RJT6, STM32U5A5RJT6Q, STM32U5A5VJT6, STM32U5A5VJT6Q, STM32U5A5ZJT6, STM32U5A5ZJT6Q, STM32U5A5ZJY6QTR, STM32U5A9BJY6QTR, STM32U5A9J-DK, STM32U5A9NJH6Q, STM32U5A9VJT6Q, STM32U5A9ZJT6Q, STM32U5A9ZJY6QTR, STM32U5F7VIT6, STM32U5F7VIT6Q, STM32U5F7VJT6, STM32U5F7VJT6Q, STM32U5F9BJY6QTR, STM32U5F9NJH6Q, STM32U5F9VIT6Q, STM32U5F9VJT6Q, STM32U5F9ZIJ6QTR, STM32U5F9ZIT6Q, STM32U5F9ZJJ6QTR, STM32U5F9ZJT6Q, STM32U5G7VJT6, STM32U5G7VJT6Q, STM32U5G9BJY6QTR, STM32U5G9J-DK1, STM32U5G9J-DK2, STM32U5G9NJH6Q, STM32U5G9VJT6Q, STM32U5G9ZJJ6QTR, STM32U5G9ZJT6Q, STM32WB1MMCH6, STM32WBA52CEU6, STM32WBA52CEU6T, STM32WBA52CGU6, STM32WBA52CGU6T, STM32WBA52KEU6, STM32WBA52KEU6T, STM32WBA52KGU6, STM32WBA52KGU6T, STM32WL5MOCH6, STM32WL5MOCH6TR]
2023-12-11 21:19:25,090 [INFO] DbMcus:217 - Found 3882 MCUs, 3882 are supported
2023-12-11 21:19:25,091 [INFO] ApiDb:423 - Load user favorites file C:\Users\islam/.stm32cubeide/favorites.mcus.txt: 0 item(s)
2023-12-11 21:19:25,091 [INFO] ApiDb:427 - User favorites MCUs=[]
2023-12-11 21:19:25,091 [INFO] DbMcus:223 - Set 0 / 0 favorites MCUs
2023-12-11 21:19:25,339 [INFO] BoardInfo:880 - No configuration file found for board P-NUCLEO-WB55
2023-12-11 21:19:25,339 [INFO] DbBoards:157 - Kit is not supported: P-NUCLEO-WB55
2023-12-11 21:19:25,343 [INFO] BoardInfo:880 - No configuration file found for board STEVAL-BFA001V1B
2023-12-11 21:19:25,343 [INFO] DbBoards:157 - Kit is not supported: STEVAL-BFA001V1B
2023-12-11 21:19:25,344 [INFO] BoardInfo:880 - No configuration file found for board STEVAL-BFA001V2B
2023-12-11 21:19:25,344 [INFO] DbBoards:157 - Kit is not supported: STEVAL-BFA001V2B
2023-12-11 21:19:25,347 [INFO] BoardInfo:880 - No configuration file found for board STEVAL-MKBOXPRO
2023-12-11 21:19:25,347 [INFO] DbBoards:157 - Board is not supported: STEVAL-MKBOXPRO
2023-12-11 21:19:25,431 [INFO] DbBoards:161 - Found 191 boards, 187 are supported
2023-12-11 21:19:25,433 [INFO] ApiDb:423 - Load user favorites file C:\Users\islam/.stm32cubeide/favorites.boards.txt: 0 item(s)
2023-12-11 21:19:25,433 [INFO] ApiDb:427 - User favorites Boards=[]
2023-12-11 21:19:25,433 [INFO] DbBoards:190 - Set 0 / 0 favorites Boards
2023-12-11 21:19:25,433 [INFO] McuFinderGlobals:76 - Set McuFinderConnectedMode to true
2023-12-11 21:19:25,439 [INFO] MultiScanPanel:200 - Auto-refresh data requested => check proxy status ongoing
2023-12-11 21:19:25,441 [INFO] FinderPluginLoader:95 - Searching for filters in installed packs
2023-12-11 21:19:26,451 [INFO] LoadUrlFilesThread:185 - End of LoadServerUrlFiles without Thread
2023-12-11 21:19:26,479 [INFO] DetailPanel:341 - Set advertising image to C:/Users/islam/STM32Cube/Repository/\en.prom-stm32wl3-mcu-finder.jpg
2023-12-11 21:19:29,426 [INFO] MultiScanPanel:200 - Auto-refresh data requested => check proxy status ongoing
2023-12-11 21:19:29,528 [INFO] LoadUrlFilesThread:185 - End of LoadServerUrlFiles without Thread
2023-12-11 21:19:29,528 [INFO] DetailPanel:341 - Set advertising image to C:/Users/islam/STM32Cube/Repository/\en.prom-stm32wl3-mcu-finder.jpg
2023-12-11 21:19:29,538 [INFO] DbBoards:634 - Loading board mini-images...
2023-12-11 21:19:32,018 [INFO] DbBoards:657 - Loaded 191 board mini-images
2023-12-11 21:19:54,722 [INFO] McuFinderGlobals:76 - Set McuFinderConnectedMode to true
2023-12-11 21:19:54,725 [INFO] ApiDb:448 - Save user favorites file C:\Users\islam/.stm32cubeide/favorites.mcus.txt: 0 item(s)
2023-12-11 21:19:54,725 [INFO] ApiDb:452 - User favorites MCUs=[]
2023-12-11 21:19:54,726 [INFO] ApiDb:448 - Save user favorites file C:\Users\islam/.stm32cubeide/favorites.boards.txt: 0 item(s)
2023-12-11 21:19:54,726 [INFO] ApiDb:452 - User favorites Boards=[]
2023-12-11 22:47:06,245 [INFO] Activator:176 - 


2023-12-11 22:47:06,247 [INFO] Activator:177 - !SESSION log4j initialized
2023-12-11 22:47:10,937 [INFO] LogOutputStream:77 - [STDOUT_REDIRECT] 
2023-12-11 22:47:13,005 [INFO] ApplicationProperties:184 - Using Application install path: C:\ST\STM32CubeIDE_1.13.2\STM32CubeIDE\plugins\com.st.stm32cube.common.mx_6.9.2.202309101412
2023-12-11 22:47:13,015 [INFO] DbMcusXml:78 - Set database path to: C:\ST\STM32CubeIDE_1.13.2\STM32CubeIDE\plugins\com.st.stm32cube.common.mx_6.9.2.202309101412\\db\/mcu/
2023-12-11 22:47:13,015 [INFO] ApiDb:274 - Set plugin database path to: C:\ST\STM32CubeIDE_1.13.2\STM32CubeIDE\plugins\com.st.stm32cube.common.mx_6.9.2.202309101412\\db\/plugins/boardmanager/
2023-12-11 22:47:13,016 [WARN] ApiDb:259 - Overriding images path with different value:  => C:\ST\STM32CubeIDE_1.13.2\STM32CubeIDE\plugins\com.st.stm32cube.common.mx_6.9.2.202309101412\\db\/plugins/mcufinder/images/
2023-12-11 22:47:13,023 [INFO] ApiDb:250 - Set database path to: C:\Users\islam\.stmcufinder\plugins\mcufinder//mcu/
2023-12-11 22:47:13,024 [INFO] DbMcusAds:125 - Set database path to: C:\Users\islam\.stmcufinder\plugins\mcufinder//mcu/
2023-12-11 22:47:13,026 [INFO] CrossReferenceDbSqlite:203 - Set database path to: C:\Users\islam\.stmcufinder\plugins\mcufinder//mcu/cs/
2023-12-11 22:47:13,108 [INFO] RulesReader:64 - Compatibility file has been processed (293 Rules)
2023-12-11 22:47:13,169 [INFO] DbMcusXml:78 - Set database path to: C:\ST\STM32CubeIDE_1.13.2\STM32CubeIDE\plugins\com.st.stm32cube.common.mx_6.9.2.202309101412\\db\/mcu/
2023-12-11 22:47:13,169 [INFO] ApiDb:274 - Set plugin database path to: C:\ST\STM32CubeIDE_1.13.2\STM32CubeIDE\plugins\com.st.stm32cube.common.mx_6.9.2.202309101412\\db\/plugins/boardmanager/
2023-12-11 22:47:13,169 [INFO] ApiDb:261 - Set plugin images path to: C:\ST\STM32CubeIDE_1.13.2\STM32CubeIDE\plugins\com.st.stm32cube.common.mx_6.9.2.202309101412\\db\/plugins/mcufinder/images/
2023-12-11 22:47:13,169 [WARN] DbFile:41 - Overriding database path with different value: C:\Users\islam\.stmcufinder\plugins\mcufinder/ => C:\Users\islam\.stmcufinder\plugins\mcufinder
2023-12-11 22:47:13,169 [INFO] ApiDb:250 - Set database path to: C:\Users\islam\.stmcufinder\plugins\mcufinder//mcu/
2023-12-11 22:47:13,170 [WARN] DbFile:41 - Overriding database path with different value: C:\Users\islam\.stmcufinder\plugins\mcufinder/ => C:\Users\islam\.stmcufinder\plugins\mcufinder
2023-12-11 22:47:13,170 [INFO] DbMcusAds:125 - Set database path to: C:\Users\islam\.stmcufinder\plugins\mcufinder//mcu/
2023-12-11 22:47:13,170 [WARN] DbFile:41 - Overriding database path with different value: C:\Users\islam\.stmcufinder\plugins\mcufinder/ => C:\Users\islam\.stmcufinder\plugins\mcufinder
2023-12-11 22:47:13,170 [WARN] DbFile:41 - Overriding database path with different value: C:\Users\islam\.stmcufinder\plugins\mcufinder/ => C:\Users\islam\.stmcufinder\plugins\mcufinder
2023-12-11 22:47:13,170 [INFO] CrossReferenceDbSqlite:203 - Set database path to: C:\Users\islam\.stmcufinder\plugins\mcufinder//mcu/cs/
2023-12-11 22:47:13,221 [INFO] MainPanel:262 - HeapMemory: 268435456
2023-12-11 22:47:13,272 [INFO] DbMcusXml:78 - Set database path to: C:\ST\STM32CubeIDE_1.13.2\STM32CubeIDE\plugins\com.st.stm32cube.common.mx_6.9.2.202309101412\\db\/mcu/
2023-12-11 22:47:13,272 [INFO] ApiDb:274 - Set plugin database path to: C:\ST\STM32CubeIDE_1.13.2\STM32CubeIDE\plugins\com.st.stm32cube.common.mx_6.9.2.202309101412\\db\/plugins/boardmanager/
2023-12-11 22:47:13,272 [INFO] ApiDb:261 - Set plugin images path to: C:\ST\STM32CubeIDE_1.13.2\STM32CubeIDE\plugins\com.st.stm32cube.common.mx_6.9.2.202309101412\\db\/plugins/mcufinder/images/
2023-12-11 22:47:13,272 [WARN] DbFile:41 - Overriding database path with different value: C:\Users\islam\.stmcufinder\plugins\mcufinder/ => C:\Users\islam\.stmcufinder\plugins\mcufinder
2023-12-11 22:47:13,272 [INFO] ApiDb:250 - Set database path to: C:\Users\islam\.stmcufinder\plugins\mcufinder//mcu/
2023-12-11 22:47:13,272 [WARN] DbFile:41 - Overriding database path with different value: C:\Users\islam\.stmcufinder\plugins\mcufinder/ => C:\Users\islam\.stmcufinder\plugins\mcufinder
2023-12-11 22:47:13,272 [INFO] DbMcusAds:125 - Set database path to: C:\Users\islam\.stmcufinder\plugins\mcufinder//mcu/
2023-12-11 22:47:13,272 [WARN] DbFile:41 - Overriding database path with different value: C:\Users\islam\.stmcufinder\plugins\mcufinder/ => C:\Users\islam\.stmcufinder\plugins\mcufinder
2023-12-11 22:47:13,273 [WARN] DbFile:41 - Overriding database path with different value: C:\Users\islam\.stmcufinder\plugins\mcufinder/ => C:\Users\islam\.stmcufinder\plugins\mcufinder
2023-12-11 22:47:13,273 [INFO] CrossReferenceDbSqlite:203 - Set database path to: C:\Users\islam\.stmcufinder\plugins\mcufinder//mcu/cs/
2023-12-11 22:47:13,284 [INFO] ApplicationProperties:184 - Using Application install path: C:\ST\STM32CubeIDE_1.13.2\STM32CubeIDE\plugins\com.st.stm32cube.common.mx_6.9.2.202309101412
2023-12-11 22:47:13,285 [INFO] PluginManage:196 - Search for loadable plugins [exclusion list=, ]
2023-12-11 22:47:13,286 [INFO] PluginManage:310 - Check plugin analytics
2023-12-11 22:47:13,406 [INFO] AnalyticsPlugin:253 - Accepted Software Licenses: 
2023-12-11 22:47:13,406 [INFO] AnalyticsPlugin:255 - Accepted CMSIS Pack Licenses: 
2023-12-11 22:47:13,406 [INFO] AnalyticsPlugin:257 - Accepted Firmware Licenses: 
2023-12-11 22:47:13,409 [INFO] PluginManage:359 - Loaded plugin analytics (category:tool,tabindex:-1)
2023-12-11 22:47:13,409 [INFO] PluginManage:310 - Check plugin cadmodel
2023-12-11 22:47:13,423 [INFO] CADModel:105 - Init CAD model plugin
2023-12-11 22:47:13,423 [INFO] PluginManage:359 - Loaded plugin cadmodel (category:power,tabindex:5)
2023-12-11 22:47:13,423 [INFO] PluginManage:310 - Check plugin clock
2023-12-11 22:47:13,437 [INFO] PluginManage:359 - Loaded plugin clock (category:base,tabindex:2)
2023-12-11 22:47:13,437 [INFO] PluginManage:310 - Check plugin ddr
2023-12-11 22:47:13,438 [INFO] PluginManage:359 - Loaded plugin ddr (category:tool,tabindex:6)
2023-12-11 22:47:13,439 [INFO] PluginManage:310 - Check plugin filemanager
2023-12-11 22:47:13,547 [INFO] PluginManage:359 - Loaded plugin filemanager (category:base,tabindex:10)
2023-12-11 22:47:13,547 [INFO] PluginManage:310 - Check plugin ipmanager
2023-12-11 22:47:13,556 [INFO] PluginManage:359 - Loaded plugin ipmanager (category:base,tabindex:5)
2023-12-11 22:47:13,556 [INFO] PluginManage:310 - Check plugin lpbam
2023-12-11 22:47:13,572 [INFO] PluginManage:359 - Loaded plugin lpbam (category:base,tabindex:0)
2023-12-11 22:47:13,573 [INFO] PluginManage:310 - Check plugin memorymap
2023-12-11 22:47:13,592 [INFO] PluginManage:359 - Loaded plugin memorymap (category:base,tabindex:4)
2023-12-11 22:47:13,592 [INFO] PluginManage:310 - Check plugin pinoutandconfiguration
2023-12-11 22:47:13,608 [INFO] PluginManage:359 - Loaded plugin pinoutandconfiguration (category:base,tabindex:1)
2023-12-11 22:47:13,609 [INFO] PluginManage:310 - Check plugin pinoutconfig
2023-12-11 22:47:13,706 [WARN] SupportedApi:132 - Cannot load RTOS API schema: s4s-elt-must-match.1: The content of 'definitions' must match (annotation?, (simpleType | complexType)?, (unique | key | keyref)*)). A problem was found starting at: attribute.
2023-12-11 22:47:13,808 [INFO] PluginManage:359 - Loaded plugin pinoutconfig (category:base,tabindex:0)
2023-12-11 22:47:13,808 [INFO] PluginManage:310 - Check plugin power
2023-12-11 22:47:13,824 [INFO] PluginManage:359 - Loaded plugin power (category:power,tabindex:4)
2023-12-11 22:47:13,824 [INFO] PluginManage:310 - Check plugin projectmanager
2023-12-11 22:47:13,838 [INFO] PluginManage:359 - Loaded plugin projectmanager (category:projectmanager,tabindex:3)
2023-12-11 22:47:13,838 [INFO] PluginManage:310 - Check plugin thirdparty
2023-12-11 22:47:14,087 [INFO] PluginManage:359 - Loaded plugin thirdparty (category:base,tabindex:-1)
2023-12-11 22:47:14,087 [INFO] PluginManage:310 - Check plugin tools
2023-12-11 22:47:14,087 [WARN] IntegrityCheckThread:84 - waiting for thirdparty lock release [integrity check]
2023-12-11 22:47:14,087 [INFO] IntegrityCheckThread:86 - entering critical section [integrity check]
2023-12-11 22:47:14,088 [INFO] ThirdPartyUpdaterWithRetryManager:70 - Updater plugin not ready yet. [1/15]
2023-12-11 22:47:14,118 [INFO] PluginManage:359 - Loaded plugin tools (category:base,tabindex:7)
2023-12-11 22:47:14,118 [INFO] PluginManage:310 - Check plugin tutovideos
2023-12-11 22:47:14,244 [INFO] PluginManage:359 - Loaded plugin tutovideos (category:base,tabindex:-1)
2023-12-11 22:47:14,245 [INFO] PluginManage:310 - Check plugin updater
2023-12-11 22:47:14,251 [INFO] PluginManage:359 - Loaded plugin updater (category:base,tabindex:12)
2023-12-11 22:47:14,252 [INFO] PluginManage:310 - Check plugin userauth
2023-12-11 22:47:14,255 [INFO] UserAuth:113 - Init User Auth plugin
2023-12-11 22:47:14,255 [INFO] PluginManage:359 - Loaded plugin userauth (category:base,tabindex:14)
2023-12-11 22:47:14,255 [INFO] PluginManage:283 - PluginManage : Loaded plugins [17]
2023-12-11 22:47:14,404 [INFO] PinOutPanel:1499 - setPackage(No Configuration,No Configuration)
2023-12-11 22:47:14,485 [INFO] CADModel:165 - CPN selected for project level
2023-12-11 22:47:14,485 [INFO] CADModel:114 - Register for checkConnection events
2023-12-11 22:47:14,503 [INFO] IPUIPlugin:80 - create IPUIPlugin
2023-12-11 22:47:14,503 [INFO] PluginManager:220 - loadIPPluginJar : add adc
2023-12-11 22:47:14,531 [INFO] IPUIPlugin:80 - create IPUIPlugin
2023-12-11 22:47:14,531 [INFO] PluginManager:220 - loadIPPluginJar : add aes
2023-12-11 22:47:14,563 [INFO] IPUIPlugin:80 - create IPUIPlugin
2023-12-11 22:47:14,563 [INFO] PluginManager:220 - loadIPPluginJar : add can
2023-12-11 22:47:14,581 [INFO] IPUIPlugin:80 - create IPUIPlugin
2023-12-11 22:47:14,581 [INFO] PluginManager:220 - loadIPPluginJar : add comp
2023-12-11 22:47:14,607 [INFO] IPUIPlugin:80 - create IPUIPlugin
2023-12-11 22:47:14,607 [INFO] PluginManager:220 - loadIPPluginJar : add cryp
2023-12-11 22:47:14,630 [INFO] IPUIPlugin:80 - create IPUIPlugin
2023-12-11 22:47:14,630 [INFO] PluginManager:220 - loadIPPluginJar : add dfsdm
2023-12-11 22:47:14,641 [INFO] IPUIPlugin:80 - create IPUIPlugin
2023-12-11 22:47:14,642 [INFO] PluginManager:220 - loadIPPluginJar : add dma
2023-12-11 22:47:14,675 [INFO] IPUIPlugin:80 - create IPUIPlugin
2023-12-11 22:47:14,676 [INFO] PluginManager:220 - loadIPPluginJar : add dma3
2023-12-11 22:47:14,691 [INFO] IPUIPlugin:80 - create IPUIPlugin
2023-12-11 22:47:14,691 [INFO] PluginManager:220 - loadIPPluginJar : add fatfs
2023-12-11 22:47:14,728 [INFO] IPUIPlugin:80 - create IPUIPlugin
2023-12-11 22:47:14,728 [INFO] PluginManager:220 - loadIPPluginJar : add fmc
2023-12-11 22:47:14,740 [INFO] IPUIPlugin:80 - create IPUIPlugin
2023-12-11 22:47:14,740 [INFO] PluginManager:220 - loadIPPluginJar : add freertos
2023-12-11 22:47:14,758 [INFO] IPUIPlugin:80 - create IPUIPlugin
2023-12-11 22:47:14,758 [INFO] PluginManager:220 - loadIPPluginJar : add genericplugin
2023-12-11 22:47:14,828 [INFO] IPUIPlugin:80 - create IPUIPlugin
2023-12-11 22:47:14,828 [INFO] PluginManager:220 - loadIPPluginJar : add gfxmmu
2023-12-11 22:47:14,926 [INFO] IPUIPlugin:80 - create IPUIPlugin
2023-12-11 22:47:14,926 [INFO] PluginManager:220 - loadIPPluginJar : add gic
2023-12-11 22:47:14,937 [INFO] IPUIPlugin:80 - create IPUIPlugin
2023-12-11 22:47:14,937 [INFO] PluginManager:220 - loadIPPluginJar : add gpio
2023-12-11 22:47:15,007 [INFO] IPUIPlugin:80 - create IPUIPlugin
2023-12-11 22:47:15,007 [INFO] PluginManager:220 - loadIPPluginJar : add gtzc
2023-12-11 22:47:15,031 [INFO] IPUIPlugin:80 - create IPUIPlugin
2023-12-11 22:47:15,031 [INFO] PluginManager:220 - loadIPPluginJar : add hash
2023-12-11 22:47:15,081 [INFO] IPUIPlugin:80 - create IPUIPlugin
2023-12-11 22:47:15,081 [INFO] PluginManager:220 - loadIPPluginJar : add i2c
2023-12-11 22:47:15,112 [INFO] IPUIPlugin:80 - create IPUIPlugin
2023-12-11 22:47:15,113 [INFO] PluginManager:220 - loadIPPluginJar : add i2s
2023-12-11 22:47:15,144 [INFO] IPUIPlugin:80 - create IPUIPlugin
2023-12-11 22:47:15,144 [INFO] PluginManager:220 - loadIPPluginJar : add i3c
2023-12-11 22:47:15,224 [INFO] IPUIPlugin:80 - create IPUIPlugin
2023-12-11 22:47:15,224 [INFO] PluginManager:220 - loadIPPluginJar : add ipddr
2023-12-11 22:47:15,295 [INFO] IPUIPlugin:80 - create IPUIPlugin
2023-12-11 22:47:15,295 [INFO] PluginManager:220 - loadIPPluginJar : add linkedlist
2023-12-11 22:47:15,322 [INFO] IPUIPlugin:80 - create IPUIPlugin
2023-12-11 22:47:15,322 [INFO] PluginManager:220 - loadIPPluginJar : add lorawan
2023-12-11 22:47:15,351 [INFO] IPUIPlugin:80 - create IPUIPlugin
2023-12-11 22:47:15,351 [INFO] PluginManager:220 - loadIPPluginJar : add ltdc
2023-12-11 22:47:15,361 [INFO] IPUIPlugin:80 - create IPUIPlugin
2023-12-11 22:47:15,361 [INFO] PluginManager:220 - loadIPPluginJar : add mdma
2023-12-11 22:47:15,371 [INFO] IPUIPlugin:80 - create IPUIPlugin
2023-12-11 22:47:15,372 [INFO] PluginManager:220 - loadIPPluginJar : add nvic
2023-12-11 22:47:15,398 [INFO] IPUIPlugin:80 - create IPUIPlugin
2023-12-11 22:47:15,398 [INFO] PluginManager:220 - loadIPPluginJar : add opamp
2023-12-11 22:47:15,451 [INFO] IPUIPlugin:80 - create IPUIPlugin
2023-12-11 22:47:15,451 [INFO] PluginManager:220 - loadIPPluginJar : add openamp
2023-12-11 22:47:15,485 [INFO] IPUIPlugin:80 - create IPUIPlugin
2023-12-11 22:47:15,485 [INFO] PluginManager:220 - loadIPPluginJar : add pdm2pcm
2023-12-11 22:47:15,495 [INFO] IPUIPlugin:80 - create IPUIPlugin
2023-12-11 22:47:15,497 [INFO] PluginManager:220 - loadIPPluginJar : add plateformsettings
2023-12-11 22:47:15,514 [INFO] IPUIPlugin:80 - create IPUIPlugin
2023-12-11 22:47:15,514 [INFO] PluginManager:220 - loadIPPluginJar : add quadspi
2023-12-11 22:47:15,524 [INFO] IPUIPlugin:80 - create IPUIPlugin
2023-12-11 22:47:15,524 [INFO] PluginManager:220 - loadIPPluginJar : add resmgrutility
2023-12-11 22:47:15,560 [INFO] IPUIPlugin:80 - create IPUIPlugin
2023-12-11 22:47:15,560 [INFO] PluginManager:220 - loadIPPluginJar : add sai
2023-12-11 22:47:15,589 [INFO] IPUIPlugin:80 - create IPUIPlugin
2023-12-11 22:47:15,589 [INFO] PluginManager:220 - loadIPPluginJar : add spi
2023-12-11 22:47:15,632 [INFO] IPUIPlugin:80 - create IPUIPlugin
2023-12-11 22:47:15,632 [INFO] PluginManager:220 - loadIPPluginJar : add stm32_wpan
2023-12-11 22:47:15,650 [INFO] IPUIPlugin:80 - create IPUIPlugin
2023-12-11 22:47:15,650 [INFO] PluginManager:220 - loadIPPluginJar : add tim
2023-12-11 22:47:15,693 [INFO] IPUIPlugin:80 - create IPUIPlugin
2023-12-11 22:47:15,693 [INFO] PluginManager:220 - loadIPPluginJar : add touchsensing
2023-12-11 22:47:15,711 [INFO] IPUIPlugin:80 - create IPUIPlugin
2023-12-11 22:47:15,711 [INFO] PluginManager:220 - loadIPPluginJar : add tracer_emb
2023-12-11 22:47:15,729 [INFO] IPUIPlugin:80 - create IPUIPlugin
2023-12-11 22:47:15,729 [INFO] PluginManager:220 - loadIPPluginJar : add ts
2023-12-11 22:47:15,746 [INFO] IPUIPlugin:80 - create IPUIPlugin
2023-12-11 22:47:15,746 [INFO] PluginManager:220 - loadIPPluginJar : add tsc
2023-12-11 22:47:15,763 [INFO] IPUIPlugin:80 - create IPUIPlugin
2023-12-11 22:47:15,763 [INFO] PluginManager:220 - loadIPPluginJar : add ucpd
2023-12-11 22:47:15,797 [INFO] IPUIPlugin:80 - create IPUIPlugin
2023-12-11 22:47:15,797 [INFO] PluginManager:220 - loadIPPluginJar : add usart
2023-12-11 22:47:15,830 [INFO] IPUIPlugin:80 - create IPUIPlugin
2023-12-11 22:47:15,830 [INFO] PluginManager:220 - loadIPPluginJar : add usbx
2023-12-11 22:47:15,939 [INFO] CADModel:165 - CPN selected for project level
2023-12-11 22:47:15,940 [INFO] CADModel:114 - Register for checkConnection events
2023-12-11 22:47:15,940 [FATAL] Updater:308 - Updater called before beeing initialized
2023-12-11 22:47:15,940 [ERROR] CADModel:125 - Updater not yet initialized, retry later 
2023-12-11 22:47:16,020 [INFO] CADModel:165 - CPN selected for project level
2023-12-11 22:47:16,020 [INFO] CADModel:114 - Register for checkConnection events
2023-12-11 22:47:16,020 [FATAL] Updater:308 - Updater called before beeing initialized
2023-12-11 22:47:16,020 [ERROR] CADModel:125 - Updater not yet initialized, retry later 
2023-12-11 22:47:16,022 [FATAL] Updater:308 - Updater called before beeing initialized
2023-12-11 22:47:16,105 [FATAL] Updater:308 - Updater called before beeing initialized
2023-12-11 22:47:16,114 [INFO] DbMcusAds:53 - JSON generation date=Wed Nov 29 13:52:38 TRT 2023 (1701255158764)
2023-12-11 22:47:16,114 [FATAL] Updater:308 - Updater called before beeing initialized
2023-12-11 22:47:16,172 [WARN] DetailPanel:346 - Failed to get advertising image, set to default
2023-12-11 22:47:16,252 [FATAL] Updater:308 - Updater called before beeing initialized
2023-12-11 22:47:16,253 [FATAL] Updater:308 - Updater called before beeing initialized
2023-12-11 22:47:16,253 [FATAL] Updater:308 - Updater called before beeing initialized
2023-12-11 22:47:16,253 [WARN] DetailPanel:346 - Failed to get advertising image, set to default
2023-12-11 22:47:16,254 [FATAL] Updater:308 - Updater called before beeing initialized
2023-12-11 22:47:16,298 [ERROR] Updater:1120 - MainUpdater not yet initialized. External WinMGr cannot be set.
2023-12-11 22:47:16,306 [INFO] Updater:1056 - Updater Version found : 6.9.2
2023-12-11 22:47:16,319 [INFO] ApplicationProperties:184 - Using Application install path: C:\ST\STM32CubeIDE_1.13.2\STM32CubeIDE\plugins\com.st.stm32cube.common.mx_6.9.2.202309101412
2023-12-11 22:47:16,467 [INFO] MainUpdater:2868 - connection check result : 10
2023-12-11 22:47:16,468 [INFO] MainUpdater:285 - Updater Check For Update Now.
2023-12-11 22:47:16,468 [INFO] MicroXplorer:498 - Change Database Version : DB.6.0.92
2023-12-11 22:47:16,487 [INFO] McuFinderGlobals:63 - Set McuFinder mode to 2 (CubeIDE integrated)
2023-12-11 22:47:16,709 [INFO] CheckServerUpdateThread:120 - End of CheckServer Thread
2023-12-11 22:47:17,234 [WARN] PackLoader:240 - Cannot read IP mode file for STMicroelectronics.X-CUBE-SMBUS.2.1.0
2023-12-11 22:47:17,280 [WARN] PackLoader:240 - Cannot read IP mode file for STMicroelectronics.X-CUBE-AZRTOS-F7.1.1.0
2023-12-11 22:47:17,300 [WARN] PackLoader:240 - Cannot read IP mode file for STMicroelectronics.FP-SNS-MOTENV1.4.3.2
2023-12-11 22:47:17,314 [WARN] PackLoader:240 - Cannot read IP mode file for STMicroelectronics.FP-SNS-FLIGHT1.5.0.2
2023-12-11 22:47:17,334 [WARN] PackLoader:240 - Cannot read IP mode file for STMicroelectronics.X-CUBE-DISPLAY.3.0.0
2023-12-11 22:47:17,355 [WARN] PackLoader:240 - Cannot read IP mode file for STMicroelectronics.X-CUBE-BLE1.7.0.0
2023-12-11 22:47:17,368 [WARN] PackLoader:240 - Cannot read IP mode file for emotas.I-CUBE-CANOPEN.1.3.0
2023-12-11 22:47:17,388 [INFO] LogOutputStream:77 - [STDOUT_REDIRECT] 1 : Invalid condition id : UX_CORESTACK_Condition cause : null
2023-12-11 22:47:17,389 [INFO] LogOutputStream:77 - [STDOUT_REDIRECT] 1 : Invalid condition id : UX_CORESTACK_Condition cause : null
2023-12-11 22:47:17,390 [INFO] LogOutputStream:77 - [STDOUT_REDIRECT] 1 : Invalid condition id : UX_CORESTACK_Condition cause : null
2023-12-11 22:47:17,392 [INFO] LogOutputStream:77 - [STDOUT_REDIRECT] 1 : Invalid condition id : UX_CORESTACK_Condition cause : null
2023-12-11 22:47:17,394 [INFO] LogOutputStream:77 - [STDOUT_REDIRECT] 1 : Invalid condition id : UX_CORESTACK_Condition cause : null
2023-12-11 22:47:17,399 [WARN] PackLoader:240 - Cannot read IP mode file for STMicroelectronics.X-CUBE-AZRTOS-WL.2.0.0
2023-12-11 22:47:17,418 [WARN] PackLoader:240 - Cannot read IP mode file for WES.I-CUBE-Cesium.1.3.0
2023-12-11 22:47:17,433 [WARN] PackLoader:240 - Cannot read IP mode file for STMicroelectronics.X-CUBE-BLE2.3.3.0
2023-12-11 22:47:17,447 [WARN] PackLoader:240 - Cannot read IP mode file for STMicroelectronics.X-CUBE-ALGOBUILD.1.3.0
2023-12-11 22:47:17,479 [WARN] PackLoader:240 - Cannot read IP mode file for STMicroelectronics.X-CUBE-AZRTOS-G0.1.1.0
2023-12-11 22:47:17,496 [WARN] PackLoader:240 - Cannot read IP mode file for STMicroelectronics.X-CUBE-NFC4.3.0.0
2023-12-11 22:47:17,513 [WARN] PackLoader:240 - Cannot read IP mode file for STMicroelectronics.X-CUBE-BLEMGR.3.0.0
2023-12-11 22:47:17,525 [WARN] PackLoader:240 - Cannot read IP mode file for STMicroelectronics.FP-ATR-SIGFOX1.3.2.0
2023-12-11 22:47:17,556 [WARN] PackLoader:240 - Cannot read IP mode file for SEGGER.I-CUBE-embOS.1.3.1
2023-12-11 22:47:17,601 [WARN] PackLoader:240 - Cannot read IP mode file for STMicroelectronics.X-CUBE-GNSS1.6.0.0
2023-12-11 22:47:17,645 [WARN] PackLoader:240 - Cannot read IP mode file for STMicroelectronics.X-CUBE-AZRTOS-F4.1.1.0
2023-12-11 22:47:17,660 [WARN] PackLoader:240 - Cannot read IP mode file for wolfSSL.I-CUBE-wolfSSL.5.6.3
2023-12-11 22:47:17,683 [WARN] PackLoader:240 - Cannot read IP mode file for STMicroelectronics.X-CUBE-AZRTOS-L5.2.0.0
2023-12-11 22:47:17,724 [WARN] PackLoader:240 - Cannot read IP mode file for STMicroelectronics.X-CUBE-MEMS1.9.6.0
2023-12-11 22:47:17,844 [WARN] PackLoader:240 - Cannot read IP mode file for STMicroelectronics.X-CUBE-EEPRMA1.4.2.0
2023-12-11 22:47:17,856 [WARN] PackLoader:240 - Cannot read IP mode file for ITTIA_DB.I-CUBE-ITTIADB.8.8.0
2023-12-11 22:47:17,870 [WARN] PackLoader:240 - Cannot read IP mode file for STMicroelectronics.X-CUBE-BLEMGR.2.0.0
2023-12-11 22:47:17,899 [WARN] ConditionMgr:438 - getConditionDescription Invalid condition id : UX DEVICE CLASS RTOS Condition cause : null
2023-12-11 22:47:17,900 [WARN] ConditionMgr:438 - getConditionDescription Invalid condition id : UX DEVICE CLASS RTOS Condition cause : null
2023-12-11 22:47:17,902 [WARN] PackLoader:240 - Cannot read IP mode file for STMicroelectronics.X-CUBE-AZRTOS-H7.3.1.0
2023-12-11 22:47:17,903 [WARN] ConditionMgr:1039 - genDependencies : Invalid condition id : UX DEVICE CLASS RTOS Condition cause : null
2023-12-11 22:47:17,903 [WARN] ConditionMgr:1039 - genDependencies : Invalid condition id : UX DEVICE CLASS RTOS Condition cause : null
2023-12-11 22:47:17,903 [WARN] ConditionMgr:1039 - genDependencies : Invalid condition id : UX DEVICE CLASS RTOS Condition cause : null
2023-12-11 22:47:17,904 [WARN] ConditionMgr:1039 - genDependencies : Invalid condition id : UX DEVICE CLASS RTOS Condition cause : null
2023-12-11 22:47:17,904 [WARN] ConditionMgr:1039 - genDependencies : Invalid condition id : UX DEVICE CLASS RTOS Condition cause : null
2023-12-11 22:47:17,918 [WARN] PackLoader:240 - Cannot read IP mode file for STMicroelectronics.X-CUBE-NFC7.1.0.1
2023-12-11 22:47:17,931 [WARN] PackLoader:240 - Cannot read IP mode file for STMicroelectronics.X-CUBE-EEPRMA1.4.1.0
2023-12-11 22:47:17,942 [WARN] PackLoader:240 - Cannot read IP mode file for STMicroelectronics.X-CUBE-AI.8.1.0
2023-12-11 22:47:17,966 [WARN] ConditionMgr:438 - getConditionDescription Invalid condition id : LAN8742 Phy interface Condition cause : null
2023-12-11 22:47:17,966 [WARN] PackLoader:240 - Cannot read IP mode file for STMicroelectronics.X-CUBE-AZRTOS-L4.2.0.0
2023-12-11 22:47:17,967 [WARN] ConditionMgr:1039 - genDependencies : Invalid condition id : LAN8742 Phy interface Condition cause : null
2023-12-11 22:47:17,967 [WARN] ConditionMgr:1039 - genDependencies : Invalid condition id : LAN8742 Phy interface Condition cause : null
2023-12-11 22:47:17,968 [WARN] ConditionMgr:1039 - genDependencies : Invalid condition id : LAN8742 Phy interface Condition cause : null
2023-12-11 22:47:17,979 [WARN] PackLoader:240 - Cannot read IP mode file for STMicroelectronics.X-CUBE-SFXS2LP1.4.0.0
2023-12-11 22:47:17,994 [WARN] PackLoader:240 - Cannot read IP mode file for STMicroelectronics.X-CUBE-ISPU.1.1.0
2023-12-11 22:47:18,016 [WARN] ConditionMgr:438 - getConditionDescription Invalid condition id : UX DEVICE CLASS RTOS Condition cause : null
2023-12-11 22:47:18,016 [WARN] ConditionMgr:438 - getConditionDescription Invalid condition id : UX DEVICE CLASS RTOS Condition cause : null
2023-12-11 22:47:18,017 [WARN] PackLoader:240 - Cannot read IP mode file for STMicroelectronics.X-CUBE-AZRTOS-WB.2.0.0
2023-12-11 22:47:18,018 [WARN] ConditionMgr:1039 - genDependencies : Invalid condition id : UX DEVICE CLASS RTOS Condition cause : null
2023-12-11 22:47:18,018 [WARN] ConditionMgr:1039 - genDependencies : Invalid condition id : UX DEVICE CLASS RTOS Condition cause : null
2023-12-11 22:47:18,018 [WARN] ConditionMgr:1039 - genDependencies : Invalid condition id : UX DEVICE CLASS RTOS Condition cause : null
2023-12-11 22:47:18,018 [WARN] ConditionMgr:1039 - genDependencies : Invalid condition id : UX DEVICE CLASS RTOS Condition cause : null
2023-12-11 22:47:18,019 [WARN] ConditionMgr:1039 - genDependencies : Invalid condition id : UX DEVICE CLASS RTOS Condition cause : null
2023-12-11 22:47:18,034 [WARN] PackLoader:240 - Cannot read IP mode file for STMicroelectronics.X-CUBE-SUBG2.5.0.0
2023-12-11 22:47:18,054 [WARN] PackLoader:240 - Cannot read IP mode file for STMicroelectronics.X-CUBE-TOF1.3.3.1
2023-12-11 22:47:18,079 [WARN] PackLoader:240 - Cannot read IP mode file for STMicroelectronics.X-CUBE-AZRTOS-G4.2.0.0
2023-12-11 22:47:18,098 [WARN] PackLoader:240 - Cannot read IP mode file for Infineon.AIROC-Wi-Fi-Bluetooth-STM32.1.5.1
2023-12-11 22:47:18,111 [WARN] PackLoader:240 - Cannot read IP mode file for STMicroelectronics.FP-SNS-MOTENVWB1.1.3.1
2023-12-11 22:47:18,121 [WARN] PackLoader:240 - Cannot read IP mode file for STMicroelectronics.X-CUBE-ISPU.2.0.0
2023-12-11 22:47:18,166 [WARN] PackLoader:240 - Cannot read IP mode file for STMicroelectronics.X-CUBE-MEMS1.10.0.0
2023-12-11 22:47:18,256 [WARN] PackLoader:240 - Cannot read IP mode file for STMicroelectronics.X-CUBE-FREERTOS.1.1.0
2023-12-11 22:47:18,267 [WARN] PackLoader:240 - Cannot read IP mode file for portGmbH.I-Cube-SoM-uGOAL.1.1.0
2023-12-11 22:47:18,280 [WARN] PackLoader:240 - Cannot read IP mode file for STMicroelectronics.X-CUBE-ALS.1.0.1
2023-12-11 22:47:18,290 [WARN] PackLoader:240 - Cannot read IP mode file for STMicroelectronics.FP-ATR-ASTRA1.2.0.0
2023-12-11 22:47:18,304 [WARN] PackLoader:240 - Cannot read IP mode file for STMicroelectronics.X-CUBE-TOF1.3.4.0
2023-12-11 22:47:18,336 [WARN] PackLoader:240 - Cannot read IP mode file for STMicroelectronics.X-CUBE-AZRTOS-H7.3.2.0
2023-12-11 22:47:18,338 [INFO] ThirdParty:978 - Integrity check success = true
2023-12-11 22:47:18,338 [INFO] IntegrityCheckThread:100 - exiting critical section [integrity check]
2023-12-11 22:47:18,338 [INFO] IntegrityCheckThread:103 - End integrity checks thread
2023-12-11 22:47:37,373 [ERROR] LogOutputStream:75 - [STDERR_REDIRECT] SLF4J: Failed to load class "org.slf4j.impl.StaticLoggerBinder".
2023-12-11 22:47:37,374 [ERROR] LogOutputStream:75 - [STDERR_REDIRECT] SLF4J: Defaulting to no-operation (NOP) logger implementation
2023-12-11 22:47:37,375 [ERROR] LogOutputStream:75 - [STDERR_REDIRECT] SLF4J: See http://www.slf4j.org/codes.html#StaticLoggerBinder for further details.
