2023-10-26 18:48:13,703 [INFO] Activator:176 - 


2023-10-26 18:48:13,712 [INFO] Activator:177 - !SESSION log4j initialized
2023-10-26 18:48:20,789 [INFO] LogOutputStream:77 - [STDOUT_REDIRECT] 
2023-10-26 18:48:22,810 [INFO] ApplicationProperties:184 - Using Application install path: C:\ST\STM32CubeIDE_1.13.2\STM32CubeIDE\plugins\com.st.stm32cube.common.mx_6.9.2.202309101412
2023-10-26 18:48:22,831 [INFO] DbMcusXml:78 - Set database path to: C:\ST\STM32CubeIDE_1.13.2\STM32CubeIDE\plugins\com.st.stm32cube.common.mx_6.9.2.202309101412\\db\/mcu/
2023-10-26 18:48:22,832 [INFO] ApiDb:274 - Set plugin database path to: C:\ST\STM32CubeIDE_1.13.2\STM32CubeIDE\plugins\com.st.stm32cube.common.mx_6.9.2.202309101412\\db\/plugins/boardmanager/
2023-10-26 18:48:22,833 [WARN] ApiDb:259 - Overriding images path with different value:  => C:\ST\STM32CubeIDE_1.13.2\STM32CubeIDE\plugins\com.st.stm32cube.common.mx_6.9.2.202309101412\\db\/plugins/mcufinder/images/
2023-10-26 18:48:22,844 [INFO] ApiDb:250 - Set database path to: C:\Users\islam\.stmcufinder\plugins\mcufinder//mcu/
2023-10-26 18:48:22,845 [INFO] DbMcusAds:125 - Set database path to: C:\Users\islam\.stmcufinder\plugins\mcufinder//mcu/
2023-10-26 18:48:22,847 [INFO] CrossReferenceDbSqlite:203 - Set database path to: C:\Users\islam\.stmcufinder\plugins\mcufinder//mcu/cs/
2023-10-26 18:48:22,971 [INFO] RulesReader:64 - Compatibility file has been processed (293 Rules)
2023-10-26 18:48:23,055 [INFO] DbMcusXml:78 - Set database path to: C:\ST\STM32CubeIDE_1.13.2\STM32CubeIDE\plugins\com.st.stm32cube.common.mx_6.9.2.202309101412\\db\/mcu/
2023-10-26 18:48:23,056 [INFO] ApiDb:274 - Set plugin database path to: C:\ST\STM32CubeIDE_1.13.2\STM32CubeIDE\plugins\com.st.stm32cube.common.mx_6.9.2.202309101412\\db\/plugins/boardmanager/
2023-10-26 18:48:23,056 [INFO] ApiDb:261 - Set plugin images path to: C:\ST\STM32CubeIDE_1.13.2\STM32CubeIDE\plugins\com.st.stm32cube.common.mx_6.9.2.202309101412\\db\/plugins/mcufinder/images/
2023-10-26 18:48:23,056 [WARN] DbFile:41 - Overriding database path with different value: C:\Users\islam\.stmcufinder\plugins\mcufinder/ => C:\Users\islam\.stmcufinder\plugins\mcufinder
2023-10-26 18:48:23,056 [INFO] ApiDb:250 - Set database path to: C:\Users\islam\.stmcufinder\plugins\mcufinder//mcu/
2023-10-26 18:48:23,056 [WARN] DbFile:41 - Overriding database path with different value: C:\Users\islam\.stmcufinder\plugins\mcufinder/ => C:\Users\islam\.stmcufinder\plugins\mcufinder
2023-10-26 18:48:23,056 [INFO] DbMcusAds:125 - Set database path to: C:\Users\islam\.stmcufinder\plugins\mcufinder//mcu/
2023-10-26 18:48:23,056 [WARN] DbFile:41 - Overriding database path with different value: C:\Users\islam\.stmcufinder\plugins\mcufinder/ => C:\Users\islam\.stmcufinder\plugins\mcufinder
2023-10-26 18:48:23,056 [WARN] DbFile:41 - Overriding database path with different value: C:\Users\islam\.stmcufinder\plugins\mcufinder/ => C:\Users\islam\.stmcufinder\plugins\mcufinder
2023-10-26 18:48:23,056 [INFO] CrossReferenceDbSqlite:203 - Set database path to: C:\Users\islam\.stmcufinder\plugins\mcufinder//mcu/cs/
2023-10-26 18:48:23,140 [INFO] MainPanel:262 - HeapMemory: 268435456
2023-10-26 18:48:23,248 [INFO] DbMcusXml:78 - Set database path to: C:\ST\STM32CubeIDE_1.13.2\STM32CubeIDE\plugins\com.st.stm32cube.common.mx_6.9.2.202309101412\\db\/mcu/
2023-10-26 18:48:23,248 [INFO] ApiDb:274 - Set plugin database path to: C:\ST\STM32CubeIDE_1.13.2\STM32CubeIDE\plugins\com.st.stm32cube.common.mx_6.9.2.202309101412\\db\/plugins/boardmanager/
2023-10-26 18:48:23,248 [INFO] ApiDb:261 - Set plugin images path to: C:\ST\STM32CubeIDE_1.13.2\STM32CubeIDE\plugins\com.st.stm32cube.common.mx_6.9.2.202309101412\\db\/plugins/mcufinder/images/
2023-10-26 18:48:23,249 [WARN] DbFile:41 - Overriding database path with different value: C:\Users\islam\.stmcufinder\plugins\mcufinder/ => C:\Users\islam\.stmcufinder\plugins\mcufinder
2023-10-26 18:48:23,249 [INFO] ApiDb:250 - Set database path to: C:\Users\islam\.stmcufinder\plugins\mcufinder//mcu/
2023-10-26 18:48:23,249 [WARN] DbFile:41 - Overriding database path with different value: C:\Users\islam\.stmcufinder\plugins\mcufinder/ => C:\Users\islam\.stmcufinder\plugins\mcufinder
2023-10-26 18:48:23,249 [INFO] DbMcusAds:125 - Set database path to: C:\Users\islam\.stmcufinder\plugins\mcufinder//mcu/
2023-10-26 18:48:23,249 [WARN] DbFile:41 - Overriding database path with different value: C:\Users\islam\.stmcufinder\plugins\mcufinder/ => C:\Users\islam\.stmcufinder\plugins\mcufinder
2023-10-26 18:48:23,249 [WARN] DbFile:41 - Overriding database path with different value: C:\Users\islam\.stmcufinder\plugins\mcufinder/ => C:\Users\islam\.stmcufinder\plugins\mcufinder
2023-10-26 18:48:23,249 [INFO] CrossReferenceDbSqlite:203 - Set database path to: C:\Users\islam\.stmcufinder\plugins\mcufinder//mcu/cs/
2023-10-26 18:48:23,272 [INFO] ApplicationProperties:184 - Using Application install path: C:\ST\STM32CubeIDE_1.13.2\STM32CubeIDE\plugins\com.st.stm32cube.common.mx_6.9.2.202309101412
2023-10-26 18:48:23,274 [INFO] PluginManage:196 - Search for loadable plugins [exclusion list=, ]
2023-10-26 18:48:23,275 [INFO] PluginManage:310 - Check plugin analytics
2023-10-26 18:48:23,547 [INFO] AnalyticsPlugin:253 - Accepted Software Licenses: 
2023-10-26 18:48:23,548 [INFO] AnalyticsPlugin:255 - Accepted CMSIS Pack Licenses: 
2023-10-26 18:48:23,549 [INFO] AnalyticsPlugin:257 - Accepted Firmware Licenses: 
2023-10-26 18:48:23,554 [INFO] PluginManage:359 - Loaded plugin analytics (category:tool,tabindex:-1)
2023-10-26 18:48:23,555 [INFO] PluginManage:310 - Check plugin cadmodel
2023-10-26 18:48:23,585 [INFO] CADModel:105 - Init CAD model plugin
2023-10-26 18:48:23,585 [INFO] PluginManage:359 - Loaded plugin cadmodel (category:power,tabindex:5)
2023-10-26 18:48:23,586 [INFO] PluginManage:310 - Check plugin clock
2023-10-26 18:48:23,612 [INFO] PluginManage:359 - Loaded plugin clock (category:base,tabindex:2)
2023-10-26 18:48:23,612 [INFO] PluginManage:310 - Check plugin ddr
2023-10-26 18:48:23,615 [INFO] PluginManage:359 - Loaded plugin ddr (category:tool,tabindex:6)
2023-10-26 18:48:23,615 [INFO] PluginManage:310 - Check plugin filemanager
2023-10-26 18:48:23,938 [INFO] PluginManage:359 - Loaded plugin filemanager (category:base,tabindex:10)
2023-10-26 18:48:23,938 [INFO] PluginManage:310 - Check plugin ipmanager
2023-10-26 18:48:23,954 [INFO] PluginManage:359 - Loaded plugin ipmanager (category:base,tabindex:5)
2023-10-26 18:48:23,955 [INFO] PluginManage:310 - Check plugin lpbam
2023-10-26 18:48:23,989 [INFO] PluginManage:359 - Loaded plugin lpbam (category:base,tabindex:0)
2023-10-26 18:48:23,989 [INFO] PluginManage:310 - Check plugin memorymap
2023-10-26 18:48:24,036 [INFO] PluginManage:359 - Loaded plugin memorymap (category:base,tabindex:4)
2023-10-26 18:48:24,037 [INFO] PluginManage:310 - Check plugin pinoutandconfiguration
2023-10-26 18:48:24,065 [INFO] PluginManage:359 - Loaded plugin pinoutandconfiguration (category:base,tabindex:1)
2023-10-26 18:48:24,066 [INFO] PluginManage:310 - Check plugin pinoutconfig
2023-10-26 18:48:24,169 [WARN] SupportedApi:132 - Cannot load RTOS API schema: s4s-elt-must-match.1: The content of 'definitions' must match (annotation?, (simpleType | complexType)?, (unique | key | keyref)*)). A problem was found starting at: attribute.
2023-10-26 18:48:24,285 [INFO] PluginManage:359 - Loaded plugin pinoutconfig (category:base,tabindex:0)
2023-10-26 18:48:24,285 [INFO] PluginManage:310 - Check plugin power
2023-10-26 18:48:24,306 [INFO] PluginManage:359 - Loaded plugin power (category:power,tabindex:4)
2023-10-26 18:48:24,306 [INFO] PluginManage:310 - Check plugin projectmanager
2023-10-26 18:48:24,321 [INFO] PluginManage:359 - Loaded plugin projectmanager (category:projectmanager,tabindex:3)
2023-10-26 18:48:24,322 [INFO] PluginManage:310 - Check plugin thirdparty
2023-10-26 18:48:24,951 [INFO] PluginManage:359 - Loaded plugin thirdparty (category:base,tabindex:-1)
2023-10-26 18:48:24,951 [WARN] IntegrityCheckThread:84 - waiting for thirdparty lock release [integrity check]
2023-10-26 18:48:24,951 [INFO] PluginManage:310 - Check plugin tools
2023-10-26 18:48:24,951 [INFO] IntegrityCheckThread:86 - entering critical section [integrity check]
2023-10-26 18:48:24,952 [INFO] ThirdPartyUpdaterWithRetryManager:70 - Updater plugin not ready yet. [1/15]
2023-10-26 18:48:24,987 [INFO] PluginManage:359 - Loaded plugin tools (category:base,tabindex:7)
2023-10-26 18:48:24,987 [INFO] PluginManage:310 - Check plugin tutovideos
2023-10-26 18:48:25,198 [INFO] PluginManage:359 - Loaded plugin tutovideos (category:base,tabindex:-1)
2023-10-26 18:48:25,199 [INFO] PluginManage:310 - Check plugin updater
2023-10-26 18:48:25,222 [INFO] PluginManage:359 - Loaded plugin updater (category:base,tabindex:12)
2023-10-26 18:48:25,223 [INFO] PluginManage:310 - Check plugin userauth
2023-10-26 18:48:25,232 [INFO] UserAuth:113 - Init User Auth plugin
2023-10-26 18:48:25,233 [INFO] PluginManage:359 - Loaded plugin userauth (category:base,tabindex:14)
2023-10-26 18:48:25,234 [INFO] PluginManage:283 - PluginManage : Loaded plugins [17]
2023-10-26 18:48:25,520 [INFO] PinOutPanel:1499 - setPackage(No Configuration,No Configuration)
2023-10-26 18:48:25,634 [INFO] CADModel:165 - CPN selected for project level
2023-10-26 18:48:25,634 [INFO] CADModel:114 - Register for checkConnection events
2023-10-26 18:48:25,658 [INFO] IPUIPlugin:80 - create IPUIPlugin
2023-10-26 18:48:25,658 [INFO] PluginManager:220 - loadIPPluginJar : add adc
2023-10-26 18:48:25,701 [INFO] IPUIPlugin:80 - create IPUIPlugin
2023-10-26 18:48:25,701 [INFO] PluginManager:220 - loadIPPluginJar : add aes
2023-10-26 18:48:25,742 [INFO] IPUIPlugin:80 - create IPUIPlugin
2023-10-26 18:48:25,742 [INFO] PluginManager:220 - loadIPPluginJar : add can
2023-10-26 18:48:25,766 [INFO] IPUIPlugin:80 - create IPUIPlugin
2023-10-26 18:48:25,766 [INFO] PluginManager:220 - loadIPPluginJar : add comp
2023-10-26 18:48:25,801 [INFO] IPUIPlugin:80 - create IPUIPlugin
2023-10-26 18:48:25,801 [INFO] PluginManager:220 - loadIPPluginJar : add cryp
2023-10-26 18:48:25,833 [INFO] IPUIPlugin:80 - create IPUIPlugin
2023-10-26 18:48:25,834 [INFO] PluginManager:220 - loadIPPluginJar : add dfsdm
2023-10-26 18:48:25,847 [INFO] IPUIPlugin:80 - create IPUIPlugin
2023-10-26 18:48:25,848 [INFO] PluginManager:220 - loadIPPluginJar : add dma
2023-10-26 18:48:25,892 [INFO] IPUIPlugin:80 - create IPUIPlugin
2023-10-26 18:48:25,893 [INFO] PluginManager:220 - loadIPPluginJar : add dma3
2023-10-26 18:48:25,915 [INFO] IPUIPlugin:80 - create IPUIPlugin
2023-10-26 18:48:25,915 [INFO] PluginManager:220 - loadIPPluginJar : add fatfs
2023-10-26 18:48:25,970 [INFO] IPUIPlugin:80 - create IPUIPlugin
2023-10-26 18:48:25,970 [INFO] PluginManager:220 - loadIPPluginJar : add fmc
2023-10-26 18:48:25,984 [INFO] IPUIPlugin:80 - create IPUIPlugin
2023-10-26 18:48:25,984 [INFO] PluginManager:220 - loadIPPluginJar : add freertos
2023-10-26 18:48:26,010 [INFO] IPUIPlugin:80 - create IPUIPlugin
2023-10-26 18:48:26,010 [INFO] PluginManager:220 - loadIPPluginJar : add genericplugin
2023-10-26 18:48:26,118 [INFO] IPUIPlugin:80 - create IPUIPlugin
2023-10-26 18:48:26,118 [INFO] PluginManager:220 - loadIPPluginJar : add gfxmmu
2023-10-26 18:48:26,257 [INFO] IPUIPlugin:80 - create IPUIPlugin
2023-10-26 18:48:26,257 [INFO] PluginManager:220 - loadIPPluginJar : add gic
2023-10-26 18:48:26,272 [INFO] IPUIPlugin:80 - create IPUIPlugin
2023-10-26 18:48:26,272 [INFO] PluginManager:220 - loadIPPluginJar : add gpio
2023-10-26 18:48:26,363 [INFO] IPUIPlugin:80 - create IPUIPlugin
2023-10-26 18:48:26,363 [INFO] PluginManager:220 - loadIPPluginJar : add gtzc
2023-10-26 18:48:26,398 [INFO] IPUIPlugin:80 - create IPUIPlugin
2023-10-26 18:48:26,399 [INFO] PluginManager:220 - loadIPPluginJar : add hash
2023-10-26 18:48:26,450 [INFO] IPUIPlugin:80 - create IPUIPlugin
2023-10-26 18:48:26,450 [INFO] PluginManager:220 - loadIPPluginJar : add i2c
2023-10-26 18:48:26,500 [INFO] IPUIPlugin:80 - create IPUIPlugin
2023-10-26 18:48:26,501 [INFO] PluginManager:220 - loadIPPluginJar : add i2s
2023-10-26 18:48:26,540 [INFO] IPUIPlugin:80 - create IPUIPlugin
2023-10-26 18:48:26,540 [INFO] PluginManager:220 - loadIPPluginJar : add i3c
2023-10-26 18:48:26,640 [INFO] IPUIPlugin:80 - create IPUIPlugin
2023-10-26 18:48:26,640 [INFO] PluginManager:220 - loadIPPluginJar : add ipddr
2023-10-26 18:48:26,739 [INFO] IPUIPlugin:80 - create IPUIPlugin
2023-10-26 18:48:26,739 [INFO] PluginManager:220 - loadIPPluginJar : add linkedlist
2023-10-26 18:48:26,781 [INFO] IPUIPlugin:80 - create IPUIPlugin
2023-10-26 18:48:26,781 [INFO] PluginManager:220 - loadIPPluginJar : add lorawan
2023-10-26 18:48:26,819 [INFO] IPUIPlugin:80 - create IPUIPlugin
2023-10-26 18:48:26,819 [INFO] PluginManager:220 - loadIPPluginJar : add ltdc
2023-10-26 18:48:26,837 [INFO] IPUIPlugin:80 - create IPUIPlugin
2023-10-26 18:48:26,837 [INFO] PluginManager:220 - loadIPPluginJar : add mdma
2023-10-26 18:48:26,849 [INFO] IPUIPlugin:80 - create IPUIPlugin
2023-10-26 18:48:26,849 [INFO] PluginManager:220 - loadIPPluginJar : add nvic
2023-10-26 18:48:26,884 [INFO] IPUIPlugin:80 - create IPUIPlugin
2023-10-26 18:48:26,884 [INFO] PluginManager:220 - loadIPPluginJar : add opamp
2023-10-26 18:48:26,948 [INFO] IPUIPlugin:80 - create IPUIPlugin
2023-10-26 18:48:26,948 [INFO] PluginManager:220 - loadIPPluginJar : add openamp
2023-10-26 18:48:26,989 [INFO] IPUIPlugin:80 - create IPUIPlugin
2023-10-26 18:48:26,989 [INFO] PluginManager:220 - loadIPPluginJar : add pdm2pcm
2023-10-26 18:48:27,008 [INFO] IPUIPlugin:80 - create IPUIPlugin
2023-10-26 18:48:27,012 [INFO] PluginManager:220 - loadIPPluginJar : add plateformsettings
2023-10-26 18:48:27,039 [INFO] IPUIPlugin:80 - create IPUIPlugin
2023-10-26 18:48:27,039 [INFO] PluginManager:220 - loadIPPluginJar : add quadspi
2023-10-26 18:48:27,053 [INFO] IPUIPlugin:80 - create IPUIPlugin
2023-10-26 18:48:27,053 [INFO] PluginManager:220 - loadIPPluginJar : add resmgrutility
2023-10-26 18:48:27,104 [INFO] IPUIPlugin:80 - create IPUIPlugin
2023-10-26 18:48:27,104 [INFO] PluginManager:220 - loadIPPluginJar : add sai
2023-10-26 18:48:27,141 [INFO] IPUIPlugin:80 - create IPUIPlugin
2023-10-26 18:48:27,141 [INFO] PluginManager:220 - loadIPPluginJar : add spi
2023-10-26 18:48:27,252 [INFO] IPUIPlugin:80 - create IPUIPlugin
2023-10-26 18:48:27,253 [INFO] PluginManager:220 - loadIPPluginJar : add stm32_wpan
2023-10-26 18:48:27,302 [INFO] IPUIPlugin:80 - create IPUIPlugin
2023-10-26 18:48:27,302 [INFO] PluginManager:220 - loadIPPluginJar : add tim
2023-10-26 18:48:27,404 [INFO] IPUIPlugin:80 - create IPUIPlugin
2023-10-26 18:48:27,404 [INFO] PluginManager:220 - loadIPPluginJar : add touchsensing
2023-10-26 18:48:27,443 [INFO] IPUIPlugin:80 - create IPUIPlugin
2023-10-26 18:48:27,443 [INFO] PluginManager:220 - loadIPPluginJar : add tracer_emb
2023-10-26 18:48:27,484 [INFO] IPUIPlugin:80 - create IPUIPlugin
2023-10-26 18:48:27,484 [INFO] PluginManager:220 - loadIPPluginJar : add ts
2023-10-26 18:48:27,521 [INFO] IPUIPlugin:80 - create IPUIPlugin
2023-10-26 18:48:27,521 [INFO] PluginManager:220 - loadIPPluginJar : add tsc
2023-10-26 18:48:27,561 [INFO] IPUIPlugin:80 - create IPUIPlugin
2023-10-26 18:48:27,562 [INFO] PluginManager:220 - loadIPPluginJar : add ucpd
2023-10-26 18:48:27,667 [INFO] IPUIPlugin:80 - create IPUIPlugin
2023-10-26 18:48:27,667 [INFO] PluginManager:220 - loadIPPluginJar : add usart
2023-10-26 18:48:27,770 [INFO] IPUIPlugin:80 - create IPUIPlugin
2023-10-26 18:48:27,770 [INFO] PluginManager:220 - loadIPPluginJar : add usbx
2023-10-26 18:48:27,948 [INFO] CADModel:165 - CPN selected for project level
2023-10-26 18:48:27,949 [INFO] CADModel:114 - Register for checkConnection events
2023-10-26 18:48:27,949 [FATAL] Updater:308 - Updater called before beeing initialized
2023-10-26 18:48:27,949 [ERROR] CADModel:125 - Updater not yet initialized, retry later 
2023-10-26 18:48:27,963 [INFO] ThirdPartyUpdaterWithRetryManager:70 - Updater plugin not ready yet. [2/15]
2023-10-26 18:48:28,155 [INFO] CADModel:165 - CPN selected for project level
2023-10-26 18:48:28,155 [INFO] CADModel:114 - Register for checkConnection events
2023-10-26 18:48:28,156 [FATAL] Updater:308 - Updater called before beeing initialized
2023-10-26 18:48:28,156 [ERROR] CADModel:125 - Updater not yet initialized, retry later 
2023-10-26 18:48:28,164 [FATAL] Updater:308 - Updater called before beeing initialized
2023-10-26 18:48:28,309 [FATAL] Updater:308 - Updater called before beeing initialized
2023-10-26 18:48:28,321 [INFO] DbMcusAds:53 - JSON generation date=Tue Mar 07 11:50:55 TRT 2023 (1678179055114)
2023-10-26 18:48:28,321 [FATAL] Updater:308 - Updater called before beeing initialized
2023-10-26 18:48:28,403 [WARN] DetailPanel:346 - Failed to get advertising image, set to default
2023-10-26 18:48:28,492 [FATAL] Updater:308 - Updater called before beeing initialized
2023-10-26 18:48:28,496 [FATAL] Updater:308 - Updater called before beeing initialized
2023-10-26 18:48:28,496 [FATAL] Updater:308 - Updater called before beeing initialized
2023-10-26 18:48:28,496 [WARN] DetailPanel:346 - Failed to get advertising image, set to default
2023-10-26 18:48:28,498 [FATAL] Updater:308 - Updater called before beeing initialized
2023-10-26 18:48:28,565 [ERROR] Updater:1120 - MainUpdater not yet initialized. External WinMGr cannot be set.
2023-10-26 18:48:28,578 [INFO] Updater:1056 - Updater Version found : 6.9.2
2023-10-26 18:48:28,601 [INFO] ApplicationProperties:184 - Using Application install path: C:\ST\STM32CubeIDE_1.13.2\STM32CubeIDE\plugins\com.st.stm32cube.common.mx_6.9.2.202309101412
2023-10-26 18:48:28,838 [INFO] MainUpdater:2868 - connection check result : 10
2023-10-26 18:48:28,839 [INFO] MainUpdater:285 - Updater Check For Update Now.
2023-10-26 18:48:28,839 [INFO] MicroXplorer:498 - Change Database Version : DB.6.0.92
2023-10-26 18:48:28,874 [INFO] McuFinderGlobals:63 - Set McuFinder mode to 2 (CubeIDE integrated)
2023-10-26 18:48:29,102 [INFO] CheckServerUpdateThread:120 - End of CheckServer Thread
2023-10-26 18:48:31,139 [WARN] PackLoader:240 - Cannot read IP mode file for STMicroelectronics.X-CUBE-SMBUS.2.1.0
2023-10-26 18:48:31,198 [WARN] PackLoader:240 - Cannot read IP mode file for STMicroelectronics.X-CUBE-AZRTOS-F7.1.1.0
2023-10-26 18:48:31,234 [WARN] PackLoader:240 - Cannot read IP mode file for STMicroelectronics.FP-SNS-MOTENV1.4.3.2
2023-10-26 18:48:31,259 [WARN] PackLoader:240 - Cannot read IP mode file for STMicroelectronics.FP-SNS-FLIGHT1.5.0.2
2023-10-26 18:48:31,295 [WARN] PackLoader:240 - Cannot read IP mode file for STMicroelectronics.X-CUBE-DISPLAY.3.0.0
2023-10-26 18:48:31,327 [WARN] PackLoader:240 - Cannot read IP mode file for STMicroelectronics.X-CUBE-BLE1.7.0.0
2023-10-26 18:48:31,354 [WARN] PackLoader:240 - Cannot read IP mode file for emotas.I-CUBE-CANOPEN.1.3.0
2023-10-26 18:48:31,388 [INFO] LogOutputStream:77 - [STDOUT_REDIRECT] 1 : Invalid condition id : UX_CORESTACK_Condition cause : null
2023-10-26 18:48:31,389 [INFO] LogOutputStream:77 - [STDOUT_REDIRECT] 1 : Invalid condition id : UX_CORESTACK_Condition cause : null
2023-10-26 18:48:31,391 [INFO] LogOutputStream:77 - [STDOUT_REDIRECT] 1 : Invalid condition id : UX_CORESTACK_Condition cause : null
2023-10-26 18:48:31,393 [INFO] LogOutputStream:77 - [STDOUT_REDIRECT] 1 : Invalid condition id : UX_CORESTACK_Condition cause : null
2023-10-26 18:48:31,394 [INFO] LogOutputStream:77 - [STDOUT_REDIRECT] 1 : Invalid condition id : UX_CORESTACK_Condition cause : null
2023-10-26 18:48:31,399 [WARN] PackLoader:240 - Cannot read IP mode file for STMicroelectronics.X-CUBE-AZRTOS-WL.2.0.0
2023-10-26 18:48:31,433 [WARN] PackLoader:240 - Cannot read IP mode file for WES.I-CUBE-Cesium.1.3.0
2023-10-26 18:48:31,452 [WARN] PackLoader:240 - Cannot read IP mode file for STMicroelectronics.X-CUBE-BLE2.3.3.0
2023-10-26 18:48:31,471 [WARN] PackLoader:240 - Cannot read IP mode file for STMicroelectronics.X-CUBE-ALGOBUILD.1.3.0
2023-10-26 18:48:31,536 [WARN] PackLoader:240 - Cannot read IP mode file for STMicroelectronics.X-CUBE-AZRTOS-G0.1.1.0
2023-10-26 18:48:31,585 [WARN] PackLoader:240 - Cannot read IP mode file for STMicroelectronics.X-CUBE-NFC4.3.0.0
2023-10-26 18:48:31,604 [WARN] PackLoader:240 - Cannot read IP mode file for STMicroelectronics.FP-ATR-SIGFOX1.3.2.0
2023-10-26 18:48:31,661 [WARN] PackLoader:240 - Cannot read IP mode file for SEGGER.I-CUBE-embOS.1.3.1
2023-10-26 18:48:31,735 [WARN] PackLoader:240 - Cannot read IP mode file for STMicroelectronics.X-CUBE-GNSS1.6.0.0
2023-10-26 18:48:31,787 [WARN] PackLoader:240 - Cannot read IP mode file for STMicroelectronics.X-CUBE-AZRTOS-F4.1.1.0
2023-10-26 18:48:31,815 [WARN] PackLoader:240 - Cannot read IP mode file for wolfSSL.I-CUBE-wolfSSL.5.6.3
2023-10-26 18:48:31,872 [WARN] PackLoader:240 - Cannot read IP mode file for STMicroelectronics.X-CUBE-AZRTOS-L5.2.0.0
2023-10-26 18:48:31,953 [WARN] PackLoader:240 - Cannot read IP mode file for STMicroelectronics.X-CUBE-MEMS1.9.6.0
2023-10-26 18:48:32,164 [WARN] PackLoader:240 - Cannot read IP mode file for ITTIA_DB.I-CUBE-ITTIADB.8.8.0
2023-10-26 18:48:32,187 [WARN] PackLoader:240 - Cannot read IP mode file for STMicroelectronics.X-CUBE-BLEMGR.2.0.0
2023-10-26 18:48:32,232 [WARN] ConditionMgr:438 - getConditionDescription Invalid condition id : UX DEVICE CLASS RTOS Condition cause : null
2023-10-26 18:48:32,232 [WARN] ConditionMgr:438 - getConditionDescription Invalid condition id : UX DEVICE CLASS RTOS Condition cause : null
2023-10-26 18:48:32,235 [WARN] PackLoader:240 - Cannot read IP mode file for STMicroelectronics.X-CUBE-AZRTOS-H7.3.1.0
2023-10-26 18:48:32,236 [WARN] ConditionMgr:1039 - genDependencies : Invalid condition id : UX DEVICE CLASS RTOS Condition cause : null
2023-10-26 18:48:32,236 [WARN] ConditionMgr:1039 - genDependencies : Invalid condition id : UX DEVICE CLASS RTOS Condition cause : null
2023-10-26 18:48:32,237 [WARN] ConditionMgr:1039 - genDependencies : Invalid condition id : UX DEVICE CLASS RTOS Condition cause : null
2023-10-26 18:48:32,237 [WARN] ConditionMgr:1039 - genDependencies : Invalid condition id : UX DEVICE CLASS RTOS Condition cause : null
2023-10-26 18:48:32,237 [WARN] ConditionMgr:1039 - genDependencies : Invalid condition id : UX DEVICE CLASS RTOS Condition cause : null
2023-10-26 18:48:32,267 [WARN] PackLoader:240 - Cannot read IP mode file for STMicroelectronics.X-CUBE-NFC7.1.0.1
2023-10-26 18:48:32,288 [WARN] PackLoader:240 - Cannot read IP mode file for STMicroelectronics.X-CUBE-EEPRMA1.4.1.0
2023-10-26 18:48:32,303 [WARN] PackLoader:240 - Cannot read IP mode file for STMicroelectronics.X-CUBE-AI.8.1.0
2023-10-26 18:48:32,352 [WARN] ConditionMgr:438 - getConditionDescription Invalid condition id : LAN8742 Phy interface Condition cause : null
2023-10-26 18:48:32,353 [WARN] PackLoader:240 - Cannot read IP mode file for STMicroelectronics.X-CUBE-AZRTOS-L4.2.0.0
2023-10-26 18:48:32,355 [WARN] ConditionMgr:1039 - genDependencies : Invalid condition id : LAN8742 Phy interface Condition cause : null
2023-10-26 18:48:32,356 [WARN] ConditionMgr:1039 - genDependencies : Invalid condition id : LAN8742 Phy interface Condition cause : null
2023-10-26 18:48:32,357 [WARN] ConditionMgr:1039 - genDependencies : Invalid condition id : LAN8742 Phy interface Condition cause : null
2023-10-26 18:48:32,389 [WARN] PackLoader:240 - Cannot read IP mode file for STMicroelectronics.X-CUBE-SFXS2LP1.4.0.0
2023-10-26 18:48:32,417 [WARN] PackLoader:240 - Cannot read IP mode file for STMicroelectronics.X-CUBE-ISPU.1.1.0
2023-10-26 18:48:32,455 [WARN] ConditionMgr:438 - getConditionDescription Invalid condition id : UX DEVICE CLASS RTOS Condition cause : null
2023-10-26 18:48:32,456 [WARN] ConditionMgr:438 - getConditionDescription Invalid condition id : UX DEVICE CLASS RTOS Condition cause : null
2023-10-26 18:48:32,461 [WARN] PackLoader:240 - Cannot read IP mode file for STMicroelectronics.X-CUBE-AZRTOS-WB.2.0.0
2023-10-26 18:48:32,462 [WARN] ConditionMgr:1039 - genDependencies : Invalid condition id : UX DEVICE CLASS RTOS Condition cause : null
2023-10-26 18:48:32,463 [WARN] ConditionMgr:1039 - genDependencies : Invalid condition id : UX DEVICE CLASS RTOS Condition cause : null
2023-10-26 18:48:32,464 [WARN] ConditionMgr:1039 - genDependencies : Invalid condition id : UX DEVICE CLASS RTOS Condition cause : null
2023-10-26 18:48:32,464 [WARN] ConditionMgr:1039 - genDependencies : Invalid condition id : UX DEVICE CLASS RTOS Condition cause : null
2023-10-26 18:48:32,464 [WARN] ConditionMgr:1039 - genDependencies : Invalid condition id : UX DEVICE CLASS RTOS Condition cause : null
2023-10-26 18:48:32,498 [WARN] PackLoader:240 - Cannot read IP mode file for STMicroelectronics.X-CUBE-SUBG2.5.0.0
2023-10-26 18:48:32,530 [WARN] PackLoader:240 - Cannot read IP mode file for STMicroelectronics.X-CUBE-TOF1.3.3.1
2023-10-26 18:48:32,569 [WARN] PackLoader:240 - Cannot read IP mode file for STMicroelectronics.X-CUBE-AZRTOS-G4.2.0.0
2023-10-26 18:48:32,653 [WARN] PackLoader:240 - Cannot read IP mode file for STMicroelectronics.X-CUBE-MEMS1.10.0.0
2023-10-26 18:48:32,821 [WARN] PackLoader:240 - Cannot read IP mode file for STMicroelectronics.X-CUBE-FREERTOS.1.1.0
2023-10-26 18:48:32,855 [WARN] PackLoader:240 - Cannot read IP mode file for portGmbH.I-Cube-SoM-uGOAL.1.1.0
2023-10-26 18:48:32,882 [WARN] PackLoader:240 - Cannot read IP mode file for STMicroelectronics.X-CUBE-ALS.1.0.1
2023-10-26 18:48:32,903 [WARN] PackLoader:240 - Cannot read IP mode file for STMicroelectronics.FP-ATR-ASTRA1.2.0.0
2023-10-26 18:48:32,904 [INFO] ThirdParty:978 - Integrity check success = true
2023-10-26 18:48:32,904 [INFO] IntegrityCheckThread:100 - exiting critical section [integrity check]
2023-10-26 18:48:32,904 [INFO] IntegrityCheckThread:103 - End integrity checks thread
2023-10-26 18:48:50,360 [ERROR] LogOutputStream:75 - [STDERR_REDIRECT] SLF4J: Failed to load class "org.slf4j.impl.StaticLoggerBinder".
2023-10-26 18:48:50,361 [ERROR] LogOutputStream:75 - [STDERR_REDIRECT] SLF4J: Defaulting to no-operation (NOP) logger implementation
2023-10-26 18:48:50,362 [ERROR] LogOutputStream:75 - [STDERR_REDIRECT] SLF4J: See http://www.slf4j.org/codes.html#StaticLoggerBinder for further details.
