2023-12-09 16:41:30,095 [INFO] Activator:176 - 


2023-12-09 16:41:30,102 [INFO] Activator:177 - !SESSION log4j initialized
2023-12-09 16:41:36,214 [INFO] LogOutputStream:77 - [STDOUT_REDIRECT] 
2023-12-09 16:41:38,420 [INFO] ApplicationProperties:184 - Using Application install path: C:\ST\STM32CubeIDE_1.13.2\STM32CubeIDE\plugins\com.st.stm32cube.common.mx_6.9.2.202309101412
2023-12-09 16:41:38,439 [INFO] DbMcusXml:78 - Set database path to: C:\ST\STM32CubeIDE_1.13.2\STM32CubeIDE\plugins\com.st.stm32cube.common.mx_6.9.2.202309101412\\db\/mcu/
2023-12-09 16:41:38,439 [INFO] ApiDb:274 - Set plugin database path to: C:\ST\STM32CubeIDE_1.13.2\STM32CubeIDE\plugins\com.st.stm32cube.common.mx_6.9.2.202309101412\\db\/plugins/boardmanager/
2023-12-09 16:41:38,440 [WARN] ApiDb:259 - Overriding images path with different value:  => C:\ST\STM32CubeIDE_1.13.2\STM32CubeIDE\plugins\com.st.stm32cube.common.mx_6.9.2.202309101412\\db\/plugins/mcufinder/images/
2023-12-09 16:41:38,451 [INFO] ApiDb:250 - Set database path to: C:\Users\islam\.stmcufinder\plugins\mcufinder//mcu/
2023-12-09 16:41:38,452 [INFO] DbMcusAds:125 - Set database path to: C:\Users\islam\.stmcufinder\plugins\mcufinder//mcu/
2023-12-09 16:41:38,454 [INFO] CrossReferenceDbSqlite:203 - Set database path to: C:\Users\islam\.stmcufinder\plugins\mcufinder//mcu/cs/
2023-12-09 16:41:38,557 [INFO] RulesReader:64 - Compatibility file has been processed (293 Rules)
2023-12-09 16:41:38,634 [INFO] DbMcusXml:78 - Set database path to: C:\ST\STM32CubeIDE_1.13.2\STM32CubeIDE\plugins\com.st.stm32cube.common.mx_6.9.2.202309101412\\db\/mcu/
2023-12-09 16:41:38,634 [INFO] ApiDb:274 - Set plugin database path to: C:\ST\STM32CubeIDE_1.13.2\STM32CubeIDE\plugins\com.st.stm32cube.common.mx_6.9.2.202309101412\\db\/plugins/boardmanager/
2023-12-09 16:41:38,634 [INFO] ApiDb:261 - Set plugin images path to: C:\ST\STM32CubeIDE_1.13.2\STM32CubeIDE\plugins\com.st.stm32cube.common.mx_6.9.2.202309101412\\db\/plugins/mcufinder/images/
2023-12-09 16:41:38,634 [WARN] DbFile:41 - Overriding database path with different value: C:\Users\islam\.stmcufinder\plugins\mcufinder/ => C:\Users\islam\.stmcufinder\plugins\mcufinder
2023-12-09 16:41:38,635 [INFO] ApiDb:250 - Set database path to: C:\Users\islam\.stmcufinder\plugins\mcufinder//mcu/
2023-12-09 16:41:38,635 [WARN] DbFile:41 - Overriding database path with different value: C:\Users\islam\.stmcufinder\plugins\mcufinder/ => C:\Users\islam\.stmcufinder\plugins\mcufinder
2023-12-09 16:41:38,635 [INFO] DbMcusAds:125 - Set database path to: C:\Users\islam\.stmcufinder\plugins\mcufinder//mcu/
2023-12-09 16:41:38,635 [WARN] DbFile:41 - Overriding database path with different value: C:\Users\islam\.stmcufinder\plugins\mcufinder/ => C:\Users\islam\.stmcufinder\plugins\mcufinder
2023-12-09 16:41:38,635 [WARN] DbFile:41 - Overriding database path with different value: C:\Users\islam\.stmcufinder\plugins\mcufinder/ => C:\Users\islam\.stmcufinder\plugins\mcufinder
2023-12-09 16:41:38,635 [INFO] CrossReferenceDbSqlite:203 - Set database path to: C:\Users\islam\.stmcufinder\plugins\mcufinder//mcu/cs/
2023-12-09 16:41:38,713 [INFO] MainPanel:262 - HeapMemory: 268435456
2023-12-09 16:41:38,811 [INFO] DbMcusXml:78 - Set database path to: C:\ST\STM32CubeIDE_1.13.2\STM32CubeIDE\plugins\com.st.stm32cube.common.mx_6.9.2.202309101412\\db\/mcu/
2023-12-09 16:41:38,811 [INFO] ApiDb:274 - Set plugin database path to: C:\ST\STM32CubeIDE_1.13.2\STM32CubeIDE\plugins\com.st.stm32cube.common.mx_6.9.2.202309101412\\db\/plugins/boardmanager/
2023-12-09 16:41:38,811 [INFO] ApiDb:261 - Set plugin images path to: C:\ST\STM32CubeIDE_1.13.2\STM32CubeIDE\plugins\com.st.stm32cube.common.mx_6.9.2.202309101412\\db\/plugins/mcufinder/images/
2023-12-09 16:41:38,811 [WARN] DbFile:41 - Overriding database path with different value: C:\Users\islam\.stmcufinder\plugins\mcufinder/ => C:\Users\islam\.stmcufinder\plugins\mcufinder
2023-12-09 16:41:38,812 [INFO] ApiDb:250 - Set database path to: C:\Users\islam\.stmcufinder\plugins\mcufinder//mcu/
2023-12-09 16:41:38,812 [WARN] DbFile:41 - Overriding database path with different value: C:\Users\islam\.stmcufinder\plugins\mcufinder/ => C:\Users\islam\.stmcufinder\plugins\mcufinder
2023-12-09 16:41:38,812 [INFO] DbMcusAds:125 - Set database path to: C:\Users\islam\.stmcufinder\plugins\mcufinder//mcu/
2023-12-09 16:41:38,812 [WARN] DbFile:41 - Overriding database path with different value: C:\Users\islam\.stmcufinder\plugins\mcufinder/ => C:\Users\islam\.stmcufinder\plugins\mcufinder
2023-12-09 16:41:38,812 [WARN] DbFile:41 - Overriding database path with different value: C:\Users\islam\.stmcufinder\plugins\mcufinder/ => C:\Users\islam\.stmcufinder\plugins\mcufinder
2023-12-09 16:41:38,812 [INFO] CrossReferenceDbSqlite:203 - Set database path to: C:\Users\islam\.stmcufinder\plugins\mcufinder//mcu/cs/
2023-12-09 16:41:38,830 [INFO] ApplicationProperties:184 - Using Application install path: C:\ST\STM32CubeIDE_1.13.2\STM32CubeIDE\plugins\com.st.stm32cube.common.mx_6.9.2.202309101412
2023-12-09 16:41:38,831 [INFO] PluginManage:196 - Search for loadable plugins [exclusion list=, ]
2023-12-09 16:41:38,832 [INFO] PluginManage:310 - Check plugin analytics
2023-12-09 16:41:38,984 [INFO] AnalyticsPlugin:253 - Accepted Software Licenses: 
2023-12-09 16:41:38,984 [INFO] AnalyticsPlugin:255 - Accepted CMSIS Pack Licenses: 
2023-12-09 16:41:38,985 [INFO] AnalyticsPlugin:257 - Accepted Firmware Licenses: 
2023-12-09 16:41:38,987 [INFO] PluginManage:359 - Loaded plugin analytics (category:tool,tabindex:-1)
2023-12-09 16:41:38,988 [INFO] PluginManage:310 - Check plugin cadmodel
2023-12-09 16:41:39,005 [INFO] CADModel:105 - Init CAD model plugin
2023-12-09 16:41:39,005 [INFO] PluginManage:359 - Loaded plugin cadmodel (category:power,tabindex:5)
2023-12-09 16:41:39,006 [INFO] PluginManage:310 - Check plugin clock
2023-12-09 16:41:39,023 [INFO] PluginManage:359 - Loaded plugin clock (category:base,tabindex:2)
2023-12-09 16:41:39,024 [INFO] PluginManage:310 - Check plugin ddr
2023-12-09 16:41:39,026 [INFO] PluginManage:359 - Loaded plugin ddr (category:tool,tabindex:6)
2023-12-09 16:41:39,027 [INFO] PluginManage:310 - Check plugin filemanager
2023-12-09 16:41:39,159 [INFO] PluginManage:359 - Loaded plugin filemanager (category:base,tabindex:10)
2023-12-09 16:41:39,160 [INFO] PluginManage:310 - Check plugin ipmanager
2023-12-09 16:41:39,170 [INFO] PluginManage:359 - Loaded plugin ipmanager (category:base,tabindex:5)
2023-12-09 16:41:39,170 [INFO] PluginManage:310 - Check plugin lpbam
2023-12-09 16:41:39,189 [INFO] PluginManage:359 - Loaded plugin lpbam (category:base,tabindex:0)
2023-12-09 16:41:39,189 [INFO] PluginManage:310 - Check plugin memorymap
2023-12-09 16:41:39,210 [INFO] PluginManage:359 - Loaded plugin memorymap (category:base,tabindex:4)
2023-12-09 16:41:39,210 [INFO] PluginManage:310 - Check plugin pinoutandconfiguration
2023-12-09 16:41:39,227 [INFO] PluginManage:359 - Loaded plugin pinoutandconfiguration (category:base,tabindex:1)
2023-12-09 16:41:39,228 [INFO] PluginManage:310 - Check plugin pinoutconfig
2023-12-09 16:41:39,316 [WARN] SupportedApi:132 - Cannot load RTOS API schema: s4s-elt-must-match.1: The content of 'definitions' must match (annotation?, (simpleType | complexType)?, (unique | key | keyref)*)). A problem was found starting at: attribute.
2023-12-09 16:41:39,431 [INFO] PluginManage:359 - Loaded plugin pinoutconfig (category:base,tabindex:0)
2023-12-09 16:41:39,431 [INFO] PluginManage:310 - Check plugin power
2023-12-09 16:41:39,450 [INFO] PluginManage:359 - Loaded plugin power (category:power,tabindex:4)
2023-12-09 16:41:39,450 [INFO] PluginManage:310 - Check plugin projectmanager
2023-12-09 16:41:39,463 [INFO] PluginManage:359 - Loaded plugin projectmanager (category:projectmanager,tabindex:3)
2023-12-09 16:41:39,463 [INFO] PluginManage:310 - Check plugin thirdparty
2023-12-09 16:41:39,714 [INFO] PluginManage:359 - Loaded plugin thirdparty (category:base,tabindex:-1)
2023-12-09 16:41:39,714 [WARN] IntegrityCheckThread:84 - waiting for thirdparty lock release [integrity check]
2023-12-09 16:41:39,714 [INFO] PluginManage:310 - Check plugin tools
2023-12-09 16:41:39,714 [INFO] IntegrityCheckThread:86 - entering critical section [integrity check]
2023-12-09 16:41:39,714 [INFO] ThirdPartyUpdaterWithRetryManager:70 - Updater plugin not ready yet. [1/15]
2023-12-09 16:41:39,746 [INFO] PluginManage:359 - Loaded plugin tools (category:base,tabindex:7)
2023-12-09 16:41:39,746 [INFO] PluginManage:310 - Check plugin tutovideos
2023-12-09 16:41:39,929 [INFO] PluginManage:359 - Loaded plugin tutovideos (category:base,tabindex:-1)
2023-12-09 16:41:39,929 [INFO] PluginManage:310 - Check plugin updater
2023-12-09 16:41:39,939 [INFO] PluginManage:359 - Loaded plugin updater (category:base,tabindex:12)
2023-12-09 16:41:39,939 [INFO] PluginManage:310 - Check plugin userauth
2023-12-09 16:41:39,944 [INFO] UserAuth:113 - Init User Auth plugin
2023-12-09 16:41:39,944 [INFO] PluginManage:359 - Loaded plugin userauth (category:base,tabindex:14)
2023-12-09 16:41:39,944 [INFO] PluginManage:283 - PluginManage : Loaded plugins [17]
2023-12-09 16:41:40,129 [INFO] PinOutPanel:1499 - setPackage(No Configuration,No Configuration)
2023-12-09 16:41:40,249 [INFO] CADModel:165 - CPN selected for project level
2023-12-09 16:41:40,249 [INFO] CADModel:114 - Register for checkConnection events
2023-12-09 16:41:40,273 [INFO] IPUIPlugin:80 - create IPUIPlugin
2023-12-09 16:41:40,273 [INFO] PluginManager:220 - loadIPPluginJar : add adc
2023-12-09 16:41:40,304 [INFO] IPUIPlugin:80 - create IPUIPlugin
2023-12-09 16:41:40,305 [INFO] PluginManager:220 - loadIPPluginJar : add aes
2023-12-09 16:41:40,340 [INFO] IPUIPlugin:80 - create IPUIPlugin
2023-12-09 16:41:40,340 [INFO] PluginManager:220 - loadIPPluginJar : add can
2023-12-09 16:41:40,360 [INFO] IPUIPlugin:80 - create IPUIPlugin
2023-12-09 16:41:40,361 [INFO] PluginManager:220 - loadIPPluginJar : add comp
2023-12-09 16:41:40,391 [INFO] IPUIPlugin:80 - create IPUIPlugin
2023-12-09 16:41:40,391 [INFO] PluginManager:220 - loadIPPluginJar : add cryp
2023-12-09 16:41:40,420 [INFO] IPUIPlugin:80 - create IPUIPlugin
2023-12-09 16:41:40,420 [INFO] PluginManager:220 - loadIPPluginJar : add dfsdm
2023-12-09 16:41:40,433 [INFO] IPUIPlugin:80 - create IPUIPlugin
2023-12-09 16:41:40,433 [INFO] PluginManager:220 - loadIPPluginJar : add dma
2023-12-09 16:41:40,474 [INFO] IPUIPlugin:80 - create IPUIPlugin
2023-12-09 16:41:40,474 [INFO] PluginManager:220 - loadIPPluginJar : add dma3
2023-12-09 16:41:40,493 [INFO] IPUIPlugin:80 - create IPUIPlugin
2023-12-09 16:41:40,493 [INFO] PluginManager:220 - loadIPPluginJar : add fatfs
2023-12-09 16:41:40,535 [INFO] IPUIPlugin:80 - create IPUIPlugin
2023-12-09 16:41:40,535 [INFO] PluginManager:220 - loadIPPluginJar : add fmc
2023-12-09 16:41:40,550 [INFO] IPUIPlugin:80 - create IPUIPlugin
2023-12-09 16:41:40,550 [INFO] PluginManager:220 - loadIPPluginJar : add freertos
2023-12-09 16:41:40,570 [INFO] IPUIPlugin:80 - create IPUIPlugin
2023-12-09 16:41:40,570 [INFO] PluginManager:220 - loadIPPluginJar : add genericplugin
2023-12-09 16:41:40,657 [INFO] IPUIPlugin:80 - create IPUIPlugin
2023-12-09 16:41:40,657 [INFO] PluginManager:220 - loadIPPluginJar : add gfxmmu
2023-12-09 16:41:40,780 [INFO] IPUIPlugin:80 - create IPUIPlugin
2023-12-09 16:41:40,780 [INFO] PluginManager:220 - loadIPPluginJar : add gic
2023-12-09 16:41:40,792 [INFO] IPUIPlugin:80 - create IPUIPlugin
2023-12-09 16:41:40,793 [INFO] PluginManager:220 - loadIPPluginJar : add gpio
2023-12-09 16:41:40,876 [INFO] IPUIPlugin:80 - create IPUIPlugin
2023-12-09 16:41:40,876 [INFO] PluginManager:220 - loadIPPluginJar : add gtzc
2023-12-09 16:41:40,907 [INFO] IPUIPlugin:80 - create IPUIPlugin
2023-12-09 16:41:40,907 [INFO] PluginManager:220 - loadIPPluginJar : add hash
2023-12-09 16:41:40,954 [INFO] IPUIPlugin:80 - create IPUIPlugin
2023-12-09 16:41:40,954 [INFO] PluginManager:220 - loadIPPluginJar : add i2c
2023-12-09 16:41:40,991 [INFO] IPUIPlugin:80 - create IPUIPlugin
2023-12-09 16:41:40,992 [INFO] PluginManager:220 - loadIPPluginJar : add i2s
2023-12-09 16:41:41,030 [INFO] IPUIPlugin:80 - create IPUIPlugin
2023-12-09 16:41:41,030 [INFO] PluginManager:220 - loadIPPluginJar : add i3c
2023-12-09 16:41:41,139 [INFO] IPUIPlugin:80 - create IPUIPlugin
2023-12-09 16:41:41,139 [INFO] PluginManager:220 - loadIPPluginJar : add ipddr
2023-12-09 16:41:41,223 [INFO] IPUIPlugin:80 - create IPUIPlugin
2023-12-09 16:41:41,223 [INFO] PluginManager:220 - loadIPPluginJar : add linkedlist
2023-12-09 16:41:41,257 [INFO] IPUIPlugin:80 - create IPUIPlugin
2023-12-09 16:41:41,257 [INFO] PluginManager:220 - loadIPPluginJar : add lorawan
2023-12-09 16:41:41,294 [INFO] IPUIPlugin:80 - create IPUIPlugin
2023-12-09 16:41:41,294 [INFO] PluginManager:220 - loadIPPluginJar : add ltdc
2023-12-09 16:41:41,307 [INFO] IPUIPlugin:80 - create IPUIPlugin
2023-12-09 16:41:41,308 [INFO] PluginManager:220 - loadIPPluginJar : add mdma
2023-12-09 16:41:41,318 [INFO] IPUIPlugin:80 - create IPUIPlugin
2023-12-09 16:41:41,319 [INFO] PluginManager:220 - loadIPPluginJar : add nvic
2023-12-09 16:41:41,352 [INFO] IPUIPlugin:80 - create IPUIPlugin
2023-12-09 16:41:41,352 [INFO] PluginManager:220 - loadIPPluginJar : add opamp
2023-12-09 16:41:41,407 [INFO] IPUIPlugin:80 - create IPUIPlugin
2023-12-09 16:41:41,407 [INFO] PluginManager:220 - loadIPPluginJar : add openamp
2023-12-09 16:41:41,447 [INFO] IPUIPlugin:80 - create IPUIPlugin
2023-12-09 16:41:41,447 [INFO] PluginManager:220 - loadIPPluginJar : add pdm2pcm
2023-12-09 16:41:41,460 [INFO] IPUIPlugin:80 - create IPUIPlugin
2023-12-09 16:41:41,462 [INFO] PluginManager:220 - loadIPPluginJar : add plateformsettings
2023-12-09 16:41:41,482 [INFO] IPUIPlugin:80 - create IPUIPlugin
2023-12-09 16:41:41,483 [INFO] PluginManager:220 - loadIPPluginJar : add quadspi
2023-12-09 16:41:41,495 [INFO] IPUIPlugin:80 - create IPUIPlugin
2023-12-09 16:41:41,495 [INFO] PluginManager:220 - loadIPPluginJar : add resmgrutility
2023-12-09 16:41:41,537 [INFO] IPUIPlugin:80 - create IPUIPlugin
2023-12-09 16:41:41,537 [INFO] PluginManager:220 - loadIPPluginJar : add sai
2023-12-09 16:41:41,571 [INFO] IPUIPlugin:80 - create IPUIPlugin
2023-12-09 16:41:41,571 [INFO] PluginManager:220 - loadIPPluginJar : add spi
2023-12-09 16:41:41,622 [INFO] IPUIPlugin:80 - create IPUIPlugin
2023-12-09 16:41:41,622 [INFO] PluginManager:220 - loadIPPluginJar : add stm32_wpan
2023-12-09 16:41:41,643 [INFO] IPUIPlugin:80 - create IPUIPlugin
2023-12-09 16:41:41,644 [INFO] PluginManager:220 - loadIPPluginJar : add tim
2023-12-09 16:41:41,695 [INFO] IPUIPlugin:80 - create IPUIPlugin
2023-12-09 16:41:41,695 [INFO] PluginManager:220 - loadIPPluginJar : add touchsensing
2023-12-09 16:41:41,715 [INFO] IPUIPlugin:80 - create IPUIPlugin
2023-12-09 16:41:41,715 [INFO] PluginManager:220 - loadIPPluginJar : add tracer_emb
2023-12-09 16:41:41,737 [INFO] IPUIPlugin:80 - create IPUIPlugin
2023-12-09 16:41:41,737 [INFO] PluginManager:220 - loadIPPluginJar : add ts
2023-12-09 16:41:41,756 [INFO] IPUIPlugin:80 - create IPUIPlugin
2023-12-09 16:41:41,756 [INFO] PluginManager:220 - loadIPPluginJar : add tsc
2023-12-09 16:41:41,777 [INFO] IPUIPlugin:80 - create IPUIPlugin
2023-12-09 16:41:41,777 [INFO] PluginManager:220 - loadIPPluginJar : add ucpd
2023-12-09 16:41:41,817 [INFO] IPUIPlugin:80 - create IPUIPlugin
2023-12-09 16:41:41,817 [INFO] PluginManager:220 - loadIPPluginJar : add usart
2023-12-09 16:41:41,856 [INFO] IPUIPlugin:80 - create IPUIPlugin
2023-12-09 16:41:41,856 [INFO] PluginManager:220 - loadIPPluginJar : add usbx
2023-12-09 16:41:41,970 [INFO] CADModel:165 - CPN selected for project level
2023-12-09 16:41:41,970 [INFO] CADModel:114 - Register for checkConnection events
2023-12-09 16:41:41,971 [FATAL] Updater:308 - Updater called before beeing initialized
2023-12-09 16:41:41,971 [ERROR] CADModel:125 - Updater not yet initialized, retry later 
2023-12-09 16:41:42,078 [INFO] CADModel:165 - CPN selected for project level
2023-12-09 16:41:42,078 [INFO] CADModel:114 - Register for checkConnection events
2023-12-09 16:41:42,078 [FATAL] Updater:308 - Updater called before beeing initialized
2023-12-09 16:41:42,078 [ERROR] CADModel:125 - Updater not yet initialized, retry later 
2023-12-09 16:41:42,082 [FATAL] Updater:308 - Updater called before beeing initialized
2023-12-09 16:41:42,171 [FATAL] Updater:308 - Updater called before beeing initialized
2023-12-09 16:41:42,183 [INFO] DbMcusAds:53 - JSON generation date=Wed Nov 29 13:52:38 TRT 2023 (1701255158764)
2023-12-09 16:41:42,183 [FATAL] Updater:308 - Updater called before beeing initialized
2023-12-09 16:41:42,252 [WARN] DetailPanel:346 - Failed to get advertising image, set to default
2023-12-09 16:41:42,333 [FATAL] Updater:308 - Updater called before beeing initialized
2023-12-09 16:41:42,335 [FATAL] Updater:308 - Updater called before beeing initialized
2023-12-09 16:41:42,335 [FATAL] Updater:308 - Updater called before beeing initialized
2023-12-09 16:41:42,335 [WARN] DetailPanel:346 - Failed to get advertising image, set to default
2023-12-09 16:41:42,335 [FATAL] Updater:308 - Updater called before beeing initialized
2023-12-09 16:41:42,384 [ERROR] Updater:1120 - MainUpdater not yet initialized. External WinMGr cannot be set.
2023-12-09 16:41:42,396 [INFO] Updater:1056 - Updater Version found : 6.9.2
2023-12-09 16:41:42,411 [INFO] ApplicationProperties:184 - Using Application install path: C:\ST\STM32CubeIDE_1.13.2\STM32CubeIDE\plugins\com.st.stm32cube.common.mx_6.9.2.202309101412
2023-12-09 16:41:42,727 [INFO] ThirdPartyUpdaterWithRetryManager:70 - Updater plugin not ready yet. [2/15]
2023-12-09 16:41:42,762 [INFO] MainUpdater:2868 - connection check result : 10
2023-12-09 16:41:42,763 [INFO] MainUpdater:285 - Updater Check For Update Now.
2023-12-09 16:41:42,763 [INFO] MicroXplorer:498 - Change Database Version : DB.6.0.92
2023-12-09 16:41:42,779 [INFO] McuFinderGlobals:63 - Set McuFinder mode to 2 (CubeIDE integrated)
2023-12-09 16:41:42,973 [INFO] CheckServerUpdateThread:120 - End of CheckServer Thread
2023-12-09 16:41:45,874 [WARN] PackLoader:240 - Cannot read IP mode file for STMicroelectronics.X-CUBE-SMBUS.2.1.0
2023-12-09 16:41:45,921 [WARN] PackLoader:240 - Cannot read IP mode file for STMicroelectronics.X-CUBE-AZRTOS-F7.1.1.0
2023-12-09 16:41:45,938 [WARN] PackLoader:240 - Cannot read IP mode file for STMicroelectronics.FP-SNS-MOTENV1.4.3.2
2023-12-09 16:41:45,956 [WARN] PackLoader:240 - Cannot read IP mode file for STMicroelectronics.FP-SNS-FLIGHT1.5.0.2
2023-12-09 16:41:45,973 [WARN] PackLoader:240 - Cannot read IP mode file for STMicroelectronics.X-CUBE-DISPLAY.3.0.0
2023-12-09 16:41:45,994 [WARN] PackLoader:240 - Cannot read IP mode file for STMicroelectronics.X-CUBE-BLE1.7.0.0
2023-12-09 16:41:46,010 [WARN] PackLoader:240 - Cannot read IP mode file for emotas.I-CUBE-CANOPEN.1.3.0
2023-12-09 16:41:46,031 [INFO] LogOutputStream:77 - [STDOUT_REDIRECT] 1 : Invalid condition id : UX_CORESTACK_Condition cause : null
2023-12-09 16:41:46,032 [INFO] LogOutputStream:77 - [STDOUT_REDIRECT] 1 : Invalid condition id : UX_CORESTACK_Condition cause : null
2023-12-09 16:41:46,033 [INFO] LogOutputStream:77 - [STDOUT_REDIRECT] 1 : Invalid condition id : UX_CORESTACK_Condition cause : null
2023-12-09 16:41:46,034 [INFO] LogOutputStream:77 - [STDOUT_REDIRECT] 1 : Invalid condition id : UX_CORESTACK_Condition cause : null
2023-12-09 16:41:46,035 [INFO] LogOutputStream:77 - [STDOUT_REDIRECT] 1 : Invalid condition id : UX_CORESTACK_Condition cause : null
2023-12-09 16:41:46,039 [WARN] PackLoader:240 - Cannot read IP mode file for STMicroelectronics.X-CUBE-AZRTOS-WL.2.0.0
2023-12-09 16:41:46,061 [WARN] PackLoader:240 - Cannot read IP mode file for WES.I-CUBE-Cesium.1.3.0
2023-12-09 16:41:46,074 [WARN] PackLoader:240 - Cannot read IP mode file for STMicroelectronics.X-CUBE-BLE2.3.3.0
2023-12-09 16:41:46,092 [WARN] PackLoader:240 - Cannot read IP mode file for STMicroelectronics.X-CUBE-ALGOBUILD.1.3.0
2023-12-09 16:41:46,121 [WARN] PackLoader:240 - Cannot read IP mode file for STMicroelectronics.X-CUBE-AZRTOS-G0.1.1.0
2023-12-09 16:41:46,137 [WARN] PackLoader:240 - Cannot read IP mode file for STMicroelectronics.X-CUBE-NFC4.3.0.0
2023-12-09 16:41:46,155 [WARN] PackLoader:240 - Cannot read IP mode file for STMicroelectronics.X-CUBE-BLEMGR.3.0.0
2023-12-09 16:41:46,172 [WARN] PackLoader:240 - Cannot read IP mode file for STMicroelectronics.FP-ATR-SIGFOX1.3.2.0
2023-12-09 16:41:46,206 [WARN] PackLoader:240 - Cannot read IP mode file for SEGGER.I-CUBE-embOS.1.3.1
2023-12-09 16:41:46,254 [WARN] PackLoader:240 - Cannot read IP mode file for STMicroelectronics.X-CUBE-GNSS1.6.0.0
2023-12-09 16:41:46,286 [WARN] PackLoader:240 - Cannot read IP mode file for STMicroelectronics.X-CUBE-AZRTOS-F4.1.1.0
2023-12-09 16:41:46,305 [WARN] PackLoader:240 - Cannot read IP mode file for wolfSSL.I-CUBE-wolfSSL.5.6.3
2023-12-09 16:41:46,333 [WARN] PackLoader:240 - Cannot read IP mode file for STMicroelectronics.X-CUBE-AZRTOS-L5.2.0.0
2023-12-09 16:41:46,389 [WARN] PackLoader:240 - Cannot read IP mode file for STMicroelectronics.X-CUBE-MEMS1.9.6.0
2023-12-09 16:41:46,537 [WARN] PackLoader:240 - Cannot read IP mode file for STMicroelectronics.X-CUBE-EEPRMA1.4.2.0
2023-12-09 16:41:46,553 [WARN] PackLoader:240 - Cannot read IP mode file for ITTIA_DB.I-CUBE-ITTIADB.8.8.0
2023-12-09 16:41:46,568 [WARN] PackLoader:240 - Cannot read IP mode file for STMicroelectronics.X-CUBE-BLEMGR.2.0.0
2023-12-09 16:41:46,604 [WARN] ConditionMgr:438 - getConditionDescription Invalid condition id : UX DEVICE CLASS RTOS Condition cause : null
2023-12-09 16:41:46,604 [WARN] ConditionMgr:438 - getConditionDescription Invalid condition id : UX DEVICE CLASS RTOS Condition cause : null
2023-12-09 16:41:46,608 [WARN] PackLoader:240 - Cannot read IP mode file for STMicroelectronics.X-CUBE-AZRTOS-H7.3.1.0
2023-12-09 16:41:46,610 [WARN] ConditionMgr:1039 - genDependencies : Invalid condition id : UX DEVICE CLASS RTOS Condition cause : null
2023-12-09 16:41:46,610 [WARN] ConditionMgr:1039 - genDependencies : Invalid condition id : UX DEVICE CLASS RTOS Condition cause : null
2023-12-09 16:41:46,610 [WARN] ConditionMgr:1039 - genDependencies : Invalid condition id : UX DEVICE CLASS RTOS Condition cause : null
2023-12-09 16:41:46,610 [WARN] ConditionMgr:1039 - genDependencies : Invalid condition id : UX DEVICE CLASS RTOS Condition cause : null
2023-12-09 16:41:46,611 [WARN] ConditionMgr:1039 - genDependencies : Invalid condition id : UX DEVICE CLASS RTOS Condition cause : null
2023-12-09 16:41:46,624 [WARN] PackLoader:240 - Cannot read IP mode file for STMicroelectronics.X-CUBE-NFC7.1.0.1
2023-12-09 16:41:46,637 [WARN] PackLoader:240 - Cannot read IP mode file for STMicroelectronics.X-CUBE-EEPRMA1.4.1.0
2023-12-09 16:41:46,651 [WARN] PackLoader:240 - Cannot read IP mode file for STMicroelectronics.X-CUBE-AI.8.1.0
2023-12-09 16:41:46,682 [WARN] ConditionMgr:438 - getConditionDescription Invalid condition id : LAN8742 Phy interface Condition cause : null
2023-12-09 16:41:46,683 [WARN] PackLoader:240 - Cannot read IP mode file for STMicroelectronics.X-CUBE-AZRTOS-L4.2.0.0
2023-12-09 16:41:46,685 [WARN] ConditionMgr:1039 - genDependencies : Invalid condition id : LAN8742 Phy interface Condition cause : null
2023-12-09 16:41:46,685 [WARN] ConditionMgr:1039 - genDependencies : Invalid condition id : LAN8742 Phy interface Condition cause : null
2023-12-09 16:41:46,686 [WARN] ConditionMgr:1039 - genDependencies : Invalid condition id : LAN8742 Phy interface Condition cause : null
2023-12-09 16:41:46,703 [WARN] PackLoader:240 - Cannot read IP mode file for STMicroelectronics.X-CUBE-SFXS2LP1.4.0.0
2023-12-09 16:41:46,723 [WARN] PackLoader:240 - Cannot read IP mode file for STMicroelectronics.X-CUBE-ISPU.1.1.0
2023-12-09 16:41:46,759 [WARN] ConditionMgr:438 - getConditionDescription Invalid condition id : UX DEVICE CLASS RTOS Condition cause : null
2023-12-09 16:41:46,759 [WARN] ConditionMgr:438 - getConditionDescription Invalid condition id : UX DEVICE CLASS RTOS Condition cause : null
2023-12-09 16:41:46,762 [WARN] PackLoader:240 - Cannot read IP mode file for STMicroelectronics.X-CUBE-AZRTOS-WB.2.0.0
2023-12-09 16:41:46,763 [WARN] ConditionMgr:1039 - genDependencies : Invalid condition id : UX DEVICE CLASS RTOS Condition cause : null
2023-12-09 16:41:46,763 [WARN] ConditionMgr:1039 - genDependencies : Invalid condition id : UX DEVICE CLASS RTOS Condition cause : null
2023-12-09 16:41:46,763 [WARN] ConditionMgr:1039 - genDependencies : Invalid condition id : UX DEVICE CLASS RTOS Condition cause : null
2023-12-09 16:41:46,764 [WARN] ConditionMgr:1039 - genDependencies : Invalid condition id : UX DEVICE CLASS RTOS Condition cause : null
2023-12-09 16:41:46,764 [WARN] ConditionMgr:1039 - genDependencies : Invalid condition id : UX DEVICE CLASS RTOS Condition cause : null
2023-12-09 16:41:46,784 [WARN] PackLoader:240 - Cannot read IP mode file for STMicroelectronics.X-CUBE-SUBG2.5.0.0
2023-12-09 16:41:46,808 [WARN] PackLoader:240 - Cannot read IP mode file for STMicroelectronics.X-CUBE-TOF1.3.3.1
2023-12-09 16:41:46,838 [WARN] PackLoader:240 - Cannot read IP mode file for STMicroelectronics.X-CUBE-AZRTOS-G4.2.0.0
2023-12-09 16:41:46,864 [WARN] PackLoader:240 - Cannot read IP mode file for Infineon.AIROC-Wi-Fi-Bluetooth-STM32.1.5.1
2023-12-09 16:41:46,880 [WARN] PackLoader:240 - Cannot read IP mode file for STMicroelectronics.FP-SNS-MOTENVWB1.1.3.1
2023-12-09 16:41:46,891 [WARN] PackLoader:240 - Cannot read IP mode file for STMicroelectronics.X-CUBE-ISPU.2.0.0
2023-12-09 16:41:46,933 [WARN] PackLoader:240 - Cannot read IP mode file for STMicroelectronics.X-CUBE-MEMS1.10.0.0
2023-12-09 16:41:47,056 [WARN] PackLoader:240 - Cannot read IP mode file for STMicroelectronics.X-CUBE-FREERTOS.1.1.0
2023-12-09 16:41:47,076 [WARN] PackLoader:240 - Cannot read IP mode file for portGmbH.I-Cube-SoM-uGOAL.1.1.0
2023-12-09 16:41:47,092 [WARN] PackLoader:240 - Cannot read IP mode file for STMicroelectronics.X-CUBE-ALS.1.0.1
2023-12-09 16:41:47,119 [WARN] PackLoader:240 - Cannot read IP mode file for STMicroelectronics.FP-ATR-ASTRA1.2.0.0
2023-12-09 16:41:47,161 [WARN] PackLoader:240 - Cannot read IP mode file for STMicroelectronics.X-CUBE-TOF1.3.4.0
2023-12-09 16:41:47,214 [WARN] PackLoader:240 - Cannot read IP mode file for STMicroelectronics.X-CUBE-AZRTOS-H7.3.2.0
2023-12-09 16:41:47,218 [INFO] ThirdParty:978 - Integrity check success = true
2023-12-09 16:41:47,218 [INFO] IntegrityCheckThread:100 - exiting critical section [integrity check]
2023-12-09 16:41:47,218 [INFO] IntegrityCheckThread:103 - End integrity checks thread
2023-12-09 16:42:03,817 [ERROR] LogOutputStream:75 - [STDERR_REDIRECT] SLF4J: Failed to load class "org.slf4j.impl.StaticLoggerBinder".
2023-12-09 16:42:03,817 [ERROR] LogOutputStream:75 - [STDERR_REDIRECT] SLF4J: Defaulting to no-operation (NOP) logger implementation
2023-12-09 16:42:03,819 [ERROR] LogOutputStream:75 - [STDERR_REDIRECT] SLF4J: See http://www.slf4j.org/codes.html#StaticLoggerBinder for further details.
