2023-12-08 00:28:10,351 [INFO] Activator:176 - 


2023-12-08 00:28:10,363 [INFO] Activator:177 - !SESSION log4j initialized
2023-12-08 00:28:18,081 [INFO] LogOutputStream:77 - [STDOUT_REDIRECT] 
2023-12-08 00:28:20,485 [INFO] ApplicationProperties:184 - Using Application install path: C:\ST\STM32CubeIDE_1.13.2\STM32CubeIDE\plugins\com.st.stm32cube.common.mx_6.9.2.202309101412
2023-12-08 00:28:20,503 [INFO] DbMcusXml:78 - Set database path to: C:\ST\STM32CubeIDE_1.13.2\STM32CubeIDE\plugins\com.st.stm32cube.common.mx_6.9.2.202309101412\\db\/mcu/
2023-12-08 00:28:20,504 [INFO] ApiDb:274 - Set plugin database path to: C:\ST\STM32CubeIDE_1.13.2\STM32CubeIDE\plugins\com.st.stm32cube.common.mx_6.9.2.202309101412\\db\/plugins/boardmanager/
2023-12-08 00:28:20,504 [WARN] ApiDb:259 - Overriding images path with different value:  => C:\ST\STM32CubeIDE_1.13.2\STM32CubeIDE\plugins\com.st.stm32cube.common.mx_6.9.2.202309101412\\db\/plugins/mcufinder/images/
2023-12-08 00:28:20,516 [INFO] ApiDb:250 - Set database path to: C:\Users\islam\.stmcufinder\plugins\mcufinder//mcu/
2023-12-08 00:28:20,517 [INFO] DbMcusAds:125 - Set database path to: C:\Users\islam\.stmcufinder\plugins\mcufinder//mcu/
2023-12-08 00:28:20,519 [INFO] CrossReferenceDbSqlite:203 - Set database path to: C:\Users\islam\.stmcufinder\plugins\mcufinder//mcu/cs/
2023-12-08 00:28:20,632 [INFO] RulesReader:64 - Compatibility file has been processed (293 Rules)
2023-12-08 00:28:20,734 [INFO] DbMcusXml:78 - Set database path to: C:\ST\STM32CubeIDE_1.13.2\STM32CubeIDE\plugins\com.st.stm32cube.common.mx_6.9.2.202309101412\\db\/mcu/
2023-12-08 00:28:20,734 [INFO] ApiDb:274 - Set plugin database path to: C:\ST\STM32CubeIDE_1.13.2\STM32CubeIDE\plugins\com.st.stm32cube.common.mx_6.9.2.202309101412\\db\/plugins/boardmanager/
2023-12-08 00:28:20,735 [INFO] ApiDb:261 - Set plugin images path to: C:\ST\STM32CubeIDE_1.13.2\STM32CubeIDE\plugins\com.st.stm32cube.common.mx_6.9.2.202309101412\\db\/plugins/mcufinder/images/
2023-12-08 00:28:20,735 [WARN] DbFile:41 - Overriding database path with different value: C:\Users\islam\.stmcufinder\plugins\mcufinder/ => C:\Users\islam\.stmcufinder\plugins\mcufinder
2023-12-08 00:28:20,735 [INFO] ApiDb:250 - Set database path to: C:\Users\islam\.stmcufinder\plugins\mcufinder//mcu/
2023-12-08 00:28:20,736 [WARN] DbFile:41 - Overriding database path with different value: C:\Users\islam\.stmcufinder\plugins\mcufinder/ => C:\Users\islam\.stmcufinder\plugins\mcufinder
2023-12-08 00:28:20,736 [INFO] DbMcusAds:125 - Set database path to: C:\Users\islam\.stmcufinder\plugins\mcufinder//mcu/
2023-12-08 00:28:20,736 [WARN] DbFile:41 - Overriding database path with different value: C:\Users\islam\.stmcufinder\plugins\mcufinder/ => C:\Users\islam\.stmcufinder\plugins\mcufinder
2023-12-08 00:28:20,736 [WARN] DbFile:41 - Overriding database path with different value: C:\Users\islam\.stmcufinder\plugins\mcufinder/ => C:\Users\islam\.stmcufinder\plugins\mcufinder
2023-12-08 00:28:20,736 [INFO] CrossReferenceDbSqlite:203 - Set database path to: C:\Users\islam\.stmcufinder\plugins\mcufinder//mcu/cs/
2023-12-08 00:28:20,836 [INFO] MainPanel:262 - HeapMemory: 268435456
2023-12-08 00:28:20,957 [INFO] DbMcusXml:78 - Set database path to: C:\ST\STM32CubeIDE_1.13.2\STM32CubeIDE\plugins\com.st.stm32cube.common.mx_6.9.2.202309101412\\db\/mcu/
2023-12-08 00:28:20,957 [INFO] ApiDb:274 - Set plugin database path to: C:\ST\STM32CubeIDE_1.13.2\STM32CubeIDE\plugins\com.st.stm32cube.common.mx_6.9.2.202309101412\\db\/plugins/boardmanager/
2023-12-08 00:28:20,957 [INFO] ApiDb:261 - Set plugin images path to: C:\ST\STM32CubeIDE_1.13.2\STM32CubeIDE\plugins\com.st.stm32cube.common.mx_6.9.2.202309101412\\db\/plugins/mcufinder/images/
2023-12-08 00:28:20,957 [WARN] DbFile:41 - Overriding database path with different value: C:\Users\islam\.stmcufinder\plugins\mcufinder/ => C:\Users\islam\.stmcufinder\plugins\mcufinder
2023-12-08 00:28:20,957 [INFO] ApiDb:250 - Set database path to: C:\Users\islam\.stmcufinder\plugins\mcufinder//mcu/
2023-12-08 00:28:20,957 [WARN] DbFile:41 - Overriding database path with different value: C:\Users\islam\.stmcufinder\plugins\mcufinder/ => C:\Users\islam\.stmcufinder\plugins\mcufinder
2023-12-08 00:28:20,957 [INFO] DbMcusAds:125 - Set database path to: C:\Users\islam\.stmcufinder\plugins\mcufinder//mcu/
2023-12-08 00:28:20,957 [WARN] DbFile:41 - Overriding database path with different value: C:\Users\islam\.stmcufinder\plugins\mcufinder/ => C:\Users\islam\.stmcufinder\plugins\mcufinder
2023-12-08 00:28:20,958 [WARN] DbFile:41 - Overriding database path with different value: C:\Users\islam\.stmcufinder\plugins\mcufinder/ => C:\Users\islam\.stmcufinder\plugins\mcufinder
2023-12-08 00:28:20,958 [INFO] CrossReferenceDbSqlite:203 - Set database path to: C:\Users\islam\.stmcufinder\plugins\mcufinder//mcu/cs/
2023-12-08 00:28:20,982 [INFO] ApplicationProperties:184 - Using Application install path: C:\ST\STM32CubeIDE_1.13.2\STM32CubeIDE\plugins\com.st.stm32cube.common.mx_6.9.2.202309101412
2023-12-08 00:28:20,984 [INFO] PluginManage:196 - Search for loadable plugins [exclusion list=, ]
2023-12-08 00:28:20,986 [INFO] PluginManage:310 - Check plugin analytics
2023-12-08 00:28:21,194 [INFO] AnalyticsPlugin:253 - Accepted Software Licenses: 
2023-12-08 00:28:21,195 [INFO] AnalyticsPlugin:255 - Accepted CMSIS Pack Licenses: 
2023-12-08 00:28:21,195 [INFO] AnalyticsPlugin:257 - Accepted Firmware Licenses: 
2023-12-08 00:28:21,198 [INFO] PluginManage:359 - Loaded plugin analytics (category:tool,tabindex:-1)
2023-12-08 00:28:21,199 [INFO] PluginManage:310 - Check plugin cadmodel
2023-12-08 00:28:21,226 [INFO] CADModel:105 - Init CAD model plugin
2023-12-08 00:28:21,227 [INFO] PluginManage:359 - Loaded plugin cadmodel (category:power,tabindex:5)
2023-12-08 00:28:21,227 [INFO] PluginManage:310 - Check plugin clock
2023-12-08 00:28:21,255 [INFO] PluginManage:359 - Loaded plugin clock (category:base,tabindex:2)
2023-12-08 00:28:21,255 [INFO] PluginManage:310 - Check plugin ddr
2023-12-08 00:28:21,258 [INFO] PluginManage:359 - Loaded plugin ddr (category:tool,tabindex:6)
2023-12-08 00:28:21,258 [INFO] PluginManage:310 - Check plugin filemanager
2023-12-08 00:28:21,435 [INFO] PluginManage:359 - Loaded plugin filemanager (category:base,tabindex:10)
2023-12-08 00:28:21,435 [INFO] PluginManage:310 - Check plugin ipmanager
2023-12-08 00:28:21,451 [INFO] PluginManage:359 - Loaded plugin ipmanager (category:base,tabindex:5)
2023-12-08 00:28:21,451 [INFO] PluginManage:310 - Check plugin lpbam
2023-12-08 00:28:21,482 [INFO] PluginManage:359 - Loaded plugin lpbam (category:base,tabindex:0)
2023-12-08 00:28:21,482 [INFO] PluginManage:310 - Check plugin memorymap
2023-12-08 00:28:21,515 [INFO] PluginManage:359 - Loaded plugin memorymap (category:base,tabindex:4)
2023-12-08 00:28:21,515 [INFO] PluginManage:310 - Check plugin pinoutandconfiguration
2023-12-08 00:28:21,540 [INFO] PluginManage:359 - Loaded plugin pinoutandconfiguration (category:base,tabindex:1)
2023-12-08 00:28:21,540 [INFO] PluginManage:310 - Check plugin pinoutconfig
2023-12-08 00:28:21,692 [WARN] SupportedApi:132 - Cannot load RTOS API schema: s4s-elt-must-match.1: The content of 'definitions' must match (annotation?, (simpleType | complexType)?, (unique | key | keyref)*)). A problem was found starting at: attribute.
2023-12-08 00:28:21,860 [INFO] PluginManage:359 - Loaded plugin pinoutconfig (category:base,tabindex:0)
2023-12-08 00:28:21,860 [INFO] PluginManage:310 - Check plugin power
2023-12-08 00:28:21,889 [INFO] PluginManage:359 - Loaded plugin power (category:power,tabindex:4)
2023-12-08 00:28:21,890 [INFO] PluginManage:310 - Check plugin projectmanager
2023-12-08 00:28:21,910 [INFO] PluginManage:359 - Loaded plugin projectmanager (category:projectmanager,tabindex:3)
2023-12-08 00:28:21,910 [INFO] PluginManage:310 - Check plugin thirdparty
2023-12-08 00:28:22,279 [INFO] PluginManage:359 - Loaded plugin thirdparty (category:base,tabindex:-1)
2023-12-08 00:28:22,279 [WARN] IntegrityCheckThread:84 - waiting for thirdparty lock release [integrity check]
2023-12-08 00:28:22,279 [INFO] PluginManage:310 - Check plugin tools
2023-12-08 00:28:22,279 [INFO] IntegrityCheckThread:86 - entering critical section [integrity check]
2023-12-08 00:28:22,280 [INFO] ThirdPartyUpdaterWithRetryManager:70 - Updater plugin not ready yet. [1/15]
2023-12-08 00:28:22,329 [INFO] PluginManage:359 - Loaded plugin tools (category:base,tabindex:7)
2023-12-08 00:28:22,329 [INFO] PluginManage:310 - Check plugin tutovideos
2023-12-08 00:28:22,528 [INFO] PluginManage:359 - Loaded plugin tutovideos (category:base,tabindex:-1)
2023-12-08 00:28:22,528 [INFO] PluginManage:310 - Check plugin updater
2023-12-08 00:28:22,544 [INFO] PluginManage:359 - Loaded plugin updater (category:base,tabindex:12)
2023-12-08 00:28:22,544 [INFO] PluginManage:310 - Check plugin userauth
2023-12-08 00:28:22,551 [INFO] UserAuth:113 - Init User Auth plugin
2023-12-08 00:28:22,551 [INFO] PluginManage:359 - Loaded plugin userauth (category:base,tabindex:14)
2023-12-08 00:28:22,551 [INFO] PluginManage:283 - PluginManage : Loaded plugins [17]
2023-12-08 00:28:22,814 [INFO] PinOutPanel:1499 - setPackage(No Configuration,No Configuration)
2023-12-08 00:28:22,956 [INFO] CADModel:165 - CPN selected for project level
2023-12-08 00:28:22,956 [INFO] CADModel:114 - Register for checkConnection events
2023-12-08 00:28:22,984 [INFO] IPUIPlugin:80 - create IPUIPlugin
2023-12-08 00:28:22,984 [INFO] PluginManager:220 - loadIPPluginJar : add adc
2023-12-08 00:28:23,028 [INFO] IPUIPlugin:80 - create IPUIPlugin
2023-12-08 00:28:23,029 [INFO] PluginManager:220 - loadIPPluginJar : add aes
2023-12-08 00:28:23,080 [INFO] IPUIPlugin:80 - create IPUIPlugin
2023-12-08 00:28:23,080 [INFO] PluginManager:220 - loadIPPluginJar : add can
2023-12-08 00:28:23,110 [INFO] IPUIPlugin:80 - create IPUIPlugin
2023-12-08 00:28:23,110 [INFO] PluginManager:220 - loadIPPluginJar : add comp
2023-12-08 00:28:23,161 [INFO] IPUIPlugin:80 - create IPUIPlugin
2023-12-08 00:28:23,161 [INFO] PluginManager:220 - loadIPPluginJar : add cryp
2023-12-08 00:28:23,220 [INFO] IPUIPlugin:80 - create IPUIPlugin
2023-12-08 00:28:23,220 [INFO] PluginManager:220 - loadIPPluginJar : add dfsdm
2023-12-08 00:28:23,235 [INFO] IPUIPlugin:80 - create IPUIPlugin
2023-12-08 00:28:23,235 [INFO] PluginManager:220 - loadIPPluginJar : add dma
2023-12-08 00:28:23,289 [INFO] IPUIPlugin:80 - create IPUIPlugin
2023-12-08 00:28:23,289 [INFO] PluginManager:220 - loadIPPluginJar : add dma3
2023-12-08 00:28:23,321 [INFO] IPUIPlugin:80 - create IPUIPlugin
2023-12-08 00:28:23,321 [INFO] PluginManager:220 - loadIPPluginJar : add fatfs
2023-12-08 00:28:23,377 [INFO] IPUIPlugin:80 - create IPUIPlugin
2023-12-08 00:28:23,377 [INFO] PluginManager:220 - loadIPPluginJar : add fmc
2023-12-08 00:28:23,392 [INFO] IPUIPlugin:80 - create IPUIPlugin
2023-12-08 00:28:23,392 [INFO] PluginManager:220 - loadIPPluginJar : add freertos
2023-12-08 00:28:23,421 [INFO] IPUIPlugin:80 - create IPUIPlugin
2023-12-08 00:28:23,421 [INFO] PluginManager:220 - loadIPPluginJar : add genericplugin
2023-12-08 00:28:23,533 [INFO] IPUIPlugin:80 - create IPUIPlugin
2023-12-08 00:28:23,533 [INFO] PluginManager:220 - loadIPPluginJar : add gfxmmu
2023-12-08 00:28:23,680 [INFO] IPUIPlugin:80 - create IPUIPlugin
2023-12-08 00:28:23,681 [INFO] PluginManager:220 - loadIPPluginJar : add gic
2023-12-08 00:28:23,693 [INFO] IPUIPlugin:80 - create IPUIPlugin
2023-12-08 00:28:23,693 [INFO] PluginManager:220 - loadIPPluginJar : add gpio
2023-12-08 00:28:23,789 [INFO] IPUIPlugin:80 - create IPUIPlugin
2023-12-08 00:28:23,789 [INFO] PluginManager:220 - loadIPPluginJar : add gtzc
2023-12-08 00:28:23,826 [INFO] IPUIPlugin:80 - create IPUIPlugin
2023-12-08 00:28:23,826 [INFO] PluginManager:220 - loadIPPluginJar : add hash
2023-12-08 00:28:23,885 [INFO] IPUIPlugin:80 - create IPUIPlugin
2023-12-08 00:28:23,885 [INFO] PluginManager:220 - loadIPPluginJar : add i2c
2023-12-08 00:28:23,925 [INFO] IPUIPlugin:80 - create IPUIPlugin
2023-12-08 00:28:23,925 [INFO] PluginManager:220 - loadIPPluginJar : add i2s
2023-12-08 00:28:23,970 [INFO] IPUIPlugin:80 - create IPUIPlugin
2023-12-08 00:28:23,970 [INFO] PluginManager:220 - loadIPPluginJar : add i3c
2023-12-08 00:28:24,075 [INFO] IPUIPlugin:80 - create IPUIPlugin
2023-12-08 00:28:24,075 [INFO] PluginManager:220 - loadIPPluginJar : add ipddr
2023-12-08 00:28:24,175 [INFO] IPUIPlugin:80 - create IPUIPlugin
2023-12-08 00:28:24,175 [INFO] PluginManager:220 - loadIPPluginJar : add linkedlist
2023-12-08 00:28:24,216 [INFO] IPUIPlugin:80 - create IPUIPlugin
2023-12-08 00:28:24,216 [INFO] PluginManager:220 - loadIPPluginJar : add lorawan
2023-12-08 00:28:24,254 [INFO] IPUIPlugin:80 - create IPUIPlugin
2023-12-08 00:28:24,254 [INFO] PluginManager:220 - loadIPPluginJar : add ltdc
2023-12-08 00:28:24,271 [INFO] IPUIPlugin:80 - create IPUIPlugin
2023-12-08 00:28:24,271 [INFO] PluginManager:220 - loadIPPluginJar : add mdma
2023-12-08 00:28:24,283 [INFO] IPUIPlugin:80 - create IPUIPlugin
2023-12-08 00:28:24,283 [INFO] PluginManager:220 - loadIPPluginJar : add nvic
2023-12-08 00:28:24,320 [INFO] IPUIPlugin:80 - create IPUIPlugin
2023-12-08 00:28:24,320 [INFO] PluginManager:220 - loadIPPluginJar : add opamp
2023-12-08 00:28:24,386 [INFO] IPUIPlugin:80 - create IPUIPlugin
2023-12-08 00:28:24,387 [INFO] PluginManager:220 - loadIPPluginJar : add openamp
2023-12-08 00:28:24,434 [INFO] IPUIPlugin:80 - create IPUIPlugin
2023-12-08 00:28:24,434 [INFO] PluginManager:220 - loadIPPluginJar : add pdm2pcm
2023-12-08 00:28:24,450 [INFO] IPUIPlugin:80 - create IPUIPlugin
2023-12-08 00:28:24,452 [INFO] PluginManager:220 - loadIPPluginJar : add plateformsettings
2023-12-08 00:28:24,477 [INFO] IPUIPlugin:80 - create IPUIPlugin
2023-12-08 00:28:24,477 [INFO] PluginManager:220 - loadIPPluginJar : add quadspi
2023-12-08 00:28:24,489 [INFO] IPUIPlugin:80 - create IPUIPlugin
2023-12-08 00:28:24,490 [INFO] PluginManager:220 - loadIPPluginJar : add resmgrutility
2023-12-08 00:28:24,542 [INFO] IPUIPlugin:80 - create IPUIPlugin
2023-12-08 00:28:24,542 [INFO] PluginManager:220 - loadIPPluginJar : add sai
2023-12-08 00:28:24,584 [INFO] IPUIPlugin:80 - create IPUIPlugin
2023-12-08 00:28:24,584 [INFO] PluginManager:220 - loadIPPluginJar : add spi
2023-12-08 00:28:24,644 [INFO] IPUIPlugin:80 - create IPUIPlugin
2023-12-08 00:28:24,645 [INFO] PluginManager:220 - loadIPPluginJar : add stm32_wpan
2023-12-08 00:28:24,670 [INFO] IPUIPlugin:80 - create IPUIPlugin
2023-12-08 00:28:24,670 [INFO] PluginManager:220 - loadIPPluginJar : add tim
2023-12-08 00:28:24,728 [INFO] IPUIPlugin:80 - create IPUIPlugin
2023-12-08 00:28:24,728 [INFO] PluginManager:220 - loadIPPluginJar : add touchsensing
2023-12-08 00:28:24,755 [INFO] IPUIPlugin:80 - create IPUIPlugin
2023-12-08 00:28:24,755 [INFO] PluginManager:220 - loadIPPluginJar : add tracer_emb
2023-12-08 00:28:24,781 [INFO] IPUIPlugin:80 - create IPUIPlugin
2023-12-08 00:28:24,781 [INFO] PluginManager:220 - loadIPPluginJar : add ts
2023-12-08 00:28:24,804 [INFO] IPUIPlugin:80 - create IPUIPlugin
2023-12-08 00:28:24,805 [INFO] PluginManager:220 - loadIPPluginJar : add tsc
2023-12-08 00:28:24,825 [INFO] IPUIPlugin:80 - create IPUIPlugin
2023-12-08 00:28:24,825 [INFO] PluginManager:220 - loadIPPluginJar : add ucpd
2023-12-08 00:28:24,874 [INFO] IPUIPlugin:80 - create IPUIPlugin
2023-12-08 00:28:24,874 [INFO] PluginManager:220 - loadIPPluginJar : add usart
2023-12-08 00:28:24,918 [INFO] IPUIPlugin:80 - create IPUIPlugin
2023-12-08 00:28:24,918 [INFO] PluginManager:220 - loadIPPluginJar : add usbx
2023-12-08 00:28:25,037 [INFO] CADModel:165 - CPN selected for project level
2023-12-08 00:28:25,037 [INFO] CADModel:114 - Register for checkConnection events
2023-12-08 00:28:25,038 [FATAL] Updater:308 - Updater called before beeing initialized
2023-12-08 00:28:25,038 [ERROR] CADModel:125 - Updater not yet initialized, retry later 
2023-12-08 00:28:25,159 [INFO] CADModel:165 - CPN selected for project level
2023-12-08 00:28:25,160 [INFO] CADModel:114 - Register for checkConnection events
2023-12-08 00:28:25,160 [FATAL] Updater:308 - Updater called before beeing initialized
2023-12-08 00:28:25,160 [ERROR] CADModel:125 - Updater not yet initialized, retry later 
2023-12-08 00:28:25,164 [FATAL] Updater:308 - Updater called before beeing initialized
2023-12-08 00:28:25,280 [INFO] ThirdPartyUpdaterWithRetryManager:70 - Updater plugin not ready yet. [2/15]
2023-12-08 00:28:25,289 [FATAL] Updater:308 - Updater called before beeing initialized
2023-12-08 00:28:25,304 [INFO] DbMcusAds:53 - JSON generation date=Wed Nov 29 13:52:38 TRT 2023 (1701255158764)
2023-12-08 00:28:25,305 [FATAL] Updater:308 - Updater called before beeing initialized
2023-12-08 00:28:25,385 [WARN] DetailPanel:346 - Failed to get advertising image, set to default
2023-12-08 00:28:25,478 [FATAL] Updater:308 - Updater called before beeing initialized
2023-12-08 00:28:25,480 [FATAL] Updater:308 - Updater called before beeing initialized
2023-12-08 00:28:25,480 [FATAL] Updater:308 - Updater called before beeing initialized
2023-12-08 00:28:25,480 [WARN] DetailPanel:346 - Failed to get advertising image, set to default
2023-12-08 00:28:25,481 [FATAL] Updater:308 - Updater called before beeing initialized
2023-12-08 00:28:25,546 [ERROR] Updater:1120 - MainUpdater not yet initialized. External WinMGr cannot be set.
2023-12-08 00:28:25,558 [INFO] Updater:1056 - Updater Version found : 6.9.2
2023-12-08 00:28:25,578 [INFO] ApplicationProperties:184 - Using Application install path: C:\ST\STM32CubeIDE_1.13.2\STM32CubeIDE\plugins\com.st.stm32cube.common.mx_6.9.2.202309101412
2023-12-08 00:28:25,743 [INFO] MainUpdater:2868 - connection check result : 10
2023-12-08 00:28:25,743 [INFO] MainUpdater:3562 - Updater definition file requires update
2023-12-08 00:28:25,744 [INFO] MainUpdater:285 - Updater Check For Update Now.
2023-12-08 00:28:25,744 [INFO] MicroXplorer:498 - Change Database Version : DB.6.0.92
2023-12-08 00:28:25,761 [INFO] McuFinderGlobals:63 - Set McuFinder mode to 2 (CubeIDE integrated)
2023-12-08 00:28:25,789 [INFO] ServerAccessManage:473 - Download File updaters.zip
2023-12-08 00:28:25,886 [INFO] FileExtend:240 - Unzip File : updaters.zip
2023-12-08 00:28:25,887 [INFO] FileExtend:255 - Standard Zip Deflate
2023-12-08 00:28:26,327 [INFO] ServerAccessManage:473 - Download File PacksControlFlags.xml
2023-12-08 00:28:26,454 [INFO] ServerAccessManage:473 - Download File cubemx.pidx
2023-12-08 00:28:27,695 [INFO] ServerAccessManage:473 - Download File STMicroelectronics.X-CUBE-ISPU.pdsc
2023-12-08 00:28:28,282 [WARN] MainUpdater:1189 - Updater busy. Cannot search thirdparties
2023-12-08 00:28:28,283 [INFO] ThirdPartyUpdaterWithRetryManager:96 - Updater plugin is busy. [1/15]
2023-12-08 00:28:28,870 [INFO] ServerAccessManage:473 - Download File STMicroelectronics.X-CUBE-AZRTOS-H7.pdsc
2023-12-08 00:28:30,383 [ERROR] ServerAccessManage:1096 - Problem, Http access forbiden
2023-12-08 00:28:30,383 [ERROR] ServerAccessManage:651 - Problem, Http access forbiden : RoweBots.I-CUBE-UNISONRTOS.pdsc.
2023-12-08 00:28:30,640 [WARN] PackLoader:240 - Cannot read IP mode file for STMicroelectronics.X-CUBE-ISPU.2.0.0
2023-12-08 00:28:30,681 [WARN] PackLoader:240 - Cannot read IP mode file for STMicroelectronics.X-CUBE-AZRTOS-H7.3.2.0
2023-12-08 00:28:30,686 [INFO] PopulateThirdPartyThread:66 - Ending populate Thread
2023-12-08 00:28:30,687 [INFO] ThirdParty:1030 - CMSIS Pack Vendor :STMicroelectronics X-CUBE-AZRTOS-H7 3.2.0
2023-12-08 00:28:30,687 [INFO] ThirdParty:1030 - CMSIS Pack Vendor :STMicroelectronics X-CUBE-ISPU 2.0.0
2023-12-08 00:28:30,688 [INFO] LoadServerUpdatesThread:373 - End of LoadServerUpdate Thread
2023-12-08 00:28:30,784 [INFO] CheckServerUpdateThread:120 - End of CheckServer Thread
2023-12-08 00:28:31,496 [WARN] PackLoader:240 - Cannot read IP mode file for STMicroelectronics.X-CUBE-SMBUS.2.1.0
2023-12-08 00:28:31,556 [WARN] PackLoader:240 - Cannot read IP mode file for STMicroelectronics.X-CUBE-AZRTOS-F7.1.1.0
2023-12-08 00:28:31,603 [WARN] PackLoader:240 - Cannot read IP mode file for STMicroelectronics.FP-SNS-MOTENV1.4.3.2
2023-12-08 00:28:31,617 [WARN] PackLoader:240 - Cannot read IP mode file for STMicroelectronics.FP-SNS-FLIGHT1.5.0.2
2023-12-08 00:28:31,645 [WARN] PackLoader:240 - Cannot read IP mode file for STMicroelectronics.X-CUBE-DISPLAY.3.0.0
2023-12-08 00:28:31,673 [WARN] PackLoader:240 - Cannot read IP mode file for STMicroelectronics.X-CUBE-BLE1.7.0.0
2023-12-08 00:28:31,694 [WARN] PackLoader:240 - Cannot read IP mode file for emotas.I-CUBE-CANOPEN.1.3.0
2023-12-08 00:28:31,722 [INFO] LogOutputStream:77 - [STDOUT_REDIRECT] 1 : Invalid condition id : UX_CORESTACK_Condition cause : null
2023-12-08 00:28:31,723 [INFO] LogOutputStream:77 - [STDOUT_REDIRECT] 1 : Invalid condition id : UX_CORESTACK_Condition cause : null
2023-12-08 00:28:31,725 [INFO] LogOutputStream:77 - [STDOUT_REDIRECT] 1 : Invalid condition id : UX_CORESTACK_Condition cause : null
2023-12-08 00:28:31,727 [INFO] LogOutputStream:77 - [STDOUT_REDIRECT] 1 : Invalid condition id : UX_CORESTACK_Condition cause : null
2023-12-08 00:28:31,730 [INFO] LogOutputStream:77 - [STDOUT_REDIRECT] 1 : Invalid condition id : UX_CORESTACK_Condition cause : null
2023-12-08 00:28:31,737 [WARN] PackLoader:240 - Cannot read IP mode file for STMicroelectronics.X-CUBE-AZRTOS-WL.2.0.0
2023-12-08 00:28:31,758 [WARN] PackLoader:240 - Cannot read IP mode file for WES.I-CUBE-Cesium.1.3.0
2023-12-08 00:28:31,779 [WARN] PackLoader:240 - Cannot read IP mode file for STMicroelectronics.X-CUBE-BLE2.3.3.0
2023-12-08 00:28:31,797 [WARN] PackLoader:240 - Cannot read IP mode file for STMicroelectronics.X-CUBE-ALGOBUILD.1.3.0
2023-12-08 00:28:31,830 [WARN] PackLoader:240 - Cannot read IP mode file for STMicroelectronics.X-CUBE-AZRTOS-G0.1.1.0
2023-12-08 00:28:31,853 [WARN] PackLoader:240 - Cannot read IP mode file for STMicroelectronics.X-CUBE-NFC4.3.0.0
2023-12-08 00:28:31,879 [WARN] PackLoader:240 - Cannot read IP mode file for STMicroelectronics.X-CUBE-BLEMGR.3.0.0
2023-12-08 00:28:31,888 [WARN] PackLoader:240 - Cannot read IP mode file for STMicroelectronics.FP-ATR-SIGFOX1.3.2.0
2023-12-08 00:28:31,940 [WARN] PackLoader:240 - Cannot read IP mode file for SEGGER.I-CUBE-embOS.1.3.1
2023-12-08 00:28:31,999 [WARN] PackLoader:240 - Cannot read IP mode file for STMicroelectronics.X-CUBE-GNSS1.6.0.0
2023-12-08 00:28:32,042 [WARN] PackLoader:240 - Cannot read IP mode file for STMicroelectronics.X-CUBE-AZRTOS-F4.1.1.0
2023-12-08 00:28:32,060 [WARN] PackLoader:240 - Cannot read IP mode file for wolfSSL.I-CUBE-wolfSSL.5.6.3
2023-12-08 00:28:32,093 [WARN] PackLoader:240 - Cannot read IP mode file for STMicroelectronics.X-CUBE-AZRTOS-L5.2.0.0
2023-12-08 00:28:32,350 [WARN] PackLoader:240 - Cannot read IP mode file for STMicroelectronics.X-CUBE-MEMS1.9.6.0
2023-12-08 00:28:32,718 [WARN] PackLoader:240 - Cannot read IP mode file for STMicroelectronics.X-CUBE-EEPRMA1.4.2.0
2023-12-08 00:28:32,745 [WARN] PackLoader:240 - Cannot read IP mode file for ITTIA_DB.I-CUBE-ITTIADB.8.8.0
2023-12-08 00:28:32,784 [WARN] PackLoader:240 - Cannot read IP mode file for STMicroelectronics.X-CUBE-BLEMGR.2.0.0
2023-12-08 00:28:32,855 [WARN] ConditionMgr:438 - getConditionDescription Invalid condition id : UX DEVICE CLASS RTOS Condition cause : null
2023-12-08 00:28:32,856 [WARN] ConditionMgr:438 - getConditionDescription Invalid condition id : UX DEVICE CLASS RTOS Condition cause : null
2023-12-08 00:28:32,861 [WARN] PackLoader:240 - Cannot read IP mode file for STMicroelectronics.X-CUBE-AZRTOS-H7.3.1.0
2023-12-08 00:28:32,864 [WARN] ConditionMgr:1039 - genDependencies : Invalid condition id : UX DEVICE CLASS RTOS Condition cause : null
2023-12-08 00:28:32,864 [WARN] ConditionMgr:1039 - genDependencies : Invalid condition id : UX DEVICE CLASS RTOS Condition cause : null
2023-12-08 00:28:32,866 [WARN] ConditionMgr:1039 - genDependencies : Invalid condition id : UX DEVICE CLASS RTOS Condition cause : null
2023-12-08 00:28:32,867 [WARN] ConditionMgr:1039 - genDependencies : Invalid condition id : UX DEVICE CLASS RTOS Condition cause : null
2023-12-08 00:28:32,868 [WARN] ConditionMgr:1039 - genDependencies : Invalid condition id : UX DEVICE CLASS RTOS Condition cause : null
2023-12-08 00:28:32,912 [WARN] PackLoader:240 - Cannot read IP mode file for STMicroelectronics.X-CUBE-NFC7.1.0.1
2023-12-08 00:28:32,957 [WARN] PackLoader:240 - Cannot read IP mode file for STMicroelectronics.X-CUBE-EEPRMA1.4.1.0
2023-12-08 00:28:32,975 [WARN] PackLoader:240 - Cannot read IP mode file for STMicroelectronics.X-CUBE-AI.8.1.0
2023-12-08 00:28:33,054 [WARN] ConditionMgr:438 - getConditionDescription Invalid condition id : LAN8742 Phy interface Condition cause : null
2023-12-08 00:28:33,072 [WARN] PackLoader:240 - Cannot read IP mode file for STMicroelectronics.X-CUBE-AZRTOS-L4.2.0.0
2023-12-08 00:28:33,074 [WARN] ConditionMgr:1039 - genDependencies : Invalid condition id : LAN8742 Phy interface Condition cause : null
2023-12-08 00:28:33,075 [WARN] ConditionMgr:1039 - genDependencies : Invalid condition id : LAN8742 Phy interface Condition cause : null
2023-12-08 00:28:33,076 [WARN] ConditionMgr:1039 - genDependencies : Invalid condition id : LAN8742 Phy interface Condition cause : null
2023-12-08 00:28:33,119 [WARN] PackLoader:240 - Cannot read IP mode file for STMicroelectronics.X-CUBE-SFXS2LP1.4.0.0
2023-12-08 00:28:33,140 [WARN] PackLoader:240 - Cannot read IP mode file for STMicroelectronics.X-CUBE-ISPU.1.1.0
2023-12-08 00:28:33,173 [WARN] ConditionMgr:438 - getConditionDescription Invalid condition id : UX DEVICE CLASS RTOS Condition cause : null
2023-12-08 00:28:33,174 [WARN] ConditionMgr:438 - getConditionDescription Invalid condition id : UX DEVICE CLASS RTOS Condition cause : null
2023-12-08 00:28:33,175 [WARN] PackLoader:240 - Cannot read IP mode file for STMicroelectronics.X-CUBE-AZRTOS-WB.2.0.0
2023-12-08 00:28:33,176 [WARN] ConditionMgr:1039 - genDependencies : Invalid condition id : UX DEVICE CLASS RTOS Condition cause : null
2023-12-08 00:28:33,176 [WARN] ConditionMgr:1039 - genDependencies : Invalid condition id : UX DEVICE CLASS RTOS Condition cause : null
2023-12-08 00:28:33,176 [WARN] ConditionMgr:1039 - genDependencies : Invalid condition id : UX DEVICE CLASS RTOS Condition cause : null
2023-12-08 00:28:33,177 [WARN] ConditionMgr:1039 - genDependencies : Invalid condition id : UX DEVICE CLASS RTOS Condition cause : null
2023-12-08 00:28:33,177 [WARN] ConditionMgr:1039 - genDependencies : Invalid condition id : UX DEVICE CLASS RTOS Condition cause : null
2023-12-08 00:28:33,216 [WARN] PackLoader:240 - Cannot read IP mode file for STMicroelectronics.X-CUBE-SUBG2.5.0.0
2023-12-08 00:28:33,256 [WARN] PackLoader:240 - Cannot read IP mode file for STMicroelectronics.X-CUBE-TOF1.3.3.1
2023-12-08 00:28:33,297 [WARN] PackLoader:240 - Cannot read IP mode file for STMicroelectronics.X-CUBE-AZRTOS-G4.2.0.0
2023-12-08 00:28:33,336 [WARN] PackLoader:240 - Cannot read IP mode file for Infineon.AIROC-Wi-Fi-Bluetooth-STM32.1.5.1
2023-12-08 00:28:33,358 [WARN] PackLoader:240 - Cannot read IP mode file for STMicroelectronics.FP-SNS-MOTENVWB1.1.3.1
2023-12-08 00:28:33,364 [WARN] PackLoader:240 - Cannot read IP mode file for STMicroelectronics.X-CUBE-ISPU.2.0.0
2023-12-08 00:28:33,435 [WARN] PackLoader:240 - Cannot read IP mode file for STMicroelectronics.X-CUBE-MEMS1.10.0.0
2023-12-08 00:28:33,548 [WARN] PackLoader:240 - Cannot read IP mode file for STMicroelectronics.X-CUBE-FREERTOS.1.1.0
2023-12-08 00:28:33,568 [WARN] PackLoader:240 - Cannot read IP mode file for portGmbH.I-Cube-SoM-uGOAL.1.1.0
2023-12-08 00:28:33,589 [WARN] PackLoader:240 - Cannot read IP mode file for STMicroelectronics.X-CUBE-ALS.1.0.1
2023-12-08 00:28:33,595 [WARN] PackLoader:240 - Cannot read IP mode file for STMicroelectronics.FP-ATR-ASTRA1.2.0.0
2023-12-08 00:28:33,621 [WARN] PackLoader:240 - Cannot read IP mode file for STMicroelectronics.X-CUBE-TOF1.3.4.0
2023-12-08 00:28:33,660 [WARN] PackLoader:240 - Cannot read IP mode file for STMicroelectronics.X-CUBE-AZRTOS-H7.3.2.0
2023-12-08 00:28:33,664 [INFO] ThirdParty:978 - Integrity check success = true
2023-12-08 00:28:33,665 [INFO] IntegrityCheckThread:100 - exiting critical section [integrity check]
2023-12-08 00:28:33,665 [INFO] IntegrityCheckThread:103 - End integrity checks thread
2023-12-08 00:28:47,191 [ERROR] LogOutputStream:75 - [STDERR_REDIRECT] SLF4J: Failed to load class "org.slf4j.impl.StaticLoggerBinder".
2023-12-08 00:28:47,192 [ERROR] LogOutputStream:75 - [STDERR_REDIRECT] SLF4J: Defaulting to no-operation (NOP) logger implementation
2023-12-08 00:28:47,194 [ERROR] LogOutputStream:75 - [STDERR_REDIRECT] SLF4J: See http://www.slf4j.org/codes.html#StaticLoggerBinder for further details.
