2023-10-14 22:21:23,725 [INFO] Activator:176 - 


2023-10-14 22:21:23,727 [INFO] Activator:177 - !SESSION log4j initialized
2023-10-14 22:21:26,958 [INFO] LogOutputStream:77 - [STDOUT_REDIRECT] 
2023-10-14 22:21:30,079 [INFO] ApplicationProperties:184 - Using Application install path: C:\ST\STM32CubeIDE_1.13.2\STM32CubeIDE\plugins\com.st.stm32cube.common.mx_6.9.2.202309101412
2023-10-14 22:21:30,094 [INFO] DbMcusXml:78 - Set database path to: C:\ST\STM32CubeIDE_1.13.2\STM32CubeIDE\plugins\com.st.stm32cube.common.mx_6.9.2.202309101412\\db\/mcu/
2023-10-14 22:21:30,094 [INFO] ApiDb:274 - Set plugin database path to: C:\ST\STM32CubeIDE_1.13.2\STM32CubeIDE\plugins\com.st.stm32cube.common.mx_6.9.2.202309101412\\db\/plugins/boardmanager/
2023-10-14 22:21:30,095 [WARN] ApiDb:259 - Overriding images path with different value:  => C:\ST\STM32CubeIDE_1.13.2\STM32CubeIDE\plugins\com.st.stm32cube.common.mx_6.9.2.202309101412\\db\/plugins/mcufinder/images/
2023-10-14 22:21:30,101 [INFO] ApiDb:250 - Set database path to: C:\Users\islam\.stmcufinder\plugins\mcufinder//mcu/
2023-10-14 22:21:30,103 [INFO] DbMcusAds:125 - Set database path to: C:\Users\islam\.stmcufinder\plugins\mcufinder//mcu/
2023-10-14 22:21:30,104 [INFO] CrossReferenceDbSqlite:203 - Set database path to: C:\Users\islam\.stmcufinder\plugins\mcufinder//mcu/cs/
2023-10-14 22:21:30,198 [INFO] RulesReader:64 - Compatibility file has been processed (293 Rules)
2023-10-14 22:21:30,272 [INFO] DbMcusXml:78 - Set database path to: C:\ST\STM32CubeIDE_1.13.2\STM32CubeIDE\plugins\com.st.stm32cube.common.mx_6.9.2.202309101412\\db\/mcu/
2023-10-14 22:21:30,272 [INFO] ApiDb:274 - Set plugin database path to: C:\ST\STM32CubeIDE_1.13.2\STM32CubeIDE\plugins\com.st.stm32cube.common.mx_6.9.2.202309101412\\db\/plugins/boardmanager/
2023-10-14 22:21:30,273 [INFO] ApiDb:261 - Set plugin images path to: C:\ST\STM32CubeIDE_1.13.2\STM32CubeIDE\plugins\com.st.stm32cube.common.mx_6.9.2.202309101412\\db\/plugins/mcufinder/images/
2023-10-14 22:21:30,273 [WARN] DbFile:41 - Overriding database path with different value: C:\Users\islam\.stmcufinder\plugins\mcufinder/ => C:\Users\islam\.stmcufinder\plugins\mcufinder
2023-10-14 22:21:30,273 [INFO] ApiDb:250 - Set database path to: C:\Users\islam\.stmcufinder\plugins\mcufinder//mcu/
2023-10-14 22:21:30,273 [WARN] DbFile:41 - Overriding database path with different value: C:\Users\islam\.stmcufinder\plugins\mcufinder/ => C:\Users\islam\.stmcufinder\plugins\mcufinder
2023-10-14 22:21:30,273 [INFO] DbMcusAds:125 - Set database path to: C:\Users\islam\.stmcufinder\plugins\mcufinder//mcu/
2023-10-14 22:21:30,273 [WARN] DbFile:41 - Overriding database path with different value: C:\Users\islam\.stmcufinder\plugins\mcufinder/ => C:\Users\islam\.stmcufinder\plugins\mcufinder
2023-10-14 22:21:30,273 [WARN] DbFile:41 - Overriding database path with different value: C:\Users\islam\.stmcufinder\plugins\mcufinder/ => C:\Users\islam\.stmcufinder\plugins\mcufinder
2023-10-14 22:21:30,274 [INFO] CrossReferenceDbSqlite:203 - Set database path to: C:\Users\islam\.stmcufinder\plugins\mcufinder//mcu/cs/
2023-10-14 22:21:30,347 [INFO] MainPanel:262 - HeapMemory: 268435456
2023-10-14 22:21:30,407 [INFO] DbMcusXml:78 - Set database path to: C:\ST\STM32CubeIDE_1.13.2\STM32CubeIDE\plugins\com.st.stm32cube.common.mx_6.9.2.202309101412\\db\/mcu/
2023-10-14 22:21:30,407 [INFO] ApiDb:274 - Set plugin database path to: C:\ST\STM32CubeIDE_1.13.2\STM32CubeIDE\plugins\com.st.stm32cube.common.mx_6.9.2.202309101412\\db\/plugins/boardmanager/
2023-10-14 22:21:30,407 [INFO] ApiDb:261 - Set plugin images path to: C:\ST\STM32CubeIDE_1.13.2\STM32CubeIDE\plugins\com.st.stm32cube.common.mx_6.9.2.202309101412\\db\/plugins/mcufinder/images/
2023-10-14 22:21:30,407 [WARN] DbFile:41 - Overriding database path with different value: C:\Users\islam\.stmcufinder\plugins\mcufinder/ => C:\Users\islam\.stmcufinder\plugins\mcufinder
2023-10-14 22:21:30,407 [INFO] ApiDb:250 - Set database path to: C:\Users\islam\.stmcufinder\plugins\mcufinder//mcu/
2023-10-14 22:21:30,407 [WARN] DbFile:41 - Overriding database path with different value: C:\Users\islam\.stmcufinder\plugins\mcufinder/ => C:\Users\islam\.stmcufinder\plugins\mcufinder
2023-10-14 22:21:30,408 [INFO] DbMcusAds:125 - Set database path to: C:\Users\islam\.stmcufinder\plugins\mcufinder//mcu/
2023-10-14 22:21:30,408 [WARN] DbFile:41 - Overriding database path with different value: C:\Users\islam\.stmcufinder\plugins\mcufinder/ => C:\Users\islam\.stmcufinder\plugins\mcufinder
2023-10-14 22:21:30,408 [WARN] DbFile:41 - Overriding database path with different value: C:\Users\islam\.stmcufinder\plugins\mcufinder/ => C:\Users\islam\.stmcufinder\plugins\mcufinder
2023-10-14 22:21:30,408 [INFO] CrossReferenceDbSqlite:203 - Set database path to: C:\Users\islam\.stmcufinder\plugins\mcufinder//mcu/cs/
2023-10-14 22:21:30,423 [INFO] ApplicationProperties:184 - Using Application install path: C:\ST\STM32CubeIDE_1.13.2\STM32CubeIDE\plugins\com.st.stm32cube.common.mx_6.9.2.202309101412
2023-10-14 22:21:30,424 [INFO] PluginManage:196 - Search for loadable plugins [exclusion list=, ]
2023-10-14 22:21:30,425 [INFO] PluginManage:310 - Check plugin analytics
2023-10-14 22:21:30,580 [INFO] AnalyticsPlugin:253 - Accepted Software Licenses: 
2023-10-14 22:21:30,580 [INFO] AnalyticsPlugin:255 - Accepted CMSIS Pack Licenses: 
2023-10-14 22:21:30,580 [INFO] AnalyticsPlugin:257 - Accepted Firmware Licenses: 
2023-10-14 22:21:30,584 [INFO] PluginManage:359 - Loaded plugin analytics (category:tool,tabindex:-1)
2023-10-14 22:21:30,587 [INFO] PluginManage:310 - Check plugin cadmodel
2023-10-14 22:21:30,604 [INFO] CADModel:105 - Init CAD model plugin
2023-10-14 22:21:30,604 [INFO] PluginManage:359 - Loaded plugin cadmodel (category:power,tabindex:5)
2023-10-14 22:21:30,605 [INFO] PluginManage:310 - Check plugin clock
2023-10-14 22:21:30,623 [INFO] PluginManage:359 - Loaded plugin clock (category:base,tabindex:2)
2023-10-14 22:21:30,623 [INFO] PluginManage:310 - Check plugin ddr
2023-10-14 22:21:30,625 [INFO] PluginManage:359 - Loaded plugin ddr (category:tool,tabindex:6)
2023-10-14 22:21:30,625 [INFO] PluginManage:310 - Check plugin filemanager
2023-10-14 22:21:30,738 [INFO] PluginManage:359 - Loaded plugin filemanager (category:base,tabindex:10)
2023-10-14 22:21:30,738 [INFO] PluginManage:310 - Check plugin ipmanager
2023-10-14 22:21:30,746 [INFO] PluginManage:359 - Loaded plugin ipmanager (category:base,tabindex:5)
2023-10-14 22:21:30,747 [INFO] PluginManage:310 - Check plugin lpbam
2023-10-14 22:21:30,766 [INFO] PluginManage:359 - Loaded plugin lpbam (category:base,tabindex:0)
2023-10-14 22:21:30,766 [INFO] PluginManage:310 - Check plugin memorymap
2023-10-14 22:21:30,786 [INFO] PluginManage:359 - Loaded plugin memorymap (category:base,tabindex:4)
2023-10-14 22:21:30,786 [INFO] PluginManage:310 - Check plugin pinoutandconfiguration
2023-10-14 22:21:30,805 [INFO] PluginManage:359 - Loaded plugin pinoutandconfiguration (category:base,tabindex:1)
2023-10-14 22:21:30,805 [INFO] PluginManage:310 - Check plugin pinoutconfig
2023-10-14 22:21:30,932 [WARN] SupportedApi:132 - Cannot load RTOS API schema: s4s-elt-must-match.1: The content of 'definitions' must match (annotation?, (simpleType | complexType)?, (unique | key | keyref)*)). A problem was found starting at: attribute.
2023-10-14 22:21:31,074 [INFO] PluginManage:359 - Loaded plugin pinoutconfig (category:base,tabindex:0)
2023-10-14 22:21:31,074 [INFO] PluginManage:310 - Check plugin power
2023-10-14 22:21:31,090 [INFO] PluginManage:359 - Loaded plugin power (category:power,tabindex:4)
2023-10-14 22:21:31,090 [INFO] PluginManage:310 - Check plugin projectmanager
2023-10-14 22:21:31,101 [INFO] PluginManage:359 - Loaded plugin projectmanager (category:projectmanager,tabindex:3)
2023-10-14 22:21:31,102 [INFO] PluginManage:310 - Check plugin thirdparty
2023-10-14 22:21:31,372 [INFO] PluginManage:359 - Loaded plugin thirdparty (category:base,tabindex:-1)
2023-10-14 22:21:31,372 [INFO] PluginManage:310 - Check plugin tools
2023-10-14 22:21:31,372 [WARN] IntegrityCheckThread:84 - waiting for thirdparty lock release [integrity check]
2023-10-14 22:21:31,372 [INFO] IntegrityCheckThread:86 - entering critical section [integrity check]
2023-10-14 22:21:31,372 [INFO] ThirdPartyUpdaterWithRetryManager:70 - Updater plugin not ready yet. [1/15]
2023-10-14 22:21:31,411 [INFO] PluginManage:359 - Loaded plugin tools (category:base,tabindex:7)
2023-10-14 22:21:31,411 [INFO] PluginManage:310 - Check plugin tutovideos
2023-10-14 22:21:31,552 [INFO] PluginManage:359 - Loaded plugin tutovideos (category:base,tabindex:-1)
2023-10-14 22:21:31,553 [INFO] PluginManage:310 - Check plugin updater
2023-10-14 22:21:31,560 [INFO] PluginManage:359 - Loaded plugin updater (category:base,tabindex:12)
2023-10-14 22:21:31,560 [INFO] PluginManage:310 - Check plugin userauth
2023-10-14 22:21:31,563 [INFO] UserAuth:113 - Init User Auth plugin
2023-10-14 22:21:31,564 [INFO] PluginManage:359 - Loaded plugin userauth (category:base,tabindex:14)
2023-10-14 22:21:31,564 [INFO] PluginManage:283 - PluginManage : Loaded plugins [17]
2023-10-14 22:21:31,737 [INFO] PinOutPanel:1499 - setPackage(No Configuration,No Configuration)
2023-10-14 22:21:31,840 [INFO] CADModel:165 - CPN selected for project level
2023-10-14 22:21:31,840 [INFO] CADModel:114 - Register for checkConnection events
2023-10-14 22:21:31,859 [INFO] IPUIPlugin:80 - create IPUIPlugin
2023-10-14 22:21:31,859 [INFO] PluginManager:220 - loadIPPluginJar : add adc
2023-10-14 22:21:31,898 [INFO] IPUIPlugin:80 - create IPUIPlugin
2023-10-14 22:21:31,899 [INFO] PluginManager:220 - loadIPPluginJar : add aes
2023-10-14 22:21:31,945 [INFO] IPUIPlugin:80 - create IPUIPlugin
2023-10-14 22:21:31,946 [INFO] PluginManager:220 - loadIPPluginJar : add can
2023-10-14 22:21:31,969 [INFO] IPUIPlugin:80 - create IPUIPlugin
2023-10-14 22:21:31,969 [INFO] PluginManager:220 - loadIPPluginJar : add comp
2023-10-14 22:21:32,007 [INFO] IPUIPlugin:80 - create IPUIPlugin
2023-10-14 22:21:32,007 [INFO] PluginManager:220 - loadIPPluginJar : add cryp
2023-10-14 22:21:32,043 [INFO] IPUIPlugin:80 - create IPUIPlugin
2023-10-14 22:21:32,043 [INFO] PluginManager:220 - loadIPPluginJar : add dfsdm
2023-10-14 22:21:32,055 [INFO] IPUIPlugin:80 - create IPUIPlugin
2023-10-14 22:21:32,056 [INFO] PluginManager:220 - loadIPPluginJar : add dma
2023-10-14 22:21:32,110 [INFO] IPUIPlugin:80 - create IPUIPlugin
2023-10-14 22:21:32,110 [INFO] PluginManager:220 - loadIPPluginJar : add dma3
2023-10-14 22:21:32,130 [INFO] IPUIPlugin:80 - create IPUIPlugin
2023-10-14 22:21:32,130 [INFO] PluginManager:220 - loadIPPluginJar : add fatfs
2023-10-14 22:21:32,182 [INFO] IPUIPlugin:80 - create IPUIPlugin
2023-10-14 22:21:32,183 [INFO] PluginManager:220 - loadIPPluginJar : add fmc
2023-10-14 22:21:32,196 [INFO] IPUIPlugin:80 - create IPUIPlugin
2023-10-14 22:21:32,196 [INFO] PluginManager:220 - loadIPPluginJar : add freertos
2023-10-14 22:21:32,223 [INFO] IPUIPlugin:80 - create IPUIPlugin
2023-10-14 22:21:32,223 [INFO] PluginManager:220 - loadIPPluginJar : add genericplugin
2023-10-14 22:21:32,322 [INFO] IPUIPlugin:80 - create IPUIPlugin
2023-10-14 22:21:32,322 [INFO] PluginManager:220 - loadIPPluginJar : add gfxmmu
2023-10-14 22:21:32,461 [INFO] IPUIPlugin:80 - create IPUIPlugin
2023-10-14 22:21:32,461 [INFO] PluginManager:220 - loadIPPluginJar : add gic
2023-10-14 22:21:32,473 [INFO] IPUIPlugin:80 - create IPUIPlugin
2023-10-14 22:21:32,473 [INFO] PluginManager:220 - loadIPPluginJar : add gpio
2023-10-14 22:21:32,566 [INFO] IPUIPlugin:80 - create IPUIPlugin
2023-10-14 22:21:32,566 [INFO] PluginManager:220 - loadIPPluginJar : add gtzc
2023-10-14 22:21:32,597 [INFO] IPUIPlugin:80 - create IPUIPlugin
2023-10-14 22:21:32,598 [INFO] PluginManager:220 - loadIPPluginJar : add hash
2023-10-14 22:21:32,651 [INFO] IPUIPlugin:80 - create IPUIPlugin
2023-10-14 22:21:32,651 [INFO] PluginManager:220 - loadIPPluginJar : add i2c
2023-10-14 22:21:32,696 [INFO] IPUIPlugin:80 - create IPUIPlugin
2023-10-14 22:21:32,696 [INFO] PluginManager:220 - loadIPPluginJar : add i2s
2023-10-14 22:21:32,739 [INFO] IPUIPlugin:80 - create IPUIPlugin
2023-10-14 22:21:32,740 [INFO] PluginManager:220 - loadIPPluginJar : add i3c
2023-10-14 22:21:32,876 [INFO] IPUIPlugin:80 - create IPUIPlugin
2023-10-14 22:21:32,876 [INFO] PluginManager:220 - loadIPPluginJar : add ipddr
2023-10-14 22:21:33,012 [INFO] IPUIPlugin:80 - create IPUIPlugin
2023-10-14 22:21:33,012 [INFO] PluginManager:220 - loadIPPluginJar : add linkedlist
2023-10-14 22:21:33,062 [INFO] IPUIPlugin:80 - create IPUIPlugin
2023-10-14 22:21:33,062 [INFO] PluginManager:220 - loadIPPluginJar : add lorawan
2023-10-14 22:21:33,124 [INFO] IPUIPlugin:80 - create IPUIPlugin
2023-10-14 22:21:33,124 [INFO] PluginManager:220 - loadIPPluginJar : add ltdc
2023-10-14 22:21:33,143 [INFO] IPUIPlugin:80 - create IPUIPlugin
2023-10-14 22:21:33,143 [INFO] PluginManager:220 - loadIPPluginJar : add mdma
2023-10-14 22:21:33,160 [INFO] IPUIPlugin:80 - create IPUIPlugin
2023-10-14 22:21:33,160 [INFO] PluginManager:220 - loadIPPluginJar : add nvic
2023-10-14 22:21:33,209 [INFO] IPUIPlugin:80 - create IPUIPlugin
2023-10-14 22:21:33,209 [INFO] PluginManager:220 - loadIPPluginJar : add opamp
2023-10-14 22:21:33,300 [INFO] IPUIPlugin:80 - create IPUIPlugin
2023-10-14 22:21:33,302 [INFO] PluginManager:220 - loadIPPluginJar : add openamp
2023-10-14 22:21:33,362 [INFO] IPUIPlugin:80 - create IPUIPlugin
2023-10-14 22:21:33,362 [INFO] PluginManager:220 - loadIPPluginJar : add pdm2pcm
2023-10-14 22:21:33,378 [INFO] IPUIPlugin:80 - create IPUIPlugin
2023-10-14 22:21:33,380 [INFO] PluginManager:220 - loadIPPluginJar : add plateformsettings
2023-10-14 22:21:33,421 [INFO] IPUIPlugin:80 - create IPUIPlugin
2023-10-14 22:21:33,421 [INFO] PluginManager:220 - loadIPPluginJar : add quadspi
2023-10-14 22:21:33,437 [INFO] IPUIPlugin:80 - create IPUIPlugin
2023-10-14 22:21:33,437 [INFO] PluginManager:220 - loadIPPluginJar : add resmgrutility
2023-10-14 22:21:33,503 [INFO] IPUIPlugin:80 - create IPUIPlugin
2023-10-14 22:21:33,503 [INFO] PluginManager:220 - loadIPPluginJar : add sai
2023-10-14 22:21:33,555 [INFO] IPUIPlugin:80 - create IPUIPlugin
2023-10-14 22:21:33,555 [INFO] PluginManager:220 - loadIPPluginJar : add spi
2023-10-14 22:21:33,631 [INFO] IPUIPlugin:80 - create IPUIPlugin
2023-10-14 22:21:33,632 [INFO] PluginManager:220 - loadIPPluginJar : add stm32_wpan
2023-10-14 22:21:33,664 [INFO] IPUIPlugin:80 - create IPUIPlugin
2023-10-14 22:21:33,664 [INFO] PluginManager:220 - loadIPPluginJar : add tim
2023-10-14 22:21:33,743 [INFO] IPUIPlugin:80 - create IPUIPlugin
2023-10-14 22:21:33,743 [INFO] PluginManager:220 - loadIPPluginJar : add touchsensing
2023-10-14 22:21:33,779 [INFO] IPUIPlugin:80 - create IPUIPlugin
2023-10-14 22:21:33,779 [INFO] PluginManager:220 - loadIPPluginJar : add tracer_emb
2023-10-14 22:21:33,810 [INFO] IPUIPlugin:80 - create IPUIPlugin
2023-10-14 22:21:33,810 [INFO] PluginManager:220 - loadIPPluginJar : add ts
2023-10-14 22:21:33,832 [INFO] IPUIPlugin:80 - create IPUIPlugin
2023-10-14 22:21:33,833 [INFO] PluginManager:220 - loadIPPluginJar : add tsc
2023-10-14 22:21:33,855 [INFO] IPUIPlugin:80 - create IPUIPlugin
2023-10-14 22:21:33,855 [INFO] PluginManager:220 - loadIPPluginJar : add ucpd
2023-10-14 22:21:33,899 [INFO] IPUIPlugin:80 - create IPUIPlugin
2023-10-14 22:21:33,899 [INFO] PluginManager:220 - loadIPPluginJar : add usart
2023-10-14 22:21:33,941 [INFO] IPUIPlugin:80 - create IPUIPlugin
2023-10-14 22:21:33,941 [INFO] PluginManager:220 - loadIPPluginJar : add usbx
2023-10-14 22:21:34,057 [INFO] CADModel:165 - CPN selected for project level
2023-10-14 22:21:34,058 [INFO] CADModel:114 - Register for checkConnection events
2023-10-14 22:21:34,058 [FATAL] Updater:308 - Updater called before beeing initialized
2023-10-14 22:21:34,058 [ERROR] CADModel:125 - Updater not yet initialized, retry later 
2023-10-14 22:21:34,212 [INFO] CADModel:165 - CPN selected for project level
2023-10-14 22:21:34,212 [INFO] CADModel:114 - Register for checkConnection events
2023-10-14 22:21:34,212 [FATAL] Updater:308 - Updater called before beeing initialized
2023-10-14 22:21:34,212 [ERROR] CADModel:125 - Updater not yet initialized, retry later 
2023-10-14 22:21:34,215 [FATAL] Updater:308 - Updater called before beeing initialized
2023-10-14 22:21:34,374 [INFO] ThirdPartyUpdaterWithRetryManager:70 - Updater plugin not ready yet. [2/15]
2023-10-14 22:21:34,427 [FATAL] Updater:308 - Updater called before beeing initialized
2023-10-14 22:21:34,441 [INFO] DbMcusAds:53 - JSON generation date=Tue Mar 07 11:50:55 TRT 2023 (1678179055114)
2023-10-14 22:21:34,442 [FATAL] Updater:308 - Updater called before beeing initialized
2023-10-14 22:21:34,558 [WARN] DetailPanel:346 - Failed to get advertising image, set to default
2023-10-14 22:21:34,659 [FATAL] Updater:308 - Updater called before beeing initialized
2023-10-14 22:21:34,660 [FATAL] Updater:308 - Updater called before beeing initialized
2023-10-14 22:21:34,660 [FATAL] Updater:308 - Updater called before beeing initialized
2023-10-14 22:21:34,660 [WARN] DetailPanel:346 - Failed to get advertising image, set to default
2023-10-14 22:21:34,661 [FATAL] Updater:308 - Updater called before beeing initialized
2023-10-14 22:21:34,713 [ERROR] Updater:1120 - MainUpdater not yet initialized. External WinMGr cannot be set.
2023-10-14 22:21:34,725 [INFO] Updater:1056 - Updater Version found : 6.9.2
2023-10-14 22:21:34,742 [INFO] ApplicationProperties:184 - Using Application install path: C:\ST\STM32CubeIDE_1.13.2\STM32CubeIDE\plugins\com.st.stm32cube.common.mx_6.9.2.202309101412
2023-10-14 22:21:34,889 [INFO] MainUpdater:2868 - connection check result : 10
2023-10-14 22:21:34,890 [INFO] MainUpdater:285 - Updater Check For Update Now.
2023-10-14 22:21:34,890 [INFO] MicroXplorer:498 - Change Database Version : DB.6.0.92
2023-10-14 22:21:34,909 [INFO] McuFinderGlobals:63 - Set McuFinder mode to 2 (CubeIDE integrated)
2023-10-14 22:21:35,115 [INFO] CheckServerUpdateThread:120 - End of CheckServer Thread
2023-10-14 22:21:37,494 [WARN] PackLoader:240 - Cannot read IP mode file for STMicroelectronics.X-CUBE-GNSS1.6.0.0
2023-10-14 22:21:37,544 [WARN] PackLoader:240 - Cannot read IP mode file for STMicroelectronics.X-CUBE-AZRTOS-F4.1.1.0
2023-10-14 22:21:37,568 [WARN] PackLoader:240 - Cannot read IP mode file for STMicroelectronics.X-CUBE-SMBUS.2.1.0
2023-10-14 22:21:37,610 [WARN] PackLoader:240 - Cannot read IP mode file for STMicroelectronics.X-CUBE-AZRTOS-L5.2.0.0
2023-10-14 22:21:37,651 [WARN] PackLoader:240 - Cannot read IP mode file for STMicroelectronics.X-CUBE-AZRTOS-F7.1.1.0
2023-10-14 22:21:37,715 [WARN] PackLoader:240 - Cannot read IP mode file for STMicroelectronics.X-CUBE-MEMS1.9.6.0
2023-10-14 22:21:37,887 [WARN] PackLoader:240 - Cannot read IP mode file for STMicroelectronics.FP-SNS-MOTENV1.4.3.2
2023-10-14 22:21:37,925 [WARN] PackLoader:240 - Cannot read IP mode file for STMicroelectronics.X-CUBE-BLEMGR.2.0.0
2023-10-14 22:21:37,958 [WARN] PackLoader:240 - Cannot read IP mode file for STMicroelectronics.FP-SNS-FLIGHT1.5.0.2
2023-10-14 22:21:38,001 [WARN] ConditionMgr:438 - getConditionDescription Invalid condition id : UX DEVICE CLASS RTOS Condition cause : null
2023-10-14 22:21:38,002 [WARN] ConditionMgr:438 - getConditionDescription Invalid condition id : UX DEVICE CLASS RTOS Condition cause : null
2023-10-14 22:21:38,007 [WARN] PackLoader:240 - Cannot read IP mode file for STMicroelectronics.X-CUBE-AZRTOS-H7.3.1.0
2023-10-14 22:21:38,008 [WARN] ConditionMgr:1039 - genDependencies : Invalid condition id : UX DEVICE CLASS RTOS Condition cause : null
2023-10-14 22:21:38,008 [WARN] ConditionMgr:1039 - genDependencies : Invalid condition id : UX DEVICE CLASS RTOS Condition cause : null
2023-10-14 22:21:38,009 [WARN] ConditionMgr:1039 - genDependencies : Invalid condition id : UX DEVICE CLASS RTOS Condition cause : null
2023-10-14 22:21:38,010 [WARN] ConditionMgr:1039 - genDependencies : Invalid condition id : UX DEVICE CLASS RTOS Condition cause : null
2023-10-14 22:21:38,010 [WARN] ConditionMgr:1039 - genDependencies : Invalid condition id : UX DEVICE CLASS RTOS Condition cause : null
2023-10-14 22:21:38,031 [WARN] PackLoader:240 - Cannot read IP mode file for STMicroelectronics.X-CUBE-DISPLAY.3.0.0
2023-10-14 22:21:38,047 [WARN] PackLoader:240 - Cannot read IP mode file for STMicroelectronics.X-CUBE-BLE1.7.0.0
2023-10-14 22:21:38,064 [WARN] PackLoader:240 - Cannot read IP mode file for STMicroelectronics.X-CUBE-NFC7.1.0.1
2023-10-14 22:21:38,077 [WARN] PackLoader:240 - Cannot read IP mode file for STMicroelectronics.X-CUBE-EEPRMA1.4.1.0
2023-10-14 22:21:38,091 [WARN] PackLoader:240 - Cannot read IP mode file for STMicroelectronics.X-CUBE-AI.8.1.0
2023-10-14 22:21:38,124 [WARN] ConditionMgr:438 - getConditionDescription Invalid condition id : LAN8742 Phy interface Condition cause : null
2023-10-14 22:21:38,125 [WARN] PackLoader:240 - Cannot read IP mode file for STMicroelectronics.X-CUBE-AZRTOS-L4.2.0.0
2023-10-14 22:21:38,126 [WARN] ConditionMgr:1039 - genDependencies : Invalid condition id : LAN8742 Phy interface Condition cause : null
2023-10-14 22:21:38,126 [WARN] ConditionMgr:1039 - genDependencies : Invalid condition id : LAN8742 Phy interface Condition cause : null
2023-10-14 22:21:38,126 [WARN] ConditionMgr:1039 - genDependencies : Invalid condition id : LAN8742 Phy interface Condition cause : null
2023-10-14 22:21:38,145 [WARN] PackLoader:240 - Cannot read IP mode file for STMicroelectronics.X-CUBE-SFXS2LP1.4.0.0
2023-10-14 22:21:38,169 [WARN] PackLoader:240 - Cannot read IP mode file for STMicroelectronics.X-CUBE-BLE2.3.3.0
2023-10-14 22:21:38,184 [WARN] PackLoader:240 - Cannot read IP mode file for STMicroelectronics.X-CUBE-ISPU.1.1.0
2023-10-14 22:21:38,223 [WARN] PackLoader:240 - Cannot read IP mode file for STMicroelectronics.X-CUBE-ALGOBUILD.1.3.0
2023-10-14 22:21:38,259 [WARN] PackLoader:240 - Cannot read IP mode file for STMicroelectronics.X-CUBE-SUBG2.5.0.0
2023-10-14 22:21:38,283 [WARN] PackLoader:240 - Cannot read IP mode file for STMicroelectronics.X-CUBE-NFC4.3.0.0
2023-10-14 22:21:38,311 [WARN] PackLoader:240 - Cannot read IP mode file for STMicroelectronics.X-CUBE-TOF1.3.3.1
2023-10-14 22:21:38,335 [WARN] PackLoader:240 - Cannot read IP mode file for STMicroelectronics.FP-ATR-SIGFOX1.3.2.0
2023-10-14 22:21:38,352 [WARN] PackLoader:240 - Cannot read IP mode file for STMicroelectronics.X-CUBE-FREERTOS.1.1.0
2023-10-14 22:21:38,365 [WARN] PackLoader:240 - Cannot read IP mode file for STMicroelectronics.X-CUBE-ALS.1.0.1
2023-10-14 22:21:38,380 [WARN] PackLoader:240 - Cannot read IP mode file for STMicroelectronics.FP-ATR-ASTRA1.2.0.0
2023-10-14 22:21:38,381 [INFO] ThirdParty:978 - Integrity check success = true
2023-10-14 22:21:38,381 [INFO] IntegrityCheckThread:100 - exiting critical section [integrity check]
2023-10-14 22:21:38,381 [INFO] IntegrityCheckThread:103 - End integrity checks thread
2023-10-14 22:21:55,866 [ERROR] LogOutputStream:75 - [STDERR_REDIRECT] SLF4J: Failed to load class "org.slf4j.impl.StaticLoggerBinder".
2023-10-14 22:21:55,866 [ERROR] LogOutputStream:75 - [STDERR_REDIRECT] SLF4J: Defaulting to no-operation (NOP) logger implementation
2023-10-14 22:21:55,868 [ERROR] LogOutputStream:75 - [STDERR_REDIRECT] SLF4J: See http://www.slf4j.org/codes.html#StaticLoggerBinder for further details.
2023-10-14 22:22:01,931 [INFO] LogOutputStream:77 - [STDOUT_REDIRECT] Unexpected error loading extension: org.eclipse.equinox.p2.metadata.repository.XZedRepository
2023-10-14 22:22:01,934 [ERROR] LogOutputStream:75 - [STDERR_REDIRECT] java.lang.IllegalStateException: Attempt to access stopped agent: org.eclipse.equinox.internal.p2.core.ProvisioningAgent@5bc219bf
2023-10-14 22:22:01,944 [ERROR] LogOutputStream:75 - [STDERR_REDIRECT] 	at org.eclipse.equinox.internal.p2.core.ProvisioningAgent.checkRunning(ProvisioningAgent.java:86)
2023-10-14 22:22:01,946 [ERROR] LogOutputStream:75 - [STDERR_REDIRECT] 	at org.eclipse.equinox.internal.p2.core.ProvisioningAgent.getService(ProvisioningAgent.java:50)
2023-10-14 22:22:01,948 [ERROR] LogOutputStream:75 - [STDERR_REDIRECT] 	at org.eclipse.equinox.p2.core.IProvisioningAgent.getService(IProvisioningAgent.java:86)
2023-10-14 22:22:01,951 [ERROR] LogOutputStream:75 - [STDERR_REDIRECT] 	at org.eclipse.equinox.internal.p2.metadata.repository.LocalMetadataRepository.publishRepositoryReferences(LocalMetadataRepository.java:178)
2023-10-14 22:22:01,954 [ERROR] LogOutputStream:75 - [STDERR_REDIRECT] 	at org.eclipse.equinox.internal.p2.metadata.repository.LocalMetadataRepository.initialize(LocalMetadataRepository.java:171)
2023-10-14 22:22:01,957 [ERROR] LogOutputStream:75 - [STDERR_REDIRECT] 	at org.eclipse.equinox.internal.p2.metadata.repository.MetadataRepositoryIO$Parser$RepositoryHandler.finished(MetadataRepositoryIO.java:334)
2023-10-14 22:22:01,959 [ERROR] LogOutputStream:75 - [STDERR_REDIRECT] 	at org.eclipse.equinox.internal.p2.persistence.XMLParser$AbstractHandler.endElement(XMLParser.java:174)
2023-10-14 22:22:01,962 [ERROR] LogOutputStream:75 - [STDERR_REDIRECT] 	at java.xml/com.sun.org.apache.xerces.internal.parsers.AbstractSAXParser.endElement(AbstractSAXParser.java:618)
2023-10-14 22:22:01,965 [ERROR] LogOutputStream:75 - [STDERR_REDIRECT] 	at java.xml/com.sun.org.apache.xerces.internal.impl.XMLDocumentFragmentScannerImpl.scanEndElement(XMLDocumentFragmentScannerImpl.java:1728)
2023-10-14 22:22:01,968 [ERROR] LogOutputStream:75 - [STDERR_REDIRECT] 	at java.xml/com.sun.org.apache.xerces.internal.impl.XMLDocumentFragmentScannerImpl$FragmentContentDriver.next(XMLDocumentFragmentScannerImpl.java:2899)
2023-10-14 22:22:01,970 [ERROR] LogOutputStream:75 - [STDERR_REDIRECT] 	at java.xml/com.sun.org.apache.xerces.internal.impl.XMLDocumentScannerImpl.next(XMLDocumentScannerImpl.java:605)
2023-10-14 22:22:01,974 [ERROR] LogOutputStream:75 - [STDERR_REDIRECT] 	at java.xml/com.sun.org.apache.xerces.internal.impl.XMLNSDocumentScannerImpl.next(XMLNSDocumentScannerImpl.java:112)
2023-10-14 22:22:01,978 [ERROR] LogOutputStream:75 - [STDERR_REDIRECT] 	at java.xml/com.sun.org.apache.xerces.internal.impl.XMLDocumentFragmentScannerImpl.scanDocument(XMLDocumentFragmentScannerImpl.java:542)
2023-10-14 22:22:01,980 [ERROR] LogOutputStream:75 - [STDERR_REDIRECT] 	at java.xml/com.sun.org.apache.xerces.internal.parsers.XML11Configuration.parse(XML11Configuration.java:889)
2023-10-14 22:22:01,983 [ERROR] LogOutputStream:75 - [STDERR_REDIRECT] 	at java.xml/com.sun.org.apache.xerces.internal.parsers.XML11Configuration.parse(XML11Configuration.java:825)
2023-10-14 22:22:01,985 [ERROR] LogOutputStream:75 - [STDERR_REDIRECT] 	at java.xml/com.sun.org.apache.xerces.internal.parsers.XMLParser.parse(XMLParser.java:141)
2023-10-14 22:22:01,988 [ERROR] LogOutputStream:75 - [STDERR_REDIRECT] 	at java.xml/com.sun.org.apache.xerces.internal.parsers.AbstractSAXParser.parse(AbstractSAXParser.java:1224)
2023-10-14 22:22:01,990 [ERROR] LogOutputStream:75 - [STDERR_REDIRECT] 	at java.xml/com.sun.org.apache.xerces.internal.jaxp.SAXParserImpl$JAXPSAXParser.parse(SAXParserImpl.java:637)
2023-10-14 22:22:01,993 [ERROR] LogOutputStream:75 - [STDERR_REDIRECT] 	at org.eclipse.equinox.internal.p2.metadata.repository.MetadataRepositoryIO$Parser.parse(MetadataRepositoryIO.java:206)
2023-10-14 22:22:01,995 [ERROR] LogOutputStream:75 - [STDERR_REDIRECT] 	at org.eclipse.equinox.internal.p2.metadata.repository.MetadataRepositoryIO.read(MetadataRepositoryIO.java:66)
2023-10-14 22:22:01,998 [ERROR] LogOutputStream:75 - [STDERR_REDIRECT] 	at org.eclipse.equinox.internal.p2.metadata.repository.XZedSimpleMetadataRepositoryFactory.load(XZedSimpleMetadataRepositoryFactory.java:86)
2023-10-14 22:22:02,001 [ERROR] LogOutputStream:75 - [STDERR_REDIRECT] 	at org.eclipse.equinox.internal.p2.metadata.repository.MetadataRepositoryManager.factoryLoad(MetadataRepositoryManager.java:63)
2023-10-14 22:22:02,004 [ERROR] LogOutputStream:75 - [STDERR_REDIRECT] 	at org.eclipse.equinox.internal.p2.repository.helpers.AbstractRepositoryManager.loadRepository(AbstractRepositoryManager.java:787)
2023-10-14 22:22:02,007 [ERROR] LogOutputStream:75 - [STDERR_REDIRECT] 	at org.eclipse.equinox.internal.p2.repository.helpers.AbstractRepositoryManager.loadRepository(AbstractRepositoryManager.java:685)
2023-10-14 22:22:02,010 [ERROR] LogOutputStream:75 - [STDERR_REDIRECT] 	at org.eclipse.equinox.internal.p2.metadata.repository.MetadataRepositoryManager.loadRepository(MetadataRepositoryManager.java:110)
2023-10-14 22:22:02,012 [ERROR] LogOutputStream:75 - [STDERR_REDIRECT] 	at org.eclipse.equinox.internal.p2.metadata.repository.MetadataRepositoryManager.loadRepository(MetadataRepositoryManager.java:105)
2023-10-14 22:22:02,015 [ERROR] LogOutputStream:75 - [STDERR_REDIRECT] 	at org.eclipse.equinox.internal.p2.metadata.repository.CompositeMetadataRepository.addChild(CompositeMetadataRepository.java:171)
2023-10-14 22:22:02,018 [ERROR] LogOutputStream:75 - [STDERR_REDIRECT] 	at org.eclipse.equinox.internal.p2.metadata.repository.CompositeMetadataRepository.<init>(CompositeMetadataRepository.java:113)
2023-10-14 22:22:02,021 [ERROR] LogOutputStream:75 - [STDERR_REDIRECT] 	at org.eclipse.equinox.internal.p2.metadata.repository.CompositeMetadataRepositoryFactory.load(CompositeMetadataRepositoryFactory.java:124)
2023-10-14 22:27:56,523 [INFO] Activator:176 - 


2023-10-14 22:27:56,526 [INFO] Activator:177 - !SESSION log4j initialized
2023-10-14 22:28:00,469 [INFO] LogOutputStream:77 - [STDOUT_REDIRECT] 
2023-10-14 22:28:03,199 [INFO] ApplicationProperties:184 - Using Application install path: C:\ST\STM32CubeIDE_1.13.2\STM32CubeIDE\plugins\com.st.stm32cube.common.mx_6.9.2.202309101412
2023-10-14 22:28:03,210 [INFO] DbMcusXml:78 - Set database path to: C:\ST\STM32CubeIDE_1.13.2\STM32CubeIDE\plugins\com.st.stm32cube.common.mx_6.9.2.202309101412\\db\/mcu/
2023-10-14 22:28:03,212 [INFO] ApiDb:274 - Set plugin database path to: C:\ST\STM32CubeIDE_1.13.2\STM32CubeIDE\plugins\com.st.stm32cube.common.mx_6.9.2.202309101412\\db\/plugins/boardmanager/
2023-10-14 22:28:03,212 [WARN] ApiDb:259 - Overriding images path with different value:  => C:\ST\STM32CubeIDE_1.13.2\STM32CubeIDE\plugins\com.st.stm32cube.common.mx_6.9.2.202309101412\\db\/plugins/mcufinder/images/
2023-10-14 22:28:03,218 [INFO] ApiDb:250 - Set database path to: C:\Users\islam\.stmcufinder\plugins\mcufinder//mcu/
2023-10-14 22:28:03,220 [INFO] DbMcusAds:125 - Set database path to: C:\Users\islam\.stmcufinder\plugins\mcufinder//mcu/
2023-10-14 22:28:03,221 [INFO] CrossReferenceDbSqlite:203 - Set database path to: C:\Users\islam\.stmcufinder\plugins\mcufinder//mcu/cs/
2023-10-14 22:28:03,304 [INFO] RulesReader:64 - Compatibility file has been processed (293 Rules)
2023-10-14 22:28:03,365 [INFO] DbMcusXml:78 - Set database path to: C:\ST\STM32CubeIDE_1.13.2\STM32CubeIDE\plugins\com.st.stm32cube.common.mx_6.9.2.202309101412\\db\/mcu/
2023-10-14 22:28:03,365 [INFO] ApiDb:274 - Set plugin database path to: C:\ST\STM32CubeIDE_1.13.2\STM32CubeIDE\plugins\com.st.stm32cube.common.mx_6.9.2.202309101412\\db\/plugins/boardmanager/
2023-10-14 22:28:03,366 [INFO] ApiDb:261 - Set plugin images path to: C:\ST\STM32CubeIDE_1.13.2\STM32CubeIDE\plugins\com.st.stm32cube.common.mx_6.9.2.202309101412\\db\/plugins/mcufinder/images/
2023-10-14 22:28:03,366 [WARN] DbFile:41 - Overriding database path with different value: C:\Users\islam\.stmcufinder\plugins\mcufinder/ => C:\Users\islam\.stmcufinder\plugins\mcufinder
2023-10-14 22:28:03,366 [INFO] ApiDb:250 - Set database path to: C:\Users\islam\.stmcufinder\plugins\mcufinder//mcu/
2023-10-14 22:28:03,366 [WARN] DbFile:41 - Overriding database path with different value: C:\Users\islam\.stmcufinder\plugins\mcufinder/ => C:\Users\islam\.stmcufinder\plugins\mcufinder
2023-10-14 22:28:03,366 [INFO] DbMcusAds:125 - Set database path to: C:\Users\islam\.stmcufinder\plugins\mcufinder//mcu/
2023-10-14 22:28:03,366 [WARN] DbFile:41 - Overriding database path with different value: C:\Users\islam\.stmcufinder\plugins\mcufinder/ => C:\Users\islam\.stmcufinder\plugins\mcufinder
2023-10-14 22:28:03,366 [WARN] DbFile:41 - Overriding database path with different value: C:\Users\islam\.stmcufinder\plugins\mcufinder/ => C:\Users\islam\.stmcufinder\plugins\mcufinder
2023-10-14 22:28:03,366 [INFO] CrossReferenceDbSqlite:203 - Set database path to: C:\Users\islam\.stmcufinder\plugins\mcufinder//mcu/cs/
2023-10-14 22:28:03,421 [INFO] MainPanel:262 - HeapMemory: 268435456
2023-10-14 22:28:03,471 [INFO] DbMcusXml:78 - Set database path to: C:\ST\STM32CubeIDE_1.13.2\STM32CubeIDE\plugins\com.st.stm32cube.common.mx_6.9.2.202309101412\\db\/mcu/
2023-10-14 22:28:03,471 [INFO] ApiDb:274 - Set plugin database path to: C:\ST\STM32CubeIDE_1.13.2\STM32CubeIDE\plugins\com.st.stm32cube.common.mx_6.9.2.202309101412\\db\/plugins/boardmanager/
2023-10-14 22:28:03,471 [INFO] ApiDb:261 - Set plugin images path to: C:\ST\STM32CubeIDE_1.13.2\STM32CubeIDE\plugins\com.st.stm32cube.common.mx_6.9.2.202309101412\\db\/plugins/mcufinder/images/
2023-10-14 22:28:03,471 [WARN] DbFile:41 - Overriding database path with different value: C:\Users\islam\.stmcufinder\plugins\mcufinder/ => C:\Users\islam\.stmcufinder\plugins\mcufinder
2023-10-14 22:28:03,472 [INFO] ApiDb:250 - Set database path to: C:\Users\islam\.stmcufinder\plugins\mcufinder//mcu/
2023-10-14 22:28:03,472 [WARN] DbFile:41 - Overriding database path with different value: C:\Users\islam\.stmcufinder\plugins\mcufinder/ => C:\Users\islam\.stmcufinder\plugins\mcufinder
2023-10-14 22:28:03,472 [INFO] DbMcusAds:125 - Set database path to: C:\Users\islam\.stmcufinder\plugins\mcufinder//mcu/
2023-10-14 22:28:03,472 [WARN] DbFile:41 - Overriding database path with different value: C:\Users\islam\.stmcufinder\plugins\mcufinder/ => C:\Users\islam\.stmcufinder\plugins\mcufinder
2023-10-14 22:28:03,472 [WARN] DbFile:41 - Overriding database path with different value: C:\Users\islam\.stmcufinder\plugins\mcufinder/ => C:\Users\islam\.stmcufinder\plugins\mcufinder
2023-10-14 22:28:03,472 [INFO] CrossReferenceDbSqlite:203 - Set database path to: C:\Users\islam\.stmcufinder\plugins\mcufinder//mcu/cs/
2023-10-14 22:28:03,503 [INFO] ApplicationProperties:184 - Using Application install path: C:\ST\STM32CubeIDE_1.13.2\STM32CubeIDE\plugins\com.st.stm32cube.common.mx_6.9.2.202309101412
2023-10-14 22:28:03,505 [INFO] PluginManage:196 - Search for loadable plugins [exclusion list=, ]
2023-10-14 22:28:03,507 [INFO] PluginManage:310 - Check plugin analytics
2023-10-14 22:28:03,665 [INFO] AnalyticsPlugin:253 - Accepted Software Licenses: 
2023-10-14 22:28:03,666 [INFO] AnalyticsPlugin:255 - Accepted CMSIS Pack Licenses: 
2023-10-14 22:28:03,666 [INFO] AnalyticsPlugin:257 - Accepted Firmware Licenses: 
2023-10-14 22:28:03,668 [INFO] PluginManage:359 - Loaded plugin analytics (category:tool,tabindex:-1)
2023-10-14 22:28:03,669 [INFO] PluginManage:310 - Check plugin cadmodel
2023-10-14 22:28:03,685 [INFO] CADModel:105 - Init CAD model plugin
2023-10-14 22:28:03,685 [INFO] PluginManage:359 - Loaded plugin cadmodel (category:power,tabindex:5)
2023-10-14 22:28:03,685 [INFO] PluginManage:310 - Check plugin clock
2023-10-14 22:28:03,704 [INFO] PluginManage:359 - Loaded plugin clock (category:base,tabindex:2)
2023-10-14 22:28:03,705 [INFO] PluginManage:310 - Check plugin ddr
2023-10-14 22:28:03,706 [INFO] PluginManage:359 - Loaded plugin ddr (category:tool,tabindex:6)
2023-10-14 22:28:03,706 [INFO] PluginManage:310 - Check plugin filemanager
2023-10-14 22:28:03,818 [INFO] PluginManage:359 - Loaded plugin filemanager (category:base,tabindex:10)
2023-10-14 22:28:03,818 [INFO] PluginManage:310 - Check plugin ipmanager
2023-10-14 22:28:03,827 [INFO] PluginManage:359 - Loaded plugin ipmanager (category:base,tabindex:5)
2023-10-14 22:28:03,827 [INFO] PluginManage:310 - Check plugin lpbam
2023-10-14 22:28:03,844 [INFO] PluginManage:359 - Loaded plugin lpbam (category:base,tabindex:0)
2023-10-14 22:28:03,844 [INFO] PluginManage:310 - Check plugin memorymap
2023-10-14 22:28:03,860 [INFO] PluginManage:359 - Loaded plugin memorymap (category:base,tabindex:4)
2023-10-14 22:28:03,860 [INFO] PluginManage:310 - Check plugin pinoutandconfiguration
2023-10-14 22:28:03,875 [INFO] PluginManage:359 - Loaded plugin pinoutandconfiguration (category:base,tabindex:1)
2023-10-14 22:28:03,875 [INFO] PluginManage:310 - Check plugin pinoutconfig
2023-10-14 22:28:03,955 [WARN] SupportedApi:132 - Cannot load RTOS API schema: s4s-elt-must-match.1: The content of 'definitions' must match (annotation?, (simpleType | complexType)?, (unique | key | keyref)*)). A problem was found starting at: attribute.
2023-10-14 22:28:04,083 [INFO] PluginManage:359 - Loaded plugin pinoutconfig (category:base,tabindex:0)
2023-10-14 22:28:04,083 [INFO] PluginManage:310 - Check plugin power
2023-10-14 22:28:04,104 [INFO] PluginManage:359 - Loaded plugin power (category:power,tabindex:4)
2023-10-14 22:28:04,104 [INFO] PluginManage:310 - Check plugin projectmanager
2023-10-14 22:28:04,123 [INFO] PluginManage:359 - Loaded plugin projectmanager (category:projectmanager,tabindex:3)
2023-10-14 22:28:04,124 [INFO] PluginManage:310 - Check plugin thirdparty
2023-10-14 22:28:04,360 [INFO] PluginManage:359 - Loaded plugin thirdparty (category:base,tabindex:-1)
2023-10-14 22:28:04,360 [INFO] PluginManage:310 - Check plugin tools
2023-10-14 22:28:04,360 [WARN] IntegrityCheckThread:84 - waiting for thirdparty lock release [integrity check]
2023-10-14 22:28:04,361 [INFO] IntegrityCheckThread:86 - entering critical section [integrity check]
2023-10-14 22:28:04,361 [INFO] ThirdPartyUpdaterWithRetryManager:70 - Updater plugin not ready yet. [1/15]
2023-10-14 22:28:04,398 [INFO] PluginManage:359 - Loaded plugin tools (category:base,tabindex:7)
2023-10-14 22:28:04,398 [INFO] PluginManage:310 - Check plugin tutovideos
2023-10-14 22:28:04,592 [INFO] PluginManage:359 - Loaded plugin tutovideos (category:base,tabindex:-1)
2023-10-14 22:28:04,593 [INFO] PluginManage:310 - Check plugin updater
2023-10-14 22:28:04,605 [INFO] PluginManage:359 - Loaded plugin updater (category:base,tabindex:12)
2023-10-14 22:28:04,605 [INFO] PluginManage:310 - Check plugin userauth
2023-10-14 22:28:04,611 [INFO] UserAuth:113 - Init User Auth plugin
2023-10-14 22:28:04,611 [INFO] PluginManage:359 - Loaded plugin userauth (category:base,tabindex:14)
2023-10-14 22:28:04,612 [INFO] PluginManage:283 - PluginManage : Loaded plugins [17]
2023-10-14 22:28:04,841 [INFO] PinOutPanel:1499 - setPackage(No Configuration,No Configuration)
2023-10-14 22:28:04,971 [INFO] CADModel:165 - CPN selected for project level
2023-10-14 22:28:04,971 [INFO] CADModel:114 - Register for checkConnection events
2023-10-14 22:28:04,999 [INFO] IPUIPlugin:80 - create IPUIPlugin
2023-10-14 22:28:04,999 [INFO] PluginManager:220 - loadIPPluginJar : add adc
2023-10-14 22:28:05,039 [INFO] IPUIPlugin:80 - create IPUIPlugin
2023-10-14 22:28:05,039 [INFO] PluginManager:220 - loadIPPluginJar : add aes
2023-10-14 22:28:05,104 [INFO] IPUIPlugin:80 - create IPUIPlugin
2023-10-14 22:28:05,104 [INFO] PluginManager:220 - loadIPPluginJar : add can
2023-10-14 22:28:05,136 [INFO] IPUIPlugin:80 - create IPUIPlugin
2023-10-14 22:28:05,136 [INFO] PluginManager:220 - loadIPPluginJar : add comp
2023-10-14 22:28:05,182 [INFO] IPUIPlugin:80 - create IPUIPlugin
2023-10-14 22:28:05,182 [INFO] PluginManager:220 - loadIPPluginJar : add cryp
2023-10-14 22:28:05,217 [INFO] IPUIPlugin:80 - create IPUIPlugin
2023-10-14 22:28:05,217 [INFO] PluginManager:220 - loadIPPluginJar : add dfsdm
2023-10-14 22:28:05,232 [INFO] IPUIPlugin:80 - create IPUIPlugin
2023-10-14 22:28:05,233 [INFO] PluginManager:220 - loadIPPluginJar : add dma
2023-10-14 22:28:05,285 [INFO] IPUIPlugin:80 - create IPUIPlugin
2023-10-14 22:28:05,285 [INFO] PluginManager:220 - loadIPPluginJar : add dma3
2023-10-14 22:28:05,309 [INFO] IPUIPlugin:80 - create IPUIPlugin
2023-10-14 22:28:05,309 [INFO] PluginManager:220 - loadIPPluginJar : add fatfs
2023-10-14 22:28:05,365 [INFO] IPUIPlugin:80 - create IPUIPlugin
2023-10-14 22:28:05,365 [INFO] PluginManager:220 - loadIPPluginJar : add fmc
2023-10-14 22:28:05,380 [INFO] IPUIPlugin:80 - create IPUIPlugin
2023-10-14 22:28:05,380 [INFO] PluginManager:220 - loadIPPluginJar : add freertos
2023-10-14 22:28:05,404 [INFO] IPUIPlugin:80 - create IPUIPlugin
2023-10-14 22:28:05,404 [INFO] PluginManager:220 - loadIPPluginJar : add genericplugin
2023-10-14 22:28:05,502 [INFO] IPUIPlugin:80 - create IPUIPlugin
2023-10-14 22:28:05,502 [INFO] PluginManager:220 - loadIPPluginJar : add gfxmmu
2023-10-14 22:28:05,632 [INFO] IPUIPlugin:80 - create IPUIPlugin
2023-10-14 22:28:05,633 [INFO] PluginManager:220 - loadIPPluginJar : add gic
2023-10-14 22:28:05,648 [INFO] IPUIPlugin:80 - create IPUIPlugin
2023-10-14 22:28:05,648 [INFO] PluginManager:220 - loadIPPluginJar : add gpio
2023-10-14 22:28:05,755 [INFO] IPUIPlugin:80 - create IPUIPlugin
2023-10-14 22:28:05,755 [INFO] PluginManager:220 - loadIPPluginJar : add gtzc
2023-10-14 22:28:05,790 [INFO] IPUIPlugin:80 - create IPUIPlugin
2023-10-14 22:28:05,790 [INFO] PluginManager:220 - loadIPPluginJar : add hash
2023-10-14 22:28:05,795 [INFO] McuFinderGlobals:63 - Set McuFinder mode to 2 (CubeIDE integrated)
2023-10-14 22:28:05,849 [INFO] IPUIPlugin:80 - create IPUIPlugin
2023-10-14 22:28:05,849 [INFO] PluginManager:220 - loadIPPluginJar : add i2c
2023-10-14 22:28:05,890 [INFO] IPUIPlugin:80 - create IPUIPlugin
2023-10-14 22:28:05,890 [INFO] PluginManager:220 - loadIPPluginJar : add i2s
2023-10-14 22:28:05,934 [INFO] IPUIPlugin:80 - create IPUIPlugin
2023-10-14 22:28:05,934 [INFO] PluginManager:220 - loadIPPluginJar : add i3c
2023-10-14 22:28:06,054 [INFO] IPUIPlugin:80 - create IPUIPlugin
2023-10-14 22:28:06,054 [INFO] PluginManager:220 - loadIPPluginJar : add ipddr
2023-10-14 22:28:06,156 [INFO] IPUIPlugin:80 - create IPUIPlugin
2023-10-14 22:28:06,156 [INFO] PluginManager:220 - loadIPPluginJar : add linkedlist
2023-10-14 22:28:06,190 [INFO] IPUIPlugin:80 - create IPUIPlugin
2023-10-14 22:28:06,190 [INFO] PluginManager:220 - loadIPPluginJar : add lorawan
2023-10-14 22:28:06,224 [INFO] IPUIPlugin:80 - create IPUIPlugin
2023-10-14 22:28:06,224 [INFO] PluginManager:220 - loadIPPluginJar : add ltdc
2023-10-14 22:28:06,236 [INFO] IPUIPlugin:80 - create IPUIPlugin
2023-10-14 22:28:06,236 [INFO] PluginManager:220 - loadIPPluginJar : add mdma
2023-10-14 22:28:06,247 [INFO] IPUIPlugin:80 - create IPUIPlugin
2023-10-14 22:28:06,247 [INFO] PluginManager:220 - loadIPPluginJar : add nvic
2023-10-14 22:28:06,280 [INFO] IPUIPlugin:80 - create IPUIPlugin
2023-10-14 22:28:06,280 [INFO] PluginManager:220 - loadIPPluginJar : add opamp
2023-10-14 22:28:06,336 [INFO] IPUIPlugin:80 - create IPUIPlugin
2023-10-14 22:28:06,337 [INFO] PluginManager:220 - loadIPPluginJar : add openamp
2023-10-14 22:28:06,376 [INFO] IPUIPlugin:80 - create IPUIPlugin
2023-10-14 22:28:06,376 [INFO] PluginManager:220 - loadIPPluginJar : add pdm2pcm
2023-10-14 22:28:06,388 [INFO] IPUIPlugin:80 - create IPUIPlugin
2023-10-14 22:28:06,390 [INFO] PluginManager:220 - loadIPPluginJar : add plateformsettings
2023-10-14 22:28:06,410 [INFO] IPUIPlugin:80 - create IPUIPlugin
2023-10-14 22:28:06,410 [INFO] PluginManager:220 - loadIPPluginJar : add quadspi
2023-10-14 22:28:06,421 [INFO] IPUIPlugin:80 - create IPUIPlugin
2023-10-14 22:28:06,421 [INFO] PluginManager:220 - loadIPPluginJar : add resmgrutility
2023-10-14 22:28:06,464 [INFO] IPUIPlugin:80 - create IPUIPlugin
2023-10-14 22:28:06,464 [INFO] PluginManager:220 - loadIPPluginJar : add sai
2023-10-14 22:28:06,499 [INFO] IPUIPlugin:80 - create IPUIPlugin
2023-10-14 22:28:06,499 [INFO] PluginManager:220 - loadIPPluginJar : add spi
2023-10-14 22:28:06,551 [INFO] IPUIPlugin:80 - create IPUIPlugin
2023-10-14 22:28:06,551 [INFO] PluginManager:220 - loadIPPluginJar : add stm32_wpan
2023-10-14 22:28:06,572 [INFO] IPUIPlugin:80 - create IPUIPlugin
2023-10-14 22:28:06,572 [INFO] PluginManager:220 - loadIPPluginJar : add tim
2023-10-14 22:28:06,624 [INFO] IPUIPlugin:80 - create IPUIPlugin
2023-10-14 22:28:06,624 [INFO] PluginManager:220 - loadIPPluginJar : add touchsensing
2023-10-14 22:28:06,645 [INFO] IPUIPlugin:80 - create IPUIPlugin
2023-10-14 22:28:06,645 [INFO] PluginManager:220 - loadIPPluginJar : add tracer_emb
2023-10-14 22:28:06,667 [INFO] IPUIPlugin:80 - create IPUIPlugin
2023-10-14 22:28:06,667 [INFO] PluginManager:220 - loadIPPluginJar : add ts
2023-10-14 22:28:06,690 [INFO] IPUIPlugin:80 - create IPUIPlugin
2023-10-14 22:28:06,690 [INFO] PluginManager:220 - loadIPPluginJar : add tsc
2023-10-14 22:28:06,712 [INFO] IPUIPlugin:80 - create IPUIPlugin
2023-10-14 22:28:06,712 [INFO] PluginManager:220 - loadIPPluginJar : add ucpd
2023-10-14 22:28:06,753 [INFO] IPUIPlugin:80 - create IPUIPlugin
2023-10-14 22:28:06,753 [INFO] PluginManager:220 - loadIPPluginJar : add usart
2023-10-14 22:28:06,792 [INFO] IPUIPlugin:80 - create IPUIPlugin
2023-10-14 22:28:06,792 [INFO] PluginManager:220 - loadIPPluginJar : add usbx
2023-10-14 22:28:06,904 [INFO] CADModel:165 - CPN selected for project level
2023-10-14 22:28:06,904 [INFO] CADModel:114 - Register for checkConnection events
2023-10-14 22:28:06,904 [FATAL] Updater:308 - Updater called before beeing initialized
2023-10-14 22:28:06,904 [ERROR] CADModel:125 - Updater not yet initialized, retry later 
2023-10-14 22:28:06,987 [INFO] CADModel:165 - CPN selected for project level
2023-10-14 22:28:06,987 [INFO] CADModel:114 - Register for checkConnection events
2023-10-14 22:28:06,987 [FATAL] Updater:308 - Updater called before beeing initialized
2023-10-14 22:28:06,987 [ERROR] CADModel:125 - Updater not yet initialized, retry later 
2023-10-14 22:28:06,990 [FATAL] Updater:308 - Updater called before beeing initialized
2023-10-14 22:28:07,080 [FATAL] Updater:308 - Updater called before beeing initialized
2023-10-14 22:28:07,090 [INFO] DbMcusAds:53 - JSON generation date=Tue Mar 07 11:50:55 TRT 2023 (1678179055114)
2023-10-14 22:28:07,090 [FATAL] Updater:308 - Updater called before beeing initialized
2023-10-14 22:28:07,151 [WARN] DetailPanel:346 - Failed to get advertising image, set to default
2023-10-14 22:28:07,233 [FATAL] Updater:308 - Updater called before beeing initialized
2023-10-14 22:28:07,234 [FATAL] Updater:308 - Updater called before beeing initialized
2023-10-14 22:28:07,234 [FATAL] Updater:308 - Updater called before beeing initialized
2023-10-14 22:28:07,234 [WARN] DetailPanel:346 - Failed to get advertising image, set to default
2023-10-14 22:28:07,235 [FATAL] Updater:308 - Updater called before beeing initialized
2023-10-14 22:28:07,283 [ERROR] Updater:1120 - MainUpdater not yet initialized. External WinMGr cannot be set.
2023-10-14 22:28:07,295 [INFO] Updater:1056 - Updater Version found : 6.9.2
2023-10-14 22:28:07,310 [INFO] ApplicationProperties:184 - Using Application install path: C:\ST\STM32CubeIDE_1.13.2\STM32CubeIDE\plugins\com.st.stm32cube.common.mx_6.9.2.202309101412
2023-10-14 22:28:07,364 [INFO] ThirdPartyUpdaterWithRetryManager:70 - Updater plugin not ready yet. [2/15]
2023-10-14 22:28:07,439 [INFO] MainUpdater:2868 - connection check result : 10
2023-10-14 22:28:07,440 [INFO] MainUpdater:285 - Updater Check For Update Now.
2023-10-14 22:28:07,440 [INFO] MicroXplorer:498 - Change Database Version : DB.6.0.92
2023-10-14 22:28:07,460 [INFO] McuFinderGlobals:63 - Set McuFinder mode to 2 (CubeIDE integrated)
2023-10-14 22:28:07,647 [INFO] CheckServerUpdateThread:120 - End of CheckServer Thread
2023-10-14 22:28:07,691 [INFO] MainUpdater:2868 - connection check result : 10
2023-10-14 22:28:08,347 [INFO] ApiDb:581 - Connected to CubeFinder SQLite database (C:\Users\islam\.stmcufinder\plugins\mcufinder\mcu\cube-finder-db.db)
2023-10-14 22:28:08,435 [INFO] ApiDb:668 - CubeFinder database Data Model version=2.1
2023-10-14 22:28:08,435 [INFO] ApiDb:669 - CubeFinder database Configuration version=3.0.37
2023-10-14 22:28:08,436 [INFO] ApiDb:670 - CubeFinder database generation date=2023-08-09 (1691586011)
2023-10-14 22:28:08,436 [INFO] ApiDb:671 - CubeFinder database FW Pack versions=[FP-ATR-ASTRA1_V2.0.0, FP-SNS-FLIGHT1_V5.0.1, FP-SNS-FLIGHT1_V5.0.2, FP-SNS-MOTENV1_V4.3.1, FP-SNS-MOTENV1_V4.3.2, STM32Cube_FW_C0_V1.1.0, STM32Cube_FW_F4_V1.27.1, STM32Cube_FW_F7_V1.17.0, STM32Cube_FW_G0_V1.6.1, STM32Cube_FW_G4_V1.5.1, STM32Cube_FW_H5_V0.5.1, STM32Cube_FW_H5_V1.1.0, STM32Cube_FW_H7_V1.11.0, STM32Cube_FW_L0_V1.12.2, STM32Cube_FW_L5_V1.5.0, STM32Cube_FW_U5_V1.3.0, STM32Cube_FW_U5_V1.3.0RC4, STM32Cube_FW_WBA_V1.0.0RC1, STM32Cube_FW_WBA_V1.1.0, STM32Cube_FW_WBA_V1.1.0RC1, STM32Cube_FW_WB_V1.15.0RC1, STM32Cube_FW_WB_V1.16.0, STM32Cube_FW_WB_V1.16.0RC2, STM32Cube_FW_WB_V1.17.0, STM32Cube_FW_WL_V1.3.0, X-CUBE-ALGOBUILD_V1.3.0, X-CUBE-ALS_V1.0.1, X-CUBE-AZRTOS-F4_V1.1.0, X-CUBE-AZRTOS-F7_V1.1.0, X-CUBE-AZRTOS-G0_V1.1.0, X-CUBE-AZRTOS-G4_V2.0.0, X-CUBE-AZRTOS-H7_V3.1.0, X-CUBE-AZRTOS-L4_V1.0.0, X-CUBE-AZRTOS-L4_V2.0.0, X-CUBE-AZRTOS-L5_V1.1.0, X-CUBE-AZRTOS-WB_V1.1.0, X-CUBE-AZRTOS-WL_V2.0.0, X-CUBE-BLE1_V7.0.0, X-CUBE-BLE2_V3.3.0, X-CUBE-BLEMGR_V2.0.0, X-CUBE-EEPRMA1_V4.1.0, X-CUBE-FREERTOS_V1.1.0, X-CUBE-GNSS1_V6.0.0, X-CUBE-MEMS1_V9.1.0, X-CUBE-MEMS1_V9.4.0, X-CUBE-MEMS1_V9.6.0, X-CUBE-NFC4_V3.0.0, X-CUBE-NFC7_V1.0.0, X-CUBE-SFXS2LP1_V4.0.0, X-CUBE-SUBG2_V5.0.0, X-CUBE-TOF1_V3.3.1]
2023-10-14 22:28:08,570 [INFO] DbBoardsSqlite:226 - include board P-NUCLEO-WB55-NUCLEO as a kit item of type 'Nucleo-64'
2023-10-14 22:28:08,570 [INFO] DbBoardsSqlite:226 - include board P-NUCLEO-WB55-USBDONGLE as a kit item of type 'Nucleo USB Dongle'
2023-10-14 22:28:08,572 [INFO] DbBoardsSqlite:226 - include board STEVAL-IDP005V1 as a kit item of type 'Evaluation Board'
2023-10-14 22:28:08,572 [INFO] DbBoardsSqlite:226 - include board STEVAL-IDP005V2 as a kit item of type 'Evaluation Board'
2023-10-14 22:28:08,877 [INFO] ApiDb:240 - Found 323 in-development CPN: [B-G473E-ZEST1S, B-WB1M-WPAN1, B-WL5M-SUBG1, NUCLEO-C031C6, NUCLEO-H503RB, NUCLEO-H563ZI, NUCLEO-U545RE-Q, NUCLEO-U5A5ZJ-Q, NUCLEO-WBA52CG, STEVAL-PROTEUS1, STEVAL-SMARTAG2, STEVAL-STWINBX1, STM320518-EVAL, STM32C0116-DK, STM32C011D6Y3TR, STM32C011D6Y6TR, STM32C011F4P3, STM32C011F4P6, STM32C011F4U3, STM32C011F4U6TR, STM32C011F6P3, STM32C011F6P6, STM32C011F6U3, STM32C011F6U6TR, STM32C011J4M3, STM32C011J4M6, STM32C011J6M3, STM32C011J6M6, STM32C0316-DK, STM32C031C4T3, STM32C031C4T6, STM32C031C4U3, STM32C031C4U6, STM32C031C6T3, STM32C031C6T6, STM32C031C6U3, STM32C031C6U6, STM32C031F4P3, STM32C031F4P6, STM32C031F6P3, STM32C031F6P6, STM32C031G4U3, STM32C031G4U6, STM32C031G6U3, STM32C031G6U6, STM32C031K4T3, STM32C031K4T6, STM32C031K4U3, STM32C031K4U6, STM32C031K6T3, STM32C031K6T6, STM32C031K6U3, STM32C031K6U6, STM32G071K8TXN, STM32G071K8UXN, STM32G081GBU6N, STM32G081KBT6N, STM32G081KBUXN, STM32G0B1CCT6N, STM32G0B1KCT6, STM32G0B1NEY6TR, STM32G0B1RCT6N, STM32G0C1CCT6, STM32G0C1CCT6N, STM32G0C1CCU6N, STM32G0C1CET6N, STM32G0C1CEU6N, STM32G0C1KCT6, STM32G0C1NEY6TR, STM32G0C1RCI6N, STM32G0C1RCT6N, STM32G0C1REI6N, STM32G0C1RET6N, STM32G0C1VCI6, STM32G0C1VEI6, STM32G471CCT6, STM32G471CCU6, STM32G471CET3, STM32G471CET6, STM32G471CEU3, STM32G471CEU6, STM32G471MCT6, STM32G471MET3, STM32G471MET6, STM32G471MEY6TR, STM32G471QCT6, STM32G471QET3, STM32G471RCT6, STM32G471RET3, STM32G471RET6, STM32G471VCH6, STM32G471VCI6, STM32G471VCT6, STM32G471VEH3, STM32G471VEH6, STM32G471VEI3, STM32G471VEI6, STM32G471VET3, STM32G471VET6, STM32G474CCT6, STM32H503CBT6, STM32H503CBU6, STM32H503EBY6TR, STM32H503KBU6, STM32H503RBT6, STM32H562AGI6, STM32H562AII6, STM32H562IGK6, STM32H562IGT6, STM32H562IIK6, STM32H562IIT6, STM32H562RGT6, STM32H562RGV6, STM32H562RIT6, STM32H562RIV6, STM32H562VGT6, STM32H562VIT6, STM32H562ZGT6, STM32H562ZIT6, STM32H563AGI6, STM32H563AII3Q, STM32H563AII6, STM32H563IGK6, STM32H563IGT6, STM32H563IIK3Q, STM32H563IIK6, STM32H563IIT3Q, STM32H563IIT6, STM32H563MIY3QTR, STM32H563RGT6, STM32H563RGV6, STM32H563RIT6, STM32H563RIV6, STM32H563VGT6, STM32H563VIT3Q, STM32H563VIT6, STM32H563ZGT6, STM32H563ZIT3Q, STM32H563ZIT6, STM32H573AII3Q, STM32H573AII6, STM32H573I-DK, STM32H573IIK3Q, STM32H573IIK6, STM32H573IIT3Q, STM32H573IIT6, STM32H573MIY3QTR, STM32H573RIT6, STM32H573RIV6, STM32H573VIT3Q, STM32H573VIT6, STM32H573ZIT3Q, STM32H573ZIT6, STM32L4R5QGI6STR, STM32MP131AAE3, STM32MP131AAF3, STM32MP131AAG3, STM32MP131CAE3, STM32MP131CAF3, STM32MP131CAG3, STM32MP131DAE7, STM32MP131DAF7, STM32MP131DAG7, STM32MP131FAE7, STM32MP131FAF7, STM32MP131FAG7, STM32MP133AAE3, STM32MP133AAF3, STM32MP133AAG3, STM32MP133CAE3, STM32MP133CAF3, STM32MP133CAG3, STM32MP133DAE7, STM32MP133DAF7, STM32MP133DAG7, STM32MP133FAE7, STM32MP133FAF7, STM32MP133FAG7, STM32MP135AAE3, STM32MP135AAF3, STM32MP135AAG3, STM32MP135CAE3, STM32MP135CAF3, STM32MP135CAG3, STM32MP135DAE7, STM32MP135DAF7, STM32MP135DAG7, STM32MP135F-DK, STM32MP135FAE7, STM32MP135FAF7, STM32MP135FAF7T, STM32MP135FAF7U, STM32MP135FAG7, STM32U535CBT6, STM32U535CBT6Q, STM32U535CBU6, STM32U535CBU6Q, STM32U535CCT6, STM32U535CCT6Q, STM32U535CCU6, STM32U535CCU6Q, STM32U535CET6, STM32U535CET6Q, STM32U535CEU6, STM32U535CEU6Q, STM32U535JEY6QTR, STM32U535NCY6QTR, STM32U535NEY6QTR, STM32U535RBI6, STM32U535RBI6Q, STM32U535RBT6, STM32U535RBT6Q, STM32U535RCI6, STM32U535RCI6Q, STM32U535RCT6, STM32U535RCT6Q, STM32U535REI6, STM32U535REI6Q, STM32U535RET6, STM32U535RET6Q, STM32U535VCI6, STM32U535VCI6Q, STM32U535VCT6, STM32U535VCT6Q, STM32U535VEI6, STM32U535VEI6Q, STM32U535VET6, STM32U535VET6Q, STM32U545CET6, STM32U545CET6Q, STM32U545CEU6, STM32U545CEU6Q, STM32U545JEY6QTR, STM32U545NEY6QTR, STM32U545REI6, STM32U545REI6Q, STM32U545RET6, STM32U545RET6Q, STM32U545VEI6, STM32U545VEI6Q, STM32U545VET6, STM32U545VET6Q, STM32U595AIH6, STM32U595AIH6Q, STM32U595AJH6, STM32U595AJH6Q, STM32U595QII6, STM32U595QII6Q, STM32U595QJI6, STM32U595QJI6Q, STM32U595RIT6, STM32U595RIT6Q, STM32U595RJT6, STM32U595RJT6Q, STM32U595VIT6, STM32U595VIT6Q, STM32U595VJT6, STM32U595VJT6Q, STM32U595ZIT6, STM32U595ZIT6Q, STM32U595ZIY6QTR, STM32U595ZJT6, STM32U595ZJT6Q, STM32U595ZJY6QTR, STM32U599BJY6QTR, STM32U599NIH6Q, STM32U599NJH6Q, STM32U599VIT6Q, STM32U599VJT6, STM32U599VJT6Q, STM32U599ZIT6Q, STM32U599ZIY6QTR, STM32U599ZJT6Q, STM32U599ZJY6QTR, STM32U5A5AJH6, STM32U5A5AJH6Q, STM32U5A5QJI6, STM32U5A5QJI6Q, STM32U5A5RJT6, STM32U5A5RJT6Q, STM32U5A5VJT6, STM32U5A5VJT6Q, STM32U5A5ZJT6, STM32U5A5ZJT6Q, STM32U5A5ZJY6QTR, STM32U5A9BJY6QTR, STM32U5A9J-DK, STM32U5A9NJH6Q, STM32U5A9VJT6Q, STM32U5A9ZJT6Q, STM32U5A9ZJY6QTR, STM32U5F7VIT6, STM32U5F7VIT6Q, STM32U5F7VJT6, STM32U5F7VJT6Q, STM32U5F9BJY6QTR, STM32U5F9NJH6Q, STM32U5F9VIT6Q, STM32U5F9VJT6Q, STM32U5F9ZIJ6QTR, STM32U5F9ZIT6Q, STM32U5F9ZJJ6QTR, STM32U5F9ZJT6Q, STM32U5G7VJT6, STM32U5G7VJT6Q, STM32U5G9BJY6QTR, STM32U5G9J-DK1, STM32U5G9J-DK2, STM32U5G9NJH6Q, STM32U5G9VJT6Q, STM32U5G9ZJJ6QTR, STM32U5G9ZJT6Q, STM32WB1MMCH6, STM32WBA52CEU6, STM32WBA52CEU6T, STM32WBA52CGU6, STM32WBA52CGU6T, STM32WBA52KEU6, STM32WBA52KEU6T, STM32WBA52KGU6, STM32WBA52KGU6T, STM32WL5MOCH6, STM32WL5MOCH6TR]
2023-10-14 22:28:09,020 [INFO] BoardInfo:880 - No configuration file found for board P-NUCLEO-WB55
2023-10-14 22:28:09,020 [INFO] DbBoards:157 - Kit is not supported: P-NUCLEO-WB55
2023-10-14 22:28:09,026 [INFO] BoardInfo:880 - No configuration file found for board STEVAL-BFA001V1B
2023-10-14 22:28:09,027 [INFO] DbBoards:157 - Kit is not supported: STEVAL-BFA001V1B
2023-10-14 22:28:09,028 [INFO] BoardInfo:880 - No configuration file found for board STEVAL-BFA001V2B
2023-10-14 22:28:09,029 [INFO] DbBoards:157 - Kit is not supported: STEVAL-BFA001V2B
2023-10-14 22:28:09,197 [INFO] DbBoards:161 - Found 190 boards, 187 are supported
2023-10-14 22:28:09,201 [INFO] ApiDb:668 - CubeFinder database Data Model version=2.1
2023-10-14 22:28:09,201 [INFO] ApiDb:669 - CubeFinder database Configuration version=3.0.37
2023-10-14 22:28:09,202 [INFO] ApiDb:670 - CubeFinder database generation date=2023-08-09 (1691586011)
2023-10-14 22:28:09,202 [INFO] ApiDb:671 - CubeFinder database FW Pack versions=[FP-ATR-ASTRA1_V2.0.0, FP-SNS-FLIGHT1_V5.0.1, FP-SNS-FLIGHT1_V5.0.2, FP-SNS-MOTENV1_V4.3.1, FP-SNS-MOTENV1_V4.3.2, STM32Cube_FW_C0_V1.1.0, STM32Cube_FW_F4_V1.27.1, STM32Cube_FW_F7_V1.17.0, STM32Cube_FW_G0_V1.6.1, STM32Cube_FW_G4_V1.5.1, STM32Cube_FW_H5_V0.5.1, STM32Cube_FW_H5_V1.1.0, STM32Cube_FW_H7_V1.11.0, STM32Cube_FW_L0_V1.12.2, STM32Cube_FW_L5_V1.5.0, STM32Cube_FW_U5_V1.3.0, STM32Cube_FW_U5_V1.3.0RC4, STM32Cube_FW_WBA_V1.0.0RC1, STM32Cube_FW_WBA_V1.1.0, STM32Cube_FW_WBA_V1.1.0RC1, STM32Cube_FW_WB_V1.15.0RC1, STM32Cube_FW_WB_V1.16.0, STM32Cube_FW_WB_V1.16.0RC2, STM32Cube_FW_WB_V1.17.0, STM32Cube_FW_WL_V1.3.0, X-CUBE-ALGOBUILD_V1.3.0, X-CUBE-ALS_V1.0.1, X-CUBE-AZRTOS-F4_V1.1.0, X-CUBE-AZRTOS-F7_V1.1.0, X-CUBE-AZRTOS-G0_V1.1.0, X-CUBE-AZRTOS-G4_V2.0.0, X-CUBE-AZRTOS-H7_V3.1.0, X-CUBE-AZRTOS-L4_V1.0.0, X-CUBE-AZRTOS-L4_V2.0.0, X-CUBE-AZRTOS-L5_V1.1.0, X-CUBE-AZRTOS-WB_V1.1.0, X-CUBE-AZRTOS-WL_V2.0.0, X-CUBE-BLE1_V7.0.0, X-CUBE-BLE2_V3.3.0, X-CUBE-BLEMGR_V2.0.0, X-CUBE-EEPRMA1_V4.1.0, X-CUBE-FREERTOS_V1.1.0, X-CUBE-GNSS1_V6.0.0, X-CUBE-MEMS1_V9.1.0, X-CUBE-MEMS1_V9.4.0, X-CUBE-MEMS1_V9.6.0, X-CUBE-NFC4_V3.0.0, X-CUBE-NFC7_V1.0.0, X-CUBE-SFXS2LP1_V4.0.0, X-CUBE-SUBG2_V5.0.0, X-CUBE-TOF1_V3.3.1]
2023-10-14 22:28:10,499 [WARN] PackLoader:240 - Cannot read IP mode file for STMicroelectronics.X-CUBE-GNSS1.6.0.0
2023-10-14 22:28:10,559 [WARN] PackLoader:240 - Cannot read IP mode file for STMicroelectronics.X-CUBE-AZRTOS-F4.1.1.0
2023-10-14 22:28:10,585 [WARN] PackLoader:240 - Cannot read IP mode file for STMicroelectronics.X-CUBE-SMBUS.2.1.0
2023-10-14 22:28:10,628 [WARN] PackLoader:240 - Cannot read IP mode file for STMicroelectronics.X-CUBE-AZRTOS-L5.2.0.0
2023-10-14 22:28:10,679 [WARN] PackLoader:240 - Cannot read IP mode file for STMicroelectronics.X-CUBE-AZRTOS-F7.1.1.0
2023-10-14 22:28:10,776 [WARN] PackLoader:240 - Cannot read IP mode file for STMicroelectronics.X-CUBE-MEMS1.9.6.0
2023-10-14 22:28:10,978 [WARN] PackLoader:240 - Cannot read IP mode file for STMicroelectronics.FP-SNS-MOTENV1.4.3.2
2023-10-14 22:28:10,998 [WARN] PackLoader:240 - Cannot read IP mode file for STMicroelectronics.X-CUBE-BLEMGR.2.0.0
2023-10-14 22:28:11,017 [WARN] PackLoader:240 - Cannot read IP mode file for STMicroelectronics.FP-SNS-FLIGHT1.5.0.2
2023-10-14 22:28:11,058 [WARN] ConditionMgr:438 - getConditionDescription Invalid condition id : UX DEVICE CLASS RTOS Condition cause : null
2023-10-14 22:28:11,060 [WARN] ConditionMgr:438 - getConditionDescription Invalid condition id : UX DEVICE CLASS RTOS Condition cause : null
2023-10-14 22:28:11,066 [WARN] PackLoader:240 - Cannot read IP mode file for STMicroelectronics.X-CUBE-AZRTOS-H7.3.1.0
2023-10-14 22:28:11,068 [WARN] ConditionMgr:1039 - genDependencies : Invalid condition id : UX DEVICE CLASS RTOS Condition cause : null
2023-10-14 22:28:11,068 [WARN] ConditionMgr:1039 - genDependencies : Invalid condition id : UX DEVICE CLASS RTOS Condition cause : null
2023-10-14 22:28:11,069 [WARN] ConditionMgr:1039 - genDependencies : Invalid condition id : UX DEVICE CLASS RTOS Condition cause : null
2023-10-14 22:28:11,070 [WARN] ConditionMgr:1039 - genDependencies : Invalid condition id : UX DEVICE CLASS RTOS Condition cause : null
2023-10-14 22:28:11,070 [WARN] ConditionMgr:1039 - genDependencies : Invalid condition id : UX DEVICE CLASS RTOS Condition cause : null
2023-10-14 22:28:11,092 [WARN] PackLoader:240 - Cannot read IP mode file for STMicroelectronics.X-CUBE-DISPLAY.3.0.0
2023-10-14 22:28:11,116 [WARN] PackLoader:240 - Cannot read IP mode file for STMicroelectronics.X-CUBE-BLE1.7.0.0
2023-10-14 22:28:11,133 [WARN] PackLoader:240 - Cannot read IP mode file for STMicroelectronics.X-CUBE-NFC7.1.0.1
2023-10-14 22:28:11,150 [WARN] PackLoader:240 - Cannot read IP mode file for STMicroelectronics.X-CUBE-EEPRMA1.4.1.0
2023-10-14 22:28:11,169 [WARN] PackLoader:240 - Cannot read IP mode file for STMicroelectronics.X-CUBE-AI.8.1.0
2023-10-14 22:28:11,194 [INFO] ApiDb:240 - Found 323 in-development CPN: [B-G473E-ZEST1S, B-WB1M-WPAN1, B-WL5M-SUBG1, NUCLEO-C031C6, NUCLEO-H503RB, NUCLEO-H563ZI, NUCLEO-U545RE-Q, NUCLEO-U5A5ZJ-Q, NUCLEO-WBA52CG, STEVAL-PROTEUS1, STEVAL-SMARTAG2, STEVAL-STWINBX1, STM320518-EVAL, STM32C0116-DK, STM32C011D6Y3TR, STM32C011D6Y6TR, STM32C011F4P3, STM32C011F4P6, STM32C011F4U3, STM32C011F4U6TR, STM32C011F6P3, STM32C011F6P6, STM32C011F6U3, STM32C011F6U6TR, STM32C011J4M3, STM32C011J4M6, STM32C011J6M3, STM32C011J6M6, STM32C0316-DK, STM32C031C4T3, STM32C031C4T6, STM32C031C4U3, STM32C031C4U6, STM32C031C6T3, STM32C031C6T6, STM32C031C6U3, STM32C031C6U6, STM32C031F4P3, STM32C031F4P6, STM32C031F6P3, STM32C031F6P6, STM32C031G4U3, STM32C031G4U6, STM32C031G6U3, STM32C031G6U6, STM32C031K4T3, STM32C031K4T6, STM32C031K4U3, STM32C031K4U6, STM32C031K6T3, STM32C031K6T6, STM32C031K6U3, STM32C031K6U6, STM32G071K8TXN, STM32G071K8UXN, STM32G081GBU6N, STM32G081KBT6N, STM32G081KBUXN, STM32G0B1CCT6N, STM32G0B1KCT6, STM32G0B1NEY6TR, STM32G0B1RCT6N, STM32G0C1CCT6, STM32G0C1CCT6N, STM32G0C1CCU6N, STM32G0C1CET6N, STM32G0C1CEU6N, STM32G0C1KCT6, STM32G0C1NEY6TR, STM32G0C1RCI6N, STM32G0C1RCT6N, STM32G0C1REI6N, STM32G0C1RET6N, STM32G0C1VCI6, STM32G0C1VEI6, STM32G471CCT6, STM32G471CCU6, STM32G471CET3, STM32G471CET6, STM32G471CEU3, STM32G471CEU6, STM32G471MCT6, STM32G471MET3, STM32G471MET6, STM32G471MEY6TR, STM32G471QCT6, STM32G471QET3, STM32G471RCT6, STM32G471RET3, STM32G471RET6, STM32G471VCH6, STM32G471VCI6, STM32G471VCT6, STM32G471VEH3, STM32G471VEH6, STM32G471VEI3, STM32G471VEI6, STM32G471VET3, STM32G471VET6, STM32G474CCT6, STM32H503CBT6, STM32H503CBU6, STM32H503EBY6TR, STM32H503KBU6, STM32H503RBT6, STM32H562AGI6, STM32H562AII6, STM32H562IGK6, STM32H562IGT6, STM32H562IIK6, STM32H562IIT6, STM32H562RGT6, STM32H562RGV6, STM32H562RIT6, STM32H562RIV6, STM32H562VGT6, STM32H562VIT6, STM32H562ZGT6, STM32H562ZIT6, STM32H563AGI6, STM32H563AII3Q, STM32H563AII6, STM32H563IGK6, STM32H563IGT6, STM32H563IIK3Q, STM32H563IIK6, STM32H563IIT3Q, STM32H563IIT6, STM32H563MIY3QTR, STM32H563RGT6, STM32H563RGV6, STM32H563RIT6, STM32H563RIV6, STM32H563VGT6, STM32H563VIT3Q, STM32H563VIT6, STM32H563ZGT6, STM32H563ZIT3Q, STM32H563ZIT6, STM32H573AII3Q, STM32H573AII6, STM32H573I-DK, STM32H573IIK3Q, STM32H573IIK6, STM32H573IIT3Q, STM32H573IIT6, STM32H573MIY3QTR, STM32H573RIT6, STM32H573RIV6, STM32H573VIT3Q, STM32H573VIT6, STM32H573ZIT3Q, STM32H573ZIT6, STM32L4R5QGI6STR, STM32MP131AAE3, STM32MP131AAF3, STM32MP131AAG3, STM32MP131CAE3, STM32MP131CAF3, STM32MP131CAG3, STM32MP131DAE7, STM32MP131DAF7, STM32MP131DAG7, STM32MP131FAE7, STM32MP131FAF7, STM32MP131FAG7, STM32MP133AAE3, STM32MP133AAF3, STM32MP133AAG3, STM32MP133CAE3, STM32MP133CAF3, STM32MP133CAG3, STM32MP133DAE7, STM32MP133DAF7, STM32MP133DAG7, STM32MP133FAE7, STM32MP133FAF7, STM32MP133FAG7, STM32MP135AAE3, STM32MP135AAF3, STM32MP135AAG3, STM32MP135CAE3, STM32MP135CAF3, STM32MP135CAG3, STM32MP135DAE7, STM32MP135DAF7, STM32MP135DAG7, STM32MP135F-DK, STM32MP135FAE7, STM32MP135FAF7, STM32MP135FAF7T, STM32MP135FAF7U, STM32MP135FAG7, STM32U535CBT6, STM32U535CBT6Q, STM32U535CBU6, STM32U535CBU6Q, STM32U535CCT6, STM32U535CCT6Q, STM32U535CCU6, STM32U535CCU6Q, STM32U535CET6, STM32U535CET6Q, STM32U535CEU6, STM32U535CEU6Q, STM32U535JEY6QTR, STM32U535NCY6QTR, STM32U535NEY6QTR, STM32U535RBI6, STM32U535RBI6Q, STM32U535RBT6, STM32U535RBT6Q, STM32U535RCI6, STM32U535RCI6Q, STM32U535RCT6, STM32U535RCT6Q, STM32U535REI6, STM32U535REI6Q, STM32U535RET6, STM32U535RET6Q, STM32U535VCI6, STM32U535VCI6Q, STM32U535VCT6, STM32U535VCT6Q, STM32U535VEI6, STM32U535VEI6Q, STM32U535VET6, STM32U535VET6Q, STM32U545CET6, STM32U545CET6Q, STM32U545CEU6, STM32U545CEU6Q, STM32U545JEY6QTR, STM32U545NEY6QTR, STM32U545REI6, STM32U545REI6Q, STM32U545RET6, STM32U545RET6Q, STM32U545VEI6, STM32U545VEI6Q, STM32U545VET6, STM32U545VET6Q, STM32U595AIH6, STM32U595AIH6Q, STM32U595AJH6, STM32U595AJH6Q, STM32U595QII6, STM32U595QII6Q, STM32U595QJI6, STM32U595QJI6Q, STM32U595RIT6, STM32U595RIT6Q, STM32U595RJT6, STM32U595RJT6Q, STM32U595VIT6, STM32U595VIT6Q, STM32U595VJT6, STM32U595VJT6Q, STM32U595ZIT6, STM32U595ZIT6Q, STM32U595ZIY6QTR, STM32U595ZJT6, STM32U595ZJT6Q, STM32U595ZJY6QTR, STM32U599BJY6QTR, STM32U599NIH6Q, STM32U599NJH6Q, STM32U599VIT6Q, STM32U599VJT6, STM32U599VJT6Q, STM32U599ZIT6Q, STM32U599ZIY6QTR, STM32U599ZJT6Q, STM32U599ZJY6QTR, STM32U5A5AJH6, STM32U5A5AJH6Q, STM32U5A5QJI6, STM32U5A5QJI6Q, STM32U5A5RJT6, STM32U5A5RJT6Q, STM32U5A5VJT6, STM32U5A5VJT6Q, STM32U5A5ZJT6, STM32U5A5ZJT6Q, STM32U5A5ZJY6QTR, STM32U5A9BJY6QTR, STM32U5A9J-DK, STM32U5A9NJH6Q, STM32U5A9VJT6Q, STM32U5A9ZJT6Q, STM32U5A9ZJY6QTR, STM32U5F7VIT6, STM32U5F7VIT6Q, STM32U5F7VJT6, STM32U5F7VJT6Q, STM32U5F9BJY6QTR, STM32U5F9NJH6Q, STM32U5F9VIT6Q, STM32U5F9VJT6Q, STM32U5F9ZIJ6QTR, STM32U5F9ZIT6Q, STM32U5F9ZJJ6QTR, STM32U5F9ZJT6Q, STM32U5G7VJT6, STM32U5G7VJT6Q, STM32U5G9BJY6QTR, STM32U5G9J-DK1, STM32U5G9J-DK2, STM32U5G9NJH6Q, STM32U5G9VJT6Q, STM32U5G9ZJJ6QTR, STM32U5G9ZJT6Q, STM32WB1MMCH6, STM32WBA52CEU6, STM32WBA52CEU6T, STM32WBA52CGU6, STM32WBA52CGU6T, STM32WBA52KEU6, STM32WBA52KEU6T, STM32WBA52KGU6, STM32WBA52KGU6T, STM32WL5MOCH6, STM32WL5MOCH6TR]
2023-10-14 22:28:11,201 [INFO] DbMcus:217 - Found 3848 MCUs, 3848 are supported
2023-10-14 22:28:11,202 [INFO] ApiDb:423 - Load user favorites file C:\Users\islam/.stm32cubeide/favorites.mcus.txt: 0 item(s)
2023-10-14 22:28:11,202 [INFO] ApiDb:427 - User favorites MCUs=[]
2023-10-14 22:28:11,202 [INFO] DbMcus:223 - Set 0 / 0 favorites MCUs
2023-10-14 22:28:11,214 [WARN] ConditionMgr:438 - getConditionDescription Invalid condition id : LAN8742 Phy interface Condition cause : null
2023-10-14 22:28:11,214 [WARN] PackLoader:240 - Cannot read IP mode file for STMicroelectronics.X-CUBE-AZRTOS-L4.2.0.0
2023-10-14 22:28:11,216 [WARN] ConditionMgr:1039 - genDependencies : Invalid condition id : LAN8742 Phy interface Condition cause : null
2023-10-14 22:28:11,216 [WARN] ConditionMgr:1039 - genDependencies : Invalid condition id : LAN8742 Phy interface Condition cause : null
2023-10-14 22:28:11,217 [WARN] ConditionMgr:1039 - genDependencies : Invalid condition id : LAN8742 Phy interface Condition cause : null
2023-10-14 22:28:11,240 [WARN] PackLoader:240 - Cannot read IP mode file for STMicroelectronics.X-CUBE-SFXS2LP1.4.0.0
2023-10-14 22:28:11,263 [WARN] PackLoader:240 - Cannot read IP mode file for STMicroelectronics.X-CUBE-BLE2.3.3.0
2023-10-14 22:28:11,282 [WARN] PackLoader:240 - Cannot read IP mode file for STMicroelectronics.X-CUBE-ISPU.1.1.0
2023-10-14 22:28:11,307 [WARN] PackLoader:240 - Cannot read IP mode file for STMicroelectronics.X-CUBE-ALGOBUILD.1.3.0
2023-10-14 22:28:11,330 [WARN] PackLoader:240 - Cannot read IP mode file for STMicroelectronics.X-CUBE-SUBG2.5.0.0
2023-10-14 22:28:11,364 [WARN] PackLoader:240 - Cannot read IP mode file for STMicroelectronics.X-CUBE-NFC4.3.0.0
2023-10-14 22:28:11,389 [WARN] PackLoader:240 - Cannot read IP mode file for STMicroelectronics.X-CUBE-TOF1.3.3.1
2023-10-14 22:28:11,416 [WARN] PackLoader:240 - Cannot read IP mode file for STMicroelectronics.FP-ATR-SIGFOX1.3.2.0
2023-10-14 22:28:11,437 [WARN] PackLoader:240 - Cannot read IP mode file for STMicroelectronics.X-CUBE-FREERTOS.1.1.0
2023-10-14 22:28:11,465 [WARN] PackLoader:240 - Cannot read IP mode file for STMicroelectronics.X-CUBE-ALS.1.0.1
2023-10-14 22:28:11,485 [WARN] PackLoader:240 - Cannot read IP mode file for STMicroelectronics.FP-ATR-ASTRA1.2.0.0
2023-10-14 22:28:11,485 [INFO] ThirdParty:978 - Integrity check success = true
2023-10-14 22:28:11,486 [INFO] IntegrityCheckThread:100 - exiting critical section [integrity check]
2023-10-14 22:28:11,486 [INFO] IntegrityCheckThread:103 - End integrity checks thread
2023-10-14 22:28:11,608 [INFO] ApiDb:423 - Load user favorites file C:\Users\islam/.stm32cubeide/favorites.boards.txt: 0 item(s)
2023-10-14 22:28:11,609 [INFO] ApiDb:427 - User favorites Boards=[]
2023-10-14 22:28:11,609 [INFO] DbBoards:190 - Set 0 / 0 favorites Boards
2023-10-14 22:28:11,609 [INFO] McuFinderGlobals:76 - Set McuFinderConnectedMode to true
2023-10-14 22:28:11,616 [INFO] MultiScanPanel:200 - Auto-refresh data requested => check proxy status ongoing
2023-10-14 22:28:11,618 [INFO] FinderPluginLoader:95 - Searching for filters in installed packs
2023-10-14 22:28:12,997 [INFO] LoadUrlFilesThread:185 - End of LoadServerUrlFiles without Thread
2023-10-14 22:28:13,011 [INFO] DetailPanel:341 - Set advertising image to C:/Users/islam/STM32Cube/Repository/\en.prom-stm32h5-mcu-finder.jpg
2023-10-14 22:28:28,566 [ERROR] LogOutputStream:75 - [STDERR_REDIRECT] SLF4J: Failed to load class "org.slf4j.impl.StaticLoggerBinder".
2023-10-14 22:28:28,566 [ERROR] LogOutputStream:75 - [STDERR_REDIRECT] SLF4J: Defaulting to no-operation (NOP) logger implementation
2023-10-14 22:28:28,567 [ERROR] LogOutputStream:75 - [STDERR_REDIRECT] SLF4J: See http://www.slf4j.org/codes.html#StaticLoggerBinder for further details.
2023-10-14 22:30:14,661 [INFO] ServerAccessManage:473 - Download File DS5319.pdf
2023-10-14 22:30:15,215 [INFO] LoadUrlFilesThread:156 - End of LoadUrlFiles Thread
2023-10-14 22:30:15,416 [INFO] McuAction:140 - Datasheet
2023-10-14 22:31:12,973 [INFO] McuFinderGlobals:76 - Set McuFinderConnectedMode to true
2023-10-14 22:31:12,978 [INFO] ApiDb:448 - Save user favorites file C:\Users\islam/.stm32cubeide/favorites.mcus.txt: 0 item(s)
2023-10-14 22:31:12,978 [INFO] ApiDb:452 - User favorites MCUs=[]
