2023-10-16 21:54:26,597 [INFO] Activator:176 - 


2023-10-16 21:54:26,604 [INFO] Activator:177 - !SESSION log4j initialized
2023-10-16 21:54:32,563 [INFO] LogOutputStream:77 - [STDOUT_REDIRECT] 
2023-10-16 21:54:34,264 [INFO] ApplicationProperties:184 - Using Application install path: C:\ST\STM32CubeIDE_1.13.2\STM32CubeIDE\plugins\com.st.stm32cube.common.mx_6.9.2.202309101412
2023-10-16 21:54:34,281 [INFO] DbMcusXml:78 - Set database path to: C:\ST\STM32CubeIDE_1.13.2\STM32CubeIDE\plugins\com.st.stm32cube.common.mx_6.9.2.202309101412\\db\/mcu/
2023-10-16 21:54:34,282 [INFO] ApiDb:274 - Set plugin database path to: C:\ST\STM32CubeIDE_1.13.2\STM32CubeIDE\plugins\com.st.stm32cube.common.mx_6.9.2.202309101412\\db\/plugins/boardmanager/
2023-10-16 21:54:34,282 [WARN] ApiDb:259 - Overriding images path with different value:  => C:\ST\STM32CubeIDE_1.13.2\STM32CubeIDE\plugins\com.st.stm32cube.common.mx_6.9.2.202309101412\\db\/plugins/mcufinder/images/
2023-10-16 21:54:34,291 [INFO] ApiDb:250 - Set database path to: C:\Users\islam\.stmcufinder\plugins\mcufinder//mcu/
2023-10-16 21:54:34,292 [INFO] DbMcusAds:125 - Set database path to: C:\Users\islam\.stmcufinder\plugins\mcufinder//mcu/
2023-10-16 21:54:34,293 [INFO] CrossReferenceDbSqlite:203 - Set database path to: C:\Users\islam\.stmcufinder\plugins\mcufinder//mcu/cs/
2023-10-16 21:54:34,399 [INFO] RulesReader:64 - Compatibility file has been processed (293 Rules)
2023-10-16 21:54:34,480 [INFO] DbMcusXml:78 - Set database path to: C:\ST\STM32CubeIDE_1.13.2\STM32CubeIDE\plugins\com.st.stm32cube.common.mx_6.9.2.202309101412\\db\/mcu/
2023-10-16 21:54:34,480 [INFO] ApiDb:274 - Set plugin database path to: C:\ST\STM32CubeIDE_1.13.2\STM32CubeIDE\plugins\com.st.stm32cube.common.mx_6.9.2.202309101412\\db\/plugins/boardmanager/
2023-10-16 21:54:34,480 [INFO] ApiDb:261 - Set plugin images path to: C:\ST\STM32CubeIDE_1.13.2\STM32CubeIDE\plugins\com.st.stm32cube.common.mx_6.9.2.202309101412\\db\/plugins/mcufinder/images/
2023-10-16 21:54:34,480 [WARN] DbFile:41 - Overriding database path with different value: C:\Users\islam\.stmcufinder\plugins\mcufinder/ => C:\Users\islam\.stmcufinder\plugins\mcufinder
2023-10-16 21:54:34,480 [INFO] ApiDb:250 - Set database path to: C:\Users\islam\.stmcufinder\plugins\mcufinder//mcu/
2023-10-16 21:54:34,480 [WARN] DbFile:41 - Overriding database path with different value: C:\Users\islam\.stmcufinder\plugins\mcufinder/ => C:\Users\islam\.stmcufinder\plugins\mcufinder
2023-10-16 21:54:34,481 [INFO] DbMcusAds:125 - Set database path to: C:\Users\islam\.stmcufinder\plugins\mcufinder//mcu/
2023-10-16 21:54:34,481 [WARN] DbFile:41 - Overriding database path with different value: C:\Users\islam\.stmcufinder\plugins\mcufinder/ => C:\Users\islam\.stmcufinder\plugins\mcufinder
2023-10-16 21:54:34,481 [WARN] DbFile:41 - Overriding database path with different value: C:\Users\islam\.stmcufinder\plugins\mcufinder/ => C:\Users\islam\.stmcufinder\plugins\mcufinder
2023-10-16 21:54:34,481 [INFO] CrossReferenceDbSqlite:203 - Set database path to: C:\Users\islam\.stmcufinder\plugins\mcufinder//mcu/cs/
2023-10-16 21:54:34,562 [INFO] MainPanel:262 - HeapMemory: 268435456
2023-10-16 21:54:34,659 [INFO] DbMcusXml:78 - Set database path to: C:\ST\STM32CubeIDE_1.13.2\STM32CubeIDE\plugins\com.st.stm32cube.common.mx_6.9.2.202309101412\\db\/mcu/
2023-10-16 21:54:34,660 [INFO] ApiDb:274 - Set plugin database path to: C:\ST\STM32CubeIDE_1.13.2\STM32CubeIDE\plugins\com.st.stm32cube.common.mx_6.9.2.202309101412\\db\/plugins/boardmanager/
2023-10-16 21:54:34,660 [INFO] ApiDb:261 - Set plugin images path to: C:\ST\STM32CubeIDE_1.13.2\STM32CubeIDE\plugins\com.st.stm32cube.common.mx_6.9.2.202309101412\\db\/plugins/mcufinder/images/
2023-10-16 21:54:34,660 [WARN] DbFile:41 - Overriding database path with different value: C:\Users\islam\.stmcufinder\plugins\mcufinder/ => C:\Users\islam\.stmcufinder\plugins\mcufinder
2023-10-16 21:54:34,660 [INFO] ApiDb:250 - Set database path to: C:\Users\islam\.stmcufinder\plugins\mcufinder//mcu/
2023-10-16 21:54:34,660 [WARN] DbFile:41 - Overriding database path with different value: C:\Users\islam\.stmcufinder\plugins\mcufinder/ => C:\Users\islam\.stmcufinder\plugins\mcufinder
2023-10-16 21:54:34,660 [INFO] DbMcusAds:125 - Set database path to: C:\Users\islam\.stmcufinder\plugins\mcufinder//mcu/
2023-10-16 21:54:34,660 [WARN] DbFile:41 - Overriding database path with different value: C:\Users\islam\.stmcufinder\plugins\mcufinder/ => C:\Users\islam\.stmcufinder\plugins\mcufinder
2023-10-16 21:54:34,660 [WARN] DbFile:41 - Overriding database path with different value: C:\Users\islam\.stmcufinder\plugins\mcufinder/ => C:\Users\islam\.stmcufinder\plugins\mcufinder
2023-10-16 21:54:34,661 [INFO] CrossReferenceDbSqlite:203 - Set database path to: C:\Users\islam\.stmcufinder\plugins\mcufinder//mcu/cs/
2023-10-16 21:54:34,679 [INFO] ApplicationProperties:184 - Using Application install path: C:\ST\STM32CubeIDE_1.13.2\STM32CubeIDE\plugins\com.st.stm32cube.common.mx_6.9.2.202309101412
2023-10-16 21:54:34,681 [INFO] PluginManage:196 - Search for loadable plugins [exclusion list=, ]
2023-10-16 21:54:34,682 [INFO] PluginManage:310 - Check plugin analytics
2023-10-16 21:54:34,843 [INFO] AnalyticsPlugin:253 - Accepted Software Licenses: 
2023-10-16 21:54:34,843 [INFO] AnalyticsPlugin:255 - Accepted CMSIS Pack Licenses: 
2023-10-16 21:54:34,844 [INFO] AnalyticsPlugin:257 - Accepted Firmware Licenses: 
2023-10-16 21:54:34,847 [INFO] PluginManage:359 - Loaded plugin analytics (category:tool,tabindex:-1)
2023-10-16 21:54:34,848 [INFO] PluginManage:310 - Check plugin cadmodel
2023-10-16 21:54:34,863 [INFO] CADModel:105 - Init CAD model plugin
2023-10-16 21:54:34,863 [INFO] PluginManage:359 - Loaded plugin cadmodel (category:power,tabindex:5)
2023-10-16 21:54:34,864 [INFO] PluginManage:310 - Check plugin clock
2023-10-16 21:54:34,883 [INFO] PluginManage:359 - Loaded plugin clock (category:base,tabindex:2)
2023-10-16 21:54:34,884 [INFO] PluginManage:310 - Check plugin ddr
2023-10-16 21:54:34,886 [INFO] PluginManage:359 - Loaded plugin ddr (category:tool,tabindex:6)
2023-10-16 21:54:34,886 [INFO] PluginManage:310 - Check plugin filemanager
2023-10-16 21:54:35,014 [INFO] PluginManage:359 - Loaded plugin filemanager (category:base,tabindex:10)
2023-10-16 21:54:35,014 [INFO] PluginManage:310 - Check plugin ipmanager
2023-10-16 21:54:35,022 [INFO] PluginManage:359 - Loaded plugin ipmanager (category:base,tabindex:5)
2023-10-16 21:54:35,022 [INFO] PluginManage:310 - Check plugin lpbam
2023-10-16 21:54:35,041 [INFO] PluginManage:359 - Loaded plugin lpbam (category:base,tabindex:0)
2023-10-16 21:54:35,041 [INFO] PluginManage:310 - Check plugin memorymap
2023-10-16 21:54:35,079 [INFO] PluginManage:359 - Loaded plugin memorymap (category:base,tabindex:4)
2023-10-16 21:54:35,079 [INFO] PluginManage:310 - Check plugin pinoutandconfiguration
2023-10-16 21:54:35,106 [INFO] PluginManage:359 - Loaded plugin pinoutandconfiguration (category:base,tabindex:1)
2023-10-16 21:54:35,106 [INFO] PluginManage:310 - Check plugin pinoutconfig
2023-10-16 21:54:35,277 [WARN] SupportedApi:132 - Cannot load RTOS API schema: s4s-elt-must-match.1: The content of 'definitions' must match (annotation?, (simpleType | complexType)?, (unique | key | keyref)*)). A problem was found starting at: attribute.
2023-10-16 21:54:35,520 [INFO] PluginManage:359 - Loaded plugin pinoutconfig (category:base,tabindex:0)
2023-10-16 21:54:35,520 [INFO] PluginManage:310 - Check plugin power
2023-10-16 21:54:35,556 [INFO] PluginManage:359 - Loaded plugin power (category:power,tabindex:4)
2023-10-16 21:54:35,557 [INFO] PluginManage:310 - Check plugin projectmanager
2023-10-16 21:54:35,603 [INFO] PluginManage:359 - Loaded plugin projectmanager (category:projectmanager,tabindex:3)
2023-10-16 21:54:35,603 [INFO] PluginManage:310 - Check plugin thirdparty
2023-10-16 21:54:36,129 [INFO] PluginManage:359 - Loaded plugin thirdparty (category:base,tabindex:-1)
2023-10-16 21:54:36,130 [INFO] PluginManage:310 - Check plugin tools
2023-10-16 21:54:36,129 [WARN] IntegrityCheckThread:84 - waiting for thirdparty lock release [integrity check]
2023-10-16 21:54:36,130 [INFO] IntegrityCheckThread:86 - entering critical section [integrity check]
2023-10-16 21:54:36,130 [INFO] ThirdPartyUpdaterWithRetryManager:70 - Updater plugin not ready yet. [1/15]
2023-10-16 21:54:36,168 [INFO] PluginManage:359 - Loaded plugin tools (category:base,tabindex:7)
2023-10-16 21:54:36,169 [INFO] PluginManage:310 - Check plugin tutovideos
2023-10-16 21:54:36,363 [INFO] PluginManage:359 - Loaded plugin tutovideos (category:base,tabindex:-1)
2023-10-16 21:54:36,363 [INFO] PluginManage:310 - Check plugin updater
2023-10-16 21:54:36,377 [INFO] PluginManage:359 - Loaded plugin updater (category:base,tabindex:12)
2023-10-16 21:54:36,377 [INFO] PluginManage:310 - Check plugin userauth
2023-10-16 21:54:36,382 [INFO] UserAuth:113 - Init User Auth plugin
2023-10-16 21:54:36,382 [INFO] PluginManage:359 - Loaded plugin userauth (category:base,tabindex:14)
2023-10-16 21:54:36,383 [INFO] PluginManage:283 - PluginManage : Loaded plugins [17]
2023-10-16 21:54:36,719 [INFO] PinOutPanel:1499 - setPackage(No Configuration,No Configuration)
2023-10-16 21:54:36,841 [INFO] CADModel:165 - CPN selected for project level
2023-10-16 21:54:36,841 [INFO] CADModel:114 - Register for checkConnection events
2023-10-16 21:54:36,877 [INFO] IPUIPlugin:80 - create IPUIPlugin
2023-10-16 21:54:36,878 [INFO] PluginManager:220 - loadIPPluginJar : add adc
2023-10-16 21:54:36,916 [INFO] IPUIPlugin:80 - create IPUIPlugin
2023-10-16 21:54:36,916 [INFO] PluginManager:220 - loadIPPluginJar : add aes
2023-10-16 21:54:36,961 [INFO] IPUIPlugin:80 - create IPUIPlugin
2023-10-16 21:54:36,961 [INFO] PluginManager:220 - loadIPPluginJar : add can
2023-10-16 21:54:36,990 [INFO] IPUIPlugin:80 - create IPUIPlugin
2023-10-16 21:54:36,990 [INFO] PluginManager:220 - loadIPPluginJar : add comp
2023-10-16 21:54:37,027 [INFO] IPUIPlugin:80 - create IPUIPlugin
2023-10-16 21:54:37,027 [INFO] PluginManager:220 - loadIPPluginJar : add cryp
2023-10-16 21:54:37,059 [INFO] IPUIPlugin:80 - create IPUIPlugin
2023-10-16 21:54:37,059 [INFO] PluginManager:220 - loadIPPluginJar : add dfsdm
2023-10-16 21:54:37,075 [INFO] IPUIPlugin:80 - create IPUIPlugin
2023-10-16 21:54:37,075 [INFO] PluginManager:220 - loadIPPluginJar : add dma
2023-10-16 21:54:37,144 [INFO] IPUIPlugin:80 - create IPUIPlugin
2023-10-16 21:54:37,144 [INFO] PluginManager:220 - loadIPPluginJar : add dma3
2023-10-16 21:54:37,167 [INFO] IPUIPlugin:80 - create IPUIPlugin
2023-10-16 21:54:37,167 [INFO] PluginManager:220 - loadIPPluginJar : add fatfs
2023-10-16 21:54:37,221 [INFO] IPUIPlugin:80 - create IPUIPlugin
2023-10-16 21:54:37,221 [INFO] PluginManager:220 - loadIPPluginJar : add fmc
2023-10-16 21:54:37,238 [INFO] IPUIPlugin:80 - create IPUIPlugin
2023-10-16 21:54:37,239 [INFO] PluginManager:220 - loadIPPluginJar : add freertos
2023-10-16 21:54:37,262 [INFO] IPUIPlugin:80 - create IPUIPlugin
2023-10-16 21:54:37,262 [INFO] PluginManager:220 - loadIPPluginJar : add genericplugin
2023-10-16 21:54:37,396 [INFO] IPUIPlugin:80 - create IPUIPlugin
2023-10-16 21:54:37,396 [INFO] PluginManager:220 - loadIPPluginJar : add gfxmmu
2023-10-16 21:54:37,659 [INFO] IPUIPlugin:80 - create IPUIPlugin
2023-10-16 21:54:37,659 [INFO] PluginManager:220 - loadIPPluginJar : add gic
2023-10-16 21:54:37,673 [INFO] IPUIPlugin:80 - create IPUIPlugin
2023-10-16 21:54:37,674 [INFO] PluginManager:220 - loadIPPluginJar : add gpio
2023-10-16 21:54:37,777 [INFO] IPUIPlugin:80 - create IPUIPlugin
2023-10-16 21:54:37,777 [INFO] PluginManager:220 - loadIPPluginJar : add gtzc
2023-10-16 21:54:37,809 [INFO] IPUIPlugin:80 - create IPUIPlugin
2023-10-16 21:54:37,809 [INFO] PluginManager:220 - loadIPPluginJar : add hash
2023-10-16 21:54:37,856 [INFO] IPUIPlugin:80 - create IPUIPlugin
2023-10-16 21:54:37,857 [INFO] PluginManager:220 - loadIPPluginJar : add i2c
2023-10-16 21:54:37,891 [INFO] IPUIPlugin:80 - create IPUIPlugin
2023-10-16 21:54:37,892 [INFO] PluginManager:220 - loadIPPluginJar : add i2s
2023-10-16 21:54:37,930 [INFO] IPUIPlugin:80 - create IPUIPlugin
2023-10-16 21:54:37,931 [INFO] PluginManager:220 - loadIPPluginJar : add i3c
2023-10-16 21:54:38,043 [INFO] IPUIPlugin:80 - create IPUIPlugin
2023-10-16 21:54:38,043 [INFO] PluginManager:220 - loadIPPluginJar : add ipddr
2023-10-16 21:54:38,143 [INFO] IPUIPlugin:80 - create IPUIPlugin
2023-10-16 21:54:38,143 [INFO] PluginManager:220 - loadIPPluginJar : add linkedlist
2023-10-16 21:54:38,180 [INFO] IPUIPlugin:80 - create IPUIPlugin
2023-10-16 21:54:38,180 [INFO] PluginManager:220 - loadIPPluginJar : add lorawan
2023-10-16 21:54:38,221 [INFO] IPUIPlugin:80 - create IPUIPlugin
2023-10-16 21:54:38,221 [INFO] PluginManager:220 - loadIPPluginJar : add ltdc
2023-10-16 21:54:38,236 [INFO] IPUIPlugin:80 - create IPUIPlugin
2023-10-16 21:54:38,236 [INFO] PluginManager:220 - loadIPPluginJar : add mdma
2023-10-16 21:54:38,248 [INFO] IPUIPlugin:80 - create IPUIPlugin
2023-10-16 21:54:38,248 [INFO] PluginManager:220 - loadIPPluginJar : add nvic
2023-10-16 21:54:38,279 [INFO] IPUIPlugin:80 - create IPUIPlugin
2023-10-16 21:54:38,279 [INFO] PluginManager:220 - loadIPPluginJar : add opamp
2023-10-16 21:54:38,331 [INFO] IPUIPlugin:80 - create IPUIPlugin
2023-10-16 21:54:38,331 [INFO] PluginManager:220 - loadIPPluginJar : add openamp
2023-10-16 21:54:38,368 [INFO] IPUIPlugin:80 - create IPUIPlugin
2023-10-16 21:54:38,369 [INFO] PluginManager:220 - loadIPPluginJar : add pdm2pcm
2023-10-16 21:54:38,381 [INFO] IPUIPlugin:80 - create IPUIPlugin
2023-10-16 21:54:38,383 [INFO] PluginManager:220 - loadIPPluginJar : add plateformsettings
2023-10-16 21:54:38,403 [INFO] IPUIPlugin:80 - create IPUIPlugin
2023-10-16 21:54:38,403 [INFO] PluginManager:220 - loadIPPluginJar : add quadspi
2023-10-16 21:54:38,414 [INFO] IPUIPlugin:80 - create IPUIPlugin
2023-10-16 21:54:38,415 [INFO] PluginManager:220 - loadIPPluginJar : add resmgrutility
2023-10-16 21:54:38,458 [INFO] IPUIPlugin:80 - create IPUIPlugin
2023-10-16 21:54:38,458 [INFO] PluginManager:220 - loadIPPluginJar : add sai
2023-10-16 21:54:38,532 [INFO] IPUIPlugin:80 - create IPUIPlugin
2023-10-16 21:54:38,532 [INFO] PluginManager:220 - loadIPPluginJar : add spi
2023-10-16 21:54:38,618 [INFO] IPUIPlugin:80 - create IPUIPlugin
2023-10-16 21:54:38,618 [INFO] PluginManager:220 - loadIPPluginJar : add stm32_wpan
2023-10-16 21:54:38,640 [INFO] IPUIPlugin:80 - create IPUIPlugin
2023-10-16 21:54:38,641 [INFO] PluginManager:220 - loadIPPluginJar : add tim
2023-10-16 21:54:38,717 [INFO] IPUIPlugin:80 - create IPUIPlugin
2023-10-16 21:54:38,717 [INFO] PluginManager:220 - loadIPPluginJar : add touchsensing
2023-10-16 21:54:38,742 [INFO] IPUIPlugin:80 - create IPUIPlugin
2023-10-16 21:54:38,742 [INFO] PluginManager:220 - loadIPPluginJar : add tracer_emb
2023-10-16 21:54:38,771 [INFO] IPUIPlugin:80 - create IPUIPlugin
2023-10-16 21:54:38,772 [INFO] PluginManager:220 - loadIPPluginJar : add ts
2023-10-16 21:54:38,795 [INFO] IPUIPlugin:80 - create IPUIPlugin
2023-10-16 21:54:38,795 [INFO] PluginManager:220 - loadIPPluginJar : add tsc
2023-10-16 21:54:38,832 [INFO] IPUIPlugin:80 - create IPUIPlugin
2023-10-16 21:54:38,832 [INFO] PluginManager:220 - loadIPPluginJar : add ucpd
2023-10-16 21:54:38,902 [INFO] IPUIPlugin:80 - create IPUIPlugin
2023-10-16 21:54:38,902 [INFO] PluginManager:220 - loadIPPluginJar : add usart
2023-10-16 21:54:38,961 [INFO] IPUIPlugin:80 - create IPUIPlugin
2023-10-16 21:54:38,961 [INFO] PluginManager:220 - loadIPPluginJar : add usbx
2023-10-16 21:54:39,081 [INFO] CADModel:165 - CPN selected for project level
2023-10-16 21:54:39,081 [INFO] CADModel:114 - Register for checkConnection events
2023-10-16 21:54:39,081 [FATAL] Updater:308 - Updater called before beeing initialized
2023-10-16 21:54:39,081 [ERROR] CADModel:125 - Updater not yet initialized, retry later 
2023-10-16 21:54:39,137 [INFO] ThirdPartyUpdaterWithRetryManager:70 - Updater plugin not ready yet. [2/15]
2023-10-16 21:54:39,186 [INFO] CADModel:165 - CPN selected for project level
2023-10-16 21:54:39,186 [INFO] CADModel:114 - Register for checkConnection events
2023-10-16 21:54:39,186 [FATAL] Updater:308 - Updater called before beeing initialized
2023-10-16 21:54:39,186 [ERROR] CADModel:125 - Updater not yet initialized, retry later 
2023-10-16 21:54:39,189 [FATAL] Updater:308 - Updater called before beeing initialized
2023-10-16 21:54:39,301 [FATAL] Updater:308 - Updater called before beeing initialized
2023-10-16 21:54:39,313 [INFO] DbMcusAds:53 - JSON generation date=Tue Mar 07 11:50:55 TRT 2023 (1678179055114)
2023-10-16 21:54:39,313 [FATAL] Updater:308 - Updater called before beeing initialized
2023-10-16 21:54:39,378 [WARN] DetailPanel:346 - Failed to get advertising image, set to default
2023-10-16 21:54:39,464 [FATAL] Updater:308 - Updater called before beeing initialized
2023-10-16 21:54:39,466 [FATAL] Updater:308 - Updater called before beeing initialized
2023-10-16 21:54:39,467 [FATAL] Updater:308 - Updater called before beeing initialized
2023-10-16 21:54:39,467 [WARN] DetailPanel:346 - Failed to get advertising image, set to default
2023-10-16 21:54:39,467 [FATAL] Updater:308 - Updater called before beeing initialized
2023-10-16 21:54:39,522 [ERROR] Updater:1120 - MainUpdater not yet initialized. External WinMGr cannot be set.
2023-10-16 21:54:39,534 [INFO] Updater:1056 - Updater Version found : 6.9.2
2023-10-16 21:54:39,551 [INFO] ApplicationProperties:184 - Using Application install path: C:\ST\STM32CubeIDE_1.13.2\STM32CubeIDE\plugins\com.st.stm32cube.common.mx_6.9.2.202309101412
2023-10-16 21:54:39,685 [INFO] MainUpdater:2868 - connection check result : 10
2023-10-16 21:54:39,686 [INFO] MainUpdater:285 - Updater Check For Update Now.
2023-10-16 21:54:39,686 [INFO] MicroXplorer:498 - Change Database Version : DB.6.0.92
2023-10-16 21:54:39,704 [INFO] McuFinderGlobals:63 - Set McuFinder mode to 2 (CubeIDE integrated)
2023-10-16 21:54:39,902 [INFO] CheckServerUpdateThread:120 - End of CheckServer Thread
2023-10-16 21:54:42,250 [WARN] PackLoader:240 - Cannot read IP mode file for STMicroelectronics.X-CUBE-GNSS1.6.0.0
2023-10-16 21:54:42,288 [WARN] PackLoader:240 - Cannot read IP mode file for STMicroelectronics.X-CUBE-AZRTOS-F4.1.1.0
2023-10-16 21:54:42,307 [WARN] PackLoader:240 - Cannot read IP mode file for STMicroelectronics.X-CUBE-SMBUS.2.1.0
2023-10-16 21:54:42,342 [WARN] PackLoader:240 - Cannot read IP mode file for STMicroelectronics.X-CUBE-AZRTOS-L5.2.0.0
2023-10-16 21:54:42,387 [WARN] PackLoader:240 - Cannot read IP mode file for STMicroelectronics.X-CUBE-AZRTOS-F7.1.1.0
2023-10-16 21:54:42,449 [WARN] PackLoader:240 - Cannot read IP mode file for STMicroelectronics.X-CUBE-MEMS1.9.6.0
2023-10-16 21:54:42,605 [WARN] PackLoader:240 - Cannot read IP mode file for STMicroelectronics.FP-SNS-MOTENV1.4.3.2
2023-10-16 21:54:42,625 [WARN] PackLoader:240 - Cannot read IP mode file for STMicroelectronics.X-CUBE-BLEMGR.2.0.0
2023-10-16 21:54:42,640 [WARN] PackLoader:240 - Cannot read IP mode file for STMicroelectronics.FP-SNS-FLIGHT1.5.0.2
2023-10-16 21:54:42,666 [WARN] ConditionMgr:438 - getConditionDescription Invalid condition id : UX DEVICE CLASS RTOS Condition cause : null
2023-10-16 21:54:42,667 [WARN] ConditionMgr:438 - getConditionDescription Invalid condition id : UX DEVICE CLASS RTOS Condition cause : null
2023-10-16 21:54:42,669 [WARN] PackLoader:240 - Cannot read IP mode file for STMicroelectronics.X-CUBE-AZRTOS-H7.3.1.0
2023-10-16 21:54:42,670 [WARN] ConditionMgr:1039 - genDependencies : Invalid condition id : UX DEVICE CLASS RTOS Condition cause : null
2023-10-16 21:54:42,670 [WARN] ConditionMgr:1039 - genDependencies : Invalid condition id : UX DEVICE CLASS RTOS Condition cause : null
2023-10-16 21:54:42,671 [WARN] ConditionMgr:1039 - genDependencies : Invalid condition id : UX DEVICE CLASS RTOS Condition cause : null
2023-10-16 21:54:42,671 [WARN] ConditionMgr:1039 - genDependencies : Invalid condition id : UX DEVICE CLASS RTOS Condition cause : null
2023-10-16 21:54:42,671 [WARN] ConditionMgr:1039 - genDependencies : Invalid condition id : UX DEVICE CLASS RTOS Condition cause : null
2023-10-16 21:54:42,686 [WARN] PackLoader:240 - Cannot read IP mode file for STMicroelectronics.X-CUBE-DISPLAY.3.0.0
2023-10-16 21:54:42,702 [WARN] PackLoader:240 - Cannot read IP mode file for STMicroelectronics.X-CUBE-BLE1.7.0.0
2023-10-16 21:54:42,714 [WARN] PackLoader:240 - Cannot read IP mode file for STMicroelectronics.X-CUBE-NFC7.1.0.1
2023-10-16 21:54:42,730 [WARN] PackLoader:240 - Cannot read IP mode file for STMicroelectronics.X-CUBE-EEPRMA1.4.1.0
2023-10-16 21:54:42,745 [WARN] PackLoader:240 - Cannot read IP mode file for STMicroelectronics.X-CUBE-AI.8.1.0
2023-10-16 21:54:42,780 [WARN] ConditionMgr:438 - getConditionDescription Invalid condition id : LAN8742 Phy interface Condition cause : null
2023-10-16 21:54:42,781 [WARN] PackLoader:240 - Cannot read IP mode file for STMicroelectronics.X-CUBE-AZRTOS-L4.2.0.0
2023-10-16 21:54:42,782 [WARN] ConditionMgr:1039 - genDependencies : Invalid condition id : LAN8742 Phy interface Condition cause : null
2023-10-16 21:54:42,782 [WARN] ConditionMgr:1039 - genDependencies : Invalid condition id : LAN8742 Phy interface Condition cause : null
2023-10-16 21:54:42,783 [WARN] ConditionMgr:1039 - genDependencies : Invalid condition id : LAN8742 Phy interface Condition cause : null
2023-10-16 21:54:42,799 [WARN] PackLoader:240 - Cannot read IP mode file for STMicroelectronics.X-CUBE-SFXS2LP1.4.0.0
2023-10-16 21:54:42,812 [WARN] PackLoader:240 - Cannot read IP mode file for STMicroelectronics.X-CUBE-BLE2.3.3.0
2023-10-16 21:54:42,826 [WARN] PackLoader:240 - Cannot read IP mode file for STMicroelectronics.X-CUBE-ISPU.1.1.0
2023-10-16 21:54:42,843 [WARN] PackLoader:240 - Cannot read IP mode file for STMicroelectronics.X-CUBE-ALGOBUILD.1.3.0
2023-10-16 21:54:42,861 [WARN] PackLoader:240 - Cannot read IP mode file for STMicroelectronics.X-CUBE-SUBG2.5.0.0
2023-10-16 21:54:42,879 [WARN] PackLoader:240 - Cannot read IP mode file for STMicroelectronics.X-CUBE-NFC4.3.0.0
2023-10-16 21:54:42,905 [WARN] PackLoader:240 - Cannot read IP mode file for STMicroelectronics.X-CUBE-TOF1.3.3.1
2023-10-16 21:54:42,924 [WARN] PackLoader:240 - Cannot read IP mode file for STMicroelectronics.FP-ATR-SIGFOX1.3.2.0
2023-10-16 21:54:42,938 [WARN] PackLoader:240 - Cannot read IP mode file for STMicroelectronics.X-CUBE-FREERTOS.1.1.0
2023-10-16 21:54:42,961 [WARN] PackLoader:240 - Cannot read IP mode file for STMicroelectronics.X-CUBE-ALS.1.0.1
2023-10-16 21:54:42,978 [WARN] PackLoader:240 - Cannot read IP mode file for STMicroelectronics.FP-ATR-ASTRA1.2.0.0
2023-10-16 21:54:42,979 [INFO] ThirdParty:978 - Integrity check success = true
2023-10-16 21:54:42,979 [INFO] IntegrityCheckThread:100 - exiting critical section [integrity check]
2023-10-16 21:54:42,979 [INFO] IntegrityCheckThread:103 - End integrity checks thread
2023-10-16 21:55:00,719 [ERROR] LogOutputStream:75 - [STDERR_REDIRECT] SLF4J: Failed to load class "org.slf4j.impl.StaticLoggerBinder".
2023-10-16 21:55:00,719 [ERROR] LogOutputStream:75 - [STDERR_REDIRECT] SLF4J: Defaulting to no-operation (NOP) logger implementation
2023-10-16 21:55:00,721 [ERROR] LogOutputStream:75 - [STDERR_REDIRECT] SLF4J: See http://www.slf4j.org/codes.html#StaticLoggerBinder for further details.
2023-10-16 22:00:49,393 [INFO] McuFinderGlobals:63 - Set McuFinder mode to 2 (CubeIDE integrated)
2023-10-16 22:00:49,416 [INFO] MainUpdater:2868 - connection check result : 10
2023-10-16 22:00:50,142 [INFO] ApiDb:581 - Connected to CubeFinder SQLite database (C:\Users\islam\.stmcufinder\plugins\mcufinder\mcu\cube-finder-db.db)
2023-10-16 22:00:50,241 [INFO] ApiDb:668 - CubeFinder database Data Model version=2.1
2023-10-16 22:00:50,241 [INFO] ApiDb:669 - CubeFinder database Configuration version=3.0.37
2023-10-16 22:00:50,241 [INFO] ApiDb:670 - CubeFinder database generation date=2023-08-09 (1691586011)
2023-10-16 22:00:50,241 [INFO] ApiDb:671 - CubeFinder database FW Pack versions=[FP-ATR-ASTRA1_V2.0.0, FP-SNS-FLIGHT1_V5.0.1, FP-SNS-FLIGHT1_V5.0.2, FP-SNS-MOTENV1_V4.3.1, FP-SNS-MOTENV1_V4.3.2, STM32Cube_FW_C0_V1.1.0, STM32Cube_FW_F4_V1.27.1, STM32Cube_FW_F7_V1.17.0, STM32Cube_FW_G0_V1.6.1, STM32Cube_FW_G4_V1.5.1, STM32Cube_FW_H5_V0.5.1, STM32Cube_FW_H5_V1.1.0, STM32Cube_FW_H7_V1.11.0, STM32Cube_FW_L0_V1.12.2, STM32Cube_FW_L5_V1.5.0, STM32Cube_FW_U5_V1.3.0, STM32Cube_FW_U5_V1.3.0RC4, STM32Cube_FW_WBA_V1.0.0RC1, STM32Cube_FW_WBA_V1.1.0, STM32Cube_FW_WBA_V1.1.0RC1, STM32Cube_FW_WB_V1.15.0RC1, STM32Cube_FW_WB_V1.16.0, STM32Cube_FW_WB_V1.16.0RC2, STM32Cube_FW_WB_V1.17.0, STM32Cube_FW_WL_V1.3.0, X-CUBE-ALGOBUILD_V1.3.0, X-CUBE-ALS_V1.0.1, X-CUBE-AZRTOS-F4_V1.1.0, X-CUBE-AZRTOS-F7_V1.1.0, X-CUBE-AZRTOS-G0_V1.1.0, X-CUBE-AZRTOS-G4_V2.0.0, X-CUBE-AZRTOS-H7_V3.1.0, X-CUBE-AZRTOS-L4_V1.0.0, X-CUBE-AZRTOS-L4_V2.0.0, X-CUBE-AZRTOS-L5_V1.1.0, X-CUBE-AZRTOS-WB_V1.1.0, X-CUBE-AZRTOS-WL_V2.0.0, X-CUBE-BLE1_V7.0.0, X-CUBE-BLE2_V3.3.0, X-CUBE-BLEMGR_V2.0.0, X-CUBE-EEPRMA1_V4.1.0, X-CUBE-FREERTOS_V1.1.0, X-CUBE-GNSS1_V6.0.0, X-CUBE-MEMS1_V9.1.0, X-CUBE-MEMS1_V9.4.0, X-CUBE-MEMS1_V9.6.0, X-CUBE-NFC4_V3.0.0, X-CUBE-NFC7_V1.0.0, X-CUBE-SFXS2LP1_V4.0.0, X-CUBE-SUBG2_V5.0.0, X-CUBE-TOF1_V3.3.1]
2023-10-16 22:00:50,373 [INFO] DbBoardsSqlite:226 - include board P-NUCLEO-WB55-NUCLEO as a kit item of type 'Nucleo-64'
2023-10-16 22:00:50,374 [INFO] DbBoardsSqlite:226 - include board P-NUCLEO-WB55-USBDONGLE as a kit item of type 'Nucleo USB Dongle'
2023-10-16 22:00:50,375 [INFO] DbBoardsSqlite:226 - include board STEVAL-IDP005V1 as a kit item of type 'Evaluation Board'
2023-10-16 22:00:50,376 [INFO] DbBoardsSqlite:226 - include board STEVAL-IDP005V2 as a kit item of type 'Evaluation Board'
2023-10-16 22:00:50,660 [INFO] ApiDb:240 - Found 323 in-development CPN: [B-G473E-ZEST1S, B-WB1M-WPAN1, B-WL5M-SUBG1, NUCLEO-C031C6, NUCLEO-H503RB, NUCLEO-H563ZI, NUCLEO-U545RE-Q, NUCLEO-U5A5ZJ-Q, NUCLEO-WBA52CG, STEVAL-PROTEUS1, STEVAL-SMARTAG2, STEVAL-STWINBX1, STM320518-EVAL, STM32C0116-DK, STM32C011D6Y3TR, STM32C011D6Y6TR, STM32C011F4P3, STM32C011F4P6, STM32C011F4U3, STM32C011F4U6TR, STM32C011F6P3, STM32C011F6P6, STM32C011F6U3, STM32C011F6U6TR, STM32C011J4M3, STM32C011J4M6, STM32C011J6M3, STM32C011J6M6, STM32C0316-DK, STM32C031C4T3, STM32C031C4T6, STM32C031C4U3, STM32C031C4U6, STM32C031C6T3, STM32C031C6T6, STM32C031C6U3, STM32C031C6U6, STM32C031F4P3, STM32C031F4P6, STM32C031F6P3, STM32C031F6P6, STM32C031G4U3, STM32C031G4U6, STM32C031G6U3, STM32C031G6U6, STM32C031K4T3, STM32C031K4T6, STM32C031K4U3, STM32C031K4U6, STM32C031K6T3, STM32C031K6T6, STM32C031K6U3, STM32C031K6U6, STM32G071K8TXN, STM32G071K8UXN, STM32G081GBU6N, STM32G081KBT6N, STM32G081KBUXN, STM32G0B1CCT6N, STM32G0B1KCT6, STM32G0B1NEY6TR, STM32G0B1RCT6N, STM32G0C1CCT6, STM32G0C1CCT6N, STM32G0C1CCU6N, STM32G0C1CET6N, STM32G0C1CEU6N, STM32G0C1KCT6, STM32G0C1NEY6TR, STM32G0C1RCI6N, STM32G0C1RCT6N, STM32G0C1REI6N, STM32G0C1RET6N, STM32G0C1VCI6, STM32G0C1VEI6, STM32G471CCT6, STM32G471CCU6, STM32G471CET3, STM32G471CET6, STM32G471CEU3, STM32G471CEU6, STM32G471MCT6, STM32G471MET3, STM32G471MET6, STM32G471MEY6TR, STM32G471QCT6, STM32G471QET3, STM32G471RCT6, STM32G471RET3, STM32G471RET6, STM32G471VCH6, STM32G471VCI6, STM32G471VCT6, STM32G471VEH3, STM32G471VEH6, STM32G471VEI3, STM32G471VEI6, STM32G471VET3, STM32G471VET6, STM32G474CCT6, STM32H503CBT6, STM32H503CBU6, STM32H503EBY6TR, STM32H503KBU6, STM32H503RBT6, STM32H562AGI6, STM32H562AII6, STM32H562IGK6, STM32H562IGT6, STM32H562IIK6, STM32H562IIT6, STM32H562RGT6, STM32H562RGV6, STM32H562RIT6, STM32H562RIV6, STM32H562VGT6, STM32H562VIT6, STM32H562ZGT6, STM32H562ZIT6, STM32H563AGI6, STM32H563AII3Q, STM32H563AII6, STM32H563IGK6, STM32H563IGT6, STM32H563IIK3Q, STM32H563IIK6, STM32H563IIT3Q, STM32H563IIT6, STM32H563MIY3QTR, STM32H563RGT6, STM32H563RGV6, STM32H563RIT6, STM32H563RIV6, STM32H563VGT6, STM32H563VIT3Q, STM32H563VIT6, STM32H563ZGT6, STM32H563ZIT3Q, STM32H563ZIT6, STM32H573AII3Q, STM32H573AII6, STM32H573I-DK, STM32H573IIK3Q, STM32H573IIK6, STM32H573IIT3Q, STM32H573IIT6, STM32H573MIY3QTR, STM32H573RIT6, STM32H573RIV6, STM32H573VIT3Q, STM32H573VIT6, STM32H573ZIT3Q, STM32H573ZIT6, STM32L4R5QGI6STR, STM32MP131AAE3, STM32MP131AAF3, STM32MP131AAG3, STM32MP131CAE3, STM32MP131CAF3, STM32MP131CAG3, STM32MP131DAE7, STM32MP131DAF7, STM32MP131DAG7, STM32MP131FAE7, STM32MP131FAF7, STM32MP131FAG7, STM32MP133AAE3, STM32MP133AAF3, STM32MP133AAG3, STM32MP133CAE3, STM32MP133CAF3, STM32MP133CAG3, STM32MP133DAE7, STM32MP133DAF7, STM32MP133DAG7, STM32MP133FAE7, STM32MP133FAF7, STM32MP133FAG7, STM32MP135AAE3, STM32MP135AAF3, STM32MP135AAG3, STM32MP135CAE3, STM32MP135CAF3, STM32MP135CAG3, STM32MP135DAE7, STM32MP135DAF7, STM32MP135DAG7, STM32MP135F-DK, STM32MP135FAE7, STM32MP135FAF7, STM32MP135FAF7T, STM32MP135FAF7U, STM32MP135FAG7, STM32U535CBT6, STM32U535CBT6Q, STM32U535CBU6, STM32U535CBU6Q, STM32U535CCT6, STM32U535CCT6Q, STM32U535CCU6, STM32U535CCU6Q, STM32U535CET6, STM32U535CET6Q, STM32U535CEU6, STM32U535CEU6Q, STM32U535JEY6QTR, STM32U535NCY6QTR, STM32U535NEY6QTR, STM32U535RBI6, STM32U535RBI6Q, STM32U535RBT6, STM32U535RBT6Q, STM32U535RCI6, STM32U535RCI6Q, STM32U535RCT6, STM32U535RCT6Q, STM32U535REI6, STM32U535REI6Q, STM32U535RET6, STM32U535RET6Q, STM32U535VCI6, STM32U535VCI6Q, STM32U535VCT6, STM32U535VCT6Q, STM32U535VEI6, STM32U535VEI6Q, STM32U535VET6, STM32U535VET6Q, STM32U545CET6, STM32U545CET6Q, STM32U545CEU6, STM32U545CEU6Q, STM32U545JEY6QTR, STM32U545NEY6QTR, STM32U545REI6, STM32U545REI6Q, STM32U545RET6, STM32U545RET6Q, STM32U545VEI6, STM32U545VEI6Q, STM32U545VET6, STM32U545VET6Q, STM32U595AIH6, STM32U595AIH6Q, STM32U595AJH6, STM32U595AJH6Q, STM32U595QII6, STM32U595QII6Q, STM32U595QJI6, STM32U595QJI6Q, STM32U595RIT6, STM32U595RIT6Q, STM32U595RJT6, STM32U595RJT6Q, STM32U595VIT6, STM32U595VIT6Q, STM32U595VJT6, STM32U595VJT6Q, STM32U595ZIT6, STM32U595ZIT6Q, STM32U595ZIY6QTR, STM32U595ZJT6, STM32U595ZJT6Q, STM32U595ZJY6QTR, STM32U599BJY6QTR, STM32U599NIH6Q, STM32U599NJH6Q, STM32U599VIT6Q, STM32U599VJT6, STM32U599VJT6Q, STM32U599ZIT6Q, STM32U599ZIY6QTR, STM32U599ZJT6Q, STM32U599ZJY6QTR, STM32U5A5AJH6, STM32U5A5AJH6Q, STM32U5A5QJI6, STM32U5A5QJI6Q, STM32U5A5RJT6, STM32U5A5RJT6Q, STM32U5A5VJT6, STM32U5A5VJT6Q, STM32U5A5ZJT6, STM32U5A5ZJT6Q, STM32U5A5ZJY6QTR, STM32U5A9BJY6QTR, STM32U5A9J-DK, STM32U5A9NJH6Q, STM32U5A9VJT6Q, STM32U5A9ZJT6Q, STM32U5A9ZJY6QTR, STM32U5F7VIT6, STM32U5F7VIT6Q, STM32U5F7VJT6, STM32U5F7VJT6Q, STM32U5F9BJY6QTR, STM32U5F9NJH6Q, STM32U5F9VIT6Q, STM32U5F9VJT6Q, STM32U5F9ZIJ6QTR, STM32U5F9ZIT6Q, STM32U5F9ZJJ6QTR, STM32U5F9ZJT6Q, STM32U5G7VJT6, STM32U5G7VJT6Q, STM32U5G9BJY6QTR, STM32U5G9J-DK1, STM32U5G9J-DK2, STM32U5G9NJH6Q, STM32U5G9VJT6Q, STM32U5G9ZJJ6QTR, STM32U5G9ZJT6Q, STM32WB1MMCH6, STM32WBA52CEU6, STM32WBA52CEU6T, STM32WBA52CGU6, STM32WBA52CGU6T, STM32WBA52KEU6, STM32WBA52KEU6T, STM32WBA52KGU6, STM32WBA52KGU6T, STM32WL5MOCH6, STM32WL5MOCH6TR]
2023-10-16 22:00:50,765 [INFO] BoardInfo:880 - No configuration file found for board P-NUCLEO-WB55
2023-10-16 22:00:50,765 [INFO] DbBoards:157 - Kit is not supported: P-NUCLEO-WB55
2023-10-16 22:00:50,769 [INFO] BoardInfo:880 - No configuration file found for board STEVAL-BFA001V1B
2023-10-16 22:00:50,769 [INFO] DbBoards:157 - Kit is not supported: STEVAL-BFA001V1B
2023-10-16 22:00:50,770 [INFO] BoardInfo:880 - No configuration file found for board STEVAL-BFA001V2B
2023-10-16 22:00:50,770 [INFO] DbBoards:157 - Kit is not supported: STEVAL-BFA001V2B
2023-10-16 22:00:50,859 [INFO] DbBoards:161 - Found 190 boards, 187 are supported
2023-10-16 22:00:50,862 [INFO] ApiDb:668 - CubeFinder database Data Model version=2.1
2023-10-16 22:00:50,862 [INFO] ApiDb:669 - CubeFinder database Configuration version=3.0.37
2023-10-16 22:00:50,862 [INFO] ApiDb:670 - CubeFinder database generation date=2023-08-09 (1691586011)
2023-10-16 22:00:50,862 [INFO] ApiDb:671 - CubeFinder database FW Pack versions=[FP-ATR-ASTRA1_V2.0.0, FP-SNS-FLIGHT1_V5.0.1, FP-SNS-FLIGHT1_V5.0.2, FP-SNS-MOTENV1_V4.3.1, FP-SNS-MOTENV1_V4.3.2, STM32Cube_FW_C0_V1.1.0, STM32Cube_FW_F4_V1.27.1, STM32Cube_FW_F7_V1.17.0, STM32Cube_FW_G0_V1.6.1, STM32Cube_FW_G4_V1.5.1, STM32Cube_FW_H5_V0.5.1, STM32Cube_FW_H5_V1.1.0, STM32Cube_FW_H7_V1.11.0, STM32Cube_FW_L0_V1.12.2, STM32Cube_FW_L5_V1.5.0, STM32Cube_FW_U5_V1.3.0, STM32Cube_FW_U5_V1.3.0RC4, STM32Cube_FW_WBA_V1.0.0RC1, STM32Cube_FW_WBA_V1.1.0, STM32Cube_FW_WBA_V1.1.0RC1, STM32Cube_FW_WB_V1.15.0RC1, STM32Cube_FW_WB_V1.16.0, STM32Cube_FW_WB_V1.16.0RC2, STM32Cube_FW_WB_V1.17.0, STM32Cube_FW_WL_V1.3.0, X-CUBE-ALGOBUILD_V1.3.0, X-CUBE-ALS_V1.0.1, X-CUBE-AZRTOS-F4_V1.1.0, X-CUBE-AZRTOS-F7_V1.1.0, X-CUBE-AZRTOS-G0_V1.1.0, X-CUBE-AZRTOS-G4_V2.0.0, X-CUBE-AZRTOS-H7_V3.1.0, X-CUBE-AZRTOS-L4_V1.0.0, X-CUBE-AZRTOS-L4_V2.0.0, X-CUBE-AZRTOS-L5_V1.1.0, X-CUBE-AZRTOS-WB_V1.1.0, X-CUBE-AZRTOS-WL_V2.0.0, X-CUBE-BLE1_V7.0.0, X-CUBE-BLE2_V3.3.0, X-CUBE-BLEMGR_V2.0.0, X-CUBE-EEPRMA1_V4.1.0, X-CUBE-FREERTOS_V1.1.0, X-CUBE-GNSS1_V6.0.0, X-CUBE-MEMS1_V9.1.0, X-CUBE-MEMS1_V9.4.0, X-CUBE-MEMS1_V9.6.0, X-CUBE-NFC4_V3.0.0, X-CUBE-NFC7_V1.0.0, X-CUBE-SFXS2LP1_V4.0.0, X-CUBE-SUBG2_V5.0.0, X-CUBE-TOF1_V3.3.1]
2023-10-16 22:00:52,591 [INFO] ApiDb:240 - Found 323 in-development CPN: [B-G473E-ZEST1S, B-WB1M-WPAN1, B-WL5M-SUBG1, NUCLEO-C031C6, NUCLEO-H503RB, NUCLEO-H563ZI, NUCLEO-U545RE-Q, NUCLEO-U5A5ZJ-Q, NUCLEO-WBA52CG, STEVAL-PROTEUS1, STEVAL-SMARTAG2, STEVAL-STWINBX1, STM320518-EVAL, STM32C0116-DK, STM32C011D6Y3TR, STM32C011D6Y6TR, STM32C011F4P3, STM32C011F4P6, STM32C011F4U3, STM32C011F4U6TR, STM32C011F6P3, STM32C011F6P6, STM32C011F6U3, STM32C011F6U6TR, STM32C011J4M3, STM32C011J4M6, STM32C011J6M3, STM32C011J6M6, STM32C0316-DK, STM32C031C4T3, STM32C031C4T6, STM32C031C4U3, STM32C031C4U6, STM32C031C6T3, STM32C031C6T6, STM32C031C6U3, STM32C031C6U6, STM32C031F4P3, STM32C031F4P6, STM32C031F6P3, STM32C031F6P6, STM32C031G4U3, STM32C031G4U6, STM32C031G6U3, STM32C031G6U6, STM32C031K4T3, STM32C031K4T6, STM32C031K4U3, STM32C031K4U6, STM32C031K6T3, STM32C031K6T6, STM32C031K6U3, STM32C031K6U6, STM32G071K8TXN, STM32G071K8UXN, STM32G081GBU6N, STM32G081KBT6N, STM32G081KBUXN, STM32G0B1CCT6N, STM32G0B1KCT6, STM32G0B1NEY6TR, STM32G0B1RCT6N, STM32G0C1CCT6, STM32G0C1CCT6N, STM32G0C1CCU6N, STM32G0C1CET6N, STM32G0C1CEU6N, STM32G0C1KCT6, STM32G0C1NEY6TR, STM32G0C1RCI6N, STM32G0C1RCT6N, STM32G0C1REI6N, STM32G0C1RET6N, STM32G0C1VCI6, STM32G0C1VEI6, STM32G471CCT6, STM32G471CCU6, STM32G471CET3, STM32G471CET6, STM32G471CEU3, STM32G471CEU6, STM32G471MCT6, STM32G471MET3, STM32G471MET6, STM32G471MEY6TR, STM32G471QCT6, STM32G471QET3, STM32G471RCT6, STM32G471RET3, STM32G471RET6, STM32G471VCH6, STM32G471VCI6, STM32G471VCT6, STM32G471VEH3, STM32G471VEH6, STM32G471VEI3, STM32G471VEI6, STM32G471VET3, STM32G471VET6, STM32G474CCT6, STM32H503CBT6, STM32H503CBU6, STM32H503EBY6TR, STM32H503KBU6, STM32H503RBT6, STM32H562AGI6, STM32H562AII6, STM32H562IGK6, STM32H562IGT6, STM32H562IIK6, STM32H562IIT6, STM32H562RGT6, STM32H562RGV6, STM32H562RIT6, STM32H562RIV6, STM32H562VGT6, STM32H562VIT6, STM32H562ZGT6, STM32H562ZIT6, STM32H563AGI6, STM32H563AII3Q, STM32H563AII6, STM32H563IGK6, STM32H563IGT6, STM32H563IIK3Q, STM32H563IIK6, STM32H563IIT3Q, STM32H563IIT6, STM32H563MIY3QTR, STM32H563RGT6, STM32H563RGV6, STM32H563RIT6, STM32H563RIV6, STM32H563VGT6, STM32H563VIT3Q, STM32H563VIT6, STM32H563ZGT6, STM32H563ZIT3Q, STM32H563ZIT6, STM32H573AII3Q, STM32H573AII6, STM32H573I-DK, STM32H573IIK3Q, STM32H573IIK6, STM32H573IIT3Q, STM32H573IIT6, STM32H573MIY3QTR, STM32H573RIT6, STM32H573RIV6, STM32H573VIT3Q, STM32H573VIT6, STM32H573ZIT3Q, STM32H573ZIT6, STM32L4R5QGI6STR, STM32MP131AAE3, STM32MP131AAF3, STM32MP131AAG3, STM32MP131CAE3, STM32MP131CAF3, STM32MP131CAG3, STM32MP131DAE7, STM32MP131DAF7, STM32MP131DAG7, STM32MP131FAE7, STM32MP131FAF7, STM32MP131FAG7, STM32MP133AAE3, STM32MP133AAF3, STM32MP133AAG3, STM32MP133CAE3, STM32MP133CAF3, STM32MP133CAG3, STM32MP133DAE7, STM32MP133DAF7, STM32MP133DAG7, STM32MP133FAE7, STM32MP133FAF7, STM32MP133FAG7, STM32MP135AAE3, STM32MP135AAF3, STM32MP135AAG3, STM32MP135CAE3, STM32MP135CAF3, STM32MP135CAG3, STM32MP135DAE7, STM32MP135DAF7, STM32MP135DAG7, STM32MP135F-DK, STM32MP135FAE7, STM32MP135FAF7, STM32MP135FAF7T, STM32MP135FAF7U, STM32MP135FAG7, STM32U535CBT6, STM32U535CBT6Q, STM32U535CBU6, STM32U535CBU6Q, STM32U535CCT6, STM32U535CCT6Q, STM32U535CCU6, STM32U535CCU6Q, STM32U535CET6, STM32U535CET6Q, STM32U535CEU6, STM32U535CEU6Q, STM32U535JEY6QTR, STM32U535NCY6QTR, STM32U535NEY6QTR, STM32U535RBI6, STM32U535RBI6Q, STM32U535RBT6, STM32U535RBT6Q, STM32U535RCI6, STM32U535RCI6Q, STM32U535RCT6, STM32U535RCT6Q, STM32U535REI6, STM32U535REI6Q, STM32U535RET6, STM32U535RET6Q, STM32U535VCI6, STM32U535VCI6Q, STM32U535VCT6, STM32U535VCT6Q, STM32U535VEI6, STM32U535VEI6Q, STM32U535VET6, STM32U535VET6Q, STM32U545CET6, STM32U545CET6Q, STM32U545CEU6, STM32U545CEU6Q, STM32U545JEY6QTR, STM32U545NEY6QTR, STM32U545REI6, STM32U545REI6Q, STM32U545RET6, STM32U545RET6Q, STM32U545VEI6, STM32U545VEI6Q, STM32U545VET6, STM32U545VET6Q, STM32U595AIH6, STM32U595AIH6Q, STM32U595AJH6, STM32U595AJH6Q, STM32U595QII6, STM32U595QII6Q, STM32U595QJI6, STM32U595QJI6Q, STM32U595RIT6, STM32U595RIT6Q, STM32U595RJT6, STM32U595RJT6Q, STM32U595VIT6, STM32U595VIT6Q, STM32U595VJT6, STM32U595VJT6Q, STM32U595ZIT6, STM32U595ZIT6Q, STM32U595ZIY6QTR, STM32U595ZJT6, STM32U595ZJT6Q, STM32U595ZJY6QTR, STM32U599BJY6QTR, STM32U599NIH6Q, STM32U599NJH6Q, STM32U599VIT6Q, STM32U599VJT6, STM32U599VJT6Q, STM32U599ZIT6Q, STM32U599ZIY6QTR, STM32U599ZJT6Q, STM32U599ZJY6QTR, STM32U5A5AJH6, STM32U5A5AJH6Q, STM32U5A5QJI6, STM32U5A5QJI6Q, STM32U5A5RJT6, STM32U5A5RJT6Q, STM32U5A5VJT6, STM32U5A5VJT6Q, STM32U5A5ZJT6, STM32U5A5ZJT6Q, STM32U5A5ZJY6QTR, STM32U5A9BJY6QTR, STM32U5A9J-DK, STM32U5A9NJH6Q, STM32U5A9VJT6Q, STM32U5A9ZJT6Q, STM32U5A9ZJY6QTR, STM32U5F7VIT6, STM32U5F7VIT6Q, STM32U5F7VJT6, STM32U5F7VJT6Q, STM32U5F9BJY6QTR, STM32U5F9NJH6Q, STM32U5F9VIT6Q, STM32U5F9VJT6Q, STM32U5F9ZIJ6QTR, STM32U5F9ZIT6Q, STM32U5F9ZJJ6QTR, STM32U5F9ZJT6Q, STM32U5G7VJT6, STM32U5G7VJT6Q, STM32U5G9BJY6QTR, STM32U5G9J-DK1, STM32U5G9J-DK2, STM32U5G9NJH6Q, STM32U5G9VJT6Q, STM32U5G9ZJJ6QTR, STM32U5G9ZJT6Q, STM32WB1MMCH6, STM32WBA52CEU6, STM32WBA52CEU6T, STM32WBA52CGU6, STM32WBA52CGU6T, STM32WBA52KEU6, STM32WBA52KEU6T, STM32WBA52KGU6, STM32WBA52KGU6T, STM32WL5MOCH6, STM32WL5MOCH6TR]
2023-10-16 22:00:52,596 [INFO] DbMcus:217 - Found 3848 MCUs, 3848 are supported
2023-10-16 22:00:52,596 [INFO] ApiDb:423 - Load user favorites file C:\Users\islam/.stm32cubeide/favorites.mcus.txt: 0 item(s)
2023-10-16 22:00:52,597 [INFO] ApiDb:427 - User favorites MCUs=[]
2023-10-16 22:00:52,597 [INFO] DbMcus:223 - Set 0 / 0 favorites MCUs
2023-10-16 22:00:52,816 [INFO] ApiDb:423 - Load user favorites file C:\Users\islam/.stm32cubeide/favorites.boards.txt: 0 item(s)
2023-10-16 22:00:52,817 [INFO] ApiDb:427 - User favorites Boards=[]
2023-10-16 22:00:52,817 [INFO] DbBoards:190 - Set 0 / 0 favorites Boards
2023-10-16 22:00:52,817 [INFO] McuFinderGlobals:76 - Set McuFinderConnectedMode to true
2023-10-16 22:00:52,824 [INFO] MultiScanPanel:200 - Auto-refresh data requested => check proxy status ongoing
2023-10-16 22:00:52,827 [INFO] FinderPluginLoader:95 - Searching for filters in installed packs
2023-10-16 22:00:53,983 [INFO] LoadUrlFilesThread:185 - End of LoadServerUrlFiles without Thread
2023-10-16 22:00:53,994 [INFO] DetailPanel:341 - Set advertising image to C:/Users/islam/STM32Cube/Repository/\en.prom-stm32h5-mcu-finder.jpg
2023-10-16 22:02:44,194 [INFO] MultiScanPanel:200 - Auto-refresh data requested => check proxy status ongoing
2023-10-16 22:02:44,298 [INFO] LoadUrlFilesThread:185 - End of LoadServerUrlFiles without Thread
2023-10-16 22:02:44,298 [INFO] DetailPanel:341 - Set advertising image to C:/Users/islam/STM32Cube/Repository/\en.prom-stm32h5-mcu-finder.jpg
2023-10-16 22:02:44,310 [INFO] DbBoards:634 - Loading board mini-images...
2023-10-16 22:02:46,989 [ERROR] DbBoards:651 - Image file not found for board STM32U5G9J-DK1: C:\Users\islam\.stmcufinder\plugins\mcufinder//mcu//boards_images/STM32U5G9J-DK1.jpg
2023-10-16 22:02:46,990 [ERROR] DbBoards:651 - Image file not found for board STM32U5G9J-DK2: C:\Users\islam\.stmcufinder\plugins\mcufinder//mcu//boards_images/STM32U5G9J-DK2.jpg
2023-10-16 22:02:47,013 [INFO] DbBoards:657 - Loaded 188 board mini-images
2023-10-16 22:05:25,346 [INFO] McuFinderGlobals:76 - Set McuFinderConnectedMode to true
2023-10-16 22:05:25,355 [INFO] ApiDb:448 - Save user favorites file C:\Users\islam/.stm32cubeide/favorites.mcus.txt: 0 item(s)
2023-10-16 22:05:25,356 [INFO] ApiDb:452 - User favorites MCUs=[]
2023-10-16 22:05:25,360 [INFO] ApiDb:448 - Save user favorites file C:\Users\islam/.stm32cubeide/favorites.boards.txt: 0 item(s)
2023-10-16 22:05:25,361 [INFO] ApiDb:452 - User favorites Boards=[]
