2024-02-29 17:50:20,679 [INFO] Activator:176 - 


2024-02-29 17:50:20,684 [INFO] Activator:177 - !SESSION log4j initialized
2024-02-29 17:50:26,914 [INFO] LogOutputStream:77 - [STDOUT_REDIRECT] 
2024-02-29 17:50:28,150 [INFO] ApplicationProperties:184 - Using Application install path: C:\ST\STM32CubeIDE_1.13.2\STM32CubeIDE\plugins\com.st.stm32cube.common.mx_6.10.0.202311202037
2024-02-29 17:50:28,168 [INFO] DbMcusXml:78 - Set database path to: C:\ST\STM32CubeIDE_1.13.2\STM32CubeIDE\plugins\com.st.stm32cube.common.mx_6.10.0.202311202037\\db\/mcu/
2024-02-29 17:50:28,168 [INFO] ApiDb:274 - Set plugin database path to: C:\ST\STM32CubeIDE_1.13.2\STM32CubeIDE\plugins\com.st.stm32cube.common.mx_6.10.0.202311202037\\db\/plugins/boardmanager/
2024-02-29 17:50:28,169 [WARN] ApiDb:259 - Overriding images path with different value:  => C:\ST\STM32CubeIDE_1.13.2\STM32CubeIDE\plugins\com.st.stm32cube.common.mx_6.10.0.202311202037\\db\/plugins/mcufinder/images/
2024-02-29 17:50:28,177 [INFO] ApiDb:250 - Set database path to: C:\Users\islam\.stmcufinder\plugins\mcufinder//mcu/
2024-02-29 17:50:28,178 [INFO] DbMcusAds:125 - Set database path to: C:\Users\islam\.stmcufinder\plugins\mcufinder//mcu/
2024-02-29 17:50:28,180 [INFO] CrossReferenceDbSqlite:203 - Set database path to: C:\Users\islam\.stmcufinder\plugins\mcufinder//mcu/cs/
2024-02-29 17:50:28,281 [INFO] RulesReader:64 - Compatibility file has been processed (297 Rules)
2024-02-29 17:50:28,382 [INFO] DbMcusXml:78 - Set database path to: C:\ST\STM32CubeIDE_1.13.2\STM32CubeIDE\plugins\com.st.stm32cube.common.mx_6.10.0.202311202037\\db\/mcu/
2024-02-29 17:50:28,382 [INFO] ApiDb:274 - Set plugin database path to: C:\ST\STM32CubeIDE_1.13.2\STM32CubeIDE\plugins\com.st.stm32cube.common.mx_6.10.0.202311202037\\db\/plugins/boardmanager/
2024-02-29 17:50:28,382 [INFO] ApiDb:261 - Set plugin images path to: C:\ST\STM32CubeIDE_1.13.2\STM32CubeIDE\plugins\com.st.stm32cube.common.mx_6.10.0.202311202037\\db\/plugins/mcufinder/images/
2024-02-29 17:50:28,383 [WARN] DbFile:41 - Overriding database path with different value: C:\Users\islam\.stmcufinder\plugins\mcufinder/ => C:\Users\islam\.stmcufinder\plugins\mcufinder
2024-02-29 17:50:28,383 [INFO] ApiDb:250 - Set database path to: C:\Users\islam\.stmcufinder\plugins\mcufinder//mcu/
2024-02-29 17:50:28,383 [WARN] DbFile:41 - Overriding database path with different value: C:\Users\islam\.stmcufinder\plugins\mcufinder/ => C:\Users\islam\.stmcufinder\plugins\mcufinder
2024-02-29 17:50:28,383 [INFO] DbMcusAds:125 - Set database path to: C:\Users\islam\.stmcufinder\plugins\mcufinder//mcu/
2024-02-29 17:50:28,383 [WARN] DbFile:41 - Overriding database path with different value: C:\Users\islam\.stmcufinder\plugins\mcufinder/ => C:\Users\islam\.stmcufinder\plugins\mcufinder
2024-02-29 17:50:28,383 [WARN] DbFile:41 - Overriding database path with different value: C:\Users\islam\.stmcufinder\plugins\mcufinder/ => C:\Users\islam\.stmcufinder\plugins\mcufinder
2024-02-29 17:50:28,383 [INFO] CrossReferenceDbSqlite:203 - Set database path to: C:\Users\islam\.stmcufinder\plugins\mcufinder//mcu/cs/
2024-02-29 17:50:28,461 [INFO] MainPanel:264 - HeapMemory: 268435456
2024-02-29 17:50:28,549 [INFO] DbMcusXml:78 - Set database path to: C:\ST\STM32CubeIDE_1.13.2\STM32CubeIDE\plugins\com.st.stm32cube.common.mx_6.10.0.202311202037\\db\/mcu/
2024-02-29 17:50:28,549 [INFO] ApiDb:274 - Set plugin database path to: C:\ST\STM32CubeIDE_1.13.2\STM32CubeIDE\plugins\com.st.stm32cube.common.mx_6.10.0.202311202037\\db\/plugins/boardmanager/
2024-02-29 17:50:28,549 [INFO] ApiDb:261 - Set plugin images path to: C:\ST\STM32CubeIDE_1.13.2\STM32CubeIDE\plugins\com.st.stm32cube.common.mx_6.10.0.202311202037\\db\/plugins/mcufinder/images/
2024-02-29 17:50:28,550 [WARN] DbFile:41 - Overriding database path with different value: C:\Users\islam\.stmcufinder\plugins\mcufinder/ => C:\Users\islam\.stmcufinder\plugins\mcufinder
2024-02-29 17:50:28,550 [INFO] ApiDb:250 - Set database path to: C:\Users\islam\.stmcufinder\plugins\mcufinder//mcu/
2024-02-29 17:50:28,550 [WARN] DbFile:41 - Overriding database path with different value: C:\Users\islam\.stmcufinder\plugins\mcufinder/ => C:\Users\islam\.stmcufinder\plugins\mcufinder
2024-02-29 17:50:28,550 [INFO] DbMcusAds:125 - Set database path to: C:\Users\islam\.stmcufinder\plugins\mcufinder//mcu/
2024-02-29 17:50:28,550 [WARN] DbFile:41 - Overriding database path with different value: C:\Users\islam\.stmcufinder\plugins\mcufinder/ => C:\Users\islam\.stmcufinder\plugins\mcufinder
2024-02-29 17:50:28,550 [WARN] DbFile:41 - Overriding database path with different value: C:\Users\islam\.stmcufinder\plugins\mcufinder/ => C:\Users\islam\.stmcufinder\plugins\mcufinder
2024-02-29 17:50:28,550 [INFO] CrossReferenceDbSqlite:203 - Set database path to: C:\Users\islam\.stmcufinder\plugins\mcufinder//mcu/cs/
2024-02-29 17:50:28,569 [INFO] ApplicationProperties:184 - Using Application install path: C:\ST\STM32CubeIDE_1.13.2\STM32CubeIDE\plugins\com.st.stm32cube.common.mx_6.10.0.202311202037
2024-02-29 17:50:28,571 [INFO] PluginManage:196 - Search for loadable plugins [exclusion list=, ]
2024-02-29 17:50:28,572 [INFO] PluginManage:310 - Check plugin analytics
2024-02-29 17:50:28,727 [INFO] AnalyticsPlugin:253 - Accepted Software Licenses: 
2024-02-29 17:50:28,728 [INFO] AnalyticsPlugin:255 - Accepted CMSIS Pack Licenses: 
2024-02-29 17:50:28,728 [INFO] AnalyticsPlugin:257 - Accepted Firmware Licenses: 
2024-02-29 17:50:28,730 [INFO] PluginManage:359 - Loaded plugin analytics (category:tool,tabindex:-1)
2024-02-29 17:50:28,730 [INFO] PluginManage:310 - Check plugin cadmodel
2024-02-29 17:50:28,746 [INFO] CADModel:105 - Init CAD model plugin
2024-02-29 17:50:28,746 [INFO] PluginManage:359 - Loaded plugin cadmodel (category:power,tabindex:5)
2024-02-29 17:50:28,747 [INFO] PluginManage:310 - Check plugin clock
2024-02-29 17:50:28,771 [INFO] PluginManage:359 - Loaded plugin clock (category:base,tabindex:2)
2024-02-29 17:50:28,772 [INFO] PluginManage:310 - Check plugin ddr
2024-02-29 17:50:28,775 [INFO] PluginManage:359 - Loaded plugin ddr (category:tool,tabindex:6)
2024-02-29 17:50:28,775 [INFO] PluginManage:310 - Check plugin filemanager
2024-02-29 17:50:28,904 [INFO] PluginManage:359 - Loaded plugin filemanager (category:base,tabindex:10)
2024-02-29 17:50:28,904 [INFO] PluginManage:310 - Check plugin ipmanager
2024-02-29 17:50:28,910 [INFO] PluginManage:359 - Loaded plugin ipmanager (category:base,tabindex:5)
2024-02-29 17:50:28,911 [INFO] PluginManage:310 - Check plugin lpbam
2024-02-29 17:50:28,927 [INFO] PluginManage:359 - Loaded plugin lpbam (category:base,tabindex:0)
2024-02-29 17:50:28,927 [INFO] PluginManage:310 - Check plugin memorymap
2024-02-29 17:50:28,946 [INFO] PluginManage:359 - Loaded plugin memorymap (category:base,tabindex:4)
2024-02-29 17:50:28,946 [INFO] PluginManage:310 - Check plugin pinoutandconfiguration
2024-02-29 17:50:28,960 [INFO] PluginManage:359 - Loaded plugin pinoutandconfiguration (category:base,tabindex:1)
2024-02-29 17:50:28,960 [INFO] PluginManage:310 - Check plugin pinoutconfig
2024-02-29 17:50:29,045 [WARN] SupportedApi:132 - Cannot load RTOS API schema: s4s-elt-must-match.1: The content of 'definitions' must match (annotation?, (simpleType | complexType)?, (unique | key | keyref)*)). A problem was found starting at: attribute.
2024-02-29 17:50:29,163 [INFO] PluginManage:359 - Loaded plugin pinoutconfig (category:base,tabindex:0)
2024-02-29 17:50:29,163 [INFO] PluginManage:310 - Check plugin power
2024-02-29 17:50:29,188 [INFO] PluginManage:359 - Loaded plugin power (category:power,tabindex:4)
2024-02-29 17:50:29,188 [INFO] PluginManage:310 - Check plugin projectmanager
2024-02-29 17:50:29,201 [INFO] PluginManage:359 - Loaded plugin projectmanager (category:projectmanager,tabindex:3)
2024-02-29 17:50:29,201 [INFO] PluginManage:310 - Check plugin thirdparty
2024-02-29 17:50:29,454 [INFO] PluginManage:359 - Loaded plugin thirdparty (category:base,tabindex:-1)
2024-02-29 17:50:29,454 [INFO] PluginManage:310 - Check plugin tools
2024-02-29 17:50:29,454 [WARN] IntegrityCheckThread:84 - waiting for thirdparty lock release [integrity check]
2024-02-29 17:50:29,455 [INFO] IntegrityCheckThread:86 - entering critical section [integrity check]
2024-02-29 17:50:29,455 [INFO] ThirdPartyUpdaterWithRetryManager:70 - Updater plugin not ready yet. [1/15]
2024-02-29 17:50:29,486 [INFO] PluginManage:359 - Loaded plugin tools (category:base,tabindex:7)
2024-02-29 17:50:29,486 [INFO] PluginManage:310 - Check plugin tutovideos
2024-02-29 17:50:29,664 [INFO] PluginManage:359 - Loaded plugin tutovideos (category:base,tabindex:-1)
2024-02-29 17:50:29,664 [INFO] PluginManage:310 - Check plugin updater
2024-02-29 17:50:29,675 [INFO] PluginManage:359 - Loaded plugin updater (category:base,tabindex:12)
2024-02-29 17:50:29,675 [INFO] PluginManage:310 - Check plugin userauth
2024-02-29 17:50:29,681 [INFO] UserAuth:114 - Init User Auth plugin
2024-02-29 17:50:29,681 [INFO] PluginManage:359 - Loaded plugin userauth (category:base,tabindex:14)
2024-02-29 17:50:29,682 [INFO] PluginManage:283 - PluginManage : Loaded plugins [17]
2024-02-29 17:50:29,893 [INFO] PinOutPanel:1499 - setPackage(No Configuration,No Configuration)
2024-02-29 17:50:29,980 [INFO] CADModel:165 - CPN selected for project level
2024-02-29 17:50:29,981 [INFO] CADModel:114 - Register for checkConnection events
2024-02-29 17:50:30,008 [INFO] IPUIPlugin:80 - create IPUIPlugin
2024-02-29 17:50:30,008 [INFO] PluginManager:220 - loadIPPluginJar : add adc
2024-02-29 17:50:30,045 [INFO] IPUIPlugin:80 - create IPUIPlugin
2024-02-29 17:50:30,045 [INFO] PluginManager:220 - loadIPPluginJar : add aes
2024-02-29 17:50:30,090 [INFO] IPUIPlugin:80 - create IPUIPlugin
2024-02-29 17:50:30,090 [INFO] PluginManager:220 - loadIPPluginJar : add can
2024-02-29 17:50:30,114 [INFO] IPUIPlugin:80 - create IPUIPlugin
2024-02-29 17:50:30,114 [INFO] PluginManager:220 - loadIPPluginJar : add comp
2024-02-29 17:50:30,154 [INFO] IPUIPlugin:80 - create IPUIPlugin
2024-02-29 17:50:30,155 [INFO] PluginManager:220 - loadIPPluginJar : add cryp
2024-02-29 17:50:30,188 [INFO] IPUIPlugin:80 - create IPUIPlugin
2024-02-29 17:50:30,189 [INFO] PluginManager:220 - loadIPPluginJar : add dfsdm
2024-02-29 17:50:30,203 [INFO] IPUIPlugin:80 - create IPUIPlugin
2024-02-29 17:50:30,204 [INFO] PluginManager:220 - loadIPPluginJar : add dma
2024-02-29 17:50:30,247 [INFO] IPUIPlugin:80 - create IPUIPlugin
2024-02-29 17:50:30,247 [INFO] PluginManager:220 - loadIPPluginJar : add dma3
2024-02-29 17:50:30,270 [INFO] IPUIPlugin:80 - create IPUIPlugin
2024-02-29 17:50:30,270 [INFO] PluginManager:220 - loadIPPluginJar : add fatfs
2024-02-29 17:50:30,319 [INFO] IPUIPlugin:80 - create IPUIPlugin
2024-02-29 17:50:30,319 [INFO] PluginManager:220 - loadIPPluginJar : add fmc
2024-02-29 17:50:30,333 [INFO] IPUIPlugin:80 - create IPUIPlugin
2024-02-29 17:50:30,333 [INFO] PluginManager:220 - loadIPPluginJar : add freertos
2024-02-29 17:50:30,352 [INFO] IPUIPlugin:80 - create IPUIPlugin
2024-02-29 17:50:30,352 [INFO] PluginManager:220 - loadIPPluginJar : add genericplugin
2024-02-29 17:50:30,440 [INFO] IPUIPlugin:80 - create IPUIPlugin
2024-02-29 17:50:30,440 [INFO] PluginManager:220 - loadIPPluginJar : add gfxmmu
2024-02-29 17:50:30,569 [INFO] IPUIPlugin:80 - create IPUIPlugin
2024-02-29 17:50:30,570 [INFO] PluginManager:220 - loadIPPluginJar : add gic
2024-02-29 17:50:30,581 [INFO] IPUIPlugin:80 - create IPUIPlugin
2024-02-29 17:50:30,581 [INFO] PluginManager:220 - loadIPPluginJar : add gpio
2024-02-29 17:50:30,669 [INFO] IPUIPlugin:80 - create IPUIPlugin
2024-02-29 17:50:30,669 [INFO] PluginManager:220 - loadIPPluginJar : add gtzc
2024-02-29 17:50:30,697 [INFO] IPUIPlugin:80 - create IPUIPlugin
2024-02-29 17:50:30,697 [INFO] PluginManager:220 - loadIPPluginJar : add hash
2024-02-29 17:50:30,746 [INFO] IPUIPlugin:80 - create IPUIPlugin
2024-02-29 17:50:30,746 [INFO] PluginManager:220 - loadIPPluginJar : add i2c
2024-02-29 17:50:30,783 [INFO] IPUIPlugin:80 - create IPUIPlugin
2024-02-29 17:50:30,783 [INFO] PluginManager:220 - loadIPPluginJar : add i2s
2024-02-29 17:50:30,822 [INFO] IPUIPlugin:80 - create IPUIPlugin
2024-02-29 17:50:30,823 [INFO] PluginManager:220 - loadIPPluginJar : add i3c
2024-02-29 17:50:30,925 [INFO] IPUIPlugin:80 - create IPUIPlugin
2024-02-29 17:50:30,925 [INFO] PluginManager:220 - loadIPPluginJar : add ipddr
2024-02-29 17:50:31,014 [INFO] IPUIPlugin:80 - create IPUIPlugin
2024-02-29 17:50:31,014 [INFO] PluginManager:220 - loadIPPluginJar : add linkedlist
2024-02-29 17:50:31,051 [INFO] IPUIPlugin:80 - create IPUIPlugin
2024-02-29 17:50:31,051 [INFO] PluginManager:220 - loadIPPluginJar : add lorawan
2024-02-29 17:50:31,086 [INFO] IPUIPlugin:80 - create IPUIPlugin
2024-02-29 17:50:31,086 [INFO] PluginManager:220 - loadIPPluginJar : add ltdc
2024-02-29 17:50:31,099 [INFO] IPUIPlugin:80 - create IPUIPlugin
2024-02-29 17:50:31,100 [INFO] PluginManager:220 - loadIPPluginJar : add mdma
2024-02-29 17:50:31,112 [INFO] IPUIPlugin:80 - create IPUIPlugin
2024-02-29 17:50:31,112 [INFO] PluginManager:220 - loadIPPluginJar : add nvic
2024-02-29 17:50:31,145 [INFO] IPUIPlugin:80 - create IPUIPlugin
2024-02-29 17:50:31,145 [INFO] PluginManager:220 - loadIPPluginJar : add opamp
2024-02-29 17:50:31,205 [INFO] IPUIPlugin:80 - create IPUIPlugin
2024-02-29 17:50:31,205 [INFO] PluginManager:220 - loadIPPluginJar : add openamp
2024-02-29 17:50:31,243 [INFO] IPUIPlugin:80 - create IPUIPlugin
2024-02-29 17:50:31,243 [INFO] PluginManager:220 - loadIPPluginJar : add pdm2pcm
2024-02-29 17:50:31,256 [INFO] IPUIPlugin:80 - create IPUIPlugin
2024-02-29 17:50:31,257 [INFO] PluginManager:220 - loadIPPluginJar : add plateformsettings
2024-02-29 17:50:31,277 [INFO] IPUIPlugin:80 - create IPUIPlugin
2024-02-29 17:50:31,277 [INFO] PluginManager:220 - loadIPPluginJar : add quadspi
2024-02-29 17:50:31,288 [INFO] IPUIPlugin:80 - create IPUIPlugin
2024-02-29 17:50:31,288 [INFO] PluginManager:220 - loadIPPluginJar : add resmgrutility
2024-02-29 17:50:31,333 [INFO] IPUIPlugin:80 - create IPUIPlugin
2024-02-29 17:50:31,333 [INFO] PluginManager:220 - loadIPPluginJar : add sai
2024-02-29 17:50:31,374 [INFO] IPUIPlugin:80 - create IPUIPlugin
2024-02-29 17:50:31,374 [INFO] PluginManager:220 - loadIPPluginJar : add spi
2024-02-29 17:50:31,437 [INFO] IPUIPlugin:80 - create IPUIPlugin
2024-02-29 17:50:31,437 [INFO] PluginManager:220 - loadIPPluginJar : add stm32_wpan
2024-02-29 17:50:31,457 [INFO] IPUIPlugin:80 - create IPUIPlugin
2024-02-29 17:50:31,457 [INFO] PluginManager:220 - loadIPPluginJar : add tim
2024-02-29 17:50:31,512 [INFO] IPUIPlugin:80 - create IPUIPlugin
2024-02-29 17:50:31,512 [INFO] PluginManager:220 - loadIPPluginJar : add touchsensing
2024-02-29 17:50:31,536 [INFO] IPUIPlugin:80 - create IPUIPlugin
2024-02-29 17:50:31,536 [INFO] PluginManager:220 - loadIPPluginJar : add tracer_emb
2024-02-29 17:50:31,560 [INFO] IPUIPlugin:80 - create IPUIPlugin
2024-02-29 17:50:31,560 [INFO] PluginManager:220 - loadIPPluginJar : add ts
2024-02-29 17:50:31,580 [INFO] IPUIPlugin:80 - create IPUIPlugin
2024-02-29 17:50:31,580 [INFO] PluginManager:220 - loadIPPluginJar : add tsc
2024-02-29 17:50:31,599 [INFO] IPUIPlugin:80 - create IPUIPlugin
2024-02-29 17:50:31,600 [INFO] PluginManager:220 - loadIPPluginJar : add ucpd
2024-02-29 17:50:31,636 [INFO] IPUIPlugin:80 - create IPUIPlugin
2024-02-29 17:50:31,636 [INFO] PluginManager:220 - loadIPPluginJar : add usart
2024-02-29 17:50:31,675 [INFO] IPUIPlugin:80 - create IPUIPlugin
2024-02-29 17:50:31,675 [INFO] PluginManager:220 - loadIPPluginJar : add usbx
2024-02-29 17:50:31,812 [INFO] CADModel:165 - CPN selected for project level
2024-02-29 17:50:31,812 [INFO] CADModel:114 - Register for checkConnection events
2024-02-29 17:50:31,812 [FATAL] Updater:308 - Updater called before beeing initialized
2024-02-29 17:50:31,812 [ERROR] CADModel:125 - Updater not yet initialized, retry later 
2024-02-29 17:50:31,919 [INFO] CADModel:165 - CPN selected for project level
2024-02-29 17:50:31,919 [INFO] CADModel:114 - Register for checkConnection events
2024-02-29 17:50:31,919 [FATAL] Updater:308 - Updater called before beeing initialized
2024-02-29 17:50:31,919 [ERROR] CADModel:125 - Updater not yet initialized, retry later 
2024-02-29 17:50:31,922 [FATAL] Updater:308 - Updater called before beeing initialized
2024-02-29 17:50:32,036 [FATAL] Updater:308 - Updater called before beeing initialized
2024-02-29 17:50:32,044 [INFO] DbMcusAds:53 - JSON generation date=Wed Nov 29 13:52:27 TRT 2023 (1701255147349)
2024-02-29 17:50:32,044 [FATAL] Updater:308 - Updater called before beeing initialized
2024-02-29 17:50:32,116 [WARN] DetailPanel:346 - Failed to get advertising image, set to default
2024-02-29 17:50:32,200 [FATAL] Updater:308 - Updater called before beeing initialized
2024-02-29 17:50:32,201 [FATAL] Updater:308 - Updater called before beeing initialized
2024-02-29 17:50:32,201 [FATAL] Updater:308 - Updater called before beeing initialized
2024-02-29 17:50:32,202 [WARN] DetailPanel:346 - Failed to get advertising image, set to default
2024-02-29 17:50:32,202 [FATAL] Updater:308 - Updater called before beeing initialized
2024-02-29 17:50:32,256 [ERROR] Updater:1120 - MainUpdater not yet initialized. External WinMGr cannot be set.
2024-02-29 17:50:32,266 [INFO] Updater:1056 - Updater Version found : 6.10.0
2024-02-29 17:50:32,283 [INFO] ApplicationProperties:184 - Using Application install path: C:\ST\STM32CubeIDE_1.13.2\STM32CubeIDE\plugins\com.st.stm32cube.common.mx_6.10.0.202311202037
2024-02-29 17:50:32,458 [INFO] ThirdPartyUpdaterWithRetryManager:70 - Updater plugin not ready yet. [2/15]
2024-02-29 17:50:33,857 [ERROR] LogOutputStream:75 - [STDERR_REDIRECT] Feb 29, 2024 5:50:33 PM java.util.prefs.WindowsPreferences <init>
2024-02-29 17:50:33,858 [ERROR] LogOutputStream:75 - [STDERR_REDIRECT] WARNING: Could not open/create prefs root node Software\JavaSoft\Prefs at root 0xffffffff80000002. Windows RegCreateKeyEx(...) returned error code 5.
2024-02-29 17:50:33,858 [ERROR] LogOutputStream:75 - [STDERR_REDIRECT] 
2024-02-29 17:50:34,108 [INFO] MainUpdater:2873 - connection check result : 10
2024-02-29 17:50:34,109 [INFO] MainUpdater:290 - Updater Check For Update Now.
2024-02-29 17:50:34,109 [INFO] MicroXplorer:498 - Change Database Version : DB.6.0.100
2024-02-29 17:50:34,127 [INFO] McuFinderGlobals:63 - Set McuFinder mode to 2 (CubeIDE integrated)
2024-02-29 17:50:34,142 [INFO] UserAuth:404 - Internet connection configuration mode: 1
2024-02-29 17:50:34,175 [INFO] JxBrowserEngine:152 - Initiate JxBrowser Engine with user profile folder
2024-02-29 17:50:34,319 [INFO] CheckServerUpdateThread:120 - End of CheckServer Thread
2024-02-29 17:50:35,625 [WARN] PackLoader:240 - Cannot read IP mode file for STMicroelectronics.X-CUBE-SMBUS.2.1.0
2024-02-29 17:50:35,644 [WARN] PackLoader:240 - Cannot read IP mode file for STMicroelectronics.X-CUBE-TOUCHGFX.4.23.0
2024-02-29 17:50:35,711 [WARN] PackLoader:240 - Cannot read IP mode file for STMicroelectronics.X-CUBE-AZRTOS-F7.1.1.0
2024-02-29 17:50:35,759 [WARN] PackLoader:240 - Cannot read IP mode file for STMicroelectronics.FP-SNS-MOTENV1.4.3.2
2024-02-29 17:50:35,779 [WARN] PackLoader:240 - Cannot read IP mode file for STMicroelectronics.FP-SNS-FLIGHT1.5.0.2
2024-02-29 17:50:35,803 [WARN] PackLoader:240 - Cannot read IP mode file for STMicroelectronics.X-CUBE-DISPLAY.3.0.0
2024-02-29 17:50:35,828 [WARN] PackLoader:240 - Cannot read IP mode file for STMicroelectronics.X-CUBE-BLE1.7.0.0
2024-02-29 17:50:35,842 [WARN] PackLoader:240 - Cannot read IP mode file for emotas.I-CUBE-CANOPEN.1.3.0
2024-02-29 17:50:35,854 [WARN] PackLoader:240 - Cannot read IP mode file for STMicroelectronics.X-CUBE-TOUCHGFX.4.22.1
2024-02-29 17:50:35,878 [INFO] LogOutputStream:77 - [STDOUT_REDIRECT] 1 : Invalid condition id : UX_CORESTACK_Condition cause : null
2024-02-29 17:50:35,879 [INFO] LogOutputStream:77 - [STDOUT_REDIRECT] 1 : Invalid condition id : UX_CORESTACK_Condition cause : null
2024-02-29 17:50:35,880 [INFO] LogOutputStream:77 - [STDOUT_REDIRECT] 1 : Invalid condition id : UX_CORESTACK_Condition cause : null
2024-02-29 17:50:35,881 [INFO] LogOutputStream:77 - [STDOUT_REDIRECT] 1 : Invalid condition id : UX_CORESTACK_Condition cause : null
2024-02-29 17:50:35,883 [INFO] LogOutputStream:77 - [STDOUT_REDIRECT] 1 : Invalid condition id : UX_CORESTACK_Condition cause : null
2024-02-29 17:50:35,888 [WARN] PackLoader:240 - Cannot read IP mode file for STMicroelectronics.X-CUBE-AZRTOS-WL.2.0.0
2024-02-29 17:50:35,906 [WARN] PackLoader:240 - Cannot read IP mode file for WES.I-CUBE-Cesium.1.3.0
2024-02-29 17:50:35,921 [WARN] PackLoader:240 - Cannot read IP mode file for STMicroelectronics.X-CUBE-BLE2.3.3.0
2024-02-29 17:50:35,934 [WARN] PackLoader:240 - Cannot read IP mode file for STMicroelectronics.X-CUBE-ALGOBUILD.1.3.0
2024-02-29 17:50:35,960 [WARN] PackLoader:240 - Cannot read IP mode file for STMicroelectronics.X-CUBE-AZRTOS-G0.1.1.0
2024-02-29 17:50:35,978 [WARN] PackLoader:240 - Cannot read IP mode file for STMicroelectronics.X-CUBE-NFC4.3.0.0
2024-02-29 17:50:35,995 [WARN] PackLoader:240 - Cannot read IP mode file for STMicroelectronics.X-CUBE-BLEMGR.3.0.0
2024-02-29 17:50:36,008 [WARN] PackLoader:240 - Cannot read IP mode file for STMicroelectronics.FP-ATR-SIGFOX1.3.2.0
2024-02-29 17:50:36,022 [WARN] PackLoader:240 - Cannot read IP mode file for STMicroelectronics.X-CUBE-EEPRMA1.5.1.0
2024-02-29 17:50:36,056 [WARN] PackLoader:240 - Cannot read IP mode file for SEGGER.I-CUBE-embOS.1.3.1
2024-02-29 17:50:36,111 [WARN] PackLoader:240 - Cannot read IP mode file for STMicroelectronics.X-CUBE-GNSS1.6.0.0
2024-02-29 17:50:36,150 [WARN] PackLoader:240 - Cannot read IP mode file for STMicroelectronics.X-CUBE-AZRTOS-F4.1.1.0
2024-02-29 17:50:36,167 [WARN] PackLoader:240 - Cannot read IP mode file for wolfSSL.I-CUBE-wolfSSL.5.6.3
2024-02-29 17:50:36,225 [WARN] PackLoader:240 - Cannot read IP mode file for STMicroelectronics.X-CUBE-AZRTOS-L5.2.0.0
2024-02-29 17:50:36,275 [WARN] PackLoader:240 - Cannot read IP mode file for STMicroelectronics.X-CUBE-MEMS1.9.6.0
2024-02-29 17:50:36,409 [WARN] PackLoader:240 - Cannot read IP mode file for STMicroelectronics.X-CUBE-EEPRMA1.4.2.0
2024-02-29 17:50:36,424 [WARN] PackLoader:240 - Cannot read IP mode file for ITTIA_DB.I-CUBE-ITTIADB.8.8.0
2024-02-29 17:50:36,441 [WARN] PackLoader:240 - Cannot read IP mode file for STMicroelectronics.X-CUBE-BLEMGR.2.0.0
2024-02-29 17:50:36,475 [WARN] ConditionMgr:438 - getConditionDescription Invalid condition id : UX DEVICE CLASS RTOS Condition cause : null
2024-02-29 17:50:36,475 [WARN] ConditionMgr:438 - getConditionDescription Invalid condition id : UX DEVICE CLASS RTOS Condition cause : null
2024-02-29 17:50:36,477 [WARN] PackLoader:240 - Cannot read IP mode file for STMicroelectronics.X-CUBE-AZRTOS-H7.3.1.0
2024-02-29 17:50:36,478 [WARN] ConditionMgr:1039 - genDependencies : Invalid condition id : UX DEVICE CLASS RTOS Condition cause : null
2024-02-29 17:50:36,478 [WARN] ConditionMgr:1039 - genDependencies : Invalid condition id : UX DEVICE CLASS RTOS Condition cause : null
2024-02-29 17:50:36,479 [WARN] ConditionMgr:1039 - genDependencies : Invalid condition id : UX DEVICE CLASS RTOS Condition cause : null
2024-02-29 17:50:36,479 [WARN] ConditionMgr:1039 - genDependencies : Invalid condition id : UX DEVICE CLASS RTOS Condition cause : null
2024-02-29 17:50:36,479 [WARN] ConditionMgr:1039 - genDependencies : Invalid condition id : UX DEVICE CLASS RTOS Condition cause : null
2024-02-29 17:50:36,494 [WARN] PackLoader:240 - Cannot read IP mode file for STMicroelectronics.X-CUBE-NFC7.1.0.1
2024-02-29 17:50:36,512 [WARN] PackLoader:240 - Cannot read IP mode file for STMicroelectronics.X-CUBE-EEPRMA1.4.1.0
2024-02-29 17:50:36,528 [WARN] PackLoader:240 - Cannot read IP mode file for STMicroelectronics.X-CUBE-AI.8.1.0
2024-02-29 17:50:36,557 [WARN] ConditionMgr:438 - getConditionDescription Invalid condition id : LAN8742 Phy interface Condition cause : null
2024-02-29 17:50:36,557 [WARN] PackLoader:240 - Cannot read IP mode file for STMicroelectronics.X-CUBE-AZRTOS-L4.2.0.0
2024-02-29 17:50:36,558 [WARN] ConditionMgr:1039 - genDependencies : Invalid condition id : LAN8742 Phy interface Condition cause : null
2024-02-29 17:50:36,559 [WARN] ConditionMgr:1039 - genDependencies : Invalid condition id : LAN8742 Phy interface Condition cause : null
2024-02-29 17:50:36,559 [WARN] ConditionMgr:1039 - genDependencies : Invalid condition id : LAN8742 Phy interface Condition cause : null
2024-02-29 17:50:36,574 [WARN] PackLoader:240 - Cannot read IP mode file for STMicroelectronics.X-CUBE-SFXS2LP1.4.0.0
2024-02-29 17:50:36,592 [WARN] PackLoader:240 - Cannot read IP mode file for STMicroelectronics.X-CUBE-ISPU.1.1.0
2024-02-29 17:50:36,615 [WARN] ConditionMgr:438 - getConditionDescription Invalid condition id : UX DEVICE CLASS RTOS Condition cause : null
2024-02-29 17:50:36,615 [WARN] ConditionMgr:438 - getConditionDescription Invalid condition id : UX DEVICE CLASS RTOS Condition cause : null
2024-02-29 17:50:36,617 [WARN] PackLoader:240 - Cannot read IP mode file for STMicroelectronics.X-CUBE-AZRTOS-WB.2.0.0
2024-02-29 17:50:36,617 [WARN] ConditionMgr:1039 - genDependencies : Invalid condition id : UX DEVICE CLASS RTOS Condition cause : null
2024-02-29 17:50:36,618 [WARN] ConditionMgr:1039 - genDependencies : Invalid condition id : UX DEVICE CLASS RTOS Condition cause : null
2024-02-29 17:50:36,618 [WARN] ConditionMgr:1039 - genDependencies : Invalid condition id : UX DEVICE CLASS RTOS Condition cause : null
2024-02-29 17:50:36,618 [WARN] ConditionMgr:1039 - genDependencies : Invalid condition id : UX DEVICE CLASS RTOS Condition cause : null
2024-02-29 17:50:36,618 [WARN] ConditionMgr:1039 - genDependencies : Invalid condition id : UX DEVICE CLASS RTOS Condition cause : null
2024-02-29 17:50:36,639 [WARN] PackLoader:240 - Cannot read IP mode file for STMicroelectronics.X-CUBE-SUBG2.5.0.0
2024-02-29 17:50:36,665 [WARN] PackLoader:240 - Cannot read IP mode file for STMicroelectronics.X-CUBE-TOF1.3.3.1
2024-02-29 17:50:36,708 [WARN] PackLoader:240 - Cannot read IP mode file for STMicroelectronics.X-CUBE-AZRTOS-G4.2.0.0
2024-02-29 17:50:36,744 [WARN] PackLoader:240 - Cannot read IP mode file for Infineon.AIROC-Wi-Fi-Bluetooth-STM32.1.5.1
2024-02-29 17:50:36,766 [WARN] PackLoader:240 - Cannot read IP mode file for STMicroelectronics.FP-SNS-MOTENVWB1.1.3.1
2024-02-29 17:50:36,805 [WARN] PackLoader:240 - Cannot read IP mode file for STMicroelectronics.X-CUBE-ISPU.2.0.0
2024-02-29 17:50:36,989 [WARN] PackLoader:240 - Cannot read IP mode file for STMicroelectronics.X-CUBE-MEMS1.10.0.0
2024-02-29 17:50:37,250 [WARN] PackLoader:240 - Cannot read IP mode file for STMicroelectronics.X-CUBE-FREERTOS.1.1.0
2024-02-29 17:50:37,275 [WARN] PackLoader:240 - Cannot read IP mode file for portGmbH.I-Cube-SoM-uGOAL.1.1.0
2024-02-29 17:50:37,301 [WARN] PackLoader:240 - Cannot read IP mode file for STMicroelectronics.X-CUBE-ALS.1.0.1
2024-02-29 17:50:37,319 [WARN] PackLoader:240 - Cannot read IP mode file for STMicroelectronics.FP-ATR-ASTRA1.2.0.0
2024-02-29 17:50:37,362 [WARN] PackLoader:240 - Cannot read IP mode file for STMicroelectronics.X-CUBE-TOF1.3.4.0
2024-02-29 17:50:37,420 [INFO] WebApp:161 - Instantiating new browser for Auth
2024-02-29 17:50:37,469 [WARN] PackLoader:240 - Cannot read IP mode file for STMicroelectronics.X-CUBE-AZRTOS-H7.3.2.0
2024-02-29 17:50:37,475 [INFO] ThirdParty:978 - Integrity check success = true
2024-02-29 17:50:37,475 [INFO] IntegrityCheckThread:100 - exiting critical section [integrity check]
2024-02-29 17:50:37,475 [INFO] IntegrityCheckThread:103 - End integrity checks thread
2024-02-29 17:50:38,205 [INFO] WebApp:780 - Register for checkConnection events
2024-02-29 17:50:38,205 [INFO] WebApp:414 - Apply proxy settings
2024-02-29 17:50:38,205 [INFO] WebApp:499 - Chromium requires no authentication
2024-02-29 17:50:38,211 [INFO] WebApp:442 - Direct internet connection detected
2024-02-29 17:50:38,355 [INFO] WebApp:192 - Starting web application
2024-02-29 17:50:38,356 [INFO] WebApp:544 - Web application path used C:\ST\STM32CubeIDE_1.13.2\STM32CubeIDE\plugins\com.st.stm32cube.common.mx_6.10.0.202311202037\db\plugins\mcufinder\reactClient1\index.html
2024-02-29 17:50:59,283 [ERROR] LogOutputStream:75 - [STDERR_REDIRECT] SLF4J: Failed to load class "org.slf4j.impl.StaticLoggerBinder".
2024-02-29 17:50:59,284 [ERROR] LogOutputStream:75 - [STDERR_REDIRECT] SLF4J: Defaulting to no-operation (NOP) logger implementation
2024-02-29 17:50:59,286 [ERROR] LogOutputStream:75 - [STDERR_REDIRECT] SLF4J: See http://www.slf4j.org/codes.html#StaticLoggerBinder for further details.
2024-02-29 17:57:25,200 [INFO] LogOutputStream:77 - [STDOUT_REDIRECT] StartTraceHandler.execute(), success : Collect=false
2024-02-29 17:57:27,397 [INFO] LogOutputStream:77 - [STDOUT_REDIRECT] StartTraceHandler.execute(), success : Collect=true
2024-02-29 17:57:27,652 [INFO] LogOutputStream:77 - [STDOUT_REDIRECT] StartTraceHandler.execute(), success : Collect=false
2024-02-29 17:57:40,597 [INFO] LogOutputStream:77 - [STDOUT_REDIRECT] StartTraceHandler.execute(), success : Collect=true
2024-02-29 17:57:41,047 [INFO] LogOutputStream:77 - [STDOUT_REDIRECT] StartTraceHandler.execute(), success : Collect=false
2024-02-29 17:57:41,209 [INFO] LogOutputStream:77 - [STDOUT_REDIRECT] StartTraceHandler.execute(), success : Collect=true
2024-02-29 17:57:48,689 [INFO] LogOutputStream:77 - [STDOUT_REDIRECT] StartTraceHandler.execute(), success : Collect=false
2024-02-29 17:57:49,979 [INFO] LogOutputStream:77 - [STDOUT_REDIRECT] StartTraceHandler.execute(), success : Collect=true
2024-02-29 17:57:50,857 [INFO] LogOutputStream:77 - [STDOUT_REDIRECT] StartTraceHandler.execute(), success : Collect=false
2024-02-29 17:59:03,257 [INFO] LogOutputStream:77 - [STDOUT_REDIRECT] StartTraceHandler.execute(), success : Collect=true
2024-02-29 17:59:08,267 [INFO] LogOutputStream:77 - [STDOUT_REDIRECT] StartTraceHandler.execute(), success : Collect=false
2024-02-29 17:59:09,316 [INFO] LogOutputStream:77 - [STDOUT_REDIRECT] StartTraceHandler.execute(), success : Collect=true
2024-02-29 17:59:10,150 [INFO] LogOutputStream:77 - [STDOUT_REDIRECT] StartTraceHandler.execute(), success : Collect=false
2024-02-29 17:59:25,423 [INFO] LogOutputStream:77 - [STDOUT_REDIRECT] StartTraceHandler.execute(), success : Collect=true
2024-02-29 18:00:57,963 [ERROR] LogOutputStream:75 - [STDERR_REDIRECT] 
2024-02-29 18:01:16,395 [INFO] Activator:176 - 


2024-02-29 18:01:16,397 [INFO] Activator:177 - !SESSION log4j initialized
2024-02-29 18:01:20,764 [INFO] LogOutputStream:77 - [STDOUT_REDIRECT] 
2024-02-29 18:01:21,577 [INFO] ApplicationProperties:184 - Using Application install path: C:\ST\STM32CubeIDE_1.13.2\STM32CubeIDE\plugins\com.st.stm32cube.common.mx_6.10.0.202311202037
2024-02-29 18:01:21,587 [INFO] DbMcusXml:78 - Set database path to: C:\ST\STM32CubeIDE_1.13.2\STM32CubeIDE\plugins\com.st.stm32cube.common.mx_6.10.0.202311202037\\db\/mcu/
2024-02-29 18:01:21,587 [INFO] ApiDb:274 - Set plugin database path to: C:\ST\STM32CubeIDE_1.13.2\STM32CubeIDE\plugins\com.st.stm32cube.common.mx_6.10.0.202311202037\\db\/plugins/boardmanager/
2024-02-29 18:01:21,587 [WARN] ApiDb:259 - Overriding images path with different value:  => C:\ST\STM32CubeIDE_1.13.2\STM32CubeIDE\plugins\com.st.stm32cube.common.mx_6.10.0.202311202037\\db\/plugins/mcufinder/images/
2024-02-29 18:01:21,592 [INFO] ApiDb:250 - Set database path to: C:\Users\islam\.stmcufinder\plugins\mcufinder//mcu/
2024-02-29 18:01:21,592 [INFO] DbMcusAds:125 - Set database path to: C:\Users\islam\.stmcufinder\plugins\mcufinder//mcu/
2024-02-29 18:01:21,594 [INFO] CrossReferenceDbSqlite:203 - Set database path to: C:\Users\islam\.stmcufinder\plugins\mcufinder//mcu/cs/
2024-02-29 18:01:21,684 [INFO] RulesReader:64 - Compatibility file has been processed (297 Rules)
2024-02-29 18:01:21,784 [INFO] DbMcusXml:78 - Set database path to: C:\ST\STM32CubeIDE_1.13.2\STM32CubeIDE\plugins\com.st.stm32cube.common.mx_6.10.0.202311202037\\db\/mcu/
2024-02-29 18:01:21,784 [INFO] ApiDb:274 - Set plugin database path to: C:\ST\STM32CubeIDE_1.13.2\STM32CubeIDE\plugins\com.st.stm32cube.common.mx_6.10.0.202311202037\\db\/plugins/boardmanager/
2024-02-29 18:01:21,784 [INFO] ApiDb:261 - Set plugin images path to: C:\ST\STM32CubeIDE_1.13.2\STM32CubeIDE\plugins\com.st.stm32cube.common.mx_6.10.0.202311202037\\db\/plugins/mcufinder/images/
2024-02-29 18:01:21,785 [WARN] DbFile:41 - Overriding database path with different value: C:\Users\islam\.stmcufinder\plugins\mcufinder/ => C:\Users\islam\.stmcufinder\plugins\mcufinder
2024-02-29 18:01:21,785 [INFO] ApiDb:250 - Set database path to: C:\Users\islam\.stmcufinder\plugins\mcufinder//mcu/
2024-02-29 18:01:21,785 [WARN] DbFile:41 - Overriding database path with different value: C:\Users\islam\.stmcufinder\plugins\mcufinder/ => C:\Users\islam\.stmcufinder\plugins\mcufinder
2024-02-29 18:01:21,785 [INFO] DbMcusAds:125 - Set database path to: C:\Users\islam\.stmcufinder\plugins\mcufinder//mcu/
2024-02-29 18:01:21,785 [WARN] DbFile:41 - Overriding database path with different value: C:\Users\islam\.stmcufinder\plugins\mcufinder/ => C:\Users\islam\.stmcufinder\plugins\mcufinder
2024-02-29 18:01:21,785 [WARN] DbFile:41 - Overriding database path with different value: C:\Users\islam\.stmcufinder\plugins\mcufinder/ => C:\Users\islam\.stmcufinder\plugins\mcufinder
2024-02-29 18:01:21,786 [INFO] CrossReferenceDbSqlite:203 - Set database path to: C:\Users\islam\.stmcufinder\plugins\mcufinder//mcu/cs/
2024-02-29 18:01:21,847 [INFO] MainPanel:264 - HeapMemory: 268435456
2024-02-29 18:01:21,895 [INFO] DbMcusXml:78 - Set database path to: C:\ST\STM32CubeIDE_1.13.2\STM32CubeIDE\plugins\com.st.stm32cube.common.mx_6.10.0.202311202037\\db\/mcu/
2024-02-29 18:01:21,895 [INFO] ApiDb:274 - Set plugin database path to: C:\ST\STM32CubeIDE_1.13.2\STM32CubeIDE\plugins\com.st.stm32cube.common.mx_6.10.0.202311202037\\db\/plugins/boardmanager/
2024-02-29 18:01:21,895 [INFO] ApiDb:261 - Set plugin images path to: C:\ST\STM32CubeIDE_1.13.2\STM32CubeIDE\plugins\com.st.stm32cube.common.mx_6.10.0.202311202037\\db\/plugins/mcufinder/images/
2024-02-29 18:01:21,896 [WARN] DbFile:41 - Overriding database path with different value: C:\Users\islam\.stmcufinder\plugins\mcufinder/ => C:\Users\islam\.stmcufinder\plugins\mcufinder
2024-02-29 18:01:21,896 [INFO] ApiDb:250 - Set database path to: C:\Users\islam\.stmcufinder\plugins\mcufinder//mcu/
2024-02-29 18:01:21,896 [WARN] DbFile:41 - Overriding database path with different value: C:\Users\islam\.stmcufinder\plugins\mcufinder/ => C:\Users\islam\.stmcufinder\plugins\mcufinder
2024-02-29 18:01:21,896 [INFO] DbMcusAds:125 - Set database path to: C:\Users\islam\.stmcufinder\plugins\mcufinder//mcu/
2024-02-29 18:01:21,896 [WARN] DbFile:41 - Overriding database path with different value: C:\Users\islam\.stmcufinder\plugins\mcufinder/ => C:\Users\islam\.stmcufinder\plugins\mcufinder
2024-02-29 18:01:21,896 [WARN] DbFile:41 - Overriding database path with different value: C:\Users\islam\.stmcufinder\plugins\mcufinder/ => C:\Users\islam\.stmcufinder\plugins\mcufinder
2024-02-29 18:01:21,896 [INFO] CrossReferenceDbSqlite:203 - Set database path to: C:\Users\islam\.stmcufinder\plugins\mcufinder//mcu/cs/
2024-02-29 18:01:21,911 [INFO] ApplicationProperties:184 - Using Application install path: C:\ST\STM32CubeIDE_1.13.2\STM32CubeIDE\plugins\com.st.stm32cube.common.mx_6.10.0.202311202037
2024-02-29 18:01:21,913 [INFO] PluginManage:196 - Search for loadable plugins [exclusion list=, ]
2024-02-29 18:01:21,914 [INFO] PluginManage:310 - Check plugin analytics
2024-02-29 18:01:22,044 [INFO] AnalyticsPlugin:253 - Accepted Software Licenses: 
2024-02-29 18:01:22,045 [INFO] AnalyticsPlugin:255 - Accepted CMSIS Pack Licenses: 
2024-02-29 18:01:22,045 [INFO] AnalyticsPlugin:257 - Accepted Firmware Licenses: 
2024-02-29 18:01:22,047 [INFO] PluginManage:359 - Loaded plugin analytics (category:tool,tabindex:-1)
2024-02-29 18:01:22,048 [INFO] PluginManage:310 - Check plugin cadmodel
2024-02-29 18:01:22,052 [INFO] CADModel:105 - Init CAD model plugin
2024-02-29 18:01:22,052 [INFO] PluginManage:359 - Loaded plugin cadmodel (category:power,tabindex:5)
2024-02-29 18:01:22,052 [INFO] PluginManage:310 - Check plugin clock
2024-02-29 18:01:22,059 [INFO] PluginManage:359 - Loaded plugin clock (category:base,tabindex:2)
2024-02-29 18:01:22,059 [INFO] PluginManage:310 - Check plugin ddr
2024-02-29 18:01:22,061 [INFO] PluginManage:359 - Loaded plugin ddr (category:tool,tabindex:6)
2024-02-29 18:01:22,061 [INFO] PluginManage:310 - Check plugin filemanager
2024-02-29 18:01:22,181 [INFO] PluginManage:359 - Loaded plugin filemanager (category:base,tabindex:10)
2024-02-29 18:01:22,181 [INFO] PluginManage:310 - Check plugin ipmanager
2024-02-29 18:01:22,187 [INFO] PluginManage:359 - Loaded plugin ipmanager (category:base,tabindex:5)
2024-02-29 18:01:22,187 [INFO] PluginManage:310 - Check plugin lpbam
2024-02-29 18:01:22,193 [INFO] PluginManage:359 - Loaded plugin lpbam (category:base,tabindex:0)
2024-02-29 18:01:22,193 [INFO] PluginManage:310 - Check plugin memorymap
2024-02-29 18:01:22,202 [INFO] PluginManage:359 - Loaded plugin memorymap (category:base,tabindex:4)
2024-02-29 18:01:22,202 [INFO] PluginManage:310 - Check plugin pinoutandconfiguration
2024-02-29 18:01:22,207 [INFO] PluginManage:359 - Loaded plugin pinoutandconfiguration (category:base,tabindex:1)
2024-02-29 18:01:22,208 [INFO] PluginManage:310 - Check plugin pinoutconfig
2024-02-29 18:01:22,277 [WARN] SupportedApi:132 - Cannot load RTOS API schema: s4s-elt-must-match.1: The content of 'definitions' must match (annotation?, (simpleType | complexType)?, (unique | key | keyref)*)). A problem was found starting at: attribute.
2024-02-29 18:01:22,371 [INFO] PluginManage:359 - Loaded plugin pinoutconfig (category:base,tabindex:0)
2024-02-29 18:01:22,371 [INFO] PluginManage:310 - Check plugin power
2024-02-29 18:01:22,379 [INFO] PluginManage:359 - Loaded plugin power (category:power,tabindex:4)
2024-02-29 18:01:22,379 [INFO] PluginManage:310 - Check plugin projectmanager
2024-02-29 18:01:22,395 [INFO] PluginManage:359 - Loaded plugin projectmanager (category:projectmanager,tabindex:3)
2024-02-29 18:01:22,395 [INFO] PluginManage:310 - Check plugin thirdparty
2024-02-29 18:01:22,510 [INFO] PluginManage:359 - Loaded plugin thirdparty (category:base,tabindex:-1)
2024-02-29 18:01:22,510 [INFO] PluginManage:310 - Check plugin tools
2024-02-29 18:01:22,510 [WARN] IntegrityCheckThread:84 - waiting for thirdparty lock release [integrity check]
2024-02-29 18:01:22,510 [INFO] IntegrityCheckThread:86 - entering critical section [integrity check]
2024-02-29 18:01:22,511 [INFO] ThirdPartyUpdaterWithRetryManager:70 - Updater plugin not ready yet. [1/15]
2024-02-29 18:01:22,513 [INFO] PluginManage:359 - Loaded plugin tools (category:base,tabindex:7)
2024-02-29 18:01:22,513 [INFO] PluginManage:310 - Check plugin tutovideos
2024-02-29 18:01:22,644 [INFO] PluginManage:359 - Loaded plugin tutovideos (category:base,tabindex:-1)
2024-02-29 18:01:22,644 [INFO] PluginManage:310 - Check plugin updater
2024-02-29 18:01:22,651 [INFO] PluginManage:359 - Loaded plugin updater (category:base,tabindex:12)
2024-02-29 18:01:22,651 [INFO] PluginManage:310 - Check plugin userauth
2024-02-29 18:01:22,654 [INFO] UserAuth:114 - Init User Auth plugin
2024-02-29 18:01:22,654 [INFO] PluginManage:359 - Loaded plugin userauth (category:base,tabindex:14)
2024-02-29 18:01:22,654 [INFO] PluginManage:283 - PluginManage : Loaded plugins [17]
2024-02-29 18:01:22,826 [INFO] PinOutPanel:1499 - setPackage(No Configuration,No Configuration)
2024-02-29 18:01:22,890 [INFO] CADModel:165 - CPN selected for project level
2024-02-29 18:01:22,890 [INFO] CADModel:114 - Register for checkConnection events
2024-02-29 18:01:22,899 [INFO] IPUIPlugin:80 - create IPUIPlugin
2024-02-29 18:01:22,900 [INFO] PluginManager:220 - loadIPPluginJar : add adc
2024-02-29 18:01:22,901 [INFO] IPUIPlugin:80 - create IPUIPlugin
2024-02-29 18:01:22,901 [INFO] PluginManager:220 - loadIPPluginJar : add aes
2024-02-29 18:01:22,903 [INFO] IPUIPlugin:80 - create IPUIPlugin
2024-02-29 18:01:22,904 [INFO] PluginManager:220 - loadIPPluginJar : add can
2024-02-29 18:01:22,905 [INFO] IPUIPlugin:80 - create IPUIPlugin
2024-02-29 18:01:22,905 [INFO] PluginManager:220 - loadIPPluginJar : add comp
2024-02-29 18:01:22,907 [INFO] IPUIPlugin:80 - create IPUIPlugin
2024-02-29 18:01:22,907 [INFO] PluginManager:220 - loadIPPluginJar : add cryp
2024-02-29 18:01:22,909 [INFO] IPUIPlugin:80 - create IPUIPlugin
2024-02-29 18:01:22,909 [INFO] PluginManager:220 - loadIPPluginJar : add dfsdm
2024-02-29 18:01:22,912 [INFO] IPUIPlugin:80 - create IPUIPlugin
2024-02-29 18:01:22,914 [INFO] PluginManager:220 - loadIPPluginJar : add dma
2024-02-29 18:01:22,916 [INFO] IPUIPlugin:80 - create IPUIPlugin
2024-02-29 18:01:22,916 [INFO] PluginManager:220 - loadIPPluginJar : add dma3
2024-02-29 18:01:22,917 [INFO] IPUIPlugin:80 - create IPUIPlugin
2024-02-29 18:01:22,917 [INFO] PluginManager:220 - loadIPPluginJar : add fatfs
2024-02-29 18:01:22,920 [INFO] IPUIPlugin:80 - create IPUIPlugin
2024-02-29 18:01:22,920 [INFO] PluginManager:220 - loadIPPluginJar : add fmc
2024-02-29 18:01:22,924 [INFO] IPUIPlugin:80 - create IPUIPlugin
2024-02-29 18:01:22,924 [INFO] PluginManager:220 - loadIPPluginJar : add freertos
2024-02-29 18:01:22,925 [INFO] IPUIPlugin:80 - create IPUIPlugin
2024-02-29 18:01:22,925 [INFO] PluginManager:220 - loadIPPluginJar : add genericplugin
2024-02-29 18:01:22,926 [INFO] IPUIPlugin:80 - create IPUIPlugin
2024-02-29 18:01:22,926 [INFO] PluginManager:220 - loadIPPluginJar : add gfxmmu
2024-02-29 18:01:22,929 [INFO] IPUIPlugin:80 - create IPUIPlugin
2024-02-29 18:01:22,929 [INFO] PluginManager:220 - loadIPPluginJar : add gic
2024-02-29 18:01:22,932 [INFO] IPUIPlugin:80 - create IPUIPlugin
2024-02-29 18:01:22,932 [INFO] PluginManager:220 - loadIPPluginJar : add gpio
2024-02-29 18:01:22,934 [INFO] IPUIPlugin:80 - create IPUIPlugin
2024-02-29 18:01:22,934 [INFO] PluginManager:220 - loadIPPluginJar : add gtzc
2024-02-29 18:01:22,936 [INFO] IPUIPlugin:80 - create IPUIPlugin
2024-02-29 18:01:22,936 [INFO] PluginManager:220 - loadIPPluginJar : add hash
2024-02-29 18:01:22,937 [INFO] IPUIPlugin:80 - create IPUIPlugin
2024-02-29 18:01:22,938 [INFO] PluginManager:220 - loadIPPluginJar : add i2c
2024-02-29 18:01:22,939 [INFO] IPUIPlugin:80 - create IPUIPlugin
2024-02-29 18:01:22,939 [INFO] PluginManager:220 - loadIPPluginJar : add i2s
2024-02-29 18:01:22,941 [INFO] IPUIPlugin:80 - create IPUIPlugin
2024-02-29 18:01:22,941 [INFO] PluginManager:220 - loadIPPluginJar : add i3c
2024-02-29 18:01:22,942 [INFO] IPUIPlugin:80 - create IPUIPlugin
2024-02-29 18:01:22,943 [INFO] PluginManager:220 - loadIPPluginJar : add ipddr
2024-02-29 18:01:22,947 [INFO] IPUIPlugin:80 - create IPUIPlugin
2024-02-29 18:01:22,948 [INFO] PluginManager:220 - loadIPPluginJar : add linkedlist
2024-02-29 18:01:22,950 [INFO] IPUIPlugin:80 - create IPUIPlugin
2024-02-29 18:01:22,950 [INFO] PluginManager:220 - loadIPPluginJar : add lorawan
2024-02-29 18:01:22,952 [INFO] IPUIPlugin:80 - create IPUIPlugin
2024-02-29 18:01:22,952 [INFO] PluginManager:220 - loadIPPluginJar : add ltdc
2024-02-29 18:01:22,955 [INFO] IPUIPlugin:80 - create IPUIPlugin
2024-02-29 18:01:22,955 [INFO] PluginManager:220 - loadIPPluginJar : add mdma
2024-02-29 18:01:22,958 [INFO] IPUIPlugin:80 - create IPUIPlugin
2024-02-29 18:01:22,958 [INFO] PluginManager:220 - loadIPPluginJar : add nvic
2024-02-29 18:01:22,960 [INFO] IPUIPlugin:80 - create IPUIPlugin
2024-02-29 18:01:22,960 [INFO] PluginManager:220 - loadIPPluginJar : add opamp
2024-02-29 18:01:22,962 [INFO] IPUIPlugin:80 - create IPUIPlugin
2024-02-29 18:01:22,962 [INFO] PluginManager:220 - loadIPPluginJar : add openamp
2024-02-29 18:01:22,964 [INFO] IPUIPlugin:80 - create IPUIPlugin
2024-02-29 18:01:22,965 [INFO] PluginManager:220 - loadIPPluginJar : add pdm2pcm
2024-02-29 18:01:22,969 [INFO] IPUIPlugin:80 - create IPUIPlugin
2024-02-29 18:01:22,971 [INFO] PluginManager:220 - loadIPPluginJar : add plateformsettings
2024-02-29 18:01:22,972 [INFO] IPUIPlugin:80 - create IPUIPlugin
2024-02-29 18:01:22,972 [INFO] PluginManager:220 - loadIPPluginJar : add quadspi
2024-02-29 18:01:22,974 [INFO] IPUIPlugin:80 - create IPUIPlugin
2024-02-29 18:01:22,974 [INFO] PluginManager:220 - loadIPPluginJar : add resmgrutility
2024-02-29 18:01:22,976 [INFO] IPUIPlugin:80 - create IPUIPlugin
2024-02-29 18:01:22,976 [INFO] PluginManager:220 - loadIPPluginJar : add sai
2024-02-29 18:01:22,978 [INFO] IPUIPlugin:80 - create IPUIPlugin
2024-02-29 18:01:22,978 [INFO] PluginManager:220 - loadIPPluginJar : add spi
2024-02-29 18:01:22,981 [INFO] IPUIPlugin:80 - create IPUIPlugin
2024-02-29 18:01:22,981 [INFO] PluginManager:220 - loadIPPluginJar : add stm32_wpan
2024-02-29 18:01:22,983 [INFO] IPUIPlugin:80 - create IPUIPlugin
2024-02-29 18:01:22,983 [INFO] PluginManager:220 - loadIPPluginJar : add tim
2024-02-29 18:01:22,985 [INFO] IPUIPlugin:80 - create IPUIPlugin
2024-02-29 18:01:22,985 [INFO] PluginManager:220 - loadIPPluginJar : add touchsensing
2024-02-29 18:01:22,987 [INFO] IPUIPlugin:80 - create IPUIPlugin
2024-02-29 18:01:22,987 [INFO] PluginManager:220 - loadIPPluginJar : add tracer_emb
2024-02-29 18:01:22,989 [INFO] IPUIPlugin:80 - create IPUIPlugin
2024-02-29 18:01:22,989 [INFO] PluginManager:220 - loadIPPluginJar : add ts
2024-02-29 18:01:22,990 [INFO] IPUIPlugin:80 - create IPUIPlugin
2024-02-29 18:01:22,990 [INFO] PluginManager:220 - loadIPPluginJar : add tsc
2024-02-29 18:01:22,991 [INFO] IPUIPlugin:80 - create IPUIPlugin
2024-02-29 18:01:22,991 [INFO] PluginManager:220 - loadIPPluginJar : add ucpd
2024-02-29 18:01:22,993 [INFO] IPUIPlugin:80 - create IPUIPlugin
2024-02-29 18:01:22,993 [INFO] PluginManager:220 - loadIPPluginJar : add usart
2024-02-29 18:01:22,996 [INFO] IPUIPlugin:80 - create IPUIPlugin
2024-02-29 18:01:22,996 [INFO] PluginManager:220 - loadIPPluginJar : add usbx
2024-02-29 18:01:23,120 [INFO] CADModel:165 - CPN selected for project level
2024-02-29 18:01:23,120 [INFO] CADModel:114 - Register for checkConnection events
2024-02-29 18:01:23,120 [FATAL] Updater:308 - Updater called before beeing initialized
2024-02-29 18:01:23,120 [ERROR] CADModel:125 - Updater not yet initialized, retry later 
2024-02-29 18:01:23,196 [INFO] CADModel:165 - CPN selected for project level
2024-02-29 18:01:23,196 [INFO] CADModel:114 - Register for checkConnection events
2024-02-29 18:01:23,196 [FATAL] Updater:308 - Updater called before beeing initialized
2024-02-29 18:01:23,197 [ERROR] CADModel:125 - Updater not yet initialized, retry later 
2024-02-29 18:01:23,199 [FATAL] Updater:308 - Updater called before beeing initialized
2024-02-29 18:01:23,300 [FATAL] Updater:308 - Updater called before beeing initialized
2024-02-29 18:01:23,303 [INFO] DbMcusAds:53 - JSON generation date=Wed Nov 29 13:52:27 TRT 2023 (1701255147349)
2024-02-29 18:01:23,303 [FATAL] Updater:308 - Updater called before beeing initialized
2024-02-29 18:01:23,336 [WARN] DetailPanel:346 - Failed to get advertising image, set to default
2024-02-29 18:01:23,417 [FATAL] Updater:308 - Updater called before beeing initialized
2024-02-29 18:01:23,418 [FATAL] Updater:308 - Updater called before beeing initialized
2024-02-29 18:01:23,418 [FATAL] Updater:308 - Updater called before beeing initialized
2024-02-29 18:01:23,418 [WARN] DetailPanel:346 - Failed to get advertising image, set to default
2024-02-29 18:01:23,418 [FATAL] Updater:308 - Updater called before beeing initialized
2024-02-29 18:01:23,450 [ERROR] Updater:1120 - MainUpdater not yet initialized. External WinMGr cannot be set.
2024-02-29 18:01:23,451 [INFO] Updater:1056 - Updater Version found : 6.10.0
2024-02-29 18:01:23,461 [INFO] ApplicationProperties:184 - Using Application install path: C:\ST\STM32CubeIDE_1.13.2\STM32CubeIDE\plugins\com.st.stm32cube.common.mx_6.10.0.202311202037
2024-02-29 18:01:25,034 [ERROR] LogOutputStream:75 - [STDERR_REDIRECT] Feb 29, 2024 6:01:25 PM java.util.prefs.WindowsPreferences <init>
2024-02-29 18:01:25,035 [ERROR] LogOutputStream:75 - [STDERR_REDIRECT] WARNING: Could not open/create prefs root node Software\JavaSoft\Prefs at root 0xffffffff80000002. Windows RegCreateKeyEx(...) returned error code 5.
2024-02-29 18:01:25,035 [ERROR] LogOutputStream:75 - [STDERR_REDIRECT] 
2024-02-29 18:01:25,421 [INFO] MainUpdater:2873 - connection check result : 10
2024-02-29 18:01:25,422 [INFO] MainUpdater:290 - Updater Check For Update Now.
2024-02-29 18:01:25,422 [INFO] MicroXplorer:498 - Change Database Version : DB.6.0.100
2024-02-29 18:01:25,427 [INFO] McuFinderGlobals:63 - Set McuFinder mode to 2 (CubeIDE integrated)
2024-02-29 18:01:25,434 [INFO] UserAuth:404 - Internet connection configuration mode: 1
2024-02-29 18:01:25,448 [INFO] JxBrowserEngine:152 - Initiate JxBrowser Engine with user profile folder
2024-02-29 18:01:25,512 [WARN] MainUpdater:1194 - Updater busy. Cannot search thirdparties
2024-02-29 18:01:25,512 [INFO] ThirdPartyUpdaterWithRetryManager:96 - Updater plugin is busy. [1/15]
2024-02-29 18:01:25,585 [INFO] CheckServerUpdateThread:120 - End of CheckServer Thread
2024-02-29 18:01:25,954 [INFO] WebApp:161 - Instantiating new browser for Auth
2024-02-29 18:01:26,391 [INFO] WebApp:780 - Register for checkConnection events
2024-02-29 18:01:26,392 [INFO] WebApp:414 - Apply proxy settings
2024-02-29 18:01:26,392 [INFO] WebApp:499 - Chromium requires no authentication
2024-02-29 18:01:26,397 [INFO] WebApp:442 - Direct internet connection detected
2024-02-29 18:01:26,509 [INFO] WebApp:192 - Starting web application
2024-02-29 18:01:26,509 [INFO] WebApp:544 - Web application path used C:\ST\STM32CubeIDE_1.13.2\STM32CubeIDE\plugins\com.st.stm32cube.common.mx_6.10.0.202311202037\db\plugins\mcufinder\reactClient1\index.html
2024-02-29 18:01:28,753 [WARN] PackLoader:240 - Cannot read IP mode file for STMicroelectronics.X-CUBE-SMBUS.2.1.0
2024-02-29 18:01:28,763 [WARN] PackLoader:240 - Cannot read IP mode file for STMicroelectronics.X-CUBE-TOUCHGFX.4.23.0
2024-02-29 18:01:28,800 [WARN] PackLoader:240 - Cannot read IP mode file for STMicroelectronics.X-CUBE-AZRTOS-F7.1.1.0
2024-02-29 18:01:28,817 [WARN] PackLoader:240 - Cannot read IP mode file for STMicroelectronics.FP-SNS-MOTENV1.4.3.2
2024-02-29 18:01:28,828 [WARN] PackLoader:240 - Cannot read IP mode file for STMicroelectronics.FP-SNS-FLIGHT1.5.0.2
2024-02-29 18:01:28,842 [WARN] PackLoader:240 - Cannot read IP mode file for STMicroelectronics.X-CUBE-DISPLAY.3.0.0
2024-02-29 18:01:28,859 [WARN] PackLoader:240 - Cannot read IP mode file for STMicroelectronics.X-CUBE-BLE1.7.0.0
2024-02-29 18:01:28,868 [WARN] PackLoader:240 - Cannot read IP mode file for emotas.I-CUBE-CANOPEN.1.3.0
2024-02-29 18:01:28,872 [WARN] PackLoader:240 - Cannot read IP mode file for STMicroelectronics.X-CUBE-TOUCHGFX.4.22.1
2024-02-29 18:01:28,890 [INFO] LogOutputStream:77 - [STDOUT_REDIRECT] 1 : Invalid condition id : UX_CORESTACK_Condition cause : null
2024-02-29 18:01:28,891 [INFO] LogOutputStream:77 - [STDOUT_REDIRECT] 1 : Invalid condition id : UX_CORESTACK_Condition cause : null
2024-02-29 18:01:28,893 [INFO] LogOutputStream:77 - [STDOUT_REDIRECT] 1 : Invalid condition id : UX_CORESTACK_Condition cause : null
2024-02-29 18:01:28,894 [INFO] LogOutputStream:77 - [STDOUT_REDIRECT] 1 : Invalid condition id : UX_CORESTACK_Condition cause : null
2024-02-29 18:01:28,896 [INFO] LogOutputStream:77 - [STDOUT_REDIRECT] 1 : Invalid condition id : UX_CORESTACK_Condition cause : null
2024-02-29 18:01:28,902 [WARN] PackLoader:240 - Cannot read IP mode file for STMicroelectronics.X-CUBE-AZRTOS-WL.2.0.0
2024-02-29 18:01:28,917 [WARN] PackLoader:240 - Cannot read IP mode file for WES.I-CUBE-Cesium.1.3.0
2024-02-29 18:01:28,931 [WARN] PackLoader:240 - Cannot read IP mode file for STMicroelectronics.X-CUBE-BLE2.3.3.0
2024-02-29 18:01:28,941 [WARN] PackLoader:240 - Cannot read IP mode file for STMicroelectronics.X-CUBE-ALGOBUILD.1.3.0
2024-02-29 18:01:28,983 [WARN] PackLoader:240 - Cannot read IP mode file for STMicroelectronics.X-CUBE-AZRTOS-G0.1.1.0
2024-02-29 18:01:28,993 [WARN] PackLoader:240 - Cannot read IP mode file for STMicroelectronics.X-CUBE-NFC4.3.0.0
2024-02-29 18:01:29,020 [WARN] PackLoader:240 - Cannot read IP mode file for STMicroelectronics.X-CUBE-BLEMGR.3.0.0
2024-02-29 18:01:29,030 [WARN] PackLoader:240 - Cannot read IP mode file for STMicroelectronics.FP-ATR-SIGFOX1.3.2.0
2024-02-29 18:01:29,038 [WARN] PackLoader:240 - Cannot read IP mode file for STMicroelectronics.X-CUBE-EEPRMA1.5.1.0
2024-02-29 18:01:29,082 [WARN] PackLoader:240 - Cannot read IP mode file for SEGGER.I-CUBE-embOS.1.3.1
2024-02-29 18:01:29,138 [WARN] PackLoader:240 - Cannot read IP mode file for STMicroelectronics.X-CUBE-GNSS1.6.0.0
2024-02-29 18:01:29,162 [WARN] PackLoader:240 - Cannot read IP mode file for STMicroelectronics.X-CUBE-AZRTOS-F4.1.1.0
2024-02-29 18:01:29,171 [WARN] PackLoader:240 - Cannot read IP mode file for wolfSSL.I-CUBE-wolfSSL.5.6.3
2024-02-29 18:01:29,192 [WARN] PackLoader:240 - Cannot read IP mode file for STMicroelectronics.X-CUBE-AZRTOS-L5.2.0.0
2024-02-29 18:01:29,236 [WARN] PackLoader:240 - Cannot read IP mode file for STMicroelectronics.X-CUBE-MEMS1.9.6.0
2024-02-29 18:01:29,483 [WARN] PackLoader:240 - Cannot read IP mode file for STMicroelectronics.X-CUBE-EEPRMA1.4.2.0
2024-02-29 18:01:29,488 [WARN] PackLoader:240 - Cannot read IP mode file for ITTIA_DB.I-CUBE-ITTIADB.8.8.0
2024-02-29 18:01:29,493 [WARN] PackLoader:240 - Cannot read IP mode file for STMicroelectronics.X-CUBE-BLEMGR.2.0.0
2024-02-29 18:01:29,507 [WARN] ConditionMgr:438 - getConditionDescription Invalid condition id : UX DEVICE CLASS RTOS Condition cause : null
2024-02-29 18:01:29,508 [WARN] ConditionMgr:438 - getConditionDescription Invalid condition id : UX DEVICE CLASS RTOS Condition cause : null
2024-02-29 18:01:29,510 [WARN] PackLoader:240 - Cannot read IP mode file for STMicroelectronics.X-CUBE-AZRTOS-H7.3.1.0
2024-02-29 18:01:29,512 [WARN] ConditionMgr:1039 - genDependencies : Invalid condition id : UX DEVICE CLASS RTOS Condition cause : null
2024-02-29 18:01:29,512 [WARN] ConditionMgr:1039 - genDependencies : Invalid condition id : UX DEVICE CLASS RTOS Condition cause : null
2024-02-29 18:01:29,513 [WARN] ConditionMgr:1039 - genDependencies : Invalid condition id : UX DEVICE CLASS RTOS Condition cause : null
2024-02-29 18:01:29,514 [WARN] ConditionMgr:1039 - genDependencies : Invalid condition id : UX DEVICE CLASS RTOS Condition cause : null
2024-02-29 18:01:29,514 [WARN] ConditionMgr:1039 - genDependencies : Invalid condition id : UX DEVICE CLASS RTOS Condition cause : null
2024-02-29 18:01:29,521 [WARN] PackLoader:240 - Cannot read IP mode file for STMicroelectronics.X-CUBE-NFC7.1.0.1
2024-02-29 18:01:29,527 [WARN] PackLoader:240 - Cannot read IP mode file for STMicroelectronics.X-CUBE-EEPRMA1.4.1.0
2024-02-29 18:01:29,532 [WARN] PackLoader:240 - Cannot read IP mode file for STMicroelectronics.X-CUBE-AI.8.1.0
2024-02-29 18:01:29,547 [WARN] ConditionMgr:438 - getConditionDescription Invalid condition id : LAN8742 Phy interface Condition cause : null
2024-02-29 18:01:29,547 [WARN] PackLoader:240 - Cannot read IP mode file for STMicroelectronics.X-CUBE-AZRTOS-L4.2.0.0
2024-02-29 18:01:29,548 [WARN] ConditionMgr:1039 - genDependencies : Invalid condition id : LAN8742 Phy interface Condition cause : null
2024-02-29 18:01:29,549 [WARN] ConditionMgr:1039 - genDependencies : Invalid condition id : LAN8742 Phy interface Condition cause : null
2024-02-29 18:01:29,549 [WARN] ConditionMgr:1039 - genDependencies : Invalid condition id : LAN8742 Phy interface Condition cause : null
2024-02-29 18:01:29,559 [WARN] PackLoader:240 - Cannot read IP mode file for STMicroelectronics.X-CUBE-SFXS2LP1.4.0.0
2024-02-29 18:01:29,565 [WARN] PackLoader:240 - Cannot read IP mode file for STMicroelectronics.X-CUBE-ISPU.1.1.0
2024-02-29 18:01:29,577 [WARN] ConditionMgr:438 - getConditionDescription Invalid condition id : UX DEVICE CLASS RTOS Condition cause : null
2024-02-29 18:01:29,577 [WARN] ConditionMgr:438 - getConditionDescription Invalid condition id : UX DEVICE CLASS RTOS Condition cause : null
2024-02-29 18:01:29,579 [WARN] PackLoader:240 - Cannot read IP mode file for STMicroelectronics.X-CUBE-AZRTOS-WB.2.0.0
2024-02-29 18:01:29,579 [WARN] ConditionMgr:1039 - genDependencies : Invalid condition id : UX DEVICE CLASS RTOS Condition cause : null
2024-02-29 18:01:29,579 [WARN] ConditionMgr:1039 - genDependencies : Invalid condition id : UX DEVICE CLASS RTOS Condition cause : null
2024-02-29 18:01:29,580 [WARN] ConditionMgr:1039 - genDependencies : Invalid condition id : UX DEVICE CLASS RTOS Condition cause : null
2024-02-29 18:01:29,580 [WARN] ConditionMgr:1039 - genDependencies : Invalid condition id : UX DEVICE CLASS RTOS Condition cause : null
2024-02-29 18:01:29,580 [WARN] ConditionMgr:1039 - genDependencies : Invalid condition id : UX DEVICE CLASS RTOS Condition cause : null
2024-02-29 18:01:29,595 [WARN] PackLoader:240 - Cannot read IP mode file for STMicroelectronics.X-CUBE-SUBG2.5.0.0
2024-02-29 18:01:29,607 [WARN] PackLoader:240 - Cannot read IP mode file for STMicroelectronics.X-CUBE-TOF1.3.3.1
2024-02-29 18:01:29,628 [WARN] PackLoader:240 - Cannot read IP mode file for STMicroelectronics.X-CUBE-AZRTOS-G4.2.0.0
2024-02-29 18:01:29,640 [WARN] PackLoader:240 - Cannot read IP mode file for Infineon.AIROC-Wi-Fi-Bluetooth-STM32.1.5.1
2024-02-29 18:01:29,648 [WARN] PackLoader:240 - Cannot read IP mode file for STMicroelectronics.FP-SNS-MOTENVWB1.1.3.1
2024-02-29 18:01:29,653 [WARN] PackLoader:240 - Cannot read IP mode file for STMicroelectronics.X-CUBE-ISPU.2.0.0
2024-02-29 18:01:29,685 [WARN] PackLoader:240 - Cannot read IP mode file for STMicroelectronics.X-CUBE-MEMS1.10.0.0
2024-02-29 18:01:29,791 [WARN] PackLoader:240 - Cannot read IP mode file for STMicroelectronics.X-CUBE-FREERTOS.1.1.0
2024-02-29 18:01:29,797 [WARN] PackLoader:240 - Cannot read IP mode file for portGmbH.I-Cube-SoM-uGOAL.1.1.0
2024-02-29 18:01:29,801 [WARN] PackLoader:240 - Cannot read IP mode file for STMicroelectronics.X-CUBE-ALS.1.0.1
2024-02-29 18:01:29,806 [WARN] PackLoader:240 - Cannot read IP mode file for STMicroelectronics.FP-ATR-ASTRA1.2.0.0
2024-02-29 18:01:29,817 [WARN] PackLoader:240 - Cannot read IP mode file for STMicroelectronics.X-CUBE-TOF1.3.4.0
2024-02-29 18:01:29,849 [WARN] PackLoader:240 - Cannot read IP mode file for STMicroelectronics.X-CUBE-AZRTOS-H7.3.2.0
2024-02-29 18:01:29,853 [INFO] ThirdParty:978 - Integrity check success = true
2024-02-29 18:01:29,854 [INFO] IntegrityCheckThread:100 - exiting critical section [integrity check]
2024-02-29 18:01:29,854 [INFO] IntegrityCheckThread:103 - End integrity checks thread
2024-02-29 18:01:47,068 [ERROR] LogOutputStream:75 - [STDERR_REDIRECT] SLF4J: Failed to load class "org.slf4j.impl.StaticLoggerBinder".
2024-02-29 18:01:47,069 [ERROR] LogOutputStream:75 - [STDERR_REDIRECT] SLF4J: Defaulting to no-operation (NOP) logger implementation
2024-02-29 18:01:47,070 [ERROR] LogOutputStream:75 - [STDERR_REDIRECT] SLF4J: See http://www.slf4j.org/codes.html#StaticLoggerBinder for further details.
2024-02-29 18:02:17,156 [INFO] LogOutputStream:77 - [STDOUT_REDIRECT] StartTraceHandler.execute(), success : Collect=false
2024-02-29 18:02:20,236 [INFO] LogOutputStream:77 - [STDOUT_REDIRECT] StartTraceHandler.execute(), success : Collect=true
2024-02-29 18:02:20,508 [INFO] LogOutputStream:77 - [STDOUT_REDIRECT] StartTraceHandler.execute(), success : Collect=false
2024-02-29 18:02:24,099 [INFO] LogOutputStream:77 - [STDOUT_REDIRECT] StartTraceHandler.execute(), success : Collect=true
2024-02-29 18:02:38,449 [INFO] LogOutputStream:77 - [STDOUT_REDIRECT] StartTraceHandler.execute(), success : Collect=false
2024-02-29 18:03:03,115 [INFO] LogOutputStream:77 - [STDOUT_REDIRECT] StartTraceHandler.execute(), success : Collect=true
2024-02-29 18:03:03,438 [INFO] LogOutputStream:77 - [STDOUT_REDIRECT] StartTraceHandler.execute(), success : Collect=false
2024-02-29 18:03:03,633 [INFO] LogOutputStream:77 - [STDOUT_REDIRECT] StartTraceHandler.execute(), success : Collect=true
2024-02-29 18:03:03,766 [INFO] LogOutputStream:77 - [STDOUT_REDIRECT] StartTraceHandler.execute(), success : Collect=false
2024-02-29 18:03:03,926 [INFO] LogOutputStream:77 - [STDOUT_REDIRECT] StartTraceHandler.execute(), success : Collect=true
2024-02-29 18:03:04,046 [INFO] LogOutputStream:77 - [STDOUT_REDIRECT] StartTraceHandler.execute(), success : Collect=false
2024-02-29 18:03:04,214 [INFO] LogOutputStream:77 - [STDOUT_REDIRECT] StartTraceHandler.execute(), success : Collect=true
2024-02-29 18:03:04,346 [INFO] LogOutputStream:77 - [STDOUT_REDIRECT] StartTraceHandler.execute(), success : Collect=false
2024-02-29 18:03:05,417 [INFO] LogOutputStream:77 - [STDOUT_REDIRECT] StartTraceHandler.execute(), success : Collect=true
2024-02-29 18:36:26,808 [INFO] McuFinderGlobals:63 - Set McuFinder mode to 2 (CubeIDE integrated)
2024-02-29 18:36:26,834 [INFO] MainUpdater:2873 - connection check result : 10
2024-02-29 18:36:26,859 [INFO] McuFinderGlobals:76 - Set McuFinderConnectedMode to true
2024-02-29 18:36:27,184 [INFO] ServerAccessManage:473 - Download File mcusAds.json._tmp_
2024-02-29 18:36:27,293 [INFO] LoadUrlFilesThread:156 - End of LoadUrlFiles Thread
2024-02-29 18:36:27,727 [INFO] ServerAccessManage:473 - Download File cube-finder-db.zip
2024-02-29 18:36:40,864 [INFO] FileExtend:240 - Unzip File : cube-finder-db.zip
2024-02-29 18:36:40,864 [INFO] FileExtend:255 - Standard Zip Deflate
2024-02-29 18:36:41,707 [INFO] LoadUrlFilesThread:156 - End of LoadUrlFiles Thread
2024-02-29 18:36:42,097 [INFO] ServerAccessManage:473 - Download File crdb.zip
2024-02-29 18:36:42,508 [INFO] FileExtend:240 - Unzip File : crdb.zip
2024-02-29 18:36:42,508 [INFO] FileExtend:255 - Standard Zip Deflate
2024-02-29 18:36:42,638 [INFO] LoadUrlFilesThread:156 - End of LoadUrlFiles Thread
2024-02-29 18:36:42,922 [INFO] ServerAccessManage:473 - Download File tutoVideoDB.zip
2024-02-29 18:36:42,971 [INFO] FileExtend:240 - Unzip File : tutoVideoDB.zip
2024-02-29 18:36:42,971 [INFO] FileExtend:255 - Standard Zip Deflate
2024-02-29 18:36:43,084 [INFO] LoadUrlFilesThread:156 - End of LoadUrlFiles Thread
2024-02-29 18:36:43,085 [WARN] DbFile:41 - Overriding database path with different value: C:\Users\islam\.stmcufinder\plugins\mcufinder/ => C:\Users\islam\.stmcufinder\plugins\mcufinder
2024-02-29 18:36:43,304 [INFO] ServerAccessManage:473 - Download File api_config.json
2024-02-29 18:36:43,409 [INFO] LoadUrlFilesThread:156 - End of LoadUrlFiles Thread
2024-02-29 18:36:43,412 [INFO] DbMcusAds:53 - JSON generation date=Wed Nov 29 13:52:27 TRT 2023 (1701255147349)
2024-02-29 18:36:43,436 [INFO] LoadUrlFilesThread:185 - End of LoadServerUrlFiles without Thread
2024-02-29 18:36:43,437 [INFO] TargetSelectorAdapter:259 - Refresh data is successful
2024-02-29 18:36:43,623 [INFO] ApiDb:581 - Connected to CubeFinder SQLite database (C:\Users\islam\.stmcufinder\plugins\mcufinder\mcu\cube-finder-db.db)
2024-02-29 18:36:43,687 [INFO] ApiDb:668 - CubeFinder database Data Model version=2.1
2024-02-29 18:36:43,688 [INFO] ApiDb:669 - CubeFinder database Configuration version=3.0.39
2024-02-29 18:36:43,689 [INFO] ApiDb:670 - CubeFinder database generation date=2024-02-19 (1708350410)
2024-02-29 18:36:43,689 [INFO] ApiDb:671 - CubeFinder database FW Pack versions=[FP-ATR-ASTRA1_V2.0.0, FP-SNS-FLIGHT1_V5.0.1, FP-SNS-FLIGHT1_V5.0.2, FP-SNS-MOTENV1_V4.3.1, FP-SNS-MOTENV1_V4.3.2, FP-SNS-MOTENVWB1_V1.3.1, FP-SNS-SMARTAG2_V1.2.0, STM32Cube_FW_C0_V1.1.0, STM32Cube_FW_F4_V1.28.0, STM32Cube_FW_F7_V1.17.0, STM32Cube_FW_G0_V1.6.2, STM32Cube_FW_G4_V1.5.2, STM32Cube_FW_H5_V0.5.1, STM32Cube_FW_H5_V1.1.1, STM32Cube_FW_H5_V1.2.0RC2, STM32Cube_FW_H7_V1.11.0, STM32Cube_FW_L0_V1.12.2, STM32Cube_FW_L5_V1.5.0, STM32Cube_FW_U5_V1.3.0RC4, STM32Cube_FW_U5_V1.4.0, STM32Cube_FW_WBA_V1.0.0RC1, STM32Cube_FW_WBA_V1.1.0RC1, STM32Cube_FW_WBA_V1.2.0, STM32Cube_FW_WBA_V1.2.0RC2, STM32Cube_FW_WB_V1.15.0RC1, STM32Cube_FW_WB_V1.16.0, STM32Cube_FW_WB_V1.16.0RC2, STM32Cube_FW_WB_V1.18.0, STM32Cube_FW_WL_V1.3.0, X-CUBE-ALGOBUILD_V1.3.0, X-CUBE-ALS_V1.0.1, X-CUBE-AZRTOS-F4_V1.1.0, X-CUBE-AZRTOS-F7_V1.1.0, X-CUBE-AZRTOS-G0_V1.1.0, X-CUBE-AZRTOS-G4_V2.0.0, X-CUBE-AZRTOS-H7_V3.2.0, X-CUBE-AZRTOS-L4_V1.0.0, X-CUBE-AZRTOS-L4_V2.0.0, X-CUBE-AZRTOS-L5_V1.1.0, X-CUBE-AZRTOS-WB_V2.0.0, X-CUBE-AZRTOS-WL_V2.0.0, X-CUBE-BLE1_V7.0.0, X-CUBE-BLE2_V3.3.0, X-CUBE-BLEMGR_V3.0.0, X-CUBE-EEPRMA1_V4.1.0, X-CUBE-EEPRMA1_V5.1.0, X-CUBE-FREERTOS_V1.1.0, X-CUBE-GNSS1_V6.0.0, X-CUBE-MEMS1_V10.0.0, X-CUBE-MEMS1_V9.1.0, X-CUBE-MEMS1_V9.4.0, X-CUBE-MEMS1_V9.6.0, X-CUBE-NFC4_V3.0.0, X-CUBE-NFC7_V1.0.1, X-CUBE-SFXS2LP1_V4.0.0, X-CUBE-SUBG2_V5.0.0, X-CUBE-TOF1_V3.4.0]
2024-02-29 18:36:45,417 [INFO] ApiDb:240 - Found 371 in-development CPN: [B-G473E-ZEST1S, B-WB1M-WPAN1, B-WL5M-SUBG1, NUCLEO-C031C6, NUCLEO-H503RB, NUCLEO-H563ZI, NUCLEO-U545RE-Q, NUCLEO-U5A5ZJ-Q, NUCLEO-WBA52CG, NUCLEO-WBA55CG, STEVAL-MKBOXPRO, STEVAL-PROTEUS1, STEVAL-STWINBX1, STM320518-EVAL, STM32C0116-DK, STM32C011D6Y3TR, STM32C011D6Y6TR, STM32C011F4P3, STM32C011F4P6, STM32C011F4U3, STM32C011F4U6TR, STM32C011F6P3, STM32C011F6P6, STM32C011F6U3, STM32C011F6U6TR, STM32C011J4M3, STM32C011J4M6, STM32C011J6M3, STM32C011J6M6, STM32C0316-DK, STM32C031C4T3, STM32C031C4T6, STM32C031C4U3, STM32C031C4U6, STM32C031C6T3, STM32C031C6T6, STM32C031C6U3, STM32C031C6U6, STM32C031F4P3, STM32C031F4P6, STM32C031F6P3, STM32C031F6P6, STM32C031G4U3, STM32C031G4U6, STM32C031G6U3, STM32C031G6U6, STM32C031K4T3, STM32C031K4T6, STM32C031K4U3, STM32C031K4U6, STM32C031K6T3, STM32C031K6T6, STM32C031K6U3, STM32C031K6U6, STM32G071K8TXN, STM32G071K8UXN, STM32G081GBU6N, STM32G081KBT6N, STM32G081KBUXN, STM32G0B1CCT6N, STM32G0B1KCT6, STM32G0B1NEY6TR, STM32G0B1RCT6N, STM32G0C1CCT6, STM32G0C1CCT6N, STM32G0C1CCU6N, STM32G0C1CET6N, STM32G0C1CEU6N, STM32G0C1KCT6, STM32G0C1NEY6TR, STM32G0C1RCI6N, STM32G0C1RCT6N, STM32G0C1REI6N, STM32G0C1RET6N, STM32G0C1VCI6, STM32G0C1VEI6, STM32G471CCT6, STM32G471CCU6, STM32G471CET3, STM32G471CET6, STM32G471CEU3, STM32G471CEU6, STM32G471MCT6, STM32G471MET3, STM32G471MET6, STM32G471MEY6TR, STM32G471QCT6, STM32G471QET3, STM32G471RCT6, STM32G471RET3, STM32G471RET6, STM32G471VCH6, STM32G471VCI6, STM32G471VCT6, STM32G471VEH3, STM32G471VEH6, STM32G471VEI3, STM32G471VEI6, STM32G471VET3, STM32G471VET6, STM32G474CCT6, STM32H503CBT6, STM32H503CBU6, STM32H503EBY6TR, STM32H503KBU6, STM32H503RBT6, STM32H562AGI6, STM32H562AII6, STM32H562IGK6, STM32H562IGT6, STM32H562IIK6, STM32H562IIT6, STM32H562RGT6, STM32H562RGV6, STM32H562RIT6, STM32H562RIV6, STM32H562VGT6, STM32H562VIT6, STM32H562ZGT6, STM32H562ZIT6, STM32H563AGI6, STM32H563AII3Q, STM32H563AII6, STM32H563IGK6, STM32H563IGT6, STM32H563IIK3Q, STM32H563IIK6, STM32H563IIT3Q, STM32H563IIT6, STM32H563MIY3QTR, STM32H563RGT6, STM32H563RGV6, STM32H563RIT6, STM32H563RIV6, STM32H563VGT6, STM32H563VIT3Q, STM32H563VIT6, STM32H563ZGT6, STM32H563ZIT3Q, STM32H563ZIT6, STM32H573AII3Q, STM32H573AII6, STM32H573I-DK, STM32H573IIK3Q, STM32H573IIK6, STM32H573IIT3Q, STM32H573IIT6, STM32H573MIY3QTR, STM32H573RIT6, STM32H573RIV6, STM32H573VIT3Q, STM32H573VIT6, STM32H573ZIT3Q, STM32H573ZIT6, STM32L4R5QGI6STR, STM32MP131AAE3, STM32MP131AAF3, STM32MP131AAG3, STM32MP131CAE3, STM32MP131CAF3, STM32MP131CAG3, STM32MP131DAE7, STM32MP131DAF7, STM32MP131DAG7, STM32MP131FAE7, STM32MP131FAF7, STM32MP131FAG7, STM32MP133AAE3, STM32MP133AAF3, STM32MP133AAG3, STM32MP133CAE3, STM32MP133CAF3, STM32MP133CAG3, STM32MP133DAE7, STM32MP133DAF7, STM32MP133DAG7, STM32MP133FAE7, STM32MP133FAF7, STM32MP133FAG7, STM32MP135AAE3, STM32MP135AAF3, STM32MP135AAG3, STM32MP135CAE3, STM32MP135CAF3, STM32MP135CAG3, STM32MP135DAE7, STM32MP135DAF7, STM32MP135DAG7, STM32MP135F-DK, STM32MP135FAE7, STM32MP135FAF7, STM32MP135FAF7T, STM32MP135FAF7U, STM32MP135FAG7, STM32U535CBT6, STM32U535CBT6Q, STM32U535CBU6, STM32U535CBU6Q, STM32U535CCT6, STM32U535CCT6Q, STM32U535CCU6, STM32U535CCU6Q, STM32U535CET6, STM32U535CET6Q, STM32U535CEU6, STM32U535CEU6Q, STM32U535JEY6QTR, STM32U535NCY6QTR, STM32U535NEY6QTR, STM32U535RBI6, STM32U535RBI6Q, STM32U535RBT6, STM32U535RBT6Q, STM32U535RCI6, STM32U535RCI6Q, STM32U535RCT6, STM32U535RCT6Q, STM32U535REI6, STM32U535REI6Q, STM32U535RET6, STM32U535RET6Q, STM32U535VCI6, STM32U535VCI6Q, STM32U535VCT6, STM32U535VCT6Q, STM32U535VEI6, STM32U535VEI6Q, STM32U535VET6, STM32U535VET6Q, STM32U545CET6, STM32U545CET6Q, STM32U545CEU6, STM32U545CEU6Q, STM32U545JEY6QTR, STM32U545NEY6QTR, STM32U545REI6, STM32U545REI6Q, STM32U545RET6, STM32U545RET6Q, STM32U545VEI6, STM32U545VEI6Q, STM32U545VET6, STM32U545VET6Q, STM32U595AIH6, STM32U595AIH6Q, STM32U595AJH6, STM32U595AJH6Q, STM32U595QII6, STM32U595QII6Q, STM32U595QJI6, STM32U595QJI6Q, STM32U595RIT6, STM32U595RIT6Q, STM32U595RJT6, STM32U595RJT6Q, STM32U595VIT6, STM32U595VIT6Q, STM32U595VJT6, STM32U595VJT6Q, STM32U595ZIT6, STM32U595ZIT6Q, STM32U595ZIY6QTR, STM32U595ZJT6, STM32U595ZJT6Q, STM32U595ZJY6QTR, STM32U599BJY6QTR, STM32U599NIH6Q, STM32U599NJH6Q, STM32U599VIT6Q, STM32U599VJT6, STM32U599VJT6Q, STM32U599ZIT6Q, STM32U599ZIY6QTR, STM32U599ZJT6Q, STM32U599ZJY6QTR, STM32U5A5AJH6, STM32U5A5AJH6Q, STM32U5A5QJI6, STM32U5A5QJI6Q, STM32U5A5RJT6, STM32U5A5RJT6Q, STM32U5A5VJT6, STM32U5A5VJT6Q, STM32U5A5ZJT6, STM32U5A5ZJT6Q, STM32U5A5ZJY6QTR, STM32U5A9BJY6QTR, STM32U5A9J-DK, STM32U5A9NJH6Q, STM32U5A9VJT6Q, STM32U5A9ZJT6Q, STM32U5A9ZJY6QTR, STM32U5F7VIT6, STM32U5F7VIT6Q, STM32U5F7VJT6, STM32U5F7VJT6Q, STM32U5F9BJY6QTR, STM32U5F9NJH6Q, STM32U5F9VIT6Q, STM32U5F9VJT6Q, STM32U5F9ZIJ6QTR, STM32U5F9ZIT6Q, STM32U5F9ZJJ6QTR, STM32U5F9ZJT6Q, STM32U5G7VJT6, STM32U5G7VJT6Q, STM32U5G9BJY6QTR, STM32U5G9J-DK1, STM32U5G9J-DK2, STM32U5G9NJH6Q, STM32U5G9VJT6Q, STM32U5G9ZJJ6QTR, STM32U5G9ZJT6Q, STM32WB1MMCH6, STM32WBA50KEU6, STM32WBA50KEU6TR, STM32WBA50KGU6, STM32WBA50KGU6TR, STM32WBA52CEU6, STM32WBA52CEU6TR, STM32WBA52CEU7, STM32WBA52CEU7TR, STM32WBA52CGU6, STM32WBA52CGU6TR, STM32WBA52CGU6U, STM32WBA52CGU7, STM32WBA52CGU7TR, STM32WBA52KEU6, STM32WBA52KEU6TR, STM32WBA52KGU6, STM32WBA52KGU6TR, STM32WBA54CEU6, STM32WBA54CEU6TR, STM32WBA54CEU7, STM32WBA54CEU7TR, STM32WBA54CGU6, STM32WBA54CGU6TR, STM32WBA54CGU7, STM32WBA54CGU7TR, STM32WBA54KEU6, STM32WBA54KEU6TR, STM32WBA54KEU7, STM32WBA54KEU7TR, STM32WBA54KGU6, STM32WBA54KGU6TR, STM32WBA54KGU7, STM32WBA54KGU7TR, STM32WBA55CEU6, STM32WBA55CEU6TR, STM32WBA55CEU7, STM32WBA55CEU7TR, STM32WBA55CGU6, STM32WBA55CGU6TR, STM32WBA55CGU6U, STM32WBA55CGU7, STM32WBA55CGU7TR, STM32WBA55G-DK1, STM32WBA55HEF6, STM32WBA55HEF7, STM32WBA55HGF6, STM32WBA55HGF7, STM32WBA55UEI6, STM32WBA55UEI6TR, STM32WBA55UEI7, STM32WBA55UEI7TR, STM32WBA55UGI6, STM32WBA55UGI6TR, STM32WBA55UGI7, STM32WBA55UGI7TR, STM32WL5MOCH6, STM32WL5MOCH6TR]
2024-02-29 18:36:45,420 [INFO] DbMcus:218 - Found 3930 MCUs, 3930 are supported
2024-02-29 18:36:45,421 [INFO] ApiDb:423 - Load user favorites file C:\Users\islam/.stm32cubeide/favorites.mcus.txt: 0 item(s)
2024-02-29 18:36:45,421 [INFO] ApiDb:427 - User favorites MCUs=[]
2024-02-29 18:36:45,421 [INFO] DbMcus:224 - Set 0 / 0 favorites MCUs
2024-02-29 18:36:45,594 [INFO] ApiDb:668 - CubeFinder database Data Model version=2.1
2024-02-29 18:36:45,594 [INFO] ApiDb:669 - CubeFinder database Configuration version=3.0.39
2024-02-29 18:36:45,594 [INFO] ApiDb:670 - CubeFinder database generation date=2024-02-19 (1708350410)
2024-02-29 18:36:45,594 [INFO] ApiDb:671 - CubeFinder database FW Pack versions=[FP-ATR-ASTRA1_V2.0.0, FP-SNS-FLIGHT1_V5.0.1, FP-SNS-FLIGHT1_V5.0.2, FP-SNS-MOTENV1_V4.3.1, FP-SNS-MOTENV1_V4.3.2, FP-SNS-MOTENVWB1_V1.3.1, FP-SNS-SMARTAG2_V1.2.0, STM32Cube_FW_C0_V1.1.0, STM32Cube_FW_F4_V1.28.0, STM32Cube_FW_F7_V1.17.0, STM32Cube_FW_G0_V1.6.2, STM32Cube_FW_G4_V1.5.2, STM32Cube_FW_H5_V0.5.1, STM32Cube_FW_H5_V1.1.1, STM32Cube_FW_H5_V1.2.0RC2, STM32Cube_FW_H7_V1.11.0, STM32Cube_FW_L0_V1.12.2, STM32Cube_FW_L5_V1.5.0, STM32Cube_FW_U5_V1.3.0RC4, STM32Cube_FW_U5_V1.4.0, STM32Cube_FW_WBA_V1.0.0RC1, STM32Cube_FW_WBA_V1.1.0RC1, STM32Cube_FW_WBA_V1.2.0, STM32Cube_FW_WBA_V1.2.0RC2, STM32Cube_FW_WB_V1.15.0RC1, STM32Cube_FW_WB_V1.16.0, STM32Cube_FW_WB_V1.16.0RC2, STM32Cube_FW_WB_V1.18.0, STM32Cube_FW_WL_V1.3.0, X-CUBE-ALGOBUILD_V1.3.0, X-CUBE-ALS_V1.0.1, X-CUBE-AZRTOS-F4_V1.1.0, X-CUBE-AZRTOS-F7_V1.1.0, X-CUBE-AZRTOS-G0_V1.1.0, X-CUBE-AZRTOS-G4_V2.0.0, X-CUBE-AZRTOS-H7_V3.2.0, X-CUBE-AZRTOS-L4_V1.0.0, X-CUBE-AZRTOS-L4_V2.0.0, X-CUBE-AZRTOS-L5_V1.1.0, X-CUBE-AZRTOS-WB_V2.0.0, X-CUBE-AZRTOS-WL_V2.0.0, X-CUBE-BLE1_V7.0.0, X-CUBE-BLE2_V3.3.0, X-CUBE-BLEMGR_V3.0.0, X-CUBE-EEPRMA1_V4.1.0, X-CUBE-EEPRMA1_V5.1.0, X-CUBE-FREERTOS_V1.1.0, X-CUBE-GNSS1_V6.0.0, X-CUBE-MEMS1_V10.0.0, X-CUBE-MEMS1_V9.1.0, X-CUBE-MEMS1_V9.4.0, X-CUBE-MEMS1_V9.6.0, X-CUBE-NFC4_V3.0.0, X-CUBE-NFC7_V1.0.1, X-CUBE-SFXS2LP1_V4.0.0, X-CUBE-SUBG2_V5.0.0, X-CUBE-TOF1_V3.4.0]
2024-02-29 18:36:45,645 [INFO] DbBoardsSqlite:226 - include board P-NUCLEO-WB55-NUCLEO as a kit item of type 'Nucleo-64'
2024-02-29 18:36:45,645 [INFO] DbBoardsSqlite:226 - include board P-NUCLEO-WB55-USBDONGLE as a kit item of type 'Nucleo USB Dongle'
2024-02-29 18:36:45,645 [INFO] DbBoardsSqlite:226 - include board STEVAL-IDP005V1 as a kit item of type 'Evaluation Board'
2024-02-29 18:36:45,646 [INFO] DbBoardsSqlite:226 - include board STEVAL-IDP005V2 as a kit item of type 'Evaluation Board'
2024-02-29 18:36:45,691 [INFO] ApiDb:240 - Found 371 in-development CPN: [B-G473E-ZEST1S, B-WB1M-WPAN1, B-WL5M-SUBG1, NUCLEO-C031C6, NUCLEO-H503RB, NUCLEO-H563ZI, NUCLEO-U545RE-Q, NUCLEO-U5A5ZJ-Q, NUCLEO-WBA52CG, NUCLEO-WBA55CG, STEVAL-MKBOXPRO, STEVAL-PROTEUS1, STEVAL-STWINBX1, STM320518-EVAL, STM32C0116-DK, STM32C011D6Y3TR, STM32C011D6Y6TR, STM32C011F4P3, STM32C011F4P6, STM32C011F4U3, STM32C011F4U6TR, STM32C011F6P3, STM32C011F6P6, STM32C011F6U3, STM32C011F6U6TR, STM32C011J4M3, STM32C011J4M6, STM32C011J6M3, STM32C011J6M6, STM32C0316-DK, STM32C031C4T3, STM32C031C4T6, STM32C031C4U3, STM32C031C4U6, STM32C031C6T3, STM32C031C6T6, STM32C031C6U3, STM32C031C6U6, STM32C031F4P3, STM32C031F4P6, STM32C031F6P3, STM32C031F6P6, STM32C031G4U3, STM32C031G4U6, STM32C031G6U3, STM32C031G6U6, STM32C031K4T3, STM32C031K4T6, STM32C031K4U3, STM32C031K4U6, STM32C031K6T3, STM32C031K6T6, STM32C031K6U3, STM32C031K6U6, STM32G071K8TXN, STM32G071K8UXN, STM32G081GBU6N, STM32G081KBT6N, STM32G081KBUXN, STM32G0B1CCT6N, STM32G0B1KCT6, STM32G0B1NEY6TR, STM32G0B1RCT6N, STM32G0C1CCT6, STM32G0C1CCT6N, STM32G0C1CCU6N, STM32G0C1CET6N, STM32G0C1CEU6N, STM32G0C1KCT6, STM32G0C1NEY6TR, STM32G0C1RCI6N, STM32G0C1RCT6N, STM32G0C1REI6N, STM32G0C1RET6N, STM32G0C1VCI6, STM32G0C1VEI6, STM32G471CCT6, STM32G471CCU6, STM32G471CET3, STM32G471CET6, STM32G471CEU3, STM32G471CEU6, STM32G471MCT6, STM32G471MET3, STM32G471MET6, STM32G471MEY6TR, STM32G471QCT6, STM32G471QET3, STM32G471RCT6, STM32G471RET3, STM32G471RET6, STM32G471VCH6, STM32G471VCI6, STM32G471VCT6, STM32G471VEH3, STM32G471VEH6, STM32G471VEI3, STM32G471VEI6, STM32G471VET3, STM32G471VET6, STM32G474CCT6, STM32H503CBT6, STM32H503CBU6, STM32H503EBY6TR, STM32H503KBU6, STM32H503RBT6, STM32H562AGI6, STM32H562AII6, STM32H562IGK6, STM32H562IGT6, STM32H562IIK6, STM32H562IIT6, STM32H562RGT6, STM32H562RGV6, STM32H562RIT6, STM32H562RIV6, STM32H562VGT6, STM32H562VIT6, STM32H562ZGT6, STM32H562ZIT6, STM32H563AGI6, STM32H563AII3Q, STM32H563AII6, STM32H563IGK6, STM32H563IGT6, STM32H563IIK3Q, STM32H563IIK6, STM32H563IIT3Q, STM32H563IIT6, STM32H563MIY3QTR, STM32H563RGT6, STM32H563RGV6, STM32H563RIT6, STM32H563RIV6, STM32H563VGT6, STM32H563VIT3Q, STM32H563VIT6, STM32H563ZGT6, STM32H563ZIT3Q, STM32H563ZIT6, STM32H573AII3Q, STM32H573AII6, STM32H573I-DK, STM32H573IIK3Q, STM32H573IIK6, STM32H573IIT3Q, STM32H573IIT6, STM32H573MIY3QTR, STM32H573RIT6, STM32H573RIV6, STM32H573VIT3Q, STM32H573VIT6, STM32H573ZIT3Q, STM32H573ZIT6, STM32L4R5QGI6STR, STM32MP131AAE3, STM32MP131AAF3, STM32MP131AAG3, STM32MP131CAE3, STM32MP131CAF3, STM32MP131CAG3, STM32MP131DAE7, STM32MP131DAF7, STM32MP131DAG7, STM32MP131FAE7, STM32MP131FAF7, STM32MP131FAG7, STM32MP133AAE3, STM32MP133AAF3, STM32MP133AAG3, STM32MP133CAE3, STM32MP133CAF3, STM32MP133CAG3, STM32MP133DAE7, STM32MP133DAF7, STM32MP133DAG7, STM32MP133FAE7, STM32MP133FAF7, STM32MP133FAG7, STM32MP135AAE3, STM32MP135AAF3, STM32MP135AAG3, STM32MP135CAE3, STM32MP135CAF3, STM32MP135CAG3, STM32MP135DAE7, STM32MP135DAF7, STM32MP135DAG7, STM32MP135F-DK, STM32MP135FAE7, STM32MP135FAF7, STM32MP135FAF7T, STM32MP135FAF7U, STM32MP135FAG7, STM32U535CBT6, STM32U535CBT6Q, STM32U535CBU6, STM32U535CBU6Q, STM32U535CCT6, STM32U535CCT6Q, STM32U535CCU6, STM32U535CCU6Q, STM32U535CET6, STM32U535CET6Q, STM32U535CEU6, STM32U535CEU6Q, STM32U535JEY6QTR, STM32U535NCY6QTR, STM32U535NEY6QTR, STM32U535RBI6, STM32U535RBI6Q, STM32U535RBT6, STM32U535RBT6Q, STM32U535RCI6, STM32U535RCI6Q, STM32U535RCT6, STM32U535RCT6Q, STM32U535REI6, STM32U535REI6Q, STM32U535RET6, STM32U535RET6Q, STM32U535VCI6, STM32U535VCI6Q, STM32U535VCT6, STM32U535VCT6Q, STM32U535VEI6, STM32U535VEI6Q, STM32U535VET6, STM32U535VET6Q, STM32U545CET6, STM32U545CET6Q, STM32U545CEU6, STM32U545CEU6Q, STM32U545JEY6QTR, STM32U545NEY6QTR, STM32U545REI6, STM32U545REI6Q, STM32U545RET6, STM32U545RET6Q, STM32U545VEI6, STM32U545VEI6Q, STM32U545VET6, STM32U545VET6Q, STM32U595AIH6, STM32U595AIH6Q, STM32U595AJH6, STM32U595AJH6Q, STM32U595QII6, STM32U595QII6Q, STM32U595QJI6, STM32U595QJI6Q, STM32U595RIT6, STM32U595RIT6Q, STM32U595RJT6, STM32U595RJT6Q, STM32U595VIT6, STM32U595VIT6Q, STM32U595VJT6, STM32U595VJT6Q, STM32U595ZIT6, STM32U595ZIT6Q, STM32U595ZIY6QTR, STM32U595ZJT6, STM32U595ZJT6Q, STM32U595ZJY6QTR, STM32U599BJY6QTR, STM32U599NIH6Q, STM32U599NJH6Q, STM32U599VIT6Q, STM32U599VJT6, STM32U599VJT6Q, STM32U599ZIT6Q, STM32U599ZIY6QTR, STM32U599ZJT6Q, STM32U599ZJY6QTR, STM32U5A5AJH6, STM32U5A5AJH6Q, STM32U5A5QJI6, STM32U5A5QJI6Q, STM32U5A5RJT6, STM32U5A5RJT6Q, STM32U5A5VJT6, STM32U5A5VJT6Q, STM32U5A5ZJT6, STM32U5A5ZJT6Q, STM32U5A5ZJY6QTR, STM32U5A9BJY6QTR, STM32U5A9J-DK, STM32U5A9NJH6Q, STM32U5A9VJT6Q, STM32U5A9ZJT6Q, STM32U5A9ZJY6QTR, STM32U5F7VIT6, STM32U5F7VIT6Q, STM32U5F7VJT6, STM32U5F7VJT6Q, STM32U5F9BJY6QTR, STM32U5F9NJH6Q, STM32U5F9VIT6Q, STM32U5F9VJT6Q, STM32U5F9ZIJ6QTR, STM32U5F9ZIT6Q, STM32U5F9ZJJ6QTR, STM32U5F9ZJT6Q, STM32U5G7VJT6, STM32U5G7VJT6Q, STM32U5G9BJY6QTR, STM32U5G9J-DK1, STM32U5G9J-DK2, STM32U5G9NJH6Q, STM32U5G9VJT6Q, STM32U5G9ZJJ6QTR, STM32U5G9ZJT6Q, STM32WB1MMCH6, STM32WBA50KEU6, STM32WBA50KEU6TR, STM32WBA50KGU6, STM32WBA50KGU6TR, STM32WBA52CEU6, STM32WBA52CEU6TR, STM32WBA52CEU7, STM32WBA52CEU7TR, STM32WBA52CGU6, STM32WBA52CGU6TR, STM32WBA52CGU6U, STM32WBA52CGU7, STM32WBA52CGU7TR, STM32WBA52KEU6, STM32WBA52KEU6TR, STM32WBA52KGU6, STM32WBA52KGU6TR, STM32WBA54CEU6, STM32WBA54CEU6TR, STM32WBA54CEU7, STM32WBA54CEU7TR, STM32WBA54CGU6, STM32WBA54CGU6TR, STM32WBA54CGU7, STM32WBA54CGU7TR, STM32WBA54KEU6, STM32WBA54KEU6TR, STM32WBA54KEU7, STM32WBA54KEU7TR, STM32WBA54KGU6, STM32WBA54KGU6TR, STM32WBA54KGU7, STM32WBA54KGU7TR, STM32WBA55CEU6, STM32WBA55CEU6TR, STM32WBA55CEU7, STM32WBA55CEU7TR, STM32WBA55CGU6, STM32WBA55CGU6TR, STM32WBA55CGU6U, STM32WBA55CGU7, STM32WBA55CGU7TR, STM32WBA55G-DK1, STM32WBA55HEF6, STM32WBA55HEF7, STM32WBA55HGF6, STM32WBA55HGF7, STM32WBA55UEI6, STM32WBA55UEI6TR, STM32WBA55UEI7, STM32WBA55UEI7TR, STM32WBA55UGI6, STM32WBA55UGI6TR, STM32WBA55UGI7, STM32WBA55UGI7TR, STM32WL5MOCH6, STM32WL5MOCH6TR]
2024-02-29 18:36:45,779 [INFO] BoardInfo:889 - No configuration file found for board P-NUCLEO-WB55
2024-02-29 18:36:45,780 [INFO] DbBoards:161 - Kit is not supported: P-NUCLEO-WB55
2024-02-29 18:36:45,784 [INFO] BoardInfo:889 - No configuration file found for board STEVAL-BFA001V1B
2024-02-29 18:36:45,784 [INFO] DbBoards:161 - Kit is not supported: STEVAL-BFA001V1B
2024-02-29 18:36:45,785 [INFO] BoardInfo:889 - No configuration file found for board STEVAL-BFA001V2B
2024-02-29 18:36:45,786 [INFO] DbBoards:161 - Kit is not supported: STEVAL-BFA001V2B
2024-02-29 18:36:45,912 [INFO] DbBoards:168 - Found 193 boards, 190 are supported
2024-02-29 18:36:45,912 [INFO] DbBoards:169 - Found 193 boards, 3 of them is supported for  Bsp
2024-02-29 18:36:45,918 [INFO] ApiDb:423 - Load user favorites file C:\Users\islam/.stm32cubeide/favorites.boards.txt: 0 item(s)
2024-02-29 18:36:45,918 [INFO] ApiDb:427 - User favorites Boards=[]
2024-02-29 18:36:45,918 [INFO] DbBoards:198 - Set 0 / 0 favorites Boards
2024-02-29 18:36:45,921 [INFO] ApiDb:668 - CubeFinder database Data Model version=2.1
2024-02-29 18:36:45,921 [INFO] ApiDb:669 - CubeFinder database Configuration version=3.0.39
2024-02-29 18:36:45,921 [INFO] ApiDb:670 - CubeFinder database generation date=2024-02-19 (1708350410)
2024-02-29 18:36:45,921 [INFO] ApiDb:671 - CubeFinder database FW Pack versions=[FP-ATR-ASTRA1_V2.0.0, FP-SNS-FLIGHT1_V5.0.1, FP-SNS-FLIGHT1_V5.0.2, FP-SNS-MOTENV1_V4.3.1, FP-SNS-MOTENV1_V4.3.2, FP-SNS-MOTENVWB1_V1.3.1, FP-SNS-SMARTAG2_V1.2.0, STM32Cube_FW_C0_V1.1.0, STM32Cube_FW_F4_V1.28.0, STM32Cube_FW_F7_V1.17.0, STM32Cube_FW_G0_V1.6.2, STM32Cube_FW_G4_V1.5.2, STM32Cube_FW_H5_V0.5.1, STM32Cube_FW_H5_V1.1.1, STM32Cube_FW_H5_V1.2.0RC2, STM32Cube_FW_H7_V1.11.0, STM32Cube_FW_L0_V1.12.2, STM32Cube_FW_L5_V1.5.0, STM32Cube_FW_U5_V1.3.0RC4, STM32Cube_FW_U5_V1.4.0, STM32Cube_FW_WBA_V1.0.0RC1, STM32Cube_FW_WBA_V1.1.0RC1, STM32Cube_FW_WBA_V1.2.0, STM32Cube_FW_WBA_V1.2.0RC2, STM32Cube_FW_WB_V1.15.0RC1, STM32Cube_FW_WB_V1.16.0, STM32Cube_FW_WB_V1.16.0RC2, STM32Cube_FW_WB_V1.18.0, STM32Cube_FW_WL_V1.3.0, X-CUBE-ALGOBUILD_V1.3.0, X-CUBE-ALS_V1.0.1, X-CUBE-AZRTOS-F4_V1.1.0, X-CUBE-AZRTOS-F7_V1.1.0, X-CUBE-AZRTOS-G0_V1.1.0, X-CUBE-AZRTOS-G4_V2.0.0, X-CUBE-AZRTOS-H7_V3.2.0, X-CUBE-AZRTOS-L4_V1.0.0, X-CUBE-AZRTOS-L4_V2.0.0, X-CUBE-AZRTOS-L5_V1.1.0, X-CUBE-AZRTOS-WB_V2.0.0, X-CUBE-AZRTOS-WL_V2.0.0, X-CUBE-BLE1_V7.0.0, X-CUBE-BLE2_V3.3.0, X-CUBE-BLEMGR_V3.0.0, X-CUBE-EEPRMA1_V4.1.0, X-CUBE-EEPRMA1_V5.1.0, X-CUBE-FREERTOS_V1.1.0, X-CUBE-GNSS1_V6.0.0, X-CUBE-MEMS1_V10.0.0, X-CUBE-MEMS1_V9.1.0, X-CUBE-MEMS1_V9.4.0, X-CUBE-MEMS1_V9.6.0, X-CUBE-NFC4_V3.0.0, X-CUBE-NFC7_V1.0.1, X-CUBE-SFXS2LP1_V4.0.0, X-CUBE-SUBG2_V5.0.0, X-CUBE-TOF1_V3.4.0]
2024-02-29 18:36:46,577 [ERROR] DbExamplesSqlite:437 - Missing JSON key: board_cpn
2024-02-29 18:36:46,577 [ERROR] DbExamplesSqlite:437 - Missing JSON key: board_cpn
2024-02-29 18:36:46,577 [ERROR] DbExamplesSqlite:437 - Missing JSON key: board_cpn
2024-02-29 18:36:46,577 [ERROR] DbExamplesSqlite:437 - Missing JSON key: board_cpn
2024-02-29 18:36:46,619 [INFO] DbExamplesSqlite:395 - Ignored 55 examples not supported by CubeIDE
2024-02-29 18:36:46,619 [INFO] DbExamplesSqlite:396 - Found 7564 examples active
2024-02-29 18:36:46,619 [INFO] DbExamplesSqlite:397 - Found 844 examples obsolete
2024-02-29 18:36:46,619 [INFO] DbExamplesSqlite:398 - Found 0 examples under development
2024-02-29 18:36:46,619 [INFO] DbExamplesSqlite:399 - Found 8 examples not building
2024-02-29 18:36:46,621 [INFO] DbExamples:125 - Found 7517 examples
2024-02-29 18:36:46,630 [INFO] DbExamples:222 - Found 95 boards with related examples
2024-02-29 18:36:46,631 [INFO] DbExamples:235 - Found 80 MCUs with related examples
2024-02-29 18:36:46,653 [INFO] ApiDb:414 - User favorites file not found: C:\Users\islam/.stm32cubeide/favorites.examples.txt
2024-02-29 18:36:46,653 [INFO] DbExamples:250 - Set 0 / 0 favorites Examples
2024-02-29 18:36:48,635 [INFO] McuFinderGlobals:76 - Set McuFinderConnectedMode to true
2024-02-29 18:36:48,643 [INFO] MultiScanPanel:200 - Auto-refresh data requested => check proxy status ongoing
2024-02-29 18:36:48,647 [INFO] FinderPluginLoader:95 - Searching for filters in installed packs
2024-02-29 18:36:49,864 [INFO] LoadUrlFilesThread:185 - End of LoadServerUrlFiles without Thread
2024-02-29 18:36:49,906 [INFO] DetailPanel:341 - Set advertising image to C:/Users/islam/STM32Cube/Repository/\en.prom-stm32wl3-mcu-finder.jpg
2024-02-29 18:37:13,307 [INFO] MultiScanPanel:200 - Auto-refresh data requested => check proxy status ongoing
2024-02-29 18:37:13,415 [INFO] LoadUrlFilesThread:185 - End of LoadServerUrlFiles without Thread
2024-02-29 18:37:13,415 [INFO] DetailPanel:341 - Set advertising image to C:/Users/islam/STM32Cube/Repository/\en.prom-stm32wl3-mcu-finder.jpg
2024-02-29 18:37:13,427 [INFO] DbBoards:642 - Loading board mini-images...
2024-02-29 18:37:14,207 [ERROR] DbBoards:659 - Image file not found for board NUCLEO-WBA55CG: C:\Users\islam\.stmcufinder\plugins\mcufinder//mcu//boards_images/NUCLEO-WBA55CG.jpg
2024-02-29 18:37:15,060 [ERROR] DbBoards:659 - Image file not found for board STM32WBA55G-DK1: C:\Users\islam\.stmcufinder\plugins\mcufinder//mcu//boards_images/STM32WBA55G-DK1.jpg
2024-02-29 18:37:15,060 [INFO] DbBoards:665 - Loaded 191 board mini-images
2024-02-29 18:37:47,955 [INFO] McuFinderGlobals:76 - Set McuFinderConnectedMode to true
2024-02-29 18:37:47,959 [INFO] ApiDb:448 - Save user favorites file C:\Users\islam/.stm32cubeide/favorites.mcus.txt: 0 item(s)
2024-02-29 18:37:47,959 [INFO] ApiDb:452 - User favorites MCUs=[]
2024-02-29 18:37:47,961 [INFO] ApiDb:448 - Save user favorites file C:\Users\islam/.stm32cubeide/favorites.boards.txt: 0 item(s)
2024-02-29 18:37:47,961 [INFO] ApiDb:452 - User favorites Boards=[]
2024-02-29 18:37:48,246 [ERROR] LogOutputStream:75 - [STDERR_REDIRECT] Exception in thread "AWT-EventQueue-0" java.awt.IllegalComponentStateException: Native resources unavailable
2024-02-29 18:37:48,247 [ERROR] LogOutputStream:75 - [STDERR_REDIRECT] 	at java.desktop/sun.awt.windows.WWindowPeer.getScreenImOn(Native Method)
2024-02-29 18:37:48,249 [ERROR] LogOutputStream:75 - [STDERR_REDIRECT] 	at java.desktop/sun.awt.windows.WWindowPeer.updateGC(WWindowPeer.java:566)
2024-02-29 18:37:48,251 [ERROR] LogOutputStream:75 - [STDERR_REDIRECT] 	at java.desktop/java.awt.event.InvocationEvent.dispatch(InvocationEvent.java:318)
2024-02-29 18:37:48,254 [ERROR] LogOutputStream:75 - [STDERR_REDIRECT] 	at java.desktop/java.awt.EventQueue.dispatchEventImpl(EventQueue.java:773)
2024-02-29 18:37:48,256 [ERROR] LogOutputStream:75 - [STDERR_REDIRECT] 	at java.desktop/java.awt.EventQueue$4.run(EventQueue.java:720)
2024-02-29 18:37:48,258 [ERROR] LogOutputStream:75 - [STDERR_REDIRECT] 	at java.desktop/java.awt.EventQueue$4.run(EventQueue.java:714)
2024-02-29 18:37:48,260 [ERROR] LogOutputStream:75 - [STDERR_REDIRECT] 	at java.base/java.security.AccessController.doPrivileged(AccessController.java:399)
2024-02-29 18:37:48,262 [ERROR] LogOutputStream:75 - [STDERR_REDIRECT] 	at java.base/java.security.ProtectionDomain$JavaSecurityAccessImpl.doIntersectionPrivilege(ProtectionDomain.java:86)
2024-02-29 18:37:48,264 [ERROR] LogOutputStream:75 - [STDERR_REDIRECT] 	at java.base/java.security.ProtectionDomain$JavaSecurityAccessImpl.doIntersectionPrivilege(ProtectionDomain.java:97)
2024-02-29 18:37:48,266 [ERROR] LogOutputStream:75 - [STDERR_REDIRECT] 	at java.desktop/java.awt.EventQueue$5.run(EventQueue.java:747)
2024-02-29 18:37:48,267 [ERROR] LogOutputStream:75 - [STDERR_REDIRECT] 	at java.desktop/java.awt.EventQueue$5.run(EventQueue.java:745)
2024-02-29 18:37:48,269 [ERROR] LogOutputStream:75 - [STDERR_REDIRECT] 	at java.base/java.security.AccessController.doPrivileged(AccessController.java:399)
2024-02-29 18:37:48,272 [ERROR] LogOutputStream:75 - [STDERR_REDIRECT] 	at java.base/java.security.ProtectionDomain$JavaSecurityAccessImpl.doIntersectionPrivilege(ProtectionDomain.java:86)
2024-02-29 18:37:48,273 [ERROR] LogOutputStream:75 - [STDERR_REDIRECT] 	at java.desktop/java.awt.EventQueue.dispatchEvent(EventQueue.java:744)
2024-02-29 18:37:48,275 [ERROR] LogOutputStream:75 - [STDERR_REDIRECT] 	at java.desktop/java.awt.EventDispatchThread.pumpOneEventForFilters(EventDispatchThread.java:203)
2024-02-29 18:37:48,277 [ERROR] LogOutputStream:75 - [STDERR_REDIRECT] 	at java.desktop/java.awt.EventDispatchThread.pumpEventsForFilter(EventDispatchThread.java:124)
2024-02-29 18:37:48,279 [ERROR] LogOutputStream:75 - [STDERR_REDIRECT] 	at java.desktop/java.awt.EventDispatchThread.pumpEventsForHierarchy(EventDispatchThread.java:113)
2024-02-29 18:37:48,281 [ERROR] LogOutputStream:75 - [STDERR_REDIRECT] 	at java.desktop/java.awt.EventDispatchThread.pumpEvents(EventDispatchThread.java:109)
2024-02-29 18:37:48,283 [ERROR] LogOutputStream:75 - [STDERR_REDIRECT] 	at java.desktop/java.awt.EventDispatchThread.pumpEvents(EventDispatchThread.java:101)
2024-02-29 18:37:48,284 [ERROR] LogOutputStream:75 - [STDERR_REDIRECT] 	at java.desktop/java.awt.EventDispatchThread.run(EventDispatchThread.java:90)
2024-02-29 23:43:24,697 [ERROR] LogOutputStream:75 - [STDERR_REDIRECT] 
