2024-02-26 20:58:06,701 [INFO] Activator:176 - 


2024-02-26 20:58:06,708 [INFO] Activator:177 - !SESSION log4j initialized
2024-02-26 20:58:13,112 [INFO] LogOutputStream:77 - [STDOUT_REDIRECT] 
2024-02-26 20:58:14,338 [INFO] ApplicationProperties:184 - Using Application install path: C:\ST\STM32CubeIDE_1.13.2\STM32CubeIDE\plugins\com.st.stm32cube.common.mx_6.10.0.202311202037
2024-02-26 20:58:14,353 [INFO] DbMcusXml:78 - Set database path to: C:\ST\STM32CubeIDE_1.13.2\STM32CubeIDE\plugins\com.st.stm32cube.common.mx_6.10.0.202311202037\\db\/mcu/
2024-02-26 20:58:14,353 [INFO] ApiDb:274 - Set plugin database path to: C:\ST\STM32CubeIDE_1.13.2\STM32CubeIDE\plugins\com.st.stm32cube.common.mx_6.10.0.202311202037\\db\/plugins/boardmanager/
2024-02-26 20:58:14,354 [WARN] ApiDb:259 - Overriding images path with different value:  => C:\ST\STM32CubeIDE_1.13.2\STM32CubeIDE\plugins\com.st.stm32cube.common.mx_6.10.0.202311202037\\db\/plugins/mcufinder/images/
2024-02-26 20:58:14,361 [INFO] ApiDb:250 - Set database path to: C:\Users\islam\.stmcufinder\plugins\mcufinder//mcu/
2024-02-26 20:58:14,362 [INFO] DbMcusAds:125 - Set database path to: C:\Users\islam\.stmcufinder\plugins\mcufinder//mcu/
2024-02-26 20:58:14,363 [INFO] CrossReferenceDbSqlite:203 - Set database path to: C:\Users\islam\.stmcufinder\plugins\mcufinder//mcu/cs/
2024-02-26 20:58:14,469 [INFO] RulesReader:64 - Compatibility file has been processed (297 Rules)
2024-02-26 20:58:14,578 [INFO] DbMcusXml:78 - Set database path to: C:\ST\STM32CubeIDE_1.13.2\STM32CubeIDE\plugins\com.st.stm32cube.common.mx_6.10.0.202311202037\\db\/mcu/
2024-02-26 20:58:14,578 [INFO] ApiDb:274 - Set plugin database path to: C:\ST\STM32CubeIDE_1.13.2\STM32CubeIDE\plugins\com.st.stm32cube.common.mx_6.10.0.202311202037\\db\/plugins/boardmanager/
2024-02-26 20:58:14,578 [INFO] ApiDb:261 - Set plugin images path to: C:\ST\STM32CubeIDE_1.13.2\STM32CubeIDE\plugins\com.st.stm32cube.common.mx_6.10.0.202311202037\\db\/plugins/mcufinder/images/
2024-02-26 20:58:14,579 [WARN] DbFile:41 - Overriding database path with different value: C:\Users\islam\.stmcufinder\plugins\mcufinder/ => C:\Users\islam\.stmcufinder\plugins\mcufinder
2024-02-26 20:58:14,579 [INFO] ApiDb:250 - Set database path to: C:\Users\islam\.stmcufinder\plugins\mcufinder//mcu/
2024-02-26 20:58:14,579 [WARN] DbFile:41 - Overriding database path with different value: C:\Users\islam\.stmcufinder\plugins\mcufinder/ => C:\Users\islam\.stmcufinder\plugins\mcufinder
2024-02-26 20:58:14,579 [INFO] DbMcusAds:125 - Set database path to: C:\Users\islam\.stmcufinder\plugins\mcufinder//mcu/
2024-02-26 20:58:14,579 [WARN] DbFile:41 - Overriding database path with different value: C:\Users\islam\.stmcufinder\plugins\mcufinder/ => C:\Users\islam\.stmcufinder\plugins\mcufinder
2024-02-26 20:58:14,579 [WARN] DbFile:41 - Overriding database path with different value: C:\Users\islam\.stmcufinder\plugins\mcufinder/ => C:\Users\islam\.stmcufinder\plugins\mcufinder
2024-02-26 20:58:14,579 [INFO] CrossReferenceDbSqlite:203 - Set database path to: C:\Users\islam\.stmcufinder\plugins\mcufinder//mcu/cs/
2024-02-26 20:58:14,666 [INFO] MainPanel:264 - HeapMemory: 268435456
2024-02-26 20:58:14,774 [INFO] DbMcusXml:78 - Set database path to: C:\ST\STM32CubeIDE_1.13.2\STM32CubeIDE\plugins\com.st.stm32cube.common.mx_6.10.0.202311202037\\db\/mcu/
2024-02-26 20:58:14,774 [INFO] ApiDb:274 - Set plugin database path to: C:\ST\STM32CubeIDE_1.13.2\STM32CubeIDE\plugins\com.st.stm32cube.common.mx_6.10.0.202311202037\\db\/plugins/boardmanager/
2024-02-26 20:58:14,774 [INFO] ApiDb:261 - Set plugin images path to: C:\ST\STM32CubeIDE_1.13.2\STM32CubeIDE\plugins\com.st.stm32cube.common.mx_6.10.0.202311202037\\db\/plugins/mcufinder/images/
2024-02-26 20:58:14,774 [WARN] DbFile:41 - Overriding database path with different value: C:\Users\islam\.stmcufinder\plugins\mcufinder/ => C:\Users\islam\.stmcufinder\plugins\mcufinder
2024-02-26 20:58:14,774 [INFO] ApiDb:250 - Set database path to: C:\Users\islam\.stmcufinder\plugins\mcufinder//mcu/
2024-02-26 20:58:14,775 [WARN] DbFile:41 - Overriding database path with different value: C:\Users\islam\.stmcufinder\plugins\mcufinder/ => C:\Users\islam\.stmcufinder\plugins\mcufinder
2024-02-26 20:58:14,775 [INFO] DbMcusAds:125 - Set database path to: C:\Users\islam\.stmcufinder\plugins\mcufinder//mcu/
2024-02-26 20:58:14,775 [WARN] DbFile:41 - Overriding database path with different value: C:\Users\islam\.stmcufinder\plugins\mcufinder/ => C:\Users\islam\.stmcufinder\plugins\mcufinder
2024-02-26 20:58:14,775 [WARN] DbFile:41 - Overriding database path with different value: C:\Users\islam\.stmcufinder\plugins\mcufinder/ => C:\Users\islam\.stmcufinder\plugins\mcufinder
2024-02-26 20:58:14,775 [INFO] CrossReferenceDbSqlite:203 - Set database path to: C:\Users\islam\.stmcufinder\plugins\mcufinder//mcu/cs/
2024-02-26 20:58:14,792 [INFO] ApplicationProperties:184 - Using Application install path: C:\ST\STM32CubeIDE_1.13.2\STM32CubeIDE\plugins\com.st.stm32cube.common.mx_6.10.0.202311202037
2024-02-26 20:58:14,794 [INFO] PluginManage:196 - Search for loadable plugins [exclusion list=, ]
2024-02-26 20:58:14,795 [INFO] PluginManage:310 - Check plugin analytics
2024-02-26 20:58:14,954 [INFO] AnalyticsPlugin:253 - Accepted Software Licenses: 
2024-02-26 20:58:14,955 [INFO] AnalyticsPlugin:255 - Accepted CMSIS Pack Licenses: 
2024-02-26 20:58:14,955 [INFO] AnalyticsPlugin:257 - Accepted Firmware Licenses: 
2024-02-26 20:58:14,957 [INFO] PluginManage:359 - Loaded plugin analytics (category:tool,tabindex:-1)
2024-02-26 20:58:14,958 [INFO] PluginManage:310 - Check plugin cadmodel
2024-02-26 20:58:14,973 [INFO] CADModel:105 - Init CAD model plugin
2024-02-26 20:58:14,973 [INFO] PluginManage:359 - Loaded plugin cadmodel (category:power,tabindex:5)
2024-02-26 20:58:14,974 [INFO] PluginManage:310 - Check plugin clock
2024-02-26 20:58:14,997 [INFO] PluginManage:359 - Loaded plugin clock (category:base,tabindex:2)
2024-02-26 20:58:14,997 [INFO] PluginManage:310 - Check plugin ddr
2024-02-26 20:58:15,000 [INFO] PluginManage:359 - Loaded plugin ddr (category:tool,tabindex:6)
2024-02-26 20:58:15,000 [INFO] PluginManage:310 - Check plugin filemanager
2024-02-26 20:58:15,133 [INFO] PluginManage:359 - Loaded plugin filemanager (category:base,tabindex:10)
2024-02-26 20:58:15,133 [INFO] PluginManage:310 - Check plugin ipmanager
2024-02-26 20:58:15,141 [INFO] PluginManage:359 - Loaded plugin ipmanager (category:base,tabindex:5)
2024-02-26 20:58:15,141 [INFO] PluginManage:310 - Check plugin lpbam
2024-02-26 20:58:15,156 [INFO] PluginManage:359 - Loaded plugin lpbam (category:base,tabindex:0)
2024-02-26 20:58:15,156 [INFO] PluginManage:310 - Check plugin memorymap
2024-02-26 20:58:15,175 [INFO] PluginManage:359 - Loaded plugin memorymap (category:base,tabindex:4)
2024-02-26 20:58:15,175 [INFO] PluginManage:310 - Check plugin pinoutandconfiguration
2024-02-26 20:58:15,190 [INFO] PluginManage:359 - Loaded plugin pinoutandconfiguration (category:base,tabindex:1)
2024-02-26 20:58:15,190 [INFO] PluginManage:310 - Check plugin pinoutconfig
2024-02-26 20:58:15,287 [WARN] SupportedApi:132 - Cannot load RTOS API schema: s4s-elt-must-match.1: The content of 'definitions' must match (annotation?, (simpleType | complexType)?, (unique | key | keyref)*)). A problem was found starting at: attribute.
2024-02-26 20:58:15,404 [INFO] PluginManage:359 - Loaded plugin pinoutconfig (category:base,tabindex:0)
2024-02-26 20:58:15,404 [INFO] PluginManage:310 - Check plugin power
2024-02-26 20:58:15,424 [INFO] PluginManage:359 - Loaded plugin power (category:power,tabindex:4)
2024-02-26 20:58:15,424 [INFO] PluginManage:310 - Check plugin projectmanager
2024-02-26 20:58:15,437 [INFO] PluginManage:359 - Loaded plugin projectmanager (category:projectmanager,tabindex:3)
2024-02-26 20:58:15,437 [INFO] PluginManage:310 - Check plugin thirdparty
2024-02-26 20:58:15,696 [INFO] PluginManage:359 - Loaded plugin thirdparty (category:base,tabindex:-1)
2024-02-26 20:58:15,696 [WARN] IntegrityCheckThread:84 - waiting for thirdparty lock release [integrity check]
2024-02-26 20:58:15,696 [INFO] PluginManage:310 - Check plugin tools
2024-02-26 20:58:15,696 [INFO] IntegrityCheckThread:86 - entering critical section [integrity check]
2024-02-26 20:58:15,696 [INFO] ThirdPartyUpdaterWithRetryManager:70 - Updater plugin not ready yet. [1/15]
2024-02-26 20:58:15,734 [INFO] PluginManage:359 - Loaded plugin tools (category:base,tabindex:7)
2024-02-26 20:58:15,734 [INFO] PluginManage:310 - Check plugin tutovideos
2024-02-26 20:58:15,952 [INFO] PluginManage:359 - Loaded plugin tutovideos (category:base,tabindex:-1)
2024-02-26 20:58:15,952 [INFO] PluginManage:310 - Check plugin updater
2024-02-26 20:58:15,966 [INFO] PluginManage:359 - Loaded plugin updater (category:base,tabindex:12)
2024-02-26 20:58:15,966 [INFO] PluginManage:310 - Check plugin userauth
2024-02-26 20:58:15,972 [INFO] UserAuth:114 - Init User Auth plugin
2024-02-26 20:58:15,972 [INFO] PluginManage:359 - Loaded plugin userauth (category:base,tabindex:14)
2024-02-26 20:58:15,973 [INFO] PluginManage:283 - PluginManage : Loaded plugins [17]
2024-02-26 20:58:16,231 [INFO] PinOutPanel:1499 - setPackage(No Configuration,No Configuration)
2024-02-26 20:58:16,338 [INFO] CADModel:165 - CPN selected for project level
2024-02-26 20:58:16,338 [INFO] CADModel:114 - Register for checkConnection events
2024-02-26 20:58:16,363 [INFO] IPUIPlugin:80 - create IPUIPlugin
2024-02-26 20:58:16,363 [INFO] PluginManager:220 - loadIPPluginJar : add adc
2024-02-26 20:58:16,396 [INFO] IPUIPlugin:80 - create IPUIPlugin
2024-02-26 20:58:16,396 [INFO] PluginManager:220 - loadIPPluginJar : add aes
2024-02-26 20:58:16,434 [INFO] IPUIPlugin:80 - create IPUIPlugin
2024-02-26 20:58:16,434 [INFO] PluginManager:220 - loadIPPluginJar : add can
2024-02-26 20:58:16,456 [INFO] IPUIPlugin:80 - create IPUIPlugin
2024-02-26 20:58:16,456 [INFO] PluginManager:220 - loadIPPluginJar : add comp
2024-02-26 20:58:16,488 [INFO] IPUIPlugin:80 - create IPUIPlugin
2024-02-26 20:58:16,488 [INFO] PluginManager:220 - loadIPPluginJar : add cryp
2024-02-26 20:58:16,519 [INFO] IPUIPlugin:80 - create IPUIPlugin
2024-02-26 20:58:16,519 [INFO] PluginManager:220 - loadIPPluginJar : add dfsdm
2024-02-26 20:58:16,532 [INFO] IPUIPlugin:80 - create IPUIPlugin
2024-02-26 20:58:16,532 [INFO] PluginManager:220 - loadIPPluginJar : add dma
2024-02-26 20:58:16,575 [INFO] IPUIPlugin:80 - create IPUIPlugin
2024-02-26 20:58:16,575 [INFO] PluginManager:220 - loadIPPluginJar : add dma3
2024-02-26 20:58:16,596 [INFO] IPUIPlugin:80 - create IPUIPlugin
2024-02-26 20:58:16,596 [INFO] PluginManager:220 - loadIPPluginJar : add fatfs
2024-02-26 20:58:16,643 [INFO] IPUIPlugin:80 - create IPUIPlugin
2024-02-26 20:58:16,643 [INFO] PluginManager:220 - loadIPPluginJar : add fmc
2024-02-26 20:58:16,658 [INFO] IPUIPlugin:80 - create IPUIPlugin
2024-02-26 20:58:16,658 [INFO] PluginManager:220 - loadIPPluginJar : add freertos
2024-02-26 20:58:16,678 [INFO] IPUIPlugin:80 - create IPUIPlugin
2024-02-26 20:58:16,678 [INFO] PluginManager:220 - loadIPPluginJar : add genericplugin
2024-02-26 20:58:16,768 [INFO] IPUIPlugin:80 - create IPUIPlugin
2024-02-26 20:58:16,768 [INFO] PluginManager:220 - loadIPPluginJar : add gfxmmu
2024-02-26 20:58:16,892 [INFO] IPUIPlugin:80 - create IPUIPlugin
2024-02-26 20:58:16,893 [INFO] PluginManager:220 - loadIPPluginJar : add gic
2024-02-26 20:58:16,904 [INFO] IPUIPlugin:80 - create IPUIPlugin
2024-02-26 20:58:16,904 [INFO] PluginManager:220 - loadIPPluginJar : add gpio
2024-02-26 20:58:16,991 [INFO] IPUIPlugin:80 - create IPUIPlugin
2024-02-26 20:58:16,991 [INFO] PluginManager:220 - loadIPPluginJar : add gtzc
2024-02-26 20:58:17,022 [INFO] IPUIPlugin:80 - create IPUIPlugin
2024-02-26 20:58:17,022 [INFO] PluginManager:220 - loadIPPluginJar : add hash
2024-02-26 20:58:17,074 [INFO] IPUIPlugin:80 - create IPUIPlugin
2024-02-26 20:58:17,075 [INFO] PluginManager:220 - loadIPPluginJar : add i2c
2024-02-26 20:58:17,113 [INFO] IPUIPlugin:80 - create IPUIPlugin
2024-02-26 20:58:17,113 [INFO] PluginManager:220 - loadIPPluginJar : add i2s
2024-02-26 20:58:17,152 [INFO] IPUIPlugin:80 - create IPUIPlugin
2024-02-26 20:58:17,152 [INFO] PluginManager:220 - loadIPPluginJar : add i3c
2024-02-26 20:58:17,250 [INFO] IPUIPlugin:80 - create IPUIPlugin
2024-02-26 20:58:17,250 [INFO] PluginManager:220 - loadIPPluginJar : add ipddr
2024-02-26 20:58:17,338 [INFO] IPUIPlugin:80 - create IPUIPlugin
2024-02-26 20:58:17,338 [INFO] PluginManager:220 - loadIPPluginJar : add linkedlist
2024-02-26 20:58:17,372 [INFO] IPUIPlugin:80 - create IPUIPlugin
2024-02-26 20:58:17,373 [INFO] PluginManager:220 - loadIPPluginJar : add lorawan
2024-02-26 20:58:17,414 [INFO] IPUIPlugin:80 - create IPUIPlugin
2024-02-26 20:58:17,414 [INFO] PluginManager:220 - loadIPPluginJar : add ltdc
2024-02-26 20:58:17,430 [INFO] IPUIPlugin:80 - create IPUIPlugin
2024-02-26 20:58:17,430 [INFO] PluginManager:220 - loadIPPluginJar : add mdma
2024-02-26 20:58:17,443 [INFO] IPUIPlugin:80 - create IPUIPlugin
2024-02-26 20:58:17,443 [INFO] PluginManager:220 - loadIPPluginJar : add nvic
2024-02-26 20:58:17,479 [INFO] IPUIPlugin:80 - create IPUIPlugin
2024-02-26 20:58:17,479 [INFO] PluginManager:220 - loadIPPluginJar : add opamp
2024-02-26 20:58:17,534 [INFO] IPUIPlugin:80 - create IPUIPlugin
2024-02-26 20:58:17,534 [INFO] PluginManager:220 - loadIPPluginJar : add openamp
2024-02-26 20:58:17,573 [INFO] IPUIPlugin:80 - create IPUIPlugin
2024-02-26 20:58:17,573 [INFO] PluginManager:220 - loadIPPluginJar : add pdm2pcm
2024-02-26 20:58:17,585 [INFO] IPUIPlugin:80 - create IPUIPlugin
2024-02-26 20:58:17,586 [INFO] PluginManager:220 - loadIPPluginJar : add plateformsettings
2024-02-26 20:58:17,606 [INFO] IPUIPlugin:80 - create IPUIPlugin
2024-02-26 20:58:17,606 [INFO] PluginManager:220 - loadIPPluginJar : add quadspi
2024-02-26 20:58:17,617 [INFO] IPUIPlugin:80 - create IPUIPlugin
2024-02-26 20:58:17,617 [INFO] PluginManager:220 - loadIPPluginJar : add resmgrutility
2024-02-26 20:58:17,662 [INFO] IPUIPlugin:80 - create IPUIPlugin
2024-02-26 20:58:17,662 [INFO] PluginManager:220 - loadIPPluginJar : add sai
2024-02-26 20:58:17,695 [INFO] IPUIPlugin:80 - create IPUIPlugin
2024-02-26 20:58:17,696 [INFO] PluginManager:220 - loadIPPluginJar : add spi
2024-02-26 20:58:17,753 [INFO] IPUIPlugin:80 - create IPUIPlugin
2024-02-26 20:58:17,753 [INFO] PluginManager:220 - loadIPPluginJar : add stm32_wpan
2024-02-26 20:58:17,773 [INFO] IPUIPlugin:80 - create IPUIPlugin
2024-02-26 20:58:17,773 [INFO] PluginManager:220 - loadIPPluginJar : add tim
2024-02-26 20:58:17,824 [INFO] IPUIPlugin:80 - create IPUIPlugin
2024-02-26 20:58:17,824 [INFO] PluginManager:220 - loadIPPluginJar : add touchsensing
2024-02-26 20:58:17,844 [INFO] IPUIPlugin:80 - create IPUIPlugin
2024-02-26 20:58:17,844 [INFO] PluginManager:220 - loadIPPluginJar : add tracer_emb
2024-02-26 20:58:17,865 [INFO] IPUIPlugin:80 - create IPUIPlugin
2024-02-26 20:58:17,866 [INFO] PluginManager:220 - loadIPPluginJar : add ts
2024-02-26 20:58:17,886 [INFO] IPUIPlugin:80 - create IPUIPlugin
2024-02-26 20:58:17,886 [INFO] PluginManager:220 - loadIPPluginJar : add tsc
2024-02-26 20:58:17,905 [INFO] IPUIPlugin:80 - create IPUIPlugin
2024-02-26 20:58:17,905 [INFO] PluginManager:220 - loadIPPluginJar : add ucpd
2024-02-26 20:58:17,943 [INFO] IPUIPlugin:80 - create IPUIPlugin
2024-02-26 20:58:17,943 [INFO] PluginManager:220 - loadIPPluginJar : add usart
2024-02-26 20:58:17,983 [INFO] IPUIPlugin:80 - create IPUIPlugin
2024-02-26 20:58:17,984 [INFO] PluginManager:220 - loadIPPluginJar : add usbx
2024-02-26 20:58:18,123 [INFO] CADModel:165 - CPN selected for project level
2024-02-26 20:58:18,123 [INFO] CADModel:114 - Register for checkConnection events
2024-02-26 20:58:18,123 [FATAL] Updater:308 - Updater called before beeing initialized
2024-02-26 20:58:18,123 [ERROR] CADModel:125 - Updater not yet initialized, retry later 
2024-02-26 20:58:18,233 [INFO] CADModel:165 - CPN selected for project level
2024-02-26 20:58:18,233 [INFO] CADModel:114 - Register for checkConnection events
2024-02-26 20:58:18,233 [FATAL] Updater:308 - Updater called before beeing initialized
2024-02-26 20:58:18,233 [ERROR] CADModel:125 - Updater not yet initialized, retry later 
2024-02-26 20:58:18,235 [FATAL] Updater:308 - Updater called before beeing initialized
2024-02-26 20:58:18,374 [FATAL] Updater:308 - Updater called before beeing initialized
2024-02-26 20:58:18,383 [INFO] DbMcusAds:53 - JSON generation date=Wed Nov 29 13:52:27 TRT 2023 (1701255147349)
2024-02-26 20:58:18,383 [FATAL] Updater:308 - Updater called before beeing initialized
2024-02-26 20:58:18,451 [WARN] DetailPanel:346 - Failed to get advertising image, set to default
2024-02-26 20:58:18,539 [FATAL] Updater:308 - Updater called before beeing initialized
2024-02-26 20:58:18,541 [FATAL] Updater:308 - Updater called before beeing initialized
2024-02-26 20:58:18,541 [FATAL] Updater:308 - Updater called before beeing initialized
2024-02-26 20:58:18,541 [WARN] DetailPanel:346 - Failed to get advertising image, set to default
2024-02-26 20:58:18,541 [FATAL] Updater:308 - Updater called before beeing initialized
2024-02-26 20:58:18,601 [ERROR] Updater:1120 - MainUpdater not yet initialized. External WinMGr cannot be set.
2024-02-26 20:58:18,611 [INFO] Updater:1056 - Updater Version found : 6.10.0
2024-02-26 20:58:18,626 [INFO] ApplicationProperties:184 - Using Application install path: C:\ST\STM32CubeIDE_1.13.2\STM32CubeIDE\plugins\com.st.stm32cube.common.mx_6.10.0.202311202037
2024-02-26 20:58:18,699 [INFO] ThirdPartyUpdaterWithRetryManager:70 - Updater plugin not ready yet. [2/15]
2024-02-26 20:58:20,198 [ERROR] LogOutputStream:75 - [STDERR_REDIRECT] Feb 26, 2024 8:58:20 PM java.util.prefs.WindowsPreferences <init>
2024-02-26 20:58:20,200 [ERROR] LogOutputStream:75 - [STDERR_REDIRECT] WARNING: Could not open/create prefs root node Software\JavaSoft\Prefs at root 0xffffffff80000002. Windows RegCreateKeyEx(...) returned error code 5.
2024-02-26 20:58:20,200 [ERROR] LogOutputStream:75 - [STDERR_REDIRECT] 
2024-02-26 20:58:20,693 [INFO] MainUpdater:2873 - connection check result : 10
2024-02-26 20:58:20,693 [INFO] MainUpdater:3567 - Updater definition file requires update
2024-02-26 20:58:20,694 [INFO] MainUpdater:290 - Updater Check For Update Now.
2024-02-26 20:58:20,694 [INFO] MicroXplorer:498 - Change Database Version : DB.6.0.100
2024-02-26 20:58:20,710 [INFO] McuFinderGlobals:63 - Set McuFinder mode to 2 (CubeIDE integrated)
2024-02-26 20:58:20,722 [INFO] UserAuth:404 - Internet connection configuration mode: 1
2024-02-26 20:58:20,749 [INFO] JxBrowserEngine:152 - Initiate JxBrowser Engine with user profile folder
2024-02-26 20:58:21,026 [INFO] ServerAccessManage:473 - Download File updaters.zip
2024-02-26 20:58:21,263 [INFO] FileExtend:240 - Unzip File : updaters.zip
2024-02-26 20:58:21,263 [INFO] FileExtend:255 - Standard Zip Deflate
2024-02-26 20:58:21,699 [WARN] MainUpdater:1194 - Updater busy. Cannot search thirdparties
2024-02-26 20:58:21,699 [INFO] ThirdPartyUpdaterWithRetryManager:96 - Updater plugin is busy. [1/15]
2024-02-26 20:58:21,714 [INFO] ServerAccessManage:473 - Download File PacksControlFlags.xml
2024-02-26 20:58:21,899 [INFO] ServerAccessManage:473 - Download File cubemx.pidx
2024-02-26 20:58:22,043 [INFO] LoadServerUpdatesThread:375 - End of LoadServerUpdate Thread
2024-02-26 20:58:22,260 [INFO] CheckServerUpdateThread:120 - End of CheckServer Thread
2024-02-26 20:58:24,353 [INFO] WebApp:161 - Instantiating new browser for Auth
2024-02-26 20:58:24,938 [WARN] PackLoader:240 - Cannot read IP mode file for STMicroelectronics.X-CUBE-SMBUS.2.1.0
2024-02-26 20:58:24,960 [WARN] PackLoader:240 - Cannot read IP mode file for STMicroelectronics.X-CUBE-TOUCHGFX.4.23.0
2024-02-26 20:58:24,992 [INFO] WebApp:780 - Register for checkConnection events
2024-02-26 20:58:24,992 [INFO] WebApp:414 - Apply proxy settings
2024-02-26 20:58:24,992 [INFO] WebApp:499 - Chromium requires no authentication
2024-02-26 20:58:25,002 [INFO] WebApp:442 - Direct internet connection detected
2024-02-26 20:58:25,014 [WARN] PackLoader:240 - Cannot read IP mode file for STMicroelectronics.X-CUBE-AZRTOS-F7.1.1.0
2024-02-26 20:58:25,041 [WARN] PackLoader:240 - Cannot read IP mode file for STMicroelectronics.FP-SNS-MOTENV1.4.3.2
2024-02-26 20:58:25,065 [WARN] PackLoader:240 - Cannot read IP mode file for STMicroelectronics.FP-SNS-FLIGHT1.5.0.2
2024-02-26 20:58:25,092 [WARN] PackLoader:240 - Cannot read IP mode file for STMicroelectronics.X-CUBE-DISPLAY.3.0.0
2024-02-26 20:58:25,121 [WARN] PackLoader:240 - Cannot read IP mode file for STMicroelectronics.X-CUBE-BLE1.7.0.0
2024-02-26 20:58:25,142 [WARN] PackLoader:240 - Cannot read IP mode file for emotas.I-CUBE-CANOPEN.1.3.0
2024-02-26 20:58:25,158 [WARN] PackLoader:240 - Cannot read IP mode file for STMicroelectronics.X-CUBE-TOUCHGFX.4.22.1
2024-02-26 20:58:25,179 [INFO] LogOutputStream:77 - [STDOUT_REDIRECT] 1 : Invalid condition id : UX_CORESTACK_Condition cause : null
2024-02-26 20:58:25,180 [INFO] LogOutputStream:77 - [STDOUT_REDIRECT] 1 : Invalid condition id : UX_CORESTACK_Condition cause : null
2024-02-26 20:58:25,181 [INFO] LogOutputStream:77 - [STDOUT_REDIRECT] 1 : Invalid condition id : UX_CORESTACK_Condition cause : null
2024-02-26 20:58:25,182 [INFO] LogOutputStream:77 - [STDOUT_REDIRECT] 1 : Invalid condition id : UX_CORESTACK_Condition cause : null
2024-02-26 20:58:25,183 [INFO] LogOutputStream:77 - [STDOUT_REDIRECT] 1 : Invalid condition id : UX_CORESTACK_Condition cause : null
2024-02-26 20:58:25,187 [WARN] PackLoader:240 - Cannot read IP mode file for STMicroelectronics.X-CUBE-AZRTOS-WL.2.0.0
2024-02-26 20:58:25,203 [WARN] PackLoader:240 - Cannot read IP mode file for WES.I-CUBE-Cesium.1.3.0
2024-02-26 20:58:25,218 [WARN] PackLoader:240 - Cannot read IP mode file for STMicroelectronics.X-CUBE-BLE2.3.3.0
2024-02-26 20:58:25,233 [WARN] PackLoader:240 - Cannot read IP mode file for STMicroelectronics.X-CUBE-ALGOBUILD.1.3.0
2024-02-26 20:58:25,242 [INFO] WebApp:192 - Starting web application
2024-02-26 20:58:25,242 [INFO] WebApp:544 - Web application path used C:\ST\STM32CubeIDE_1.13.2\STM32CubeIDE\plugins\com.st.stm32cube.common.mx_6.10.0.202311202037\db\plugins\mcufinder\reactClient1\index.html
2024-02-26 20:58:25,268 [WARN] PackLoader:240 - Cannot read IP mode file for STMicroelectronics.X-CUBE-AZRTOS-G0.1.1.0
2024-02-26 20:58:25,298 [WARN] PackLoader:240 - Cannot read IP mode file for STMicroelectronics.X-CUBE-NFC4.3.0.0
2024-02-26 20:58:25,322 [WARN] PackLoader:240 - Cannot read IP mode file for STMicroelectronics.X-CUBE-BLEMGR.3.0.0
2024-02-26 20:58:25,339 [WARN] PackLoader:240 - Cannot read IP mode file for STMicroelectronics.FP-ATR-SIGFOX1.3.2.0
2024-02-26 20:58:25,353 [WARN] PackLoader:240 - Cannot read IP mode file for STMicroelectronics.X-CUBE-EEPRMA1.5.1.0
2024-02-26 20:58:25,408 [WARN] PackLoader:240 - Cannot read IP mode file for SEGGER.I-CUBE-embOS.1.3.1
2024-02-26 20:58:25,487 [WARN] PackLoader:240 - Cannot read IP mode file for STMicroelectronics.X-CUBE-GNSS1.6.0.0
2024-02-26 20:58:25,532 [WARN] PackLoader:240 - Cannot read IP mode file for STMicroelectronics.X-CUBE-AZRTOS-F4.1.1.0
2024-02-26 20:58:25,549 [WARN] PackLoader:240 - Cannot read IP mode file for wolfSSL.I-CUBE-wolfSSL.5.6.3
2024-02-26 20:58:25,581 [WARN] PackLoader:240 - Cannot read IP mode file for STMicroelectronics.X-CUBE-AZRTOS-L5.2.0.0
2024-02-26 20:58:25,646 [WARN] PackLoader:240 - Cannot read IP mode file for STMicroelectronics.X-CUBE-MEMS1.9.6.0
2024-02-26 20:58:25,820 [WARN] PackLoader:240 - Cannot read IP mode file for STMicroelectronics.X-CUBE-EEPRMA1.4.2.0
2024-02-26 20:58:25,841 [WARN] PackLoader:240 - Cannot read IP mode file for ITTIA_DB.I-CUBE-ITTIADB.8.8.0
2024-02-26 20:58:25,859 [WARN] PackLoader:240 - Cannot read IP mode file for STMicroelectronics.X-CUBE-BLEMGR.2.0.0
2024-02-26 20:58:25,894 [WARN] ConditionMgr:438 - getConditionDescription Invalid condition id : UX DEVICE CLASS RTOS Condition cause : null
2024-02-26 20:58:25,894 [WARN] ConditionMgr:438 - getConditionDescription Invalid condition id : UX DEVICE CLASS RTOS Condition cause : null
2024-02-26 20:58:25,898 [WARN] PackLoader:240 - Cannot read IP mode file for STMicroelectronics.X-CUBE-AZRTOS-H7.3.1.0
2024-02-26 20:58:25,899 [WARN] ConditionMgr:1039 - genDependencies : Invalid condition id : UX DEVICE CLASS RTOS Condition cause : null
2024-02-26 20:58:25,899 [WARN] ConditionMgr:1039 - genDependencies : Invalid condition id : UX DEVICE CLASS RTOS Condition cause : null
2024-02-26 20:58:25,900 [WARN] ConditionMgr:1039 - genDependencies : Invalid condition id : UX DEVICE CLASS RTOS Condition cause : null
2024-02-26 20:58:25,901 [WARN] ConditionMgr:1039 - genDependencies : Invalid condition id : UX DEVICE CLASS RTOS Condition cause : null
2024-02-26 20:58:25,901 [WARN] ConditionMgr:1039 - genDependencies : Invalid condition id : UX DEVICE CLASS RTOS Condition cause : null
2024-02-26 20:58:25,921 [WARN] PackLoader:240 - Cannot read IP mode file for STMicroelectronics.X-CUBE-NFC7.1.0.1
2024-02-26 20:58:25,941 [WARN] PackLoader:240 - Cannot read IP mode file for STMicroelectronics.X-CUBE-EEPRMA1.4.1.0
2024-02-26 20:58:25,960 [WARN] PackLoader:240 - Cannot read IP mode file for STMicroelectronics.X-CUBE-AI.8.1.0
2024-02-26 20:58:25,996 [WARN] ConditionMgr:438 - getConditionDescription Invalid condition id : LAN8742 Phy interface Condition cause : null
2024-02-26 20:58:25,996 [WARN] PackLoader:240 - Cannot read IP mode file for STMicroelectronics.X-CUBE-AZRTOS-L4.2.0.0
2024-02-26 20:58:25,998 [WARN] ConditionMgr:1039 - genDependencies : Invalid condition id : LAN8742 Phy interface Condition cause : null
2024-02-26 20:58:25,998 [WARN] ConditionMgr:1039 - genDependencies : Invalid condition id : LAN8742 Phy interface Condition cause : null
2024-02-26 20:58:25,999 [WARN] ConditionMgr:1039 - genDependencies : Invalid condition id : LAN8742 Phy interface Condition cause : null
2024-02-26 20:58:26,022 [WARN] PackLoader:240 - Cannot read IP mode file for STMicroelectronics.X-CUBE-SFXS2LP1.4.0.0
2024-02-26 20:58:26,040 [WARN] PackLoader:240 - Cannot read IP mode file for STMicroelectronics.X-CUBE-ISPU.1.1.0
2024-02-26 20:58:26,068 [WARN] ConditionMgr:438 - getConditionDescription Invalid condition id : UX DEVICE CLASS RTOS Condition cause : null
2024-02-26 20:58:26,069 [WARN] ConditionMgr:438 - getConditionDescription Invalid condition id : UX DEVICE CLASS RTOS Condition cause : null
2024-02-26 20:58:26,071 [WARN] PackLoader:240 - Cannot read IP mode file for STMicroelectronics.X-CUBE-AZRTOS-WB.2.0.0
2024-02-26 20:58:26,073 [WARN] ConditionMgr:1039 - genDependencies : Invalid condition id : UX DEVICE CLASS RTOS Condition cause : null
2024-02-26 20:58:26,073 [WARN] ConditionMgr:1039 - genDependencies : Invalid condition id : UX DEVICE CLASS RTOS Condition cause : null
2024-02-26 20:58:26,074 [WARN] ConditionMgr:1039 - genDependencies : Invalid condition id : UX DEVICE CLASS RTOS Condition cause : null
2024-02-26 20:58:26,074 [WARN] ConditionMgr:1039 - genDependencies : Invalid condition id : UX DEVICE CLASS RTOS Condition cause : null
2024-02-26 20:58:26,074 [WARN] ConditionMgr:1039 - genDependencies : Invalid condition id : UX DEVICE CLASS RTOS Condition cause : null
2024-02-26 20:58:26,105 [WARN] PackLoader:240 - Cannot read IP mode file for STMicroelectronics.X-CUBE-SUBG2.5.0.0
2024-02-26 20:58:26,137 [WARN] PackLoader:240 - Cannot read IP mode file for STMicroelectronics.X-CUBE-TOF1.3.3.1
2024-02-26 20:58:26,168 [WARN] PackLoader:240 - Cannot read IP mode file for STMicroelectronics.X-CUBE-AZRTOS-G4.2.0.0
2024-02-26 20:58:26,193 [WARN] PackLoader:240 - Cannot read IP mode file for Infineon.AIROC-Wi-Fi-Bluetooth-STM32.1.5.1
2024-02-26 20:58:26,211 [WARN] PackLoader:240 - Cannot read IP mode file for STMicroelectronics.FP-SNS-MOTENVWB1.1.3.1
2024-02-26 20:58:26,228 [WARN] PackLoader:240 - Cannot read IP mode file for STMicroelectronics.X-CUBE-ISPU.2.0.0
2024-02-26 20:58:26,284 [WARN] PackLoader:240 - Cannot read IP mode file for STMicroelectronics.X-CUBE-MEMS1.10.0.0
2024-02-26 20:58:26,385 [WARN] PackLoader:240 - Cannot read IP mode file for STMicroelectronics.X-CUBE-FREERTOS.1.1.0
2024-02-26 20:58:26,404 [WARN] PackLoader:240 - Cannot read IP mode file for portGmbH.I-Cube-SoM-uGOAL.1.1.0
2024-02-26 20:58:26,420 [WARN] PackLoader:240 - Cannot read IP mode file for STMicroelectronics.X-CUBE-ALS.1.0.1
2024-02-26 20:58:26,432 [WARN] PackLoader:240 - Cannot read IP mode file for STMicroelectronics.FP-ATR-ASTRA1.2.0.0
2024-02-26 20:58:26,449 [WARN] PackLoader:240 - Cannot read IP mode file for STMicroelectronics.X-CUBE-TOF1.3.4.0
2024-02-26 20:58:26,486 [WARN] PackLoader:240 - Cannot read IP mode file for STMicroelectronics.X-CUBE-AZRTOS-H7.3.2.0
2024-02-26 20:58:26,490 [INFO] ThirdParty:978 - Integrity check success = true
2024-02-26 20:58:26,490 [INFO] IntegrityCheckThread:100 - exiting critical section [integrity check]
2024-02-26 20:58:26,490 [INFO] IntegrityCheckThread:103 - End integrity checks thread
2024-02-26 20:58:46,071 [ERROR] LogOutputStream:75 - [STDERR_REDIRECT] SLF4J: Failed to load class "org.slf4j.impl.StaticLoggerBinder".
2024-02-26 20:58:46,072 [ERROR] LogOutputStream:75 - [STDERR_REDIRECT] SLF4J: Defaulting to no-operation (NOP) logger implementation
2024-02-26 20:58:46,073 [ERROR] LogOutputStream:75 - [STDERR_REDIRECT] SLF4J: See http://www.slf4j.org/codes.html#StaticLoggerBinder for further details.
2024-02-26 22:53:45,563 [INFO] LogOutputStream:77 - [STDOUT_REDIRECT] StartTraceHandler.execute(), success : Collect=false
2024-02-26 22:53:47,188 [INFO] LogOutputStream:77 - [STDOUT_REDIRECT] StartTraceHandler.execute(), success : Collect=true
2024-02-26 22:53:47,872 [INFO] LogOutputStream:77 - [STDOUT_REDIRECT] StartTraceHandler.execute(), success : Collect=false
2024-02-26 23:02:58,952 [INFO] LogOutputStream:77 - [STDOUT_REDIRECT] StartTraceHandler.execute(), success : Collect=true
2024-02-26 23:07:07,311 [ERROR] LogOutputStream:75 - [STDERR_REDIRECT] 
2024-02-26 23:07:32,514 [INFO] Activator:176 - 


2024-02-26 23:07:32,517 [INFO] Activator:177 - !SESSION log4j initialized
2024-02-26 23:07:38,475 [INFO] LogOutputStream:77 - [STDOUT_REDIRECT] 
2024-02-26 23:07:39,702 [INFO] ApplicationProperties:184 - Using Application install path: C:\ST\STM32CubeIDE_1.13.2\STM32CubeIDE\plugins\com.st.stm32cube.common.mx_6.10.0.202311202037
2024-02-26 23:07:39,714 [INFO] DbMcusXml:78 - Set database path to: C:\ST\STM32CubeIDE_1.13.2\STM32CubeIDE\plugins\com.st.stm32cube.common.mx_6.10.0.202311202037\\db\/mcu/
2024-02-26 23:07:39,714 [INFO] ApiDb:274 - Set plugin database path to: C:\ST\STM32CubeIDE_1.13.2\STM32CubeIDE\plugins\com.st.stm32cube.common.mx_6.10.0.202311202037\\db\/plugins/boardmanager/
2024-02-26 23:07:39,714 [WARN] ApiDb:259 - Overriding images path with different value:  => C:\ST\STM32CubeIDE_1.13.2\STM32CubeIDE\plugins\com.st.stm32cube.common.mx_6.10.0.202311202037\\db\/plugins/mcufinder/images/
2024-02-26 23:07:39,718 [INFO] ApiDb:250 - Set database path to: C:\Users\islam\.stmcufinder\plugins\mcufinder//mcu/
2024-02-26 23:07:39,719 [INFO] DbMcusAds:125 - Set database path to: C:\Users\islam\.stmcufinder\plugins\mcufinder//mcu/
2024-02-26 23:07:39,721 [INFO] CrossReferenceDbSqlite:203 - Set database path to: C:\Users\islam\.stmcufinder\plugins\mcufinder//mcu/cs/
2024-02-26 23:07:39,814 [INFO] RulesReader:64 - Compatibility file has been processed (297 Rules)
2024-02-26 23:07:39,898 [INFO] DbMcusXml:78 - Set database path to: C:\ST\STM32CubeIDE_1.13.2\STM32CubeIDE\plugins\com.st.stm32cube.common.mx_6.10.0.202311202037\\db\/mcu/
2024-02-26 23:07:39,898 [INFO] ApiDb:274 - Set plugin database path to: C:\ST\STM32CubeIDE_1.13.2\STM32CubeIDE\plugins\com.st.stm32cube.common.mx_6.10.0.202311202037\\db\/plugins/boardmanager/
2024-02-26 23:07:39,898 [INFO] ApiDb:261 - Set plugin images path to: C:\ST\STM32CubeIDE_1.13.2\STM32CubeIDE\plugins\com.st.stm32cube.common.mx_6.10.0.202311202037\\db\/plugins/mcufinder/images/
2024-02-26 23:07:39,899 [WARN] DbFile:41 - Overriding database path with different value: C:\Users\islam\.stmcufinder\plugins\mcufinder/ => C:\Users\islam\.stmcufinder\plugins\mcufinder
2024-02-26 23:07:39,899 [INFO] ApiDb:250 - Set database path to: C:\Users\islam\.stmcufinder\plugins\mcufinder//mcu/
2024-02-26 23:07:39,899 [WARN] DbFile:41 - Overriding database path with different value: C:\Users\islam\.stmcufinder\plugins\mcufinder/ => C:\Users\islam\.stmcufinder\plugins\mcufinder
2024-02-26 23:07:39,899 [INFO] DbMcusAds:125 - Set database path to: C:\Users\islam\.stmcufinder\plugins\mcufinder//mcu/
2024-02-26 23:07:39,899 [WARN] DbFile:41 - Overriding database path with different value: C:\Users\islam\.stmcufinder\plugins\mcufinder/ => C:\Users\islam\.stmcufinder\plugins\mcufinder
2024-02-26 23:07:39,899 [WARN] DbFile:41 - Overriding database path with different value: C:\Users\islam\.stmcufinder\plugins\mcufinder/ => C:\Users\islam\.stmcufinder\plugins\mcufinder
2024-02-26 23:07:39,899 [INFO] CrossReferenceDbSqlite:203 - Set database path to: C:\Users\islam\.stmcufinder\plugins\mcufinder//mcu/cs/
2024-02-26 23:07:39,984 [INFO] MainPanel:264 - HeapMemory: 268435456
2024-02-26 23:07:40,031 [INFO] DbMcusXml:78 - Set database path to: C:\ST\STM32CubeIDE_1.13.2\STM32CubeIDE\plugins\com.st.stm32cube.common.mx_6.10.0.202311202037\\db\/mcu/
2024-02-26 23:07:40,031 [INFO] ApiDb:274 - Set plugin database path to: C:\ST\STM32CubeIDE_1.13.2\STM32CubeIDE\plugins\com.st.stm32cube.common.mx_6.10.0.202311202037\\db\/plugins/boardmanager/
2024-02-26 23:07:40,031 [INFO] ApiDb:261 - Set plugin images path to: C:\ST\STM32CubeIDE_1.13.2\STM32CubeIDE\plugins\com.st.stm32cube.common.mx_6.10.0.202311202037\\db\/plugins/mcufinder/images/
2024-02-26 23:07:40,032 [WARN] DbFile:41 - Overriding database path with different value: C:\Users\islam\.stmcufinder\plugins\mcufinder/ => C:\Users\islam\.stmcufinder\plugins\mcufinder
2024-02-26 23:07:40,032 [INFO] ApiDb:250 - Set database path to: C:\Users\islam\.stmcufinder\plugins\mcufinder//mcu/
2024-02-26 23:07:40,032 [WARN] DbFile:41 - Overriding database path with different value: C:\Users\islam\.stmcufinder\plugins\mcufinder/ => C:\Users\islam\.stmcufinder\plugins\mcufinder
2024-02-26 23:07:40,032 [INFO] DbMcusAds:125 - Set database path to: C:\Users\islam\.stmcufinder\plugins\mcufinder//mcu/
2024-02-26 23:07:40,032 [WARN] DbFile:41 - Overriding database path with different value: C:\Users\islam\.stmcufinder\plugins\mcufinder/ => C:\Users\islam\.stmcufinder\plugins\mcufinder
2024-02-26 23:07:40,032 [WARN] DbFile:41 - Overriding database path with different value: C:\Users\islam\.stmcufinder\plugins\mcufinder/ => C:\Users\islam\.stmcufinder\plugins\mcufinder
2024-02-26 23:07:40,032 [INFO] CrossReferenceDbSqlite:203 - Set database path to: C:\Users\islam\.stmcufinder\plugins\mcufinder//mcu/cs/
2024-02-26 23:07:40,045 [INFO] ApplicationProperties:184 - Using Application install path: C:\ST\STM32CubeIDE_1.13.2\STM32CubeIDE\plugins\com.st.stm32cube.common.mx_6.10.0.202311202037
2024-02-26 23:07:40,046 [INFO] PluginManage:196 - Search for loadable plugins [exclusion list=, ]
2024-02-26 23:07:40,047 [INFO] PluginManage:310 - Check plugin analytics
2024-02-26 23:07:40,187 [INFO] AnalyticsPlugin:253 - Accepted Software Licenses: 
2024-02-26 23:07:40,187 [INFO] AnalyticsPlugin:255 - Accepted CMSIS Pack Licenses: 
2024-02-26 23:07:40,188 [INFO] AnalyticsPlugin:257 - Accepted Firmware Licenses: 
2024-02-26 23:07:40,190 [INFO] PluginManage:359 - Loaded plugin analytics (category:tool,tabindex:-1)
2024-02-26 23:07:40,191 [INFO] PluginManage:310 - Check plugin cadmodel
2024-02-26 23:07:40,205 [INFO] CADModel:105 - Init CAD model plugin
2024-02-26 23:07:40,205 [INFO] PluginManage:359 - Loaded plugin cadmodel (category:power,tabindex:5)
2024-02-26 23:07:40,205 [INFO] PluginManage:310 - Check plugin clock
2024-02-26 23:07:40,228 [INFO] PluginManage:359 - Loaded plugin clock (category:base,tabindex:2)
2024-02-26 23:07:40,228 [INFO] PluginManage:310 - Check plugin ddr
2024-02-26 23:07:40,230 [INFO] PluginManage:359 - Loaded plugin ddr (category:tool,tabindex:6)
2024-02-26 23:07:40,230 [INFO] PluginManage:310 - Check plugin filemanager
2024-02-26 23:07:40,349 [INFO] PluginManage:359 - Loaded plugin filemanager (category:base,tabindex:10)
2024-02-26 23:07:40,349 [INFO] PluginManage:310 - Check plugin ipmanager
2024-02-26 23:07:40,355 [INFO] PluginManage:359 - Loaded plugin ipmanager (category:base,tabindex:5)
2024-02-26 23:07:40,355 [INFO] PluginManage:310 - Check plugin lpbam
2024-02-26 23:07:40,370 [INFO] PluginManage:359 - Loaded plugin lpbam (category:base,tabindex:0)
2024-02-26 23:07:40,370 [INFO] PluginManage:310 - Check plugin memorymap
2024-02-26 23:07:40,387 [INFO] PluginManage:359 - Loaded plugin memorymap (category:base,tabindex:4)
2024-02-26 23:07:40,387 [INFO] PluginManage:310 - Check plugin pinoutandconfiguration
2024-02-26 23:07:40,401 [INFO] PluginManage:359 - Loaded plugin pinoutandconfiguration (category:base,tabindex:1)
2024-02-26 23:07:40,402 [INFO] PluginManage:310 - Check plugin pinoutconfig
2024-02-26 23:07:40,470 [WARN] SupportedApi:132 - Cannot load RTOS API schema: s4s-elt-must-match.1: The content of 'definitions' must match (annotation?, (simpleType | complexType)?, (unique | key | keyref)*)). A problem was found starting at: attribute.
2024-02-26 23:07:40,563 [INFO] PluginManage:359 - Loaded plugin pinoutconfig (category:base,tabindex:0)
2024-02-26 23:07:40,563 [INFO] PluginManage:310 - Check plugin power
2024-02-26 23:07:40,580 [INFO] PluginManage:359 - Loaded plugin power (category:power,tabindex:4)
2024-02-26 23:07:40,580 [INFO] PluginManage:310 - Check plugin projectmanager
2024-02-26 23:07:40,594 [INFO] PluginManage:359 - Loaded plugin projectmanager (category:projectmanager,tabindex:3)
2024-02-26 23:07:40,595 [INFO] PluginManage:310 - Check plugin thirdparty
2024-02-26 23:07:40,823 [INFO] PluginManage:359 - Loaded plugin thirdparty (category:base,tabindex:-1)
2024-02-26 23:07:40,824 [INFO] PluginManage:310 - Check plugin tools
2024-02-26 23:07:40,824 [WARN] IntegrityCheckThread:84 - waiting for thirdparty lock release [integrity check]
2024-02-26 23:07:40,824 [INFO] IntegrityCheckThread:86 - entering critical section [integrity check]
2024-02-26 23:07:40,824 [INFO] ThirdPartyUpdaterWithRetryManager:70 - Updater plugin not ready yet. [1/15]
2024-02-26 23:07:40,854 [INFO] PluginManage:359 - Loaded plugin tools (category:base,tabindex:7)
2024-02-26 23:07:40,854 [INFO] PluginManage:310 - Check plugin tutovideos
2024-02-26 23:07:40,980 [INFO] PluginManage:359 - Loaded plugin tutovideos (category:base,tabindex:-1)
2024-02-26 23:07:40,980 [INFO] PluginManage:310 - Check plugin updater
2024-02-26 23:07:40,987 [INFO] PluginManage:359 - Loaded plugin updater (category:base,tabindex:12)
2024-02-26 23:07:40,987 [INFO] PluginManage:310 - Check plugin userauth
2024-02-26 23:07:40,990 [INFO] UserAuth:114 - Init User Auth plugin
2024-02-26 23:07:40,990 [INFO] PluginManage:359 - Loaded plugin userauth (category:base,tabindex:14)
2024-02-26 23:07:40,990 [INFO] PluginManage:283 - PluginManage : Loaded plugins [17]
2024-02-26 23:07:41,178 [INFO] PinOutPanel:1499 - setPackage(No Configuration,No Configuration)
2024-02-26 23:07:41,248 [INFO] CADModel:165 - CPN selected for project level
2024-02-26 23:07:41,248 [INFO] CADModel:114 - Register for checkConnection events
2024-02-26 23:07:41,265 [INFO] IPUIPlugin:80 - create IPUIPlugin
2024-02-26 23:07:41,265 [INFO] PluginManager:220 - loadIPPluginJar : add adc
2024-02-26 23:07:41,296 [INFO] IPUIPlugin:80 - create IPUIPlugin
2024-02-26 23:07:41,296 [INFO] PluginManager:220 - loadIPPluginJar : add aes
2024-02-26 23:07:41,330 [INFO] IPUIPlugin:80 - create IPUIPlugin
2024-02-26 23:07:41,330 [INFO] PluginManager:220 - loadIPPluginJar : add can
2024-02-26 23:07:41,350 [INFO] IPUIPlugin:80 - create IPUIPlugin
2024-02-26 23:07:41,350 [INFO] PluginManager:220 - loadIPPluginJar : add comp
2024-02-26 23:07:41,378 [INFO] IPUIPlugin:80 - create IPUIPlugin
2024-02-26 23:07:41,378 [INFO] PluginManager:220 - loadIPPluginJar : add cryp
2024-02-26 23:07:41,403 [INFO] IPUIPlugin:80 - create IPUIPlugin
2024-02-26 23:07:41,403 [INFO] PluginManager:220 - loadIPPluginJar : add dfsdm
2024-02-26 23:07:41,414 [INFO] IPUIPlugin:80 - create IPUIPlugin
2024-02-26 23:07:41,414 [INFO] PluginManager:220 - loadIPPluginJar : add dma
2024-02-26 23:07:41,449 [INFO] IPUIPlugin:80 - create IPUIPlugin
2024-02-26 23:07:41,450 [INFO] PluginManager:220 - loadIPPluginJar : add dma3
2024-02-26 23:07:41,472 [INFO] IPUIPlugin:80 - create IPUIPlugin
2024-02-26 23:07:41,472 [INFO] PluginManager:220 - loadIPPluginJar : add fatfs
2024-02-26 23:07:41,516 [INFO] IPUIPlugin:80 - create IPUIPlugin
2024-02-26 23:07:41,516 [INFO] PluginManager:220 - loadIPPluginJar : add fmc
2024-02-26 23:07:41,530 [INFO] IPUIPlugin:80 - create IPUIPlugin
2024-02-26 23:07:41,530 [INFO] PluginManager:220 - loadIPPluginJar : add freertos
2024-02-26 23:07:41,548 [INFO] IPUIPlugin:80 - create IPUIPlugin
2024-02-26 23:07:41,548 [INFO] PluginManager:220 - loadIPPluginJar : add genericplugin
2024-02-26 23:07:41,625 [INFO] IPUIPlugin:80 - create IPUIPlugin
2024-02-26 23:07:41,626 [INFO] PluginManager:220 - loadIPPluginJar : add gfxmmu
2024-02-26 23:07:41,731 [INFO] IPUIPlugin:80 - create IPUIPlugin
2024-02-26 23:07:41,731 [INFO] PluginManager:220 - loadIPPluginJar : add gic
2024-02-26 23:07:41,742 [INFO] IPUIPlugin:80 - create IPUIPlugin
2024-02-26 23:07:41,742 [INFO] PluginManager:220 - loadIPPluginJar : add gpio
2024-02-26 23:07:41,817 [INFO] IPUIPlugin:80 - create IPUIPlugin
2024-02-26 23:07:41,817 [INFO] PluginManager:220 - loadIPPluginJar : add gtzc
2024-02-26 23:07:41,845 [INFO] IPUIPlugin:80 - create IPUIPlugin
2024-02-26 23:07:41,845 [INFO] PluginManager:220 - loadIPPluginJar : add hash
2024-02-26 23:07:41,889 [INFO] IPUIPlugin:80 - create IPUIPlugin
2024-02-26 23:07:41,889 [INFO] PluginManager:220 - loadIPPluginJar : add i2c
2024-02-26 23:07:41,922 [INFO] IPUIPlugin:80 - create IPUIPlugin
2024-02-26 23:07:41,922 [INFO] PluginManager:220 - loadIPPluginJar : add i2s
2024-02-26 23:07:41,958 [INFO] IPUIPlugin:80 - create IPUIPlugin
2024-02-26 23:07:41,958 [INFO] PluginManager:220 - loadIPPluginJar : add i3c
2024-02-26 23:07:42,046 [INFO] IPUIPlugin:80 - create IPUIPlugin
2024-02-26 23:07:42,047 [INFO] PluginManager:220 - loadIPPluginJar : add ipddr
2024-02-26 23:07:42,123 [INFO] IPUIPlugin:80 - create IPUIPlugin
2024-02-26 23:07:42,123 [INFO] PluginManager:220 - loadIPPluginJar : add linkedlist
2024-02-26 23:07:42,152 [INFO] IPUIPlugin:80 - create IPUIPlugin
2024-02-26 23:07:42,152 [INFO] PluginManager:220 - loadIPPluginJar : add lorawan
2024-02-26 23:07:42,183 [INFO] IPUIPlugin:80 - create IPUIPlugin
2024-02-26 23:07:42,184 [INFO] PluginManager:220 - loadIPPluginJar : add ltdc
2024-02-26 23:07:42,194 [INFO] IPUIPlugin:80 - create IPUIPlugin
2024-02-26 23:07:42,195 [INFO] PluginManager:220 - loadIPPluginJar : add mdma
2024-02-26 23:07:42,205 [INFO] IPUIPlugin:80 - create IPUIPlugin
2024-02-26 23:07:42,206 [INFO] PluginManager:220 - loadIPPluginJar : add nvic
2024-02-26 23:07:42,235 [INFO] IPUIPlugin:80 - create IPUIPlugin
2024-02-26 23:07:42,235 [INFO] PluginManager:220 - loadIPPluginJar : add opamp
2024-02-26 23:07:42,285 [INFO] IPUIPlugin:80 - create IPUIPlugin
2024-02-26 23:07:42,285 [INFO] PluginManager:220 - loadIPPluginJar : add openamp
2024-02-26 23:07:42,320 [INFO] IPUIPlugin:80 - create IPUIPlugin
2024-02-26 23:07:42,321 [INFO] PluginManager:220 - loadIPPluginJar : add pdm2pcm
2024-02-26 23:07:42,332 [INFO] IPUIPlugin:80 - create IPUIPlugin
2024-02-26 23:07:42,334 [INFO] PluginManager:220 - loadIPPluginJar : add plateformsettings
2024-02-26 23:07:42,352 [INFO] IPUIPlugin:80 - create IPUIPlugin
2024-02-26 23:07:42,352 [INFO] PluginManager:220 - loadIPPluginJar : add quadspi
2024-02-26 23:07:42,362 [INFO] IPUIPlugin:80 - create IPUIPlugin
2024-02-26 23:07:42,362 [INFO] PluginManager:220 - loadIPPluginJar : add resmgrutility
2024-02-26 23:07:42,404 [INFO] IPUIPlugin:80 - create IPUIPlugin
2024-02-26 23:07:42,404 [INFO] PluginManager:220 - loadIPPluginJar : add sai
2024-02-26 23:07:42,434 [INFO] IPUIPlugin:80 - create IPUIPlugin
2024-02-26 23:07:42,434 [INFO] PluginManager:220 - loadIPPluginJar : add spi
2024-02-26 23:07:42,490 [INFO] IPUIPlugin:80 - create IPUIPlugin
2024-02-26 23:07:42,490 [INFO] PluginManager:220 - loadIPPluginJar : add stm32_wpan
2024-02-26 23:07:42,509 [INFO] IPUIPlugin:80 - create IPUIPlugin
2024-02-26 23:07:42,509 [INFO] PluginManager:220 - loadIPPluginJar : add tim
2024-02-26 23:07:42,556 [INFO] IPUIPlugin:80 - create IPUIPlugin
2024-02-26 23:07:42,556 [INFO] PluginManager:220 - loadIPPluginJar : add touchsensing
2024-02-26 23:07:42,577 [INFO] IPUIPlugin:80 - create IPUIPlugin
2024-02-26 23:07:42,577 [INFO] PluginManager:220 - loadIPPluginJar : add tracer_emb
2024-02-26 23:07:42,600 [INFO] IPUIPlugin:80 - create IPUIPlugin
2024-02-26 23:07:42,600 [INFO] PluginManager:220 - loadIPPluginJar : add ts
2024-02-26 23:07:42,619 [INFO] IPUIPlugin:80 - create IPUIPlugin
2024-02-26 23:07:42,619 [INFO] PluginManager:220 - loadIPPluginJar : add tsc
2024-02-26 23:07:42,638 [INFO] IPUIPlugin:80 - create IPUIPlugin
2024-02-26 23:07:42,638 [INFO] PluginManager:220 - loadIPPluginJar : add ucpd
2024-02-26 23:07:42,675 [INFO] IPUIPlugin:80 - create IPUIPlugin
2024-02-26 23:07:42,675 [INFO] PluginManager:220 - loadIPPluginJar : add usart
2024-02-26 23:07:42,710 [INFO] IPUIPlugin:80 - create IPUIPlugin
2024-02-26 23:07:42,711 [INFO] PluginManager:220 - loadIPPluginJar : add usbx
2024-02-26 23:07:42,831 [INFO] CADModel:165 - CPN selected for project level
2024-02-26 23:07:42,832 [INFO] CADModel:114 - Register for checkConnection events
2024-02-26 23:07:42,832 [FATAL] Updater:308 - Updater called before beeing initialized
2024-02-26 23:07:42,832 [ERROR] CADModel:125 - Updater not yet initialized, retry later 
2024-02-26 23:07:42,909 [INFO] CADModel:165 - CPN selected for project level
2024-02-26 23:07:42,909 [INFO] CADModel:114 - Register for checkConnection events
2024-02-26 23:07:42,909 [FATAL] Updater:308 - Updater called before beeing initialized
2024-02-26 23:07:42,909 [ERROR] CADModel:125 - Updater not yet initialized, retry later 
2024-02-26 23:07:42,911 [FATAL] Updater:308 - Updater called before beeing initialized
2024-02-26 23:07:43,014 [FATAL] Updater:308 - Updater called before beeing initialized
2024-02-26 23:07:43,023 [INFO] DbMcusAds:53 - JSON generation date=Wed Nov 29 13:52:27 TRT 2023 (1701255147349)
2024-02-26 23:07:43,023 [FATAL] Updater:308 - Updater called before beeing initialized
2024-02-26 23:07:43,083 [WARN] DetailPanel:346 - Failed to get advertising image, set to default
2024-02-26 23:07:43,164 [FATAL] Updater:308 - Updater called before beeing initialized
2024-02-26 23:07:43,165 [FATAL] Updater:308 - Updater called before beeing initialized
2024-02-26 23:07:43,165 [FATAL] Updater:308 - Updater called before beeing initialized
2024-02-26 23:07:43,165 [WARN] DetailPanel:346 - Failed to get advertising image, set to default
2024-02-26 23:07:43,166 [FATAL] Updater:308 - Updater called before beeing initialized
2024-02-26 23:07:43,234 [ERROR] Updater:1120 - MainUpdater not yet initialized. External WinMGr cannot be set.
2024-02-26 23:07:43,249 [INFO] Updater:1056 - Updater Version found : 6.10.0
2024-02-26 23:07:43,266 [INFO] ApplicationProperties:184 - Using Application install path: C:\ST\STM32CubeIDE_1.13.2\STM32CubeIDE\plugins\com.st.stm32cube.common.mx_6.10.0.202311202037
2024-02-26 23:07:43,825 [INFO] ThirdPartyUpdaterWithRetryManager:70 - Updater plugin not ready yet. [2/15]
2024-02-26 23:07:44,849 [ERROR] LogOutputStream:75 - [STDERR_REDIRECT] Feb 26, 2024 11:07:44 PM java.util.prefs.WindowsPreferences <init>
2024-02-26 23:07:44,850 [ERROR] LogOutputStream:75 - [STDERR_REDIRECT] WARNING: Could not open/create prefs root node Software\JavaSoft\Prefs at root 0xffffffff80000002. Windows RegCreateKeyEx(...) returned error code 5.
2024-02-26 23:07:44,850 [ERROR] LogOutputStream:75 - [STDERR_REDIRECT] 
2024-02-26 23:07:45,328 [INFO] MainUpdater:2873 - connection check result : 10
2024-02-26 23:07:45,328 [INFO] MainUpdater:290 - Updater Check For Update Now.
2024-02-26 23:07:45,329 [INFO] MicroXplorer:498 - Change Database Version : DB.6.0.100
2024-02-26 23:07:45,345 [INFO] McuFinderGlobals:63 - Set McuFinder mode to 2 (CubeIDE integrated)
2024-02-26 23:07:45,364 [INFO] UserAuth:404 - Internet connection configuration mode: 1
2024-02-26 23:07:45,385 [INFO] JxBrowserEngine:152 - Initiate JxBrowser Engine with user profile folder
2024-02-26 23:07:45,533 [INFO] CheckServerUpdateThread:120 - End of CheckServer Thread
2024-02-26 23:07:47,000 [WARN] PackLoader:240 - Cannot read IP mode file for STMicroelectronics.X-CUBE-SMBUS.2.1.0
2024-02-26 23:07:47,020 [WARN] PackLoader:240 - Cannot read IP mode file for STMicroelectronics.X-CUBE-TOUCHGFX.4.23.0
2024-02-26 23:07:47,061 [WARN] PackLoader:240 - Cannot read IP mode file for STMicroelectronics.X-CUBE-AZRTOS-F7.1.1.0
2024-02-26 23:07:47,085 [WARN] PackLoader:240 - Cannot read IP mode file for STMicroelectronics.FP-SNS-MOTENV1.4.3.2
2024-02-26 23:07:47,106 [WARN] PackLoader:240 - Cannot read IP mode file for STMicroelectronics.FP-SNS-FLIGHT1.5.0.2
2024-02-26 23:07:47,130 [WARN] PackLoader:240 - Cannot read IP mode file for STMicroelectronics.X-CUBE-DISPLAY.3.0.0
2024-02-26 23:07:47,155 [WARN] PackLoader:240 - Cannot read IP mode file for STMicroelectronics.X-CUBE-BLE1.7.0.0
2024-02-26 23:07:47,172 [WARN] PackLoader:240 - Cannot read IP mode file for emotas.I-CUBE-CANOPEN.1.3.0
2024-02-26 23:07:47,184 [WARN] PackLoader:240 - Cannot read IP mode file for STMicroelectronics.X-CUBE-TOUCHGFX.4.22.1
2024-02-26 23:07:47,204 [INFO] LogOutputStream:77 - [STDOUT_REDIRECT] 1 : Invalid condition id : UX_CORESTACK_Condition cause : null
2024-02-26 23:07:47,205 [INFO] LogOutputStream:77 - [STDOUT_REDIRECT] 1 : Invalid condition id : UX_CORESTACK_Condition cause : null
2024-02-26 23:07:47,207 [INFO] LogOutputStream:77 - [STDOUT_REDIRECT] 1 : Invalid condition id : UX_CORESTACK_Condition cause : null
2024-02-26 23:07:47,209 [INFO] LogOutputStream:77 - [STDOUT_REDIRECT] 1 : Invalid condition id : UX_CORESTACK_Condition cause : null
2024-02-26 23:07:47,211 [INFO] LogOutputStream:77 - [STDOUT_REDIRECT] 1 : Invalid condition id : UX_CORESTACK_Condition cause : null
2024-02-26 23:07:47,215 [WARN] PackLoader:240 - Cannot read IP mode file for STMicroelectronics.X-CUBE-AZRTOS-WL.2.0.0
2024-02-26 23:07:47,240 [WARN] PackLoader:240 - Cannot read IP mode file for WES.I-CUBE-Cesium.1.3.0
2024-02-26 23:07:47,259 [WARN] PackLoader:240 - Cannot read IP mode file for STMicroelectronics.X-CUBE-BLE2.3.3.0
2024-02-26 23:07:47,280 [WARN] PackLoader:240 - Cannot read IP mode file for STMicroelectronics.X-CUBE-ALGOBUILD.1.3.0
2024-02-26 23:07:47,330 [WARN] PackLoader:240 - Cannot read IP mode file for STMicroelectronics.X-CUBE-AZRTOS-G0.1.1.0
2024-02-26 23:07:47,370 [WARN] PackLoader:240 - Cannot read IP mode file for STMicroelectronics.X-CUBE-NFC4.3.0.0
2024-02-26 23:07:47,395 [WARN] PackLoader:240 - Cannot read IP mode file for STMicroelectronics.X-CUBE-BLEMGR.3.0.0
2024-02-26 23:07:47,424 [WARN] PackLoader:240 - Cannot read IP mode file for STMicroelectronics.FP-ATR-SIGFOX1.3.2.0
2024-02-26 23:07:47,444 [WARN] PackLoader:240 - Cannot read IP mode file for STMicroelectronics.X-CUBE-EEPRMA1.5.1.0
2024-02-26 23:07:47,488 [WARN] PackLoader:240 - Cannot read IP mode file for SEGGER.I-CUBE-embOS.1.3.1
2024-02-26 23:07:47,550 [WARN] PackLoader:240 - Cannot read IP mode file for STMicroelectronics.X-CUBE-GNSS1.6.0.0
2024-02-26 23:07:47,585 [WARN] PackLoader:240 - Cannot read IP mode file for STMicroelectronics.X-CUBE-AZRTOS-F4.1.1.0
2024-02-26 23:07:47,603 [WARN] PackLoader:240 - Cannot read IP mode file for wolfSSL.I-CUBE-wolfSSL.5.6.3
2024-02-26 23:07:47,644 [WARN] PackLoader:240 - Cannot read IP mode file for STMicroelectronics.X-CUBE-AZRTOS-L5.2.0.0
2024-02-26 23:07:47,719 [WARN] PackLoader:240 - Cannot read IP mode file for STMicroelectronics.X-CUBE-MEMS1.9.6.0
2024-02-26 23:07:48,003 [WARN] PackLoader:240 - Cannot read IP mode file for STMicroelectronics.X-CUBE-EEPRMA1.4.2.0
2024-02-26 23:07:48,037 [WARN] PackLoader:240 - Cannot read IP mode file for ITTIA_DB.I-CUBE-ITTIADB.8.8.0
2024-02-26 23:07:48,059 [WARN] PackLoader:240 - Cannot read IP mode file for STMicroelectronics.X-CUBE-BLEMGR.2.0.0
2024-02-26 23:07:48,130 [WARN] ConditionMgr:438 - getConditionDescription Invalid condition id : UX DEVICE CLASS RTOS Condition cause : null
2024-02-26 23:07:48,131 [WARN] ConditionMgr:438 - getConditionDescription Invalid condition id : UX DEVICE CLASS RTOS Condition cause : null
2024-02-26 23:07:48,136 [WARN] PackLoader:240 - Cannot read IP mode file for STMicroelectronics.X-CUBE-AZRTOS-H7.3.1.0
2024-02-26 23:07:48,138 [WARN] ConditionMgr:1039 - genDependencies : Invalid condition id : UX DEVICE CLASS RTOS Condition cause : null
2024-02-26 23:07:48,138 [WARN] ConditionMgr:1039 - genDependencies : Invalid condition id : UX DEVICE CLASS RTOS Condition cause : null
2024-02-26 23:07:48,139 [WARN] ConditionMgr:1039 - genDependencies : Invalid condition id : UX DEVICE CLASS RTOS Condition cause : null
2024-02-26 23:07:48,140 [WARN] ConditionMgr:1039 - genDependencies : Invalid condition id : UX DEVICE CLASS RTOS Condition cause : null
2024-02-26 23:07:48,140 [WARN] ConditionMgr:1039 - genDependencies : Invalid condition id : UX DEVICE CLASS RTOS Condition cause : null
2024-02-26 23:07:48,168 [WARN] PackLoader:240 - Cannot read IP mode file for STMicroelectronics.X-CUBE-NFC7.1.0.1
2024-02-26 23:07:48,189 [WARN] PackLoader:240 - Cannot read IP mode file for STMicroelectronics.X-CUBE-EEPRMA1.4.1.0
2024-02-26 23:07:48,224 [WARN] PackLoader:240 - Cannot read IP mode file for STMicroelectronics.X-CUBE-AI.8.1.0
2024-02-26 23:07:48,289 [WARN] ConditionMgr:438 - getConditionDescription Invalid condition id : LAN8742 Phy interface Condition cause : null
2024-02-26 23:07:48,290 [WARN] PackLoader:240 - Cannot read IP mode file for STMicroelectronics.X-CUBE-AZRTOS-L4.2.0.0
2024-02-26 23:07:48,292 [WARN] ConditionMgr:1039 - genDependencies : Invalid condition id : LAN8742 Phy interface Condition cause : null
2024-02-26 23:07:48,292 [WARN] ConditionMgr:1039 - genDependencies : Invalid condition id : LAN8742 Phy interface Condition cause : null
2024-02-26 23:07:48,293 [WARN] ConditionMgr:1039 - genDependencies : Invalid condition id : LAN8742 Phy interface Condition cause : null
2024-02-26 23:07:48,421 [WARN] PackLoader:240 - Cannot read IP mode file for STMicroelectronics.X-CUBE-SFXS2LP1.4.0.0
2024-02-26 23:07:48,448 [WARN] PackLoader:240 - Cannot read IP mode file for STMicroelectronics.X-CUBE-ISPU.1.1.0
2024-02-26 23:07:48,460 [INFO] WebApp:161 - Instantiating new browser for Auth
2024-02-26 23:07:48,489 [WARN] ConditionMgr:438 - getConditionDescription Invalid condition id : UX DEVICE CLASS RTOS Condition cause : null
2024-02-26 23:07:48,490 [WARN] ConditionMgr:438 - getConditionDescription Invalid condition id : UX DEVICE CLASS RTOS Condition cause : null
2024-02-26 23:07:48,493 [WARN] PackLoader:240 - Cannot read IP mode file for STMicroelectronics.X-CUBE-AZRTOS-WB.2.0.0
2024-02-26 23:07:48,494 [WARN] ConditionMgr:1039 - genDependencies : Invalid condition id : UX DEVICE CLASS RTOS Condition cause : null
2024-02-26 23:07:48,494 [WARN] ConditionMgr:1039 - genDependencies : Invalid condition id : UX DEVICE CLASS RTOS Condition cause : null
2024-02-26 23:07:48,495 [WARN] ConditionMgr:1039 - genDependencies : Invalid condition id : UX DEVICE CLASS RTOS Condition cause : null
2024-02-26 23:07:48,495 [WARN] ConditionMgr:1039 - genDependencies : Invalid condition id : UX DEVICE CLASS RTOS Condition cause : null
2024-02-26 23:07:48,495 [WARN] ConditionMgr:1039 - genDependencies : Invalid condition id : UX DEVICE CLASS RTOS Condition cause : null
2024-02-26 23:07:48,535 [WARN] PackLoader:240 - Cannot read IP mode file for STMicroelectronics.X-CUBE-SUBG2.5.0.0
2024-02-26 23:07:48,576 [WARN] PackLoader:240 - Cannot read IP mode file for STMicroelectronics.X-CUBE-TOF1.3.3.1
2024-02-26 23:07:48,637 [WARN] PackLoader:240 - Cannot read IP mode file for STMicroelectronics.X-CUBE-AZRTOS-G4.2.0.0
2024-02-26 23:07:48,680 [WARN] PackLoader:240 - Cannot read IP mode file for Infineon.AIROC-Wi-Fi-Bluetooth-STM32.1.5.1
2024-02-26 23:07:48,716 [WARN] PackLoader:240 - Cannot read IP mode file for STMicroelectronics.FP-SNS-MOTENVWB1.1.3.1
2024-02-26 23:07:48,740 [WARN] PackLoader:240 - Cannot read IP mode file for STMicroelectronics.X-CUBE-ISPU.2.0.0
2024-02-26 23:07:48,815 [WARN] PackLoader:240 - Cannot read IP mode file for STMicroelectronics.X-CUBE-MEMS1.10.0.0
2024-02-26 23:07:49,003 [WARN] PackLoader:240 - Cannot read IP mode file for STMicroelectronics.X-CUBE-FREERTOS.1.1.0
2024-02-26 23:07:49,025 [WARN] PackLoader:240 - Cannot read IP mode file for portGmbH.I-Cube-SoM-uGOAL.1.1.0
2024-02-26 23:07:49,044 [WARN] PackLoader:240 - Cannot read IP mode file for STMicroelectronics.X-CUBE-ALS.1.0.1
2024-02-26 23:07:49,066 [WARN] PackLoader:240 - Cannot read IP mode file for STMicroelectronics.FP-ATR-ASTRA1.2.0.0
2024-02-26 23:07:49,095 [WARN] PackLoader:240 - Cannot read IP mode file for STMicroelectronics.X-CUBE-TOF1.3.4.0
2024-02-26 23:07:49,154 [WARN] PackLoader:240 - Cannot read IP mode file for STMicroelectronics.X-CUBE-AZRTOS-H7.3.2.0
2024-02-26 23:07:49,158 [INFO] ThirdParty:978 - Integrity check success = true
2024-02-26 23:07:49,158 [INFO] IntegrityCheckThread:100 - exiting critical section [integrity check]
2024-02-26 23:07:49,159 [INFO] IntegrityCheckThread:103 - End integrity checks thread
2024-02-26 23:07:49,320 [INFO] WebApp:780 - Register for checkConnection events
2024-02-26 23:07:49,324 [INFO] WebApp:414 - Apply proxy settings
2024-02-26 23:07:49,325 [INFO] WebApp:499 - Chromium requires no authentication
2024-02-26 23:07:49,334 [INFO] WebApp:442 - Direct internet connection detected
2024-02-26 23:07:49,487 [INFO] WebApp:192 - Starting web application
2024-02-26 23:07:49,488 [INFO] WebApp:544 - Web application path used C:\ST\STM32CubeIDE_1.13.2\STM32CubeIDE\plugins\com.st.stm32cube.common.mx_6.10.0.202311202037\db\plugins\mcufinder\reactClient1\index.html
2024-02-26 23:08:10,178 [ERROR] LogOutputStream:75 - [STDERR_REDIRECT] SLF4J: Failed to load class "org.slf4j.impl.StaticLoggerBinder".
2024-02-26 23:08:10,179 [ERROR] LogOutputStream:75 - [STDERR_REDIRECT] SLF4J: Defaulting to no-operation (NOP) logger implementation
2024-02-26 23:08:10,181 [ERROR] LogOutputStream:75 - [STDERR_REDIRECT] SLF4J: See http://www.slf4j.org/codes.html#StaticLoggerBinder for further details.
2024-02-26 23:10:24,366 [INFO] LogOutputStream:77 - [STDOUT_REDIRECT] StartTraceHandler.execute(), success : Collect=true
2024-02-26 23:41:47,927 [ERROR] LogOutputStream:75 - [STDERR_REDIRECT] Exception in thread "SWV client thread" java.lang.NullPointerException: Cannot invoke "com.st.stm32cube.ide.mcu.debug.swv.core.SWVPlugin.isDebugging()" because "com.st.stm32cube.ide.mcu.debug.swv.core.SWVPlugin.plugin" is null
2024-02-26 23:41:47,929 [ERROR] LogOutputStream:75 - [STDERR_REDIRECT] 	at com.st.stm32cube.ide.mcu.debug.swv.core.SWVPlugin.debugTrace(SWVPlugin.java:85)
2024-02-26 23:41:47,931 [ERROR] LogOutputStream:75 - [STDERR_REDIRECT] 	at com.st.stm32cube.ide.mcu.debug.swv.core.SWVClient.TRACE(SWVClient.java:768)
2024-02-26 23:41:47,933 [ERROR] LogOutputStream:75 - [STDERR_REDIRECT] 	at com.st.stm32cube.ide.mcu.debug.swv.core.SWVClient.readByte(SWVClient.java:296)
2024-02-26 23:41:47,935 [ERROR] LogOutputStream:75 - [STDERR_REDIRECT] 	at com.st.stm32cube.ide.mcu.debug.swv.core.SWVClient.getNextByte(SWVClient.java:277)
2024-02-26 23:41:47,935 [ERROR] LogOutputStream:75 - [STDERR_REDIRECT] 	at com.st.stm32cube.ide.mcu.debug.swv.core.SWVClient.run(SWVClient.java:313)
2024-02-26 23:41:48,635 [ERROR] LogOutputStream:75 - [STDERR_REDIRECT] 
