2023-10-29 10:01:04,082 [INFO] Activator:176 - 


2023-10-29 10:01:04,088 [INFO] Activator:177 - !SESSION log4j initialized
2023-10-29 10:01:08,549 [INFO] LogOutputStream:77 - [STDOUT_REDIRECT] 
2023-10-29 10:01:10,124 [INFO] ApplicationProperties:184 - Using Application install path: C:\ST\STM32CubeIDE_1.13.2\STM32CubeIDE\plugins\com.st.stm32cube.common.mx_6.9.2.202309101412
2023-10-29 10:01:10,137 [INFO] DbMcusXml:78 - Set database path to: C:\ST\STM32CubeIDE_1.13.2\STM32CubeIDE\plugins\com.st.stm32cube.common.mx_6.9.2.202309101412\\db\/mcu/
2023-10-29 10:01:10,138 [INFO] ApiDb:274 - Set plugin database path to: C:\ST\STM32CubeIDE_1.13.2\STM32CubeIDE\plugins\com.st.stm32cube.common.mx_6.9.2.202309101412\\db\/plugins/boardmanager/
2023-10-29 10:01:10,138 [WARN] ApiDb:259 - Overriding images path with different value:  => C:\ST\STM32CubeIDE_1.13.2\STM32CubeIDE\plugins\com.st.stm32cube.common.mx_6.9.2.202309101412\\db\/plugins/mcufinder/images/
2023-10-29 10:01:10,145 [INFO] ApiDb:250 - Set database path to: C:\Users\islam\.stmcufinder\plugins\mcufinder//mcu/
2023-10-29 10:01:10,146 [INFO] DbMcusAds:125 - Set database path to: C:\Users\islam\.stmcufinder\plugins\mcufinder//mcu/
2023-10-29 10:01:10,148 [INFO] CrossReferenceDbSqlite:203 - Set database path to: C:\Users\islam\.stmcufinder\plugins\mcufinder//mcu/cs/
2023-10-29 10:01:10,241 [INFO] RulesReader:64 - Compatibility file has been processed (293 Rules)
2023-10-29 10:01:10,300 [INFO] DbMcusXml:78 - Set database path to: C:\ST\STM32CubeIDE_1.13.2\STM32CubeIDE\plugins\com.st.stm32cube.common.mx_6.9.2.202309101412\\db\/mcu/
2023-10-29 10:01:10,301 [INFO] ApiDb:274 - Set plugin database path to: C:\ST\STM32CubeIDE_1.13.2\STM32CubeIDE\plugins\com.st.stm32cube.common.mx_6.9.2.202309101412\\db\/plugins/boardmanager/
2023-10-29 10:01:10,301 [INFO] ApiDb:261 - Set plugin images path to: C:\ST\STM32CubeIDE_1.13.2\STM32CubeIDE\plugins\com.st.stm32cube.common.mx_6.9.2.202309101412\\db\/plugins/mcufinder/images/
2023-10-29 10:01:10,301 [WARN] DbFile:41 - Overriding database path with different value: C:\Users\islam\.stmcufinder\plugins\mcufinder/ => C:\Users\islam\.stmcufinder\plugins\mcufinder
2023-10-29 10:01:10,301 [INFO] ApiDb:250 - Set database path to: C:\Users\islam\.stmcufinder\plugins\mcufinder//mcu/
2023-10-29 10:01:10,301 [WARN] DbFile:41 - Overriding database path with different value: C:\Users\islam\.stmcufinder\plugins\mcufinder/ => C:\Users\islam\.stmcufinder\plugins\mcufinder
2023-10-29 10:01:10,301 [INFO] DbMcusAds:125 - Set database path to: C:\Users\islam\.stmcufinder\plugins\mcufinder//mcu/
2023-10-29 10:01:10,301 [WARN] DbFile:41 - Overriding database path with different value: C:\Users\islam\.stmcufinder\plugins\mcufinder/ => C:\Users\islam\.stmcufinder\plugins\mcufinder
2023-10-29 10:01:10,301 [WARN] DbFile:41 - Overriding database path with different value: C:\Users\islam\.stmcufinder\plugins\mcufinder/ => C:\Users\islam\.stmcufinder\plugins\mcufinder
2023-10-29 10:01:10,301 [INFO] CrossReferenceDbSqlite:203 - Set database path to: C:\Users\islam\.stmcufinder\plugins\mcufinder//mcu/cs/
2023-10-29 10:01:10,360 [INFO] MainPanel:262 - HeapMemory: 268435456
2023-10-29 10:01:10,420 [INFO] DbMcusXml:78 - Set database path to: C:\ST\STM32CubeIDE_1.13.2\STM32CubeIDE\plugins\com.st.stm32cube.common.mx_6.9.2.202309101412\\db\/mcu/
2023-10-29 10:01:10,420 [INFO] ApiDb:274 - Set plugin database path to: C:\ST\STM32CubeIDE_1.13.2\STM32CubeIDE\plugins\com.st.stm32cube.common.mx_6.9.2.202309101412\\db\/plugins/boardmanager/
2023-10-29 10:01:10,420 [INFO] ApiDb:261 - Set plugin images path to: C:\ST\STM32CubeIDE_1.13.2\STM32CubeIDE\plugins\com.st.stm32cube.common.mx_6.9.2.202309101412\\db\/plugins/mcufinder/images/
2023-10-29 10:01:10,421 [WARN] DbFile:41 - Overriding database path with different value: C:\Users\islam\.stmcufinder\plugins\mcufinder/ => C:\Users\islam\.stmcufinder\plugins\mcufinder
2023-10-29 10:01:10,421 [INFO] ApiDb:250 - Set database path to: C:\Users\islam\.stmcufinder\plugins\mcufinder//mcu/
2023-10-29 10:01:10,421 [WARN] DbFile:41 - Overriding database path with different value: C:\Users\islam\.stmcufinder\plugins\mcufinder/ => C:\Users\islam\.stmcufinder\plugins\mcufinder
2023-10-29 10:01:10,421 [INFO] DbMcusAds:125 - Set database path to: C:\Users\islam\.stmcufinder\plugins\mcufinder//mcu/
2023-10-29 10:01:10,421 [WARN] DbFile:41 - Overriding database path with different value: C:\Users\islam\.stmcufinder\plugins\mcufinder/ => C:\Users\islam\.stmcufinder\plugins\mcufinder
2023-10-29 10:01:10,421 [WARN] DbFile:41 - Overriding database path with different value: C:\Users\islam\.stmcufinder\plugins\mcufinder/ => C:\Users\islam\.stmcufinder\plugins\mcufinder
2023-10-29 10:01:10,421 [INFO] CrossReferenceDbSqlite:203 - Set database path to: C:\Users\islam\.stmcufinder\plugins\mcufinder//mcu/cs/
2023-10-29 10:01:10,434 [INFO] ApplicationProperties:184 - Using Application install path: C:\ST\STM32CubeIDE_1.13.2\STM32CubeIDE\plugins\com.st.stm32cube.common.mx_6.9.2.202309101412
2023-10-29 10:01:10,435 [INFO] PluginManage:196 - Search for loadable plugins [exclusion list=, ]
2023-10-29 10:01:10,436 [INFO] PluginManage:310 - Check plugin analytics
2023-10-29 10:01:10,591 [INFO] AnalyticsPlugin:253 - Accepted Software Licenses: 
2023-10-29 10:01:10,591 [INFO] AnalyticsPlugin:255 - Accepted CMSIS Pack Licenses: 
2023-10-29 10:01:10,591 [INFO] AnalyticsPlugin:257 - Accepted Firmware Licenses: 
2023-10-29 10:01:10,594 [INFO] PluginManage:359 - Loaded plugin analytics (category:tool,tabindex:-1)
2023-10-29 10:01:10,595 [INFO] PluginManage:310 - Check plugin cadmodel
2023-10-29 10:01:10,613 [INFO] CADModel:105 - Init CAD model plugin
2023-10-29 10:01:10,613 [INFO] PluginManage:359 - Loaded plugin cadmodel (category:power,tabindex:5)
2023-10-29 10:01:10,613 [INFO] PluginManage:310 - Check plugin clock
2023-10-29 10:01:10,641 [INFO] PluginManage:359 - Loaded plugin clock (category:base,tabindex:2)
2023-10-29 10:01:10,642 [INFO] PluginManage:310 - Check plugin ddr
2023-10-29 10:01:10,644 [INFO] PluginManage:359 - Loaded plugin ddr (category:tool,tabindex:6)
2023-10-29 10:01:10,644 [INFO] PluginManage:310 - Check plugin filemanager
2023-10-29 10:01:10,798 [INFO] PluginManage:359 - Loaded plugin filemanager (category:base,tabindex:10)
2023-10-29 10:01:10,798 [INFO] PluginManage:310 - Check plugin ipmanager
2023-10-29 10:01:10,807 [INFO] PluginManage:359 - Loaded plugin ipmanager (category:base,tabindex:5)
2023-10-29 10:01:10,808 [INFO] PluginManage:310 - Check plugin lpbam
2023-10-29 10:01:10,830 [INFO] PluginManage:359 - Loaded plugin lpbam (category:base,tabindex:0)
2023-10-29 10:01:10,830 [INFO] PluginManage:310 - Check plugin memorymap
2023-10-29 10:01:10,853 [INFO] PluginManage:359 - Loaded plugin memorymap (category:base,tabindex:4)
2023-10-29 10:01:10,854 [INFO] PluginManage:310 - Check plugin pinoutandconfiguration
2023-10-29 10:01:10,881 [INFO] PluginManage:359 - Loaded plugin pinoutandconfiguration (category:base,tabindex:1)
2023-10-29 10:01:10,882 [INFO] PluginManage:310 - Check plugin pinoutconfig
2023-10-29 10:01:11,008 [WARN] SupportedApi:132 - Cannot load RTOS API schema: s4s-elt-must-match.1: The content of 'definitions' must match (annotation?, (simpleType | complexType)?, (unique | key | keyref)*)). A problem was found starting at: attribute.
2023-10-29 10:01:11,185 [INFO] PluginManage:359 - Loaded plugin pinoutconfig (category:base,tabindex:0)
2023-10-29 10:01:11,185 [INFO] PluginManage:310 - Check plugin power
2023-10-29 10:01:11,206 [INFO] PluginManage:359 - Loaded plugin power (category:power,tabindex:4)
2023-10-29 10:01:11,206 [INFO] PluginManage:310 - Check plugin projectmanager
2023-10-29 10:01:11,226 [INFO] PluginManage:359 - Loaded plugin projectmanager (category:projectmanager,tabindex:3)
2023-10-29 10:01:11,226 [INFO] PluginManage:310 - Check plugin thirdparty
2023-10-29 10:01:11,519 [INFO] PluginManage:359 - Loaded plugin thirdparty (category:base,tabindex:-1)
2023-10-29 10:01:11,519 [INFO] PluginManage:310 - Check plugin tools
2023-10-29 10:01:11,519 [WARN] IntegrityCheckThread:84 - waiting for thirdparty lock release [integrity check]
2023-10-29 10:01:11,519 [INFO] IntegrityCheckThread:86 - entering critical section [integrity check]
2023-10-29 10:01:11,519 [INFO] ThirdPartyUpdaterWithRetryManager:70 - Updater plugin not ready yet. [1/15]
2023-10-29 10:01:11,547 [INFO] PluginManage:359 - Loaded plugin tools (category:base,tabindex:7)
2023-10-29 10:01:11,548 [INFO] PluginManage:310 - Check plugin tutovideos
2023-10-29 10:01:11,685 [INFO] PluginManage:359 - Loaded plugin tutovideos (category:base,tabindex:-1)
2023-10-29 10:01:11,685 [INFO] PluginManage:310 - Check plugin updater
2023-10-29 10:01:11,693 [INFO] PluginManage:359 - Loaded plugin updater (category:base,tabindex:12)
2023-10-29 10:01:11,693 [INFO] PluginManage:310 - Check plugin userauth
2023-10-29 10:01:11,697 [INFO] UserAuth:113 - Init User Auth plugin
2023-10-29 10:01:11,697 [INFO] PluginManage:359 - Loaded plugin userauth (category:base,tabindex:14)
2023-10-29 10:01:11,698 [INFO] PluginManage:283 - PluginManage : Loaded plugins [17]
2023-10-29 10:01:11,865 [INFO] PinOutPanel:1499 - setPackage(No Configuration,No Configuration)
2023-10-29 10:01:11,962 [INFO] CADModel:165 - CPN selected for project level
2023-10-29 10:01:11,963 [INFO] CADModel:114 - Register for checkConnection events
2023-10-29 10:01:11,983 [INFO] IPUIPlugin:80 - create IPUIPlugin
2023-10-29 10:01:11,983 [INFO] PluginManager:220 - loadIPPluginJar : add adc
2023-10-29 10:01:12,012 [INFO] IPUIPlugin:80 - create IPUIPlugin
2023-10-29 10:01:12,012 [INFO] PluginManager:220 - loadIPPluginJar : add aes
2023-10-29 10:01:12,046 [INFO] IPUIPlugin:80 - create IPUIPlugin
2023-10-29 10:01:12,046 [INFO] PluginManager:220 - loadIPPluginJar : add can
2023-10-29 10:01:12,064 [INFO] IPUIPlugin:80 - create IPUIPlugin
2023-10-29 10:01:12,065 [INFO] PluginManager:220 - loadIPPluginJar : add comp
2023-10-29 10:01:12,095 [INFO] IPUIPlugin:80 - create IPUIPlugin
2023-10-29 10:01:12,095 [INFO] PluginManager:220 - loadIPPluginJar : add cryp
2023-10-29 10:01:12,119 [INFO] IPUIPlugin:80 - create IPUIPlugin
2023-10-29 10:01:12,120 [INFO] PluginManager:220 - loadIPPluginJar : add dfsdm
2023-10-29 10:01:12,133 [INFO] IPUIPlugin:80 - create IPUIPlugin
2023-10-29 10:01:12,133 [INFO] PluginManager:220 - loadIPPluginJar : add dma
2023-10-29 10:01:12,170 [INFO] IPUIPlugin:80 - create IPUIPlugin
2023-10-29 10:01:12,170 [INFO] PluginManager:220 - loadIPPluginJar : add dma3
2023-10-29 10:01:12,186 [INFO] IPUIPlugin:80 - create IPUIPlugin
2023-10-29 10:01:12,186 [INFO] PluginManager:220 - loadIPPluginJar : add fatfs
2023-10-29 10:01:12,222 [INFO] IPUIPlugin:80 - create IPUIPlugin
2023-10-29 10:01:12,223 [INFO] PluginManager:220 - loadIPPluginJar : add fmc
2023-10-29 10:01:12,235 [INFO] IPUIPlugin:80 - create IPUIPlugin
2023-10-29 10:01:12,235 [INFO] PluginManager:220 - loadIPPluginJar : add freertos
2023-10-29 10:01:12,253 [INFO] IPUIPlugin:80 - create IPUIPlugin
2023-10-29 10:01:12,254 [INFO] PluginManager:220 - loadIPPluginJar : add genericplugin
2023-10-29 10:01:12,329 [INFO] IPUIPlugin:80 - create IPUIPlugin
2023-10-29 10:01:12,329 [INFO] PluginManager:220 - loadIPPluginJar : add gfxmmu
2023-10-29 10:01:12,435 [INFO] IPUIPlugin:80 - create IPUIPlugin
2023-10-29 10:01:12,435 [INFO] PluginManager:220 - loadIPPluginJar : add gic
2023-10-29 10:01:12,445 [INFO] IPUIPlugin:80 - create IPUIPlugin
2023-10-29 10:01:12,445 [INFO] PluginManager:220 - loadIPPluginJar : add gpio
2023-10-29 10:01:12,523 [INFO] IPUIPlugin:80 - create IPUIPlugin
2023-10-29 10:01:12,523 [INFO] PluginManager:220 - loadIPPluginJar : add gtzc
2023-10-29 10:01:12,548 [INFO] IPUIPlugin:80 - create IPUIPlugin
2023-10-29 10:01:12,548 [INFO] PluginManager:220 - loadIPPluginJar : add hash
2023-10-29 10:01:12,594 [INFO] IPUIPlugin:80 - create IPUIPlugin
2023-10-29 10:01:12,594 [INFO] PluginManager:220 - loadIPPluginJar : add i2c
2023-10-29 10:01:12,626 [INFO] IPUIPlugin:80 - create IPUIPlugin
2023-10-29 10:01:12,626 [INFO] PluginManager:220 - loadIPPluginJar : add i2s
2023-10-29 10:01:12,661 [INFO] IPUIPlugin:80 - create IPUIPlugin
2023-10-29 10:01:12,661 [INFO] PluginManager:220 - loadIPPluginJar : add i3c
2023-10-29 10:01:12,745 [INFO] IPUIPlugin:80 - create IPUIPlugin
2023-10-29 10:01:12,745 [INFO] PluginManager:220 - loadIPPluginJar : add ipddr
2023-10-29 10:01:12,818 [INFO] IPUIPlugin:80 - create IPUIPlugin
2023-10-29 10:01:12,819 [INFO] PluginManager:220 - loadIPPluginJar : add linkedlist
2023-10-29 10:01:12,847 [INFO] IPUIPlugin:80 - create IPUIPlugin
2023-10-29 10:01:12,847 [INFO] PluginManager:220 - loadIPPluginJar : add lorawan
2023-10-29 10:01:12,879 [INFO] IPUIPlugin:80 - create IPUIPlugin
2023-10-29 10:01:12,879 [INFO] PluginManager:220 - loadIPPluginJar : add ltdc
2023-10-29 10:01:12,891 [INFO] IPUIPlugin:80 - create IPUIPlugin
2023-10-29 10:01:12,891 [INFO] PluginManager:220 - loadIPPluginJar : add mdma
2023-10-29 10:01:12,902 [INFO] IPUIPlugin:80 - create IPUIPlugin
2023-10-29 10:01:12,902 [INFO] PluginManager:220 - loadIPPluginJar : add nvic
2023-10-29 10:01:12,931 [INFO] IPUIPlugin:80 - create IPUIPlugin
2023-10-29 10:01:12,931 [INFO] PluginManager:220 - loadIPPluginJar : add opamp
2023-10-29 10:01:12,979 [INFO] IPUIPlugin:80 - create IPUIPlugin
2023-10-29 10:01:12,979 [INFO] PluginManager:220 - loadIPPluginJar : add openamp
2023-10-29 10:01:13,013 [INFO] IPUIPlugin:80 - create IPUIPlugin
2023-10-29 10:01:13,013 [INFO] PluginManager:220 - loadIPPluginJar : add pdm2pcm
2023-10-29 10:01:13,025 [INFO] IPUIPlugin:80 - create IPUIPlugin
2023-10-29 10:01:13,026 [INFO] PluginManager:220 - loadIPPluginJar : add plateformsettings
2023-10-29 10:01:13,044 [INFO] IPUIPlugin:80 - create IPUIPlugin
2023-10-29 10:01:13,045 [INFO] PluginManager:220 - loadIPPluginJar : add quadspi
2023-10-29 10:01:13,055 [INFO] IPUIPlugin:80 - create IPUIPlugin
2023-10-29 10:01:13,055 [INFO] PluginManager:220 - loadIPPluginJar : add resmgrutility
2023-10-29 10:01:13,091 [INFO] IPUIPlugin:80 - create IPUIPlugin
2023-10-29 10:01:13,092 [INFO] PluginManager:220 - loadIPPluginJar : add sai
2023-10-29 10:01:13,122 [INFO] IPUIPlugin:80 - create IPUIPlugin
2023-10-29 10:01:13,122 [INFO] PluginManager:220 - loadIPPluginJar : add spi
2023-10-29 10:01:13,167 [INFO] IPUIPlugin:80 - create IPUIPlugin
2023-10-29 10:01:13,167 [INFO] PluginManager:220 - loadIPPluginJar : add stm32_wpan
2023-10-29 10:01:13,185 [INFO] IPUIPlugin:80 - create IPUIPlugin
2023-10-29 10:01:13,186 [INFO] PluginManager:220 - loadIPPluginJar : add tim
2023-10-29 10:01:13,228 [INFO] IPUIPlugin:80 - create IPUIPlugin
2023-10-29 10:01:13,229 [INFO] PluginManager:220 - loadIPPluginJar : add touchsensing
2023-10-29 10:01:13,248 [INFO] IPUIPlugin:80 - create IPUIPlugin
2023-10-29 10:01:13,248 [INFO] PluginManager:220 - loadIPPluginJar : add tracer_emb
2023-10-29 10:01:13,266 [INFO] IPUIPlugin:80 - create IPUIPlugin
2023-10-29 10:01:13,266 [INFO] PluginManager:220 - loadIPPluginJar : add ts
2023-10-29 10:01:13,283 [INFO] IPUIPlugin:80 - create IPUIPlugin
2023-10-29 10:01:13,284 [INFO] PluginManager:220 - loadIPPluginJar : add tsc
2023-10-29 10:01:13,301 [INFO] IPUIPlugin:80 - create IPUIPlugin
2023-10-29 10:01:13,301 [INFO] PluginManager:220 - loadIPPluginJar : add ucpd
2023-10-29 10:01:13,343 [INFO] IPUIPlugin:80 - create IPUIPlugin
2023-10-29 10:01:13,344 [INFO] PluginManager:220 - loadIPPluginJar : add usart
2023-10-29 10:01:13,397 [INFO] IPUIPlugin:80 - create IPUIPlugin
2023-10-29 10:01:13,397 [INFO] PluginManager:220 - loadIPPluginJar : add usbx
2023-10-29 10:01:13,533 [INFO] CADModel:165 - CPN selected for project level
2023-10-29 10:01:13,533 [INFO] CADModel:114 - Register for checkConnection events
2023-10-29 10:01:13,533 [FATAL] Updater:308 - Updater called before beeing initialized
2023-10-29 10:01:13,533 [ERROR] CADModel:125 - Updater not yet initialized, retry later 
2023-10-29 10:01:13,679 [INFO] CADModel:165 - CPN selected for project level
2023-10-29 10:01:13,679 [INFO] CADModel:114 - Register for checkConnection events
2023-10-29 10:01:13,679 [FATAL] Updater:308 - Updater called before beeing initialized
2023-10-29 10:01:13,679 [ERROR] CADModel:125 - Updater not yet initialized, retry later 
2023-10-29 10:01:13,682 [FATAL] Updater:308 - Updater called before beeing initialized
2023-10-29 10:01:13,790 [FATAL] Updater:308 - Updater called before beeing initialized
2023-10-29 10:01:13,801 [INFO] DbMcusAds:53 - JSON generation date=Tue Mar 07 11:50:55 TRT 2023 (1678179055114)
2023-10-29 10:01:13,801 [FATAL] Updater:308 - Updater called before beeing initialized
2023-10-29 10:01:13,869 [WARN] DetailPanel:346 - Failed to get advertising image, set to default
2023-10-29 10:01:13,955 [FATAL] Updater:308 - Updater called before beeing initialized
2023-10-29 10:01:13,956 [FATAL] Updater:308 - Updater called before beeing initialized
2023-10-29 10:01:13,957 [FATAL] Updater:308 - Updater called before beeing initialized
2023-10-29 10:01:13,957 [WARN] DetailPanel:346 - Failed to get advertising image, set to default
2023-10-29 10:01:13,957 [FATAL] Updater:308 - Updater called before beeing initialized
2023-10-29 10:01:14,009 [ERROR] Updater:1120 - MainUpdater not yet initialized. External WinMGr cannot be set.
2023-10-29 10:01:14,021 [INFO] Updater:1056 - Updater Version found : 6.9.2
2023-10-29 10:01:14,042 [INFO] ApplicationProperties:184 - Using Application install path: C:\ST\STM32CubeIDE_1.13.2\STM32CubeIDE\plugins\com.st.stm32cube.common.mx_6.9.2.202309101412
2023-10-29 10:01:14,194 [INFO] MainUpdater:2868 - connection check result : 10
2023-10-29 10:01:14,195 [INFO] MainUpdater:285 - Updater Check For Update Now.
2023-10-29 10:01:14,196 [INFO] MicroXplorer:498 - Change Database Version : DB.6.0.92
2023-10-29 10:01:14,216 [INFO] McuFinderGlobals:63 - Set McuFinder mode to 2 (CubeIDE integrated)
2023-10-29 10:01:14,418 [INFO] CheckServerUpdateThread:120 - End of CheckServer Thread
2023-10-29 10:01:14,687 [WARN] PackLoader:240 - Cannot read IP mode file for STMicroelectronics.X-CUBE-SMBUS.2.1.0
2023-10-29 10:01:14,744 [WARN] PackLoader:240 - Cannot read IP mode file for STMicroelectronics.X-CUBE-AZRTOS-F7.1.1.0
2023-10-29 10:01:14,778 [WARN] PackLoader:240 - Cannot read IP mode file for STMicroelectronics.FP-SNS-MOTENV1.4.3.2
2023-10-29 10:01:14,801 [WARN] PackLoader:240 - Cannot read IP mode file for STMicroelectronics.FP-SNS-FLIGHT1.5.0.2
2023-10-29 10:01:14,827 [WARN] PackLoader:240 - Cannot read IP mode file for STMicroelectronics.X-CUBE-DISPLAY.3.0.0
2023-10-29 10:01:14,856 [WARN] PackLoader:240 - Cannot read IP mode file for STMicroelectronics.X-CUBE-BLE1.7.0.0
2023-10-29 10:01:14,878 [WARN] PackLoader:240 - Cannot read IP mode file for emotas.I-CUBE-CANOPEN.1.3.0
2023-10-29 10:01:14,912 [INFO] LogOutputStream:77 - [STDOUT_REDIRECT] 1 : Invalid condition id : UX_CORESTACK_Condition cause : null
2023-10-29 10:01:14,913 [INFO] LogOutputStream:77 - [STDOUT_REDIRECT] 1 : Invalid condition id : UX_CORESTACK_Condition cause : null
2023-10-29 10:01:14,915 [INFO] LogOutputStream:77 - [STDOUT_REDIRECT] 1 : Invalid condition id : UX_CORESTACK_Condition cause : null
2023-10-29 10:01:14,916 [INFO] LogOutputStream:77 - [STDOUT_REDIRECT] 1 : Invalid condition id : UX_CORESTACK_Condition cause : null
2023-10-29 10:01:14,918 [INFO] LogOutputStream:77 - [STDOUT_REDIRECT] 1 : Invalid condition id : UX_CORESTACK_Condition cause : null
2023-10-29 10:01:14,924 [WARN] PackLoader:240 - Cannot read IP mode file for STMicroelectronics.X-CUBE-AZRTOS-WL.2.0.0
2023-10-29 10:01:14,947 [WARN] PackLoader:240 - Cannot read IP mode file for WES.I-CUBE-Cesium.1.3.0
2023-10-29 10:01:14,967 [WARN] PackLoader:240 - Cannot read IP mode file for STMicroelectronics.X-CUBE-BLE2.3.3.0
2023-10-29 10:01:14,993 [WARN] PackLoader:240 - Cannot read IP mode file for STMicroelectronics.X-CUBE-ALGOBUILD.1.3.0
2023-10-29 10:01:15,034 [WARN] PackLoader:240 - Cannot read IP mode file for STMicroelectronics.X-CUBE-AZRTOS-G0.1.1.0
2023-10-29 10:01:15,063 [WARN] PackLoader:240 - Cannot read IP mode file for STMicroelectronics.X-CUBE-NFC4.3.0.0
2023-10-29 10:01:15,083 [WARN] PackLoader:240 - Cannot read IP mode file for STMicroelectronics.FP-ATR-SIGFOX1.3.2.0
2023-10-29 10:01:15,140 [WARN] PackLoader:240 - Cannot read IP mode file for SEGGER.I-CUBE-embOS.1.3.1
2023-10-29 10:01:15,231 [WARN] PackLoader:240 - Cannot read IP mode file for STMicroelectronics.X-CUBE-GNSS1.6.0.0
2023-10-29 10:01:15,266 [WARN] PackLoader:240 - Cannot read IP mode file for STMicroelectronics.X-CUBE-AZRTOS-F4.1.1.0
2023-10-29 10:01:15,281 [WARN] PackLoader:240 - Cannot read IP mode file for wolfSSL.I-CUBE-wolfSSL.5.6.3
2023-10-29 10:01:15,313 [WARN] PackLoader:240 - Cannot read IP mode file for STMicroelectronics.X-CUBE-AZRTOS-L5.2.0.0
2023-10-29 10:01:15,373 [WARN] PackLoader:240 - Cannot read IP mode file for STMicroelectronics.X-CUBE-MEMS1.9.6.0
2023-10-29 10:01:15,567 [WARN] PackLoader:240 - Cannot read IP mode file for STMicroelectronics.X-CUBE-EEPRMA1.4.2.0
2023-10-29 10:01:15,585 [WARN] PackLoader:240 - Cannot read IP mode file for ITTIA_DB.I-CUBE-ITTIADB.8.8.0
2023-10-29 10:01:15,610 [WARN] PackLoader:240 - Cannot read IP mode file for STMicroelectronics.X-CUBE-BLEMGR.2.0.0
2023-10-29 10:01:15,646 [WARN] ConditionMgr:438 - getConditionDescription Invalid condition id : UX DEVICE CLASS RTOS Condition cause : null
2023-10-29 10:01:15,647 [WARN] ConditionMgr:438 - getConditionDescription Invalid condition id : UX DEVICE CLASS RTOS Condition cause : null
2023-10-29 10:01:15,651 [WARN] PackLoader:240 - Cannot read IP mode file for STMicroelectronics.X-CUBE-AZRTOS-H7.3.1.0
2023-10-29 10:01:15,652 [WARN] ConditionMgr:1039 - genDependencies : Invalid condition id : UX DEVICE CLASS RTOS Condition cause : null
2023-10-29 10:01:15,653 [WARN] ConditionMgr:1039 - genDependencies : Invalid condition id : UX DEVICE CLASS RTOS Condition cause : null
2023-10-29 10:01:15,654 [WARN] ConditionMgr:1039 - genDependencies : Invalid condition id : UX DEVICE CLASS RTOS Condition cause : null
2023-10-29 10:01:15,654 [WARN] ConditionMgr:1039 - genDependencies : Invalid condition id : UX DEVICE CLASS RTOS Condition cause : null
2023-10-29 10:01:15,655 [WARN] ConditionMgr:1039 - genDependencies : Invalid condition id : UX DEVICE CLASS RTOS Condition cause : null
2023-10-29 10:01:15,675 [WARN] PackLoader:240 - Cannot read IP mode file for STMicroelectronics.X-CUBE-NFC7.1.0.1
2023-10-29 10:01:15,695 [WARN] PackLoader:240 - Cannot read IP mode file for STMicroelectronics.X-CUBE-EEPRMA1.4.1.0
2023-10-29 10:01:15,709 [WARN] PackLoader:240 - Cannot read IP mode file for STMicroelectronics.X-CUBE-AI.8.1.0
2023-10-29 10:01:15,744 [WARN] ConditionMgr:438 - getConditionDescription Invalid condition id : LAN8742 Phy interface Condition cause : null
2023-10-29 10:01:15,744 [WARN] PackLoader:240 - Cannot read IP mode file for STMicroelectronics.X-CUBE-AZRTOS-L4.2.0.0
2023-10-29 10:01:15,745 [WARN] ConditionMgr:1039 - genDependencies : Invalid condition id : LAN8742 Phy interface Condition cause : null
2023-10-29 10:01:15,746 [WARN] ConditionMgr:1039 - genDependencies : Invalid condition id : LAN8742 Phy interface Condition cause : null
2023-10-29 10:01:15,746 [WARN] ConditionMgr:1039 - genDependencies : Invalid condition id : LAN8742 Phy interface Condition cause : null
2023-10-29 10:01:15,766 [WARN] PackLoader:240 - Cannot read IP mode file for STMicroelectronics.X-CUBE-SFXS2LP1.4.0.0
2023-10-29 10:01:15,783 [WARN] PackLoader:240 - Cannot read IP mode file for STMicroelectronics.X-CUBE-ISPU.1.1.0
2023-10-29 10:01:15,812 [WARN] ConditionMgr:438 - getConditionDescription Invalid condition id : UX DEVICE CLASS RTOS Condition cause : null
2023-10-29 10:01:15,812 [WARN] ConditionMgr:438 - getConditionDescription Invalid condition id : UX DEVICE CLASS RTOS Condition cause : null
2023-10-29 10:01:15,814 [WARN] PackLoader:240 - Cannot read IP mode file for STMicroelectronics.X-CUBE-AZRTOS-WB.2.0.0
2023-10-29 10:01:15,815 [WARN] ConditionMgr:1039 - genDependencies : Invalid condition id : UX DEVICE CLASS RTOS Condition cause : null
2023-10-29 10:01:15,815 [WARN] ConditionMgr:1039 - genDependencies : Invalid condition id : UX DEVICE CLASS RTOS Condition cause : null
2023-10-29 10:01:15,816 [WARN] ConditionMgr:1039 - genDependencies : Invalid condition id : UX DEVICE CLASS RTOS Condition cause : null
2023-10-29 10:01:15,816 [WARN] ConditionMgr:1039 - genDependencies : Invalid condition id : UX DEVICE CLASS RTOS Condition cause : null
2023-10-29 10:01:15,817 [WARN] ConditionMgr:1039 - genDependencies : Invalid condition id : UX DEVICE CLASS RTOS Condition cause : null
2023-10-29 10:01:15,843 [WARN] PackLoader:240 - Cannot read IP mode file for STMicroelectronics.X-CUBE-SUBG2.5.0.0
2023-10-29 10:01:15,867 [WARN] PackLoader:240 - Cannot read IP mode file for STMicroelectronics.X-CUBE-TOF1.3.3.1
2023-10-29 10:01:15,904 [WARN] PackLoader:240 - Cannot read IP mode file for STMicroelectronics.X-CUBE-AZRTOS-G4.2.0.0
2023-10-29 10:01:15,934 [WARN] PackLoader:240 - Cannot read IP mode file for Infineon.AIROC-Wi-Fi-Bluetooth-STM32.1.5.1
2023-10-29 10:01:15,982 [WARN] PackLoader:240 - Cannot read IP mode file for STMicroelectronics.X-CUBE-MEMS1.10.0.0
2023-10-29 10:01:16,082 [WARN] PackLoader:240 - Cannot read IP mode file for STMicroelectronics.X-CUBE-FREERTOS.1.1.0
2023-10-29 10:01:16,099 [WARN] PackLoader:240 - Cannot read IP mode file for portGmbH.I-Cube-SoM-uGOAL.1.1.0
2023-10-29 10:01:16,113 [WARN] PackLoader:240 - Cannot read IP mode file for STMicroelectronics.X-CUBE-ALS.1.0.1
2023-10-29 10:01:16,129 [WARN] PackLoader:240 - Cannot read IP mode file for STMicroelectronics.FP-ATR-ASTRA1.2.0.0
2023-10-29 10:01:16,130 [INFO] ThirdParty:978 - Integrity check success = true
2023-10-29 10:01:16,130 [INFO] IntegrityCheckThread:100 - exiting critical section [integrity check]
2023-10-29 10:01:16,130 [INFO] IntegrityCheckThread:103 - End integrity checks thread
2023-10-29 10:01:35,422 [ERROR] LogOutputStream:75 - [STDERR_REDIRECT] SLF4J: Failed to load class "org.slf4j.impl.StaticLoggerBinder".
2023-10-29 10:01:35,422 [ERROR] LogOutputStream:75 - [STDERR_REDIRECT] SLF4J: Defaulting to no-operation (NOP) logger implementation
2023-10-29 10:01:35,424 [ERROR] LogOutputStream:75 - [STDERR_REDIRECT] SLF4J: See http://www.slf4j.org/codes.html#StaticLoggerBinder for further details.
2023-10-29 10:01:46,730 [INFO] LogOutputStream:77 - [STDOUT_REDIRECT] StartTraceHandler.execute(), success : Collect=false
2023-10-29 10:01:49,033 [INFO] LogOutputStream:77 - [STDOUT_REDIRECT] StartTraceHandler.execute(), success : Collect=true
2023-10-29 10:01:49,183 [INFO] LogOutputStream:77 - [STDOUT_REDIRECT] StartTraceHandler.execute(), success : Collect=false
2023-10-29 10:01:49,337 [INFO] LogOutputStream:77 - [STDOUT_REDIRECT] StartTraceHandler.execute(), success : Collect=true
2023-10-29 10:01:50,057 [INFO] LogOutputStream:77 - [STDOUT_REDIRECT] StartTraceHandler.execute(), success : Collect=false
2023-10-29 10:03:34,175 [INFO] LogOutputStream:77 - [STDOUT_REDIRECT] StartTraceHandler.execute(), success : Collect=true
2023-10-29 10:03:34,822 [INFO] LogOutputStream:77 - [STDOUT_REDIRECT] StartTraceHandler.execute(), success : Collect=false
2023-10-29 10:03:34,986 [INFO] LogOutputStream:77 - [STDOUT_REDIRECT] StartTraceHandler.execute(), success : Collect=true
2023-10-29 10:04:41,024 [INFO] LogOutputStream:77 - [STDOUT_REDIRECT] StartTraceHandler.execute(), success : Collect=false
2023-10-29 10:04:41,807 [INFO] LogOutputStream:77 - [STDOUT_REDIRECT] StartTraceHandler.execute(), success : Collect=true
2023-10-29 10:04:41,923 [INFO] LogOutputStream:77 - [STDOUT_REDIRECT] StartTraceHandler.execute(), success : Collect=false
2023-10-29 10:04:42,100 [INFO] LogOutputStream:77 - [STDOUT_REDIRECT] StartTraceHandler.execute(), success : Collect=true
2023-10-29 10:04:42,660 [INFO] LogOutputStream:77 - [STDOUT_REDIRECT] StartTraceHandler.execute(), success : Collect=false
2023-10-29 10:04:42,823 [INFO] LogOutputStream:77 - [STDOUT_REDIRECT] StartTraceHandler.execute(), success : Collect=true
2023-10-29 10:04:42,927 [INFO] LogOutputStream:77 - [STDOUT_REDIRECT] StartTraceHandler.execute(), success : Collect=false
2023-10-29 10:08:34,765 [INFO] LogOutputStream:77 - [STDOUT_REDIRECT] StartTraceHandler.execute(), success : Collect=true
2023-10-29 10:08:35,150 [INFO] LogOutputStream:77 - [STDOUT_REDIRECT] StartTraceHandler.execute(), success : Collect=false
2023-10-29 10:08:35,328 [INFO] LogOutputStream:77 - [STDOUT_REDIRECT] StartTraceHandler.execute(), success : Collect=true
2023-10-29 10:08:35,428 [INFO] LogOutputStream:77 - [STDOUT_REDIRECT] StartTraceHandler.execute(), success : Collect=false
2023-10-29 10:08:35,577 [INFO] LogOutputStream:77 - [STDOUT_REDIRECT] StartTraceHandler.execute(), success : Collect=true
2023-10-29 10:08:35,741 [INFO] LogOutputStream:77 - [STDOUT_REDIRECT] StartTraceHandler.execute(), success : Collect=false
2023-10-29 10:08:35,917 [INFO] LogOutputStream:77 - [STDOUT_REDIRECT] StartTraceHandler.execute(), success : Collect=true
2023-10-29 10:08:36,020 [INFO] LogOutputStream:77 - [STDOUT_REDIRECT] StartTraceHandler.execute(), success : Collect=false
2023-10-29 10:08:37,955 [INFO] LogOutputStream:77 - [STDOUT_REDIRECT] StartTraceHandler.execute(), success : Collect=true
2023-10-29 10:08:38,069 [INFO] LogOutputStream:77 - [STDOUT_REDIRECT] StartTraceHandler.execute(), success : Collect=false
2023-10-29 10:08:38,250 [INFO] LogOutputStream:77 - [STDOUT_REDIRECT] StartTraceHandler.execute(), success : Collect=true
2023-10-29 10:08:46,447 [INFO] LogOutputStream:77 - [STDOUT_REDIRECT] StartTraceHandler.execute(), success : Collect=false
2023-10-29 10:08:50,932 [INFO] LogOutputStream:77 - [STDOUT_REDIRECT] StartTraceHandler.execute(), success : Collect=true
2023-10-29 10:08:51,447 [INFO] LogOutputStream:77 - [STDOUT_REDIRECT] StartTraceHandler.execute(), success : Collect=false
2023-10-29 10:08:51,607 [INFO] LogOutputStream:77 - [STDOUT_REDIRECT] StartTraceHandler.execute(), success : Collect=true
2023-10-29 10:08:51,881 [INFO] LogOutputStream:77 - [STDOUT_REDIRECT] StartTraceHandler.execute(), success : Collect=false
2023-10-29 10:22:07,228 [INFO] LogOutputStream:77 - [STDOUT_REDIRECT] StartTraceHandler.execute(), success : Collect=true
2023-10-29 10:24:44,027 [ERROR] LogOutputStream:75 - [STDERR_REDIRECT] Exception in thread "SWV client thread" java.lang.NullPointerException: Cannot invoke "com.st.stm32cube.ide.mcu.debug.swv.core.SWVPlugin.isDebugging()" because "com.st.stm32cube.ide.mcu.debug.swv.core.SWVPlugin.plugin" is null
2023-10-29 10:24:44,029 [ERROR] LogOutputStream:75 - [STDERR_REDIRECT] 	at com.st.stm32cube.ide.mcu.debug.swv.core.SWVPlugin.debugTrace(SWVPlugin.java:85)
2023-10-29 10:24:44,031 [ERROR] LogOutputStream:75 - [STDERR_REDIRECT] 	at com.st.stm32cube.ide.mcu.debug.swv.core.SWVClient.TRACE(SWVClient.java:768)
2023-10-29 10:24:44,033 [ERROR] LogOutputStream:75 - [STDERR_REDIRECT] 	at com.st.stm32cube.ide.mcu.debug.swv.core.SWVClient.readByte(SWVClient.java:296)
2023-10-29 10:24:44,036 [ERROR] LogOutputStream:75 - [STDERR_REDIRECT] 	at com.st.stm32cube.ide.mcu.debug.swv.core.SWVClient.getNextByte(SWVClient.java:277)
2023-10-29 10:24:44,037 [ERROR] LogOutputStream:75 - [STDERR_REDIRECT] 	at com.st.stm32cube.ide.mcu.debug.swv.core.SWVClient.run(SWVClient.java:313)
2023-10-29 10:25:16,572 [INFO] Activator:176 - 


2023-10-29 10:25:16,573 [INFO] Activator:177 - !SESSION log4j initialized
2023-10-29 10:25:19,421 [INFO] LogOutputStream:77 - [STDOUT_REDIRECT] 
2023-10-29 10:25:21,756 [INFO] ApplicationProperties:184 - Using Application install path: C:\ST\STM32CubeIDE_1.13.2\STM32CubeIDE\plugins\com.st.stm32cube.common.mx_6.9.2.202309101412
2023-10-29 10:25:21,766 [INFO] DbMcusXml:78 - Set database path to: C:\ST\STM32CubeIDE_1.13.2\STM32CubeIDE\plugins\com.st.stm32cube.common.mx_6.9.2.202309101412\\db\/mcu/
2023-10-29 10:25:21,766 [INFO] ApiDb:274 - Set plugin database path to: C:\ST\STM32CubeIDE_1.13.2\STM32CubeIDE\plugins\com.st.stm32cube.common.mx_6.9.2.202309101412\\db\/plugins/boardmanager/
2023-10-29 10:25:21,766 [WARN] ApiDb:259 - Overriding images path with different value:  => C:\ST\STM32CubeIDE_1.13.2\STM32CubeIDE\plugins\com.st.stm32cube.common.mx_6.9.2.202309101412\\db\/plugins/mcufinder/images/
2023-10-29 10:25:21,772 [INFO] ApiDb:250 - Set database path to: C:\Users\islam\.stmcufinder\plugins\mcufinder//mcu/
2023-10-29 10:25:21,773 [INFO] DbMcusAds:125 - Set database path to: C:\Users\islam\.stmcufinder\plugins\mcufinder//mcu/
2023-10-29 10:25:21,775 [INFO] CrossReferenceDbSqlite:203 - Set database path to: C:\Users\islam\.stmcufinder\plugins\mcufinder//mcu/cs/
2023-10-29 10:25:21,855 [INFO] RulesReader:64 - Compatibility file has been processed (293 Rules)
2023-10-29 10:25:21,919 [INFO] DbMcusXml:78 - Set database path to: C:\ST\STM32CubeIDE_1.13.2\STM32CubeIDE\plugins\com.st.stm32cube.common.mx_6.9.2.202309101412\\db\/mcu/
2023-10-29 10:25:21,919 [INFO] ApiDb:274 - Set plugin database path to: C:\ST\STM32CubeIDE_1.13.2\STM32CubeIDE\plugins\com.st.stm32cube.common.mx_6.9.2.202309101412\\db\/plugins/boardmanager/
2023-10-29 10:25:21,919 [INFO] ApiDb:261 - Set plugin images path to: C:\ST\STM32CubeIDE_1.13.2\STM32CubeIDE\plugins\com.st.stm32cube.common.mx_6.9.2.202309101412\\db\/plugins/mcufinder/images/
2023-10-29 10:25:21,919 [WARN] DbFile:41 - Overriding database path with different value: C:\Users\islam\.stmcufinder\plugins\mcufinder/ => C:\Users\islam\.stmcufinder\plugins\mcufinder
2023-10-29 10:25:21,919 [INFO] ApiDb:250 - Set database path to: C:\Users\islam\.stmcufinder\plugins\mcufinder//mcu/
2023-10-29 10:25:21,919 [WARN] DbFile:41 - Overriding database path with different value: C:\Users\islam\.stmcufinder\plugins\mcufinder/ => C:\Users\islam\.stmcufinder\plugins\mcufinder
2023-10-29 10:25:21,919 [INFO] DbMcusAds:125 - Set database path to: C:\Users\islam\.stmcufinder\plugins\mcufinder//mcu/
2023-10-29 10:25:21,919 [WARN] DbFile:41 - Overriding database path with different value: C:\Users\islam\.stmcufinder\plugins\mcufinder/ => C:\Users\islam\.stmcufinder\plugins\mcufinder
2023-10-29 10:25:21,919 [WARN] DbFile:41 - Overriding database path with different value: C:\Users\islam\.stmcufinder\plugins\mcufinder/ => C:\Users\islam\.stmcufinder\plugins\mcufinder
2023-10-29 10:25:21,920 [INFO] CrossReferenceDbSqlite:203 - Set database path to: C:\Users\islam\.stmcufinder\plugins\mcufinder//mcu/cs/
2023-10-29 10:25:21,979 [INFO] MainPanel:262 - HeapMemory: 268435456
2023-10-29 10:25:22,032 [INFO] DbMcusXml:78 - Set database path to: C:\ST\STM32CubeIDE_1.13.2\STM32CubeIDE\plugins\com.st.stm32cube.common.mx_6.9.2.202309101412\\db\/mcu/
2023-10-29 10:25:22,032 [INFO] ApiDb:274 - Set plugin database path to: C:\ST\STM32CubeIDE_1.13.2\STM32CubeIDE\plugins\com.st.stm32cube.common.mx_6.9.2.202309101412\\db\/plugins/boardmanager/
2023-10-29 10:25:22,032 [INFO] ApiDb:261 - Set plugin images path to: C:\ST\STM32CubeIDE_1.13.2\STM32CubeIDE\plugins\com.st.stm32cube.common.mx_6.9.2.202309101412\\db\/plugins/mcufinder/images/
2023-10-29 10:25:22,032 [WARN] DbFile:41 - Overriding database path with different value: C:\Users\islam\.stmcufinder\plugins\mcufinder/ => C:\Users\islam\.stmcufinder\plugins\mcufinder
2023-10-29 10:25:22,032 [INFO] ApiDb:250 - Set database path to: C:\Users\islam\.stmcufinder\plugins\mcufinder//mcu/
2023-10-29 10:25:22,032 [WARN] DbFile:41 - Overriding database path with different value: C:\Users\islam\.stmcufinder\plugins\mcufinder/ => C:\Users\islam\.stmcufinder\plugins\mcufinder
2023-10-29 10:25:22,032 [INFO] DbMcusAds:125 - Set database path to: C:\Users\islam\.stmcufinder\plugins\mcufinder//mcu/
2023-10-29 10:25:22,032 [WARN] DbFile:41 - Overriding database path with different value: C:\Users\islam\.stmcufinder\plugins\mcufinder/ => C:\Users\islam\.stmcufinder\plugins\mcufinder
2023-10-29 10:25:22,032 [WARN] DbFile:41 - Overriding database path with different value: C:\Users\islam\.stmcufinder\plugins\mcufinder/ => C:\Users\islam\.stmcufinder\plugins\mcufinder
2023-10-29 10:25:22,032 [INFO] CrossReferenceDbSqlite:203 - Set database path to: C:\Users\islam\.stmcufinder\plugins\mcufinder//mcu/cs/
2023-10-29 10:25:22,045 [INFO] ApplicationProperties:184 - Using Application install path: C:\ST\STM32CubeIDE_1.13.2\STM32CubeIDE\plugins\com.st.stm32cube.common.mx_6.9.2.202309101412
2023-10-29 10:25:22,046 [INFO] PluginManage:196 - Search for loadable plugins [exclusion list=, ]
2023-10-29 10:25:22,047 [INFO] PluginManage:310 - Check plugin analytics
2023-10-29 10:25:22,211 [INFO] AnalyticsPlugin:253 - Accepted Software Licenses: 
2023-10-29 10:25:22,211 [INFO] AnalyticsPlugin:255 - Accepted CMSIS Pack Licenses: 
2023-10-29 10:25:22,212 [INFO] AnalyticsPlugin:257 - Accepted Firmware Licenses: 
2023-10-29 10:25:22,216 [INFO] PluginManage:359 - Loaded plugin analytics (category:tool,tabindex:-1)
2023-10-29 10:25:22,217 [INFO] PluginManage:310 - Check plugin cadmodel
2023-10-29 10:25:22,238 [INFO] CADModel:105 - Init CAD model plugin
2023-10-29 10:25:22,238 [INFO] PluginManage:359 - Loaded plugin cadmodel (category:power,tabindex:5)
2023-10-29 10:25:22,238 [INFO] PluginManage:310 - Check plugin clock
2023-10-29 10:25:22,257 [INFO] PluginManage:359 - Loaded plugin clock (category:base,tabindex:2)
2023-10-29 10:25:22,257 [INFO] PluginManage:310 - Check plugin ddr
2023-10-29 10:25:22,259 [INFO] PluginManage:359 - Loaded plugin ddr (category:tool,tabindex:6)
2023-10-29 10:25:22,259 [INFO] PluginManage:310 - Check plugin filemanager
2023-10-29 10:25:22,380 [INFO] PluginManage:359 - Loaded plugin filemanager (category:base,tabindex:10)
2023-10-29 10:25:22,380 [INFO] PluginManage:310 - Check plugin ipmanager
2023-10-29 10:25:22,388 [INFO] PluginManage:359 - Loaded plugin ipmanager (category:base,tabindex:5)
2023-10-29 10:25:22,388 [INFO] PluginManage:310 - Check plugin lpbam
2023-10-29 10:25:22,404 [INFO] PluginManage:359 - Loaded plugin lpbam (category:base,tabindex:0)
2023-10-29 10:25:22,404 [INFO] PluginManage:310 - Check plugin memorymap
2023-10-29 10:25:22,422 [INFO] PluginManage:359 - Loaded plugin memorymap (category:base,tabindex:4)
2023-10-29 10:25:22,422 [INFO] PluginManage:310 - Check plugin pinoutandconfiguration
2023-10-29 10:25:22,439 [INFO] PluginManage:359 - Loaded plugin pinoutandconfiguration (category:base,tabindex:1)
2023-10-29 10:25:22,439 [INFO] PluginManage:310 - Check plugin pinoutconfig
2023-10-29 10:25:22,529 [WARN] SupportedApi:132 - Cannot load RTOS API schema: s4s-elt-must-match.1: The content of 'definitions' must match (annotation?, (simpleType | complexType)?, (unique | key | keyref)*)). A problem was found starting at: attribute.
2023-10-29 10:25:22,637 [INFO] PluginManage:359 - Loaded plugin pinoutconfig (category:base,tabindex:0)
2023-10-29 10:25:22,637 [INFO] PluginManage:310 - Check plugin power
2023-10-29 10:25:22,655 [INFO] PluginManage:359 - Loaded plugin power (category:power,tabindex:4)
2023-10-29 10:25:22,655 [INFO] PluginManage:310 - Check plugin projectmanager
2023-10-29 10:25:22,667 [INFO] PluginManage:359 - Loaded plugin projectmanager (category:projectmanager,tabindex:3)
2023-10-29 10:25:22,667 [INFO] PluginManage:310 - Check plugin thirdparty
2023-10-29 10:25:22,888 [INFO] PluginManage:359 - Loaded plugin thirdparty (category:base,tabindex:-1)
2023-10-29 10:25:22,888 [INFO] PluginManage:310 - Check plugin tools
2023-10-29 10:25:22,888 [WARN] IntegrityCheckThread:84 - waiting for thirdparty lock release [integrity check]
2023-10-29 10:25:22,889 [INFO] IntegrityCheckThread:86 - entering critical section [integrity check]
2023-10-29 10:25:22,889 [INFO] ThirdPartyUpdaterWithRetryManager:70 - Updater plugin not ready yet. [1/15]
2023-10-29 10:25:22,920 [INFO] PluginManage:359 - Loaded plugin tools (category:base,tabindex:7)
2023-10-29 10:25:22,920 [INFO] PluginManage:310 - Check plugin tutovideos
2023-10-29 10:25:23,067 [INFO] PluginManage:359 - Loaded plugin tutovideos (category:base,tabindex:-1)
2023-10-29 10:25:23,067 [INFO] PluginManage:310 - Check plugin updater
2023-10-29 10:25:23,076 [INFO] PluginManage:359 - Loaded plugin updater (category:base,tabindex:12)
2023-10-29 10:25:23,076 [INFO] PluginManage:310 - Check plugin userauth
2023-10-29 10:25:23,079 [INFO] UserAuth:113 - Init User Auth plugin
2023-10-29 10:25:23,079 [INFO] PluginManage:359 - Loaded plugin userauth (category:base,tabindex:14)
2023-10-29 10:25:23,080 [INFO] PluginManage:283 - PluginManage : Loaded plugins [17]
2023-10-29 10:25:23,243 [INFO] PinOutPanel:1499 - setPackage(No Configuration,No Configuration)
2023-10-29 10:25:23,332 [INFO] CADModel:165 - CPN selected for project level
2023-10-29 10:25:23,332 [INFO] CADModel:114 - Register for checkConnection events
2023-10-29 10:25:23,351 [INFO] IPUIPlugin:80 - create IPUIPlugin
2023-10-29 10:25:23,351 [INFO] PluginManager:220 - loadIPPluginJar : add adc
2023-10-29 10:25:23,384 [INFO] IPUIPlugin:80 - create IPUIPlugin
2023-10-29 10:25:23,384 [INFO] PluginManager:220 - loadIPPluginJar : add aes
2023-10-29 10:25:23,423 [INFO] IPUIPlugin:80 - create IPUIPlugin
2023-10-29 10:25:23,423 [INFO] PluginManager:220 - loadIPPluginJar : add can
2023-10-29 10:25:23,446 [INFO] IPUIPlugin:80 - create IPUIPlugin
2023-10-29 10:25:23,446 [INFO] PluginManager:220 - loadIPPluginJar : add comp
2023-10-29 10:25:23,479 [INFO] IPUIPlugin:80 - create IPUIPlugin
2023-10-29 10:25:23,479 [INFO] PluginManager:220 - loadIPPluginJar : add cryp
2023-10-29 10:25:23,506 [INFO] IPUIPlugin:80 - create IPUIPlugin
2023-10-29 10:25:23,506 [INFO] PluginManager:220 - loadIPPluginJar : add dfsdm
2023-10-29 10:25:23,517 [INFO] IPUIPlugin:80 - create IPUIPlugin
2023-10-29 10:25:23,518 [INFO] PluginManager:220 - loadIPPluginJar : add dma
2023-10-29 10:25:23,555 [INFO] IPUIPlugin:80 - create IPUIPlugin
2023-10-29 10:25:23,556 [INFO] PluginManager:220 - loadIPPluginJar : add dma3
2023-10-29 10:25:23,573 [INFO] IPUIPlugin:80 - create IPUIPlugin
2023-10-29 10:25:23,573 [INFO] PluginManager:220 - loadIPPluginJar : add fatfs
2023-10-29 10:25:23,612 [INFO] IPUIPlugin:80 - create IPUIPlugin
2023-10-29 10:25:23,613 [INFO] PluginManager:220 - loadIPPluginJar : add fmc
2023-10-29 10:25:23,625 [INFO] IPUIPlugin:80 - create IPUIPlugin
2023-10-29 10:25:23,625 [INFO] PluginManager:220 - loadIPPluginJar : add freertos
2023-10-29 10:25:23,644 [INFO] IPUIPlugin:80 - create IPUIPlugin
2023-10-29 10:25:23,644 [INFO] PluginManager:220 - loadIPPluginJar : add genericplugin
2023-10-29 10:25:23,737 [INFO] IPUIPlugin:80 - create IPUIPlugin
2023-10-29 10:25:23,737 [INFO] PluginManager:220 - loadIPPluginJar : add gfxmmu
2023-10-29 10:25:23,846 [INFO] IPUIPlugin:80 - create IPUIPlugin
2023-10-29 10:25:23,847 [INFO] PluginManager:220 - loadIPPluginJar : add gic
2023-10-29 10:25:23,857 [INFO] IPUIPlugin:80 - create IPUIPlugin
2023-10-29 10:25:23,857 [INFO] PluginManager:220 - loadIPPluginJar : add gpio
2023-10-29 10:25:23,936 [INFO] IPUIPlugin:80 - create IPUIPlugin
2023-10-29 10:25:23,936 [INFO] PluginManager:220 - loadIPPluginJar : add gtzc
2023-10-29 10:25:23,963 [INFO] IPUIPlugin:80 - create IPUIPlugin
2023-10-29 10:25:23,963 [INFO] PluginManager:220 - loadIPPluginJar : add hash
2023-10-29 10:25:24,008 [INFO] IPUIPlugin:80 - create IPUIPlugin
2023-10-29 10:25:24,008 [INFO] PluginManager:220 - loadIPPluginJar : add i2c
2023-10-29 10:25:24,041 [INFO] IPUIPlugin:80 - create IPUIPlugin
2023-10-29 10:25:24,041 [INFO] PluginManager:220 - loadIPPluginJar : add i2s
2023-10-29 10:25:24,075 [INFO] IPUIPlugin:80 - create IPUIPlugin
2023-10-29 10:25:24,075 [INFO] PluginManager:220 - loadIPPluginJar : add i3c
2023-10-29 10:25:24,168 [INFO] IPUIPlugin:80 - create IPUIPlugin
2023-10-29 10:25:24,168 [INFO] PluginManager:220 - loadIPPluginJar : add ipddr
2023-10-29 10:25:24,294 [INFO] IPUIPlugin:80 - create IPUIPlugin
2023-10-29 10:25:24,294 [INFO] PluginManager:220 - loadIPPluginJar : add linkedlist
2023-10-29 10:25:24,355 [INFO] IPUIPlugin:80 - create IPUIPlugin
2023-10-29 10:25:24,355 [INFO] PluginManager:220 - loadIPPluginJar : add lorawan
2023-10-29 10:25:24,416 [INFO] IPUIPlugin:80 - create IPUIPlugin
2023-10-29 10:25:24,416 [INFO] PluginManager:220 - loadIPPluginJar : add ltdc
2023-10-29 10:25:24,430 [INFO] IPUIPlugin:80 - create IPUIPlugin
2023-10-29 10:25:24,430 [INFO] PluginManager:220 - loadIPPluginJar : add mdma
2023-10-29 10:25:24,445 [INFO] IPUIPlugin:80 - create IPUIPlugin
2023-10-29 10:25:24,445 [INFO] PluginManager:220 - loadIPPluginJar : add nvic
2023-10-29 10:25:24,491 [INFO] IPUIPlugin:80 - create IPUIPlugin
2023-10-29 10:25:24,491 [INFO] PluginManager:220 - loadIPPluginJar : add opamp
2023-10-29 10:25:24,559 [INFO] IPUIPlugin:80 - create IPUIPlugin
2023-10-29 10:25:24,559 [INFO] PluginManager:220 - loadIPPluginJar : add openamp
2023-10-29 10:25:24,600 [INFO] IPUIPlugin:80 - create IPUIPlugin
2023-10-29 10:25:24,600 [INFO] PluginManager:220 - loadIPPluginJar : add pdm2pcm
2023-10-29 10:25:24,612 [INFO] IPUIPlugin:80 - create IPUIPlugin
2023-10-29 10:25:24,614 [INFO] PluginManager:220 - loadIPPluginJar : add plateformsettings
2023-10-29 10:25:24,634 [INFO] IPUIPlugin:80 - create IPUIPlugin
2023-10-29 10:25:24,634 [INFO] PluginManager:220 - loadIPPluginJar : add quadspi
2023-10-29 10:25:24,644 [INFO] IPUIPlugin:80 - create IPUIPlugin
2023-10-29 10:25:24,644 [INFO] PluginManager:220 - loadIPPluginJar : add resmgrutility
2023-10-29 10:25:24,684 [INFO] IPUIPlugin:80 - create IPUIPlugin
2023-10-29 10:25:24,684 [INFO] PluginManager:220 - loadIPPluginJar : add sai
2023-10-29 10:25:24,713 [INFO] IPUIPlugin:80 - create IPUIPlugin
2023-10-29 10:25:24,713 [INFO] PluginManager:220 - loadIPPluginJar : add spi
2023-10-29 10:25:24,758 [INFO] IPUIPlugin:80 - create IPUIPlugin
2023-10-29 10:25:24,758 [INFO] PluginManager:220 - loadIPPluginJar : add stm32_wpan
2023-10-29 10:25:24,777 [INFO] IPUIPlugin:80 - create IPUIPlugin
2023-10-29 10:25:24,777 [INFO] PluginManager:220 - loadIPPluginJar : add tim
2023-10-29 10:25:24,823 [INFO] IPUIPlugin:80 - create IPUIPlugin
2023-10-29 10:25:24,823 [INFO] PluginManager:220 - loadIPPluginJar : add touchsensing
2023-10-29 10:25:24,840 [INFO] IPUIPlugin:80 - create IPUIPlugin
2023-10-29 10:25:24,840 [INFO] PluginManager:220 - loadIPPluginJar : add tracer_emb
2023-10-29 10:25:24,860 [INFO] IPUIPlugin:80 - create IPUIPlugin
2023-10-29 10:25:24,860 [INFO] PluginManager:220 - loadIPPluginJar : add ts
2023-10-29 10:25:24,877 [INFO] IPUIPlugin:80 - create IPUIPlugin
2023-10-29 10:25:24,877 [INFO] PluginManager:220 - loadIPPluginJar : add tsc
2023-10-29 10:25:24,895 [INFO] IPUIPlugin:80 - create IPUIPlugin
2023-10-29 10:25:24,895 [INFO] PluginManager:220 - loadIPPluginJar : add ucpd
2023-10-29 10:25:24,933 [INFO] IPUIPlugin:80 - create IPUIPlugin
2023-10-29 10:25:24,933 [INFO] PluginManager:220 - loadIPPluginJar : add usart
2023-10-29 10:25:24,969 [INFO] IPUIPlugin:80 - create IPUIPlugin
2023-10-29 10:25:24,969 [INFO] PluginManager:220 - loadIPPluginJar : add usbx
2023-10-29 10:25:25,078 [INFO] CADModel:165 - CPN selected for project level
2023-10-29 10:25:25,078 [INFO] CADModel:114 - Register for checkConnection events
2023-10-29 10:25:25,078 [FATAL] Updater:308 - Updater called before beeing initialized
2023-10-29 10:25:25,078 [ERROR] CADModel:125 - Updater not yet initialized, retry later 
2023-10-29 10:25:25,159 [INFO] CADModel:165 - CPN selected for project level
2023-10-29 10:25:25,159 [INFO] CADModel:114 - Register for checkConnection events
2023-10-29 10:25:25,159 [FATAL] Updater:308 - Updater called before beeing initialized
2023-10-29 10:25:25,159 [ERROR] CADModel:125 - Updater not yet initialized, retry later 
2023-10-29 10:25:25,162 [FATAL] Updater:308 - Updater called before beeing initialized
2023-10-29 10:25:25,249 [FATAL] Updater:308 - Updater called before beeing initialized
2023-10-29 10:25:25,259 [INFO] DbMcusAds:53 - JSON generation date=Tue Mar 07 11:50:55 TRT 2023 (1678179055114)
2023-10-29 10:25:25,259 [FATAL] Updater:308 - Updater called before beeing initialized
2023-10-29 10:25:25,321 [WARN] DetailPanel:346 - Failed to get advertising image, set to default
2023-10-29 10:25:25,421 [FATAL] Updater:308 - Updater called before beeing initialized
2023-10-29 10:25:25,422 [FATAL] Updater:308 - Updater called before beeing initialized
2023-10-29 10:25:25,422 [FATAL] Updater:308 - Updater called before beeing initialized
2023-10-29 10:25:25,423 [WARN] DetailPanel:346 - Failed to get advertising image, set to default
2023-10-29 10:25:25,424 [FATAL] Updater:308 - Updater called before beeing initialized
2023-10-29 10:25:25,470 [ERROR] Updater:1120 - MainUpdater not yet initialized. External WinMGr cannot be set.
2023-10-29 10:25:25,480 [INFO] Updater:1056 - Updater Version found : 6.9.2
2023-10-29 10:25:25,493 [INFO] ApplicationProperties:184 - Using Application install path: C:\ST\STM32CubeIDE_1.13.2\STM32CubeIDE\plugins\com.st.stm32cube.common.mx_6.9.2.202309101412
2023-10-29 10:25:25,607 [INFO] MainUpdater:2868 - connection check result : 10
2023-10-29 10:25:25,608 [INFO] MainUpdater:285 - Updater Check For Update Now.
2023-10-29 10:25:25,609 [INFO] MicroXplorer:498 - Change Database Version : DB.6.0.92
2023-10-29 10:25:25,628 [INFO] McuFinderGlobals:63 - Set McuFinder mode to 2 (CubeIDE integrated)
2023-10-29 10:25:25,806 [INFO] CheckServerUpdateThread:120 - End of CheckServer Thread
2023-10-29 10:25:26,049 [WARN] PackLoader:240 - Cannot read IP mode file for STMicroelectronics.X-CUBE-SMBUS.2.1.0
2023-10-29 10:25:26,100 [WARN] PackLoader:240 - Cannot read IP mode file for STMicroelectronics.X-CUBE-AZRTOS-F7.1.1.0
2023-10-29 10:25:26,127 [WARN] PackLoader:240 - Cannot read IP mode file for STMicroelectronics.FP-SNS-MOTENV1.4.3.2
2023-10-29 10:25:26,147 [WARN] PackLoader:240 - Cannot read IP mode file for STMicroelectronics.FP-SNS-FLIGHT1.5.0.2
2023-10-29 10:25:26,169 [WARN] PackLoader:240 - Cannot read IP mode file for STMicroelectronics.X-CUBE-DISPLAY.3.0.0
2023-10-29 10:25:26,197 [WARN] PackLoader:240 - Cannot read IP mode file for STMicroelectronics.X-CUBE-BLE1.7.0.0
2023-10-29 10:25:26,215 [WARN] PackLoader:240 - Cannot read IP mode file for emotas.I-CUBE-CANOPEN.1.3.0
2023-10-29 10:25:26,241 [INFO] LogOutputStream:77 - [STDOUT_REDIRECT] 1 : Invalid condition id : UX_CORESTACK_Condition cause : null
2023-10-29 10:25:26,242 [INFO] LogOutputStream:77 - [STDOUT_REDIRECT] 1 : Invalid condition id : UX_CORESTACK_Condition cause : null
2023-10-29 10:25:26,243 [INFO] LogOutputStream:77 - [STDOUT_REDIRECT] 1 : Invalid condition id : UX_CORESTACK_Condition cause : null
2023-10-29 10:25:26,245 [INFO] LogOutputStream:77 - [STDOUT_REDIRECT] 1 : Invalid condition id : UX_CORESTACK_Condition cause : null
2023-10-29 10:25:26,246 [INFO] LogOutputStream:77 - [STDOUT_REDIRECT] 1 : Invalid condition id : UX_CORESTACK_Condition cause : null
2023-10-29 10:25:26,251 [WARN] PackLoader:240 - Cannot read IP mode file for STMicroelectronics.X-CUBE-AZRTOS-WL.2.0.0
2023-10-29 10:25:26,271 [WARN] PackLoader:240 - Cannot read IP mode file for WES.I-CUBE-Cesium.1.3.0
2023-10-29 10:25:26,284 [WARN] PackLoader:240 - Cannot read IP mode file for STMicroelectronics.X-CUBE-BLE2.3.3.0
2023-10-29 10:25:26,300 [WARN] PackLoader:240 - Cannot read IP mode file for STMicroelectronics.X-CUBE-ALGOBUILD.1.3.0
2023-10-29 10:25:26,331 [WARN] PackLoader:240 - Cannot read IP mode file for STMicroelectronics.X-CUBE-AZRTOS-G0.1.1.0
2023-10-29 10:25:26,349 [WARN] PackLoader:240 - Cannot read IP mode file for STMicroelectronics.X-CUBE-NFC4.3.0.0
2023-10-29 10:25:26,362 [WARN] PackLoader:240 - Cannot read IP mode file for STMicroelectronics.FP-ATR-SIGFOX1.3.2.0
2023-10-29 10:25:26,412 [WARN] PackLoader:240 - Cannot read IP mode file for SEGGER.I-CUBE-embOS.1.3.1
2023-10-29 10:25:26,454 [WARN] PackLoader:240 - Cannot read IP mode file for STMicroelectronics.X-CUBE-GNSS1.6.0.0
2023-10-29 10:25:26,480 [WARN] PackLoader:240 - Cannot read IP mode file for STMicroelectronics.X-CUBE-AZRTOS-F4.1.1.0
2023-10-29 10:25:26,494 [WARN] PackLoader:240 - Cannot read IP mode file for wolfSSL.I-CUBE-wolfSSL.5.6.3
2023-10-29 10:25:26,519 [WARN] PackLoader:240 - Cannot read IP mode file for STMicroelectronics.X-CUBE-AZRTOS-L5.2.0.0
2023-10-29 10:25:26,578 [WARN] PackLoader:240 - Cannot read IP mode file for STMicroelectronics.X-CUBE-MEMS1.9.6.0
2023-10-29 10:25:26,709 [WARN] PackLoader:240 - Cannot read IP mode file for STMicroelectronics.X-CUBE-EEPRMA1.4.2.0
2023-10-29 10:25:26,722 [WARN] PackLoader:240 - Cannot read IP mode file for ITTIA_DB.I-CUBE-ITTIADB.8.8.0
2023-10-29 10:25:26,736 [WARN] PackLoader:240 - Cannot read IP mode file for STMicroelectronics.X-CUBE-BLEMGR.2.0.0
2023-10-29 10:25:26,769 [WARN] ConditionMgr:438 - getConditionDescription Invalid condition id : UX DEVICE CLASS RTOS Condition cause : null
2023-10-29 10:25:26,769 [WARN] ConditionMgr:438 - getConditionDescription Invalid condition id : UX DEVICE CLASS RTOS Condition cause : null
2023-10-29 10:25:26,775 [WARN] PackLoader:240 - Cannot read IP mode file for STMicroelectronics.X-CUBE-AZRTOS-H7.3.1.0
2023-10-29 10:25:26,777 [WARN] ConditionMgr:1039 - genDependencies : Invalid condition id : UX DEVICE CLASS RTOS Condition cause : null
2023-10-29 10:25:26,777 [WARN] ConditionMgr:1039 - genDependencies : Invalid condition id : UX DEVICE CLASS RTOS Condition cause : null
2023-10-29 10:25:26,778 [WARN] ConditionMgr:1039 - genDependencies : Invalid condition id : UX DEVICE CLASS RTOS Condition cause : null
2023-10-29 10:25:26,779 [WARN] ConditionMgr:1039 - genDependencies : Invalid condition id : UX DEVICE CLASS RTOS Condition cause : null
2023-10-29 10:25:26,779 [WARN] ConditionMgr:1039 - genDependencies : Invalid condition id : UX DEVICE CLASS RTOS Condition cause : null
2023-10-29 10:25:26,804 [WARN] PackLoader:240 - Cannot read IP mode file for STMicroelectronics.X-CUBE-NFC7.1.0.1
2023-10-29 10:25:26,816 [WARN] PackLoader:240 - Cannot read IP mode file for STMicroelectronics.X-CUBE-EEPRMA1.4.1.0
2023-10-29 10:25:26,827 [WARN] PackLoader:240 - Cannot read IP mode file for STMicroelectronics.X-CUBE-AI.8.1.0
2023-10-29 10:25:26,870 [WARN] ConditionMgr:438 - getConditionDescription Invalid condition id : LAN8742 Phy interface Condition cause : null
2023-10-29 10:25:26,871 [WARN] PackLoader:240 - Cannot read IP mode file for STMicroelectronics.X-CUBE-AZRTOS-L4.2.0.0
2023-10-29 10:25:26,879 [WARN] ConditionMgr:1039 - genDependencies : Invalid condition id : LAN8742 Phy interface Condition cause : null
2023-10-29 10:25:26,880 [WARN] ConditionMgr:1039 - genDependencies : Invalid condition id : LAN8742 Phy interface Condition cause : null
2023-10-29 10:25:26,881 [WARN] ConditionMgr:1039 - genDependencies : Invalid condition id : LAN8742 Phy interface Condition cause : null
2023-10-29 10:25:26,903 [WARN] PackLoader:240 - Cannot read IP mode file for STMicroelectronics.X-CUBE-SFXS2LP1.4.0.0
2023-10-29 10:25:26,923 [WARN] PackLoader:240 - Cannot read IP mode file for STMicroelectronics.X-CUBE-ISPU.1.1.0
2023-10-29 10:25:26,944 [WARN] ConditionMgr:438 - getConditionDescription Invalid condition id : UX DEVICE CLASS RTOS Condition cause : null
2023-10-29 10:25:26,944 [WARN] ConditionMgr:438 - getConditionDescription Invalid condition id : UX DEVICE CLASS RTOS Condition cause : null
2023-10-29 10:25:26,946 [WARN] PackLoader:240 - Cannot read IP mode file for STMicroelectronics.X-CUBE-AZRTOS-WB.2.0.0
2023-10-29 10:25:26,946 [WARN] ConditionMgr:1039 - genDependencies : Invalid condition id : UX DEVICE CLASS RTOS Condition cause : null
2023-10-29 10:25:26,946 [WARN] ConditionMgr:1039 - genDependencies : Invalid condition id : UX DEVICE CLASS RTOS Condition cause : null
2023-10-29 10:25:26,946 [WARN] ConditionMgr:1039 - genDependencies : Invalid condition id : UX DEVICE CLASS RTOS Condition cause : null
2023-10-29 10:25:26,947 [WARN] ConditionMgr:1039 - genDependencies : Invalid condition id : UX DEVICE CLASS RTOS Condition cause : null
2023-10-29 10:25:26,947 [WARN] ConditionMgr:1039 - genDependencies : Invalid condition id : UX DEVICE CLASS RTOS Condition cause : null
2023-10-29 10:25:26,964 [WARN] PackLoader:240 - Cannot read IP mode file for STMicroelectronics.X-CUBE-SUBG2.5.0.0
2023-10-29 10:25:26,988 [WARN] PackLoader:240 - Cannot read IP mode file for STMicroelectronics.X-CUBE-TOF1.3.3.1
2023-10-29 10:25:27,018 [WARN] PackLoader:240 - Cannot read IP mode file for STMicroelectronics.X-CUBE-AZRTOS-G4.2.0.0
2023-10-29 10:25:27,039 [WARN] PackLoader:240 - Cannot read IP mode file for Infineon.AIROC-Wi-Fi-Bluetooth-STM32.1.5.1
2023-10-29 10:25:27,092 [WARN] PackLoader:240 - Cannot read IP mode file for STMicroelectronics.X-CUBE-MEMS1.10.0.0
2023-10-29 10:25:27,185 [WARN] PackLoader:240 - Cannot read IP mode file for STMicroelectronics.X-CUBE-FREERTOS.1.1.0
2023-10-29 10:25:27,198 [WARN] PackLoader:240 - Cannot read IP mode file for portGmbH.I-Cube-SoM-uGOAL.1.1.0
2023-10-29 10:25:27,209 [WARN] PackLoader:240 - Cannot read IP mode file for STMicroelectronics.X-CUBE-ALS.1.0.1
2023-10-29 10:25:27,221 [WARN] PackLoader:240 - Cannot read IP mode file for STMicroelectronics.FP-ATR-ASTRA1.2.0.0
2023-10-29 10:25:27,222 [INFO] ThirdParty:978 - Integrity check success = true
2023-10-29 10:25:27,222 [INFO] IntegrityCheckThread:100 - exiting critical section [integrity check]
2023-10-29 10:25:27,222 [INFO] IntegrityCheckThread:103 - End integrity checks thread
2023-10-29 10:25:46,661 [ERROR] LogOutputStream:75 - [STDERR_REDIRECT] SLF4J: Failed to load class "org.slf4j.impl.StaticLoggerBinder".
2023-10-29 10:25:46,661 [ERROR] LogOutputStream:75 - [STDERR_REDIRECT] SLF4J: Defaulting to no-operation (NOP) logger implementation
2023-10-29 10:25:46,663 [ERROR] LogOutputStream:75 - [STDERR_REDIRECT] SLF4J: See http://www.slf4j.org/codes.html#StaticLoggerBinder for further details.
2023-10-29 10:25:56,407 [INFO] McuFinderGlobals:63 - Set McuFinder mode to 2 (CubeIDE integrated)
2023-10-29 10:25:56,430 [INFO] MainUpdater:2868 - connection check result : 10
2023-10-29 10:25:57,238 [INFO] ApiDb:581 - Connected to CubeFinder SQLite database (C:\Users\islam\.stmcufinder\plugins\mcufinder\mcu\cube-finder-db.db)
2023-10-29 10:25:57,378 [INFO] ApiDb:668 - CubeFinder database Data Model version=2.1
2023-10-29 10:25:57,378 [INFO] ApiDb:669 - CubeFinder database Configuration version=3.0.37
2023-10-29 10:25:57,379 [INFO] ApiDb:670 - CubeFinder database generation date=2023-10-13 (1697197505)
2023-10-29 10:25:57,379 [INFO] ApiDb:671 - CubeFinder database FW Pack versions=[FP-ATR-ASTRA1_V2.0.0, FP-SNS-FLIGHT1_V5.0.1, FP-SNS-FLIGHT1_V5.0.2, FP-SNS-MOTENV1_V4.3.1, FP-SNS-MOTENV1_V4.3.2, FP-SNS-SMARTAG2_V1.2.0, I-CUBE-ITTIADB_V8.6.3-1, STM32Cube_FW_C0_V1.1.0, STM32Cube_FW_F4_V1.27.1, STM32Cube_FW_F7_V1.17.0, STM32Cube_FW_G0_V1.6.1, STM32Cube_FW_G4_V1.5.1, STM32Cube_FW_H5_V0.5.1, STM32Cube_FW_H5_V1.1.1, STM32Cube_FW_H7_V1.11.0, STM32Cube_FW_L0_V1.12.2, STM32Cube_FW_L5_V1.5.0, STM32Cube_FW_U5_V1.3.0, STM32Cube_FW_U5_V1.3.0RC4, STM32Cube_FW_WBA_V1.0.0RC1, STM32Cube_FW_WBA_V1.1.0RC1, STM32Cube_FW_WBA_V1.1.1, STM32Cube_FW_WB_V1.15.0RC1, STM32Cube_FW_WB_V1.16.0, STM32Cube_FW_WB_V1.16.0RC2, STM32Cube_FW_WB_V1.17.3, STM32Cube_FW_WL_V1.3.0, X-CUBE-ALGOBUILD_V1.3.0, X-CUBE-ALS_V1.0.1, X-CUBE-AZRTOS-F4_V1.1.0, X-CUBE-AZRTOS-F7_V1.1.0, X-CUBE-AZRTOS-G0_V1.1.0, X-CUBE-AZRTOS-G4_V2.0.0, X-CUBE-AZRTOS-H7_V3.1.0, X-CUBE-AZRTOS-L4_V1.0.0, X-CUBE-AZRTOS-L4_V2.0.0, X-CUBE-AZRTOS-L5_V1.1.0, X-CUBE-AZRTOS-WB_V2.0.0, X-CUBE-AZRTOS-WL_V2.0.0, X-CUBE-BLE1_V7.0.0, X-CUBE-BLE2_V3.3.0, X-CUBE-BLEMGR_V2.0.0, X-CUBE-EEPRMA1_V4.1.0, X-CUBE-FREERTOS_V1.1.0, X-CUBE-GNSS1_V6.0.0, X-CUBE-MEMS1_V10.0.0, X-CUBE-MEMS1_V9.1.0, X-CUBE-MEMS1_V9.4.0, X-CUBE-MEMS1_V9.6.0, X-CUBE-NFC4_V3.0.0, X-CUBE-NFC7_V1.0.1, X-CUBE-SFXS2LP1_V4.0.0, X-CUBE-SUBG2_V5.0.0, X-CUBE-TOF1_V3.3.1]
2023-10-29 10:25:57,492 [INFO] DbBoardsSqlite:226 - include board P-NUCLEO-WB55-NUCLEO as a kit item of type 'Nucleo-64'
2023-10-29 10:25:57,493 [INFO] DbBoardsSqlite:226 - include board P-NUCLEO-WB55-USBDONGLE as a kit item of type 'Nucleo USB Dongle'
2023-10-29 10:25:57,493 [INFO] DbBoardsSqlite:226 - include board STEVAL-IDP005V1 as a kit item of type 'Evaluation Board'
2023-10-29 10:25:57,493 [INFO] DbBoardsSqlite:226 - include board STEVAL-IDP005V2 as a kit item of type 'Evaluation Board'
2023-10-29 10:25:57,587 [INFO] ApiDb:240 - Found 323 in-development CPN: [B-G473E-ZEST1S, B-WB1M-WPAN1, B-WL5M-SUBG1, NUCLEO-C031C6, NUCLEO-H503RB, NUCLEO-H563ZI, NUCLEO-U545RE-Q, NUCLEO-U5A5ZJ-Q, NUCLEO-WBA52CG, STEVAL-PROTEUS1, STEVAL-SMARTAG2, STEVAL-STWINBX1, STM320518-EVAL, STM32C0116-DK, STM32C011D6Y3TR, STM32C011D6Y6TR, STM32C011F4P3, STM32C011F4P6, STM32C011F4U3, STM32C011F4U6TR, STM32C011F6P3, STM32C011F6P6, STM32C011F6U3, STM32C011F6U6TR, STM32C011J4M3, STM32C011J4M6, STM32C011J6M3, STM32C011J6M6, STM32C0316-DK, STM32C031C4T3, STM32C031C4T6, STM32C031C4U3, STM32C031C4U6, STM32C031C6T3, STM32C031C6T6, STM32C031C6U3, STM32C031C6U6, STM32C031F4P3, STM32C031F4P6, STM32C031F6P3, STM32C031F6P6, STM32C031G4U3, STM32C031G4U6, STM32C031G6U3, STM32C031G6U6, STM32C031K4T3, STM32C031K4T6, STM32C031K4U3, STM32C031K4U6, STM32C031K6T3, STM32C031K6T6, STM32C031K6U3, STM32C031K6U6, STM32G071K8TXN, STM32G071K8UXN, STM32G081GBU6N, STM32G081KBT6N, STM32G081KBUXN, STM32G0B1CCT6N, STM32G0B1KCT6, STM32G0B1NEY6TR, STM32G0B1RCT6N, STM32G0C1CCT6, STM32G0C1CCT6N, STM32G0C1CCU6N, STM32G0C1CET6N, STM32G0C1CEU6N, STM32G0C1KCT6, STM32G0C1NEY6TR, STM32G0C1RCI6N, STM32G0C1RCT6N, STM32G0C1REI6N, STM32G0C1RET6N, STM32G0C1VCI6, STM32G0C1VEI6, STM32G471CCT6, STM32G471CCU6, STM32G471CET3, STM32G471CET6, STM32G471CEU3, STM32G471CEU6, STM32G471MCT6, STM32G471MET3, STM32G471MET6, STM32G471MEY6TR, STM32G471QCT6, STM32G471QET3, STM32G471RCT6, STM32G471RET3, STM32G471RET6, STM32G471VCH6, STM32G471VCI6, STM32G471VCT6, STM32G471VEH3, STM32G471VEH6, STM32G471VEI3, STM32G471VEI6, STM32G471VET3, STM32G471VET6, STM32G474CCT6, STM32H503CBT6, STM32H503CBU6, STM32H503EBY6TR, STM32H503KBU6, STM32H503RBT6, STM32H562AGI6, STM32H562AII6, STM32H562IGK6, STM32H562IGT6, STM32H562IIK6, STM32H562IIT6, STM32H562RGT6, STM32H562RGV6, STM32H562RIT6, STM32H562RIV6, STM32H562VGT6, STM32H562VIT6, STM32H562ZGT6, STM32H562ZIT6, STM32H563AGI6, STM32H563AII3Q, STM32H563AII6, STM32H563IGK6, STM32H563IGT6, STM32H563IIK3Q, STM32H563IIK6, STM32H563IIT3Q, STM32H563IIT6, STM32H563MIY3QTR, STM32H563RGT6, STM32H563RGV6, STM32H563RIT6, STM32H563RIV6, STM32H563VGT6, STM32H563VIT3Q, STM32H563VIT6, STM32H563ZGT6, STM32H563ZIT3Q, STM32H563ZIT6, STM32H573AII3Q, STM32H573AII6, STM32H573I-DK, STM32H573IIK3Q, STM32H573IIK6, STM32H573IIT3Q, STM32H573IIT6, STM32H573MIY3QTR, STM32H573RIT6, STM32H573RIV6, STM32H573VIT3Q, STM32H573VIT6, STM32H573ZIT3Q, STM32H573ZIT6, STM32L4R5QGI6STR, STM32MP131AAE3, STM32MP131AAF3, STM32MP131AAG3, STM32MP131CAE3, STM32MP131CAF3, STM32MP131CAG3, STM32MP131DAE7, STM32MP131DAF7, STM32MP131DAG7, STM32MP131FAE7, STM32MP131FAF7, STM32MP131FAG7, STM32MP133AAE3, STM32MP133AAF3, STM32MP133AAG3, STM32MP133CAE3, STM32MP133CAF3, STM32MP133CAG3, STM32MP133DAE7, STM32MP133DAF7, STM32MP133DAG7, STM32MP133FAE7, STM32MP133FAF7, STM32MP133FAG7, STM32MP135AAE3, STM32MP135AAF3, STM32MP135AAG3, STM32MP135CAE3, STM32MP135CAF3, STM32MP135CAG3, STM32MP135DAE7, STM32MP135DAF7, STM32MP135DAG7, STM32MP135F-DK, STM32MP135FAE7, STM32MP135FAF7, STM32MP135FAF7T, STM32MP135FAF7U, STM32MP135FAG7, STM32U535CBT6, STM32U535CBT6Q, STM32U535CBU6, STM32U535CBU6Q, STM32U535CCT6, STM32U535CCT6Q, STM32U535CCU6, STM32U535CCU6Q, STM32U535CET6, STM32U535CET6Q, STM32U535CEU6, STM32U535CEU6Q, STM32U535JEY6QTR, STM32U535NCY6QTR, STM32U535NEY6QTR, STM32U535RBI6, STM32U535RBI6Q, STM32U535RBT6, STM32U535RBT6Q, STM32U535RCI6, STM32U535RCI6Q, STM32U535RCT6, STM32U535RCT6Q, STM32U535REI6, STM32U535REI6Q, STM32U535RET6, STM32U535RET6Q, STM32U535VCI6, STM32U535VCI6Q, STM32U535VCT6, STM32U535VCT6Q, STM32U535VEI6, STM32U535VEI6Q, STM32U535VET6, STM32U535VET6Q, STM32U545CET6, STM32U545CET6Q, STM32U545CEU6, STM32U545CEU6Q, STM32U545JEY6QTR, STM32U545NEY6QTR, STM32U545REI6, STM32U545REI6Q, STM32U545RET6, STM32U545RET6Q, STM32U545VEI6, STM32U545VEI6Q, STM32U545VET6, STM32U545VET6Q, STM32U595AIH6, STM32U595AIH6Q, STM32U595AJH6, STM32U595AJH6Q, STM32U595QII6, STM32U595QII6Q, STM32U595QJI6, STM32U595QJI6Q, STM32U595RIT6, STM32U595RIT6Q, STM32U595RJT6, STM32U595RJT6Q, STM32U595VIT6, STM32U595VIT6Q, STM32U595VJT6, STM32U595VJT6Q, STM32U595ZIT6, STM32U595ZIT6Q, STM32U595ZIY6QTR, STM32U595ZJT6, STM32U595ZJT6Q, STM32U595ZJY6QTR, STM32U599BJY6QTR, STM32U599NIH6Q, STM32U599NJH6Q, STM32U599VIT6Q, STM32U599VJT6, STM32U599VJT6Q, STM32U599ZIT6Q, STM32U599ZIY6QTR, STM32U599ZJT6Q, STM32U599ZJY6QTR, STM32U5A5AJH6, STM32U5A5AJH6Q, STM32U5A5QJI6, STM32U5A5QJI6Q, STM32U5A5RJT6, STM32U5A5RJT6Q, STM32U5A5VJT6, STM32U5A5VJT6Q, STM32U5A5ZJT6, STM32U5A5ZJT6Q, STM32U5A5ZJY6QTR, STM32U5A9BJY6QTR, STM32U5A9J-DK, STM32U5A9NJH6Q, STM32U5A9VJT6Q, STM32U5A9ZJT6Q, STM32U5A9ZJY6QTR, STM32U5F7VIT6, STM32U5F7VIT6Q, STM32U5F7VJT6, STM32U5F7VJT6Q, STM32U5F9BJY6QTR, STM32U5F9NJH6Q, STM32U5F9VIT6Q, STM32U5F9VJT6Q, STM32U5F9ZIJ6QTR, STM32U5F9ZIT6Q, STM32U5F9ZJJ6QTR, STM32U5F9ZJT6Q, STM32U5G7VJT6, STM32U5G7VJT6Q, STM32U5G9BJY6QTR, STM32U5G9J-DK1, STM32U5G9J-DK2, STM32U5G9NJH6Q, STM32U5G9VJT6Q, STM32U5G9ZJJ6QTR, STM32U5G9ZJT6Q, STM32WB1MMCH6, STM32WBA52CEU6, STM32WBA52CEU6T, STM32WBA52CGU6, STM32WBA52CGU6T, STM32WBA52KEU6, STM32WBA52KEU6T, STM32WBA52KGU6, STM32WBA52KGU6T, STM32WL5MOCH6, STM32WL5MOCH6TR]
2023-10-29 10:25:57,677 [INFO] BoardInfo:880 - No configuration file found for board P-NUCLEO-WB55
2023-10-29 10:25:57,677 [INFO] DbBoards:157 - Kit is not supported: P-NUCLEO-WB55
2023-10-29 10:25:57,681 [INFO] BoardInfo:880 - No configuration file found for board STEVAL-BFA001V1B
2023-10-29 10:25:57,681 [INFO] DbBoards:157 - Kit is not supported: STEVAL-BFA001V1B
2023-10-29 10:25:57,682 [INFO] BoardInfo:880 - No configuration file found for board STEVAL-BFA001V2B
2023-10-29 10:25:57,682 [INFO] DbBoards:157 - Kit is not supported: STEVAL-BFA001V2B
2023-10-29 10:25:57,789 [INFO] DbBoards:161 - Found 190 boards, 187 are supported
2023-10-29 10:25:57,791 [INFO] ApiDb:668 - CubeFinder database Data Model version=2.1
2023-10-29 10:25:57,791 [INFO] ApiDb:669 - CubeFinder database Configuration version=3.0.37
2023-10-29 10:25:57,791 [INFO] ApiDb:670 - CubeFinder database generation date=2023-10-13 (1697197505)
2023-10-29 10:25:57,791 [INFO] ApiDb:671 - CubeFinder database FW Pack versions=[FP-ATR-ASTRA1_V2.0.0, FP-SNS-FLIGHT1_V5.0.1, FP-SNS-FLIGHT1_V5.0.2, FP-SNS-MOTENV1_V4.3.1, FP-SNS-MOTENV1_V4.3.2, FP-SNS-SMARTAG2_V1.2.0, I-CUBE-ITTIADB_V8.6.3-1, STM32Cube_FW_C0_V1.1.0, STM32Cube_FW_F4_V1.27.1, STM32Cube_FW_F7_V1.17.0, STM32Cube_FW_G0_V1.6.1, STM32Cube_FW_G4_V1.5.1, STM32Cube_FW_H5_V0.5.1, STM32Cube_FW_H5_V1.1.1, STM32Cube_FW_H7_V1.11.0, STM32Cube_FW_L0_V1.12.2, STM32Cube_FW_L5_V1.5.0, STM32Cube_FW_U5_V1.3.0, STM32Cube_FW_U5_V1.3.0RC4, STM32Cube_FW_WBA_V1.0.0RC1, STM32Cube_FW_WBA_V1.1.0RC1, STM32Cube_FW_WBA_V1.1.1, STM32Cube_FW_WB_V1.15.0RC1, STM32Cube_FW_WB_V1.16.0, STM32Cube_FW_WB_V1.16.0RC2, STM32Cube_FW_WB_V1.17.3, STM32Cube_FW_WL_V1.3.0, X-CUBE-ALGOBUILD_V1.3.0, X-CUBE-ALS_V1.0.1, X-CUBE-AZRTOS-F4_V1.1.0, X-CUBE-AZRTOS-F7_V1.1.0, X-CUBE-AZRTOS-G0_V1.1.0, X-CUBE-AZRTOS-G4_V2.0.0, X-CUBE-AZRTOS-H7_V3.1.0, X-CUBE-AZRTOS-L4_V1.0.0, X-CUBE-AZRTOS-L4_V2.0.0, X-CUBE-AZRTOS-L5_V1.1.0, X-CUBE-AZRTOS-WB_V2.0.0, X-CUBE-AZRTOS-WL_V2.0.0, X-CUBE-BLE1_V7.0.0, X-CUBE-BLE2_V3.3.0, X-CUBE-BLEMGR_V2.0.0, X-CUBE-EEPRMA1_V4.1.0, X-CUBE-FREERTOS_V1.1.0, X-CUBE-GNSS1_V6.0.0, X-CUBE-MEMS1_V10.0.0, X-CUBE-MEMS1_V9.1.0, X-CUBE-MEMS1_V9.4.0, X-CUBE-MEMS1_V9.6.0, X-CUBE-NFC4_V3.0.0, X-CUBE-NFC7_V1.0.1, X-CUBE-SFXS2LP1_V4.0.0, X-CUBE-SUBG2_V5.0.0, X-CUBE-TOF1_V3.3.1]
2023-10-29 10:25:59,553 [INFO] ApiDb:240 - Found 323 in-development CPN: [B-G473E-ZEST1S, B-WB1M-WPAN1, B-WL5M-SUBG1, NUCLEO-C031C6, NUCLEO-H503RB, NUCLEO-H563ZI, NUCLEO-U545RE-Q, NUCLEO-U5A5ZJ-Q, NUCLEO-WBA52CG, STEVAL-PROTEUS1, STEVAL-SMARTAG2, STEVAL-STWINBX1, STM320518-EVAL, STM32C0116-DK, STM32C011D6Y3TR, STM32C011D6Y6TR, STM32C011F4P3, STM32C011F4P6, STM32C011F4U3, STM32C011F4U6TR, STM32C011F6P3, STM32C011F6P6, STM32C011F6U3, STM32C011F6U6TR, STM32C011J4M3, STM32C011J4M6, STM32C011J6M3, STM32C011J6M6, STM32C0316-DK, STM32C031C4T3, STM32C031C4T6, STM32C031C4U3, STM32C031C4U6, STM32C031C6T3, STM32C031C6T6, STM32C031C6U3, STM32C031C6U6, STM32C031F4P3, STM32C031F4P6, STM32C031F6P3, STM32C031F6P6, STM32C031G4U3, STM32C031G4U6, STM32C031G6U3, STM32C031G6U6, STM32C031K4T3, STM32C031K4T6, STM32C031K4U3, STM32C031K4U6, STM32C031K6T3, STM32C031K6T6, STM32C031K6U3, STM32C031K6U6, STM32G071K8TXN, STM32G071K8UXN, STM32G081GBU6N, STM32G081KBT6N, STM32G081KBUXN, STM32G0B1CCT6N, STM32G0B1KCT6, STM32G0B1NEY6TR, STM32G0B1RCT6N, STM32G0C1CCT6, STM32G0C1CCT6N, STM32G0C1CCU6N, STM32G0C1CET6N, STM32G0C1CEU6N, STM32G0C1KCT6, STM32G0C1NEY6TR, STM32G0C1RCI6N, STM32G0C1RCT6N, STM32G0C1REI6N, STM32G0C1RET6N, STM32G0C1VCI6, STM32G0C1VEI6, STM32G471CCT6, STM32G471CCU6, STM32G471CET3, STM32G471CET6, STM32G471CEU3, STM32G471CEU6, STM32G471MCT6, STM32G471MET3, STM32G471MET6, STM32G471MEY6TR, STM32G471QCT6, STM32G471QET3, STM32G471RCT6, STM32G471RET3, STM32G471RET6, STM32G471VCH6, STM32G471VCI6, STM32G471VCT6, STM32G471VEH3, STM32G471VEH6, STM32G471VEI3, STM32G471VEI6, STM32G471VET3, STM32G471VET6, STM32G474CCT6, STM32H503CBT6, STM32H503CBU6, STM32H503EBY6TR, STM32H503KBU6, STM32H503RBT6, STM32H562AGI6, STM32H562AII6, STM32H562IGK6, STM32H562IGT6, STM32H562IIK6, STM32H562IIT6, STM32H562RGT6, STM32H562RGV6, STM32H562RIT6, STM32H562RIV6, STM32H562VGT6, STM32H562VIT6, STM32H562ZGT6, STM32H562ZIT6, STM32H563AGI6, STM32H563AII3Q, STM32H563AII6, STM32H563IGK6, STM32H563IGT6, STM32H563IIK3Q, STM32H563IIK6, STM32H563IIT3Q, STM32H563IIT6, STM32H563MIY3QTR, STM32H563RGT6, STM32H563RGV6, STM32H563RIT6, STM32H563RIV6, STM32H563VGT6, STM32H563VIT3Q, STM32H563VIT6, STM32H563ZGT6, STM32H563ZIT3Q, STM32H563ZIT6, STM32H573AII3Q, STM32H573AII6, STM32H573I-DK, STM32H573IIK3Q, STM32H573IIK6, STM32H573IIT3Q, STM32H573IIT6, STM32H573MIY3QTR, STM32H573RIT6, STM32H573RIV6, STM32H573VIT3Q, STM32H573VIT6, STM32H573ZIT3Q, STM32H573ZIT6, STM32L4R5QGI6STR, STM32MP131AAE3, STM32MP131AAF3, STM32MP131AAG3, STM32MP131CAE3, STM32MP131CAF3, STM32MP131CAG3, STM32MP131DAE7, STM32MP131DAF7, STM32MP131DAG7, STM32MP131FAE7, STM32MP131FAF7, STM32MP131FAG7, STM32MP133AAE3, STM32MP133AAF3, STM32MP133AAG3, STM32MP133CAE3, STM32MP133CAF3, STM32MP133CAG3, STM32MP133DAE7, STM32MP133DAF7, STM32MP133DAG7, STM32MP133FAE7, STM32MP133FAF7, STM32MP133FAG7, STM32MP135AAE3, STM32MP135AAF3, STM32MP135AAG3, STM32MP135CAE3, STM32MP135CAF3, STM32MP135CAG3, STM32MP135DAE7, STM32MP135DAF7, STM32MP135DAG7, STM32MP135F-DK, STM32MP135FAE7, STM32MP135FAF7, STM32MP135FAF7T, STM32MP135FAF7U, STM32MP135FAG7, STM32U535CBT6, STM32U535CBT6Q, STM32U535CBU6, STM32U535CBU6Q, STM32U535CCT6, STM32U535CCT6Q, STM32U535CCU6, STM32U535CCU6Q, STM32U535CET6, STM32U535CET6Q, STM32U535CEU6, STM32U535CEU6Q, STM32U535JEY6QTR, STM32U535NCY6QTR, STM32U535NEY6QTR, STM32U535RBI6, STM32U535RBI6Q, STM32U535RBT6, STM32U535RBT6Q, STM32U535RCI6, STM32U535RCI6Q, STM32U535RCT6, STM32U535RCT6Q, STM32U535REI6, STM32U535REI6Q, STM32U535RET6, STM32U535RET6Q, STM32U535VCI6, STM32U535VCI6Q, STM32U535VCT6, STM32U535VCT6Q, STM32U535VEI6, STM32U535VEI6Q, STM32U535VET6, STM32U535VET6Q, STM32U545CET6, STM32U545CET6Q, STM32U545CEU6, STM32U545CEU6Q, STM32U545JEY6QTR, STM32U545NEY6QTR, STM32U545REI6, STM32U545REI6Q, STM32U545RET6, STM32U545RET6Q, STM32U545VEI6, STM32U545VEI6Q, STM32U545VET6, STM32U545VET6Q, STM32U595AIH6, STM32U595AIH6Q, STM32U595AJH6, STM32U595AJH6Q, STM32U595QII6, STM32U595QII6Q, STM32U595QJI6, STM32U595QJI6Q, STM32U595RIT6, STM32U595RIT6Q, STM32U595RJT6, STM32U595RJT6Q, STM32U595VIT6, STM32U595VIT6Q, STM32U595VJT6, STM32U595VJT6Q, STM32U595ZIT6, STM32U595ZIT6Q, STM32U595ZIY6QTR, STM32U595ZJT6, STM32U595ZJT6Q, STM32U595ZJY6QTR, STM32U599BJY6QTR, STM32U599NIH6Q, STM32U599NJH6Q, STM32U599VIT6Q, STM32U599VJT6, STM32U599VJT6Q, STM32U599ZIT6Q, STM32U599ZIY6QTR, STM32U599ZJT6Q, STM32U599ZJY6QTR, STM32U5A5AJH6, STM32U5A5AJH6Q, STM32U5A5QJI6, STM32U5A5QJI6Q, STM32U5A5RJT6, STM32U5A5RJT6Q, STM32U5A5VJT6, STM32U5A5VJT6Q, STM32U5A5ZJT6, STM32U5A5ZJT6Q, STM32U5A5ZJY6QTR, STM32U5A9BJY6QTR, STM32U5A9J-DK, STM32U5A9NJH6Q, STM32U5A9VJT6Q, STM32U5A9ZJT6Q, STM32U5A9ZJY6QTR, STM32U5F7VIT6, STM32U5F7VIT6Q, STM32U5F7VJT6, STM32U5F7VJT6Q, STM32U5F9BJY6QTR, STM32U5F9NJH6Q, STM32U5F9VIT6Q, STM32U5F9VJT6Q, STM32U5F9ZIJ6QTR, STM32U5F9ZIT6Q, STM32U5F9ZJJ6QTR, STM32U5F9ZJT6Q, STM32U5G7VJT6, STM32U5G7VJT6Q, STM32U5G9BJY6QTR, STM32U5G9J-DK1, STM32U5G9J-DK2, STM32U5G9NJH6Q, STM32U5G9VJT6Q, STM32U5G9ZJJ6QTR, STM32U5G9ZJT6Q, STM32WB1MMCH6, STM32WBA52CEU6, STM32WBA52CEU6T, STM32WBA52CGU6, STM32WBA52CGU6T, STM32WBA52KEU6, STM32WBA52KEU6T, STM32WBA52KGU6, STM32WBA52KGU6T, STM32WL5MOCH6, STM32WL5MOCH6TR]
2023-10-29 10:25:59,560 [INFO] DbMcus:217 - Found 3848 MCUs, 3848 are supported
2023-10-29 10:25:59,561 [INFO] ApiDb:423 - Load user favorites file C:\Users\islam/.stm32cubeide/favorites.mcus.txt: 0 item(s)
2023-10-29 10:25:59,561 [INFO] ApiDb:427 - User favorites MCUs=[]
2023-10-29 10:25:59,561 [INFO] DbMcus:223 - Set 0 / 0 favorites MCUs
2023-10-29 10:25:59,822 [INFO] ApiDb:423 - Load user favorites file C:\Users\islam/.stm32cubeide/favorites.boards.txt: 0 item(s)
2023-10-29 10:25:59,822 [INFO] ApiDb:427 - User favorites Boards=[]
2023-10-29 10:25:59,823 [INFO] DbBoards:190 - Set 0 / 0 favorites Boards
2023-10-29 10:25:59,823 [INFO] McuFinderGlobals:76 - Set McuFinderConnectedMode to true
2023-10-29 10:25:59,827 [INFO] MultiScanPanel:200 - Auto-refresh data requested => check proxy status ongoing
2023-10-29 10:25:59,828 [INFO] FinderPluginLoader:95 - Searching for filters in installed packs
2023-10-29 10:26:01,415 [INFO] LoadUrlFilesThread:185 - End of LoadServerUrlFiles without Thread
2023-10-29 10:26:01,421 [INFO] DetailPanel:341 - Set advertising image to C:/Users/islam/STM32Cube/Repository/\en.prom-stm32h5-mcu-finder.jpg
2023-10-29 10:26:04,584 [INFO] MultiScanPanel:200 - Auto-refresh data requested => check proxy status ongoing
2023-10-29 10:26:04,781 [INFO] LoadUrlFilesThread:185 - End of LoadServerUrlFiles without Thread
2023-10-29 10:26:04,782 [INFO] DetailPanel:341 - Set advertising image to C:/Users/islam/STM32Cube/Repository/\en.prom-stm32h5-mcu-finder.jpg
2023-10-29 10:26:04,801 [INFO] DbBoards:634 - Loading board mini-images...
2023-10-29 10:26:07,441 [INFO] DbBoards:657 - Loaded 190 board mini-images
2023-10-29 10:28:49,119 [INFO] McuFinderGlobals:76 - Set McuFinderConnectedMode to true
2023-10-29 10:28:49,123 [INFO] ApiDb:448 - Save user favorites file C:\Users\islam/.stm32cubeide/favorites.mcus.txt: 0 item(s)
2023-10-29 10:28:49,124 [INFO] ApiDb:452 - User favorites MCUs=[]
2023-10-29 10:28:49,128 [INFO] ApiDb:448 - Save user favorites file C:\Users\islam/.stm32cubeide/favorites.boards.txt: 0 item(s)
2023-10-29 10:28:49,129 [INFO] ApiDb:452 - User favorites Boards=[]
2023-10-29 12:05:56,507 [INFO] LogOutputStream:77 - [STDOUT_REDIRECT] StartTraceHandler.execute(), success : Collect=true
2023-10-29 12:05:59,074 [INFO] LogOutputStream:77 - [STDOUT_REDIRECT] StartTraceHandler.execute(), success : Collect=false
2023-10-29 12:10:05,083 [INFO] LogOutputStream:77 - [STDOUT_REDIRECT] StartTraceHandler.execute(), success : Collect=true
2023-10-29 13:14:49,528 [INFO] MainUpdater:2868 - connection check result : 10
2023-10-29 13:14:49,609 [INFO] McuFinderGlobals:76 - Set McuFinderConnectedMode to true
2023-10-29 13:14:49,609 [INFO] MultiScanPanel:200 - Auto-refresh data requested => check proxy status ongoing
2023-10-29 13:14:49,610 [INFO] FinderPluginLoader:95 - Searching for filters in installed packs
2023-10-29 13:14:50,347 [INFO] LoadUrlFilesThread:185 - End of LoadServerUrlFiles without Thread
2023-10-29 13:14:50,348 [INFO] DetailPanel:341 - Set advertising image to C:/Users/islam/STM32Cube/Repository/\en.prom-stm32h5-mcu-finder.jpg
2023-10-29 13:14:53,831 [INFO] MultiScanPanel:200 - Auto-refresh data requested => check proxy status ongoing
2023-10-29 13:14:53,874 [INFO] LoadUrlFilesThread:185 - End of LoadServerUrlFiles without Thread
2023-10-29 13:14:53,874 [INFO] DetailPanel:341 - Set advertising image to C:/Users/islam/STM32Cube/Repository/\en.prom-stm32h5-mcu-finder.jpg
2023-10-29 13:15:16,144 [INFO] McuFinderGlobals:76 - Set McuFinderConnectedMode to true
2023-10-29 13:15:16,147 [INFO] ApiDb:448 - Save user favorites file C:\Users\islam/.stm32cubeide/favorites.mcus.txt: 0 item(s)
2023-10-29 13:15:16,147 [INFO] ApiDb:452 - User favorites MCUs=[]
2023-10-29 13:15:16,149 [INFO] ApiDb:448 - Save user favorites file C:\Users\islam/.stm32cubeide/favorites.boards.txt: 0 item(s)
2023-10-29 13:15:16,149 [INFO] ApiDb:452 - User favorites Boards=[]
2023-10-29 13:20:13,140 [INFO] LogOutputStream:77 - [STDOUT_REDIRECT] StartTraceHandler.execute(), success : Collect=true
