2024-02-29 17:50:20,679 [INFO] Activator:176 - 


2024-02-29 17:50:20,684 [INFO] Activator:177 - !SESSION log4j initialized
2024-02-29 17:50:26,914 [INFO] LogOutputStream:77 - [STDOUT_REDIRECT] 
2024-02-29 17:50:28,150 [INFO] ApplicationProperties:184 - Using Application install path: C:\ST\STM32CubeIDE_1.13.2\STM32CubeIDE\plugins\com.st.stm32cube.common.mx_6.10.0.202311202037
2024-02-29 17:50:28,168 [INFO] DbMcusXml:78 - Set database path to: C:\ST\STM32CubeIDE_1.13.2\STM32CubeIDE\plugins\com.st.stm32cube.common.mx_6.10.0.202311202037\\db\/mcu/
2024-02-29 17:50:28,168 [INFO] ApiDb:274 - Set plugin database path to: C:\ST\STM32CubeIDE_1.13.2\STM32CubeIDE\plugins\com.st.stm32cube.common.mx_6.10.0.202311202037\\db\/plugins/boardmanager/
2024-02-29 17:50:28,169 [WARN] ApiDb:259 - Overriding images path with different value:  => C:\ST\STM32CubeIDE_1.13.2\STM32CubeIDE\plugins\com.st.stm32cube.common.mx_6.10.0.202311202037\\db\/plugins/mcufinder/images/
2024-02-29 17:50:28,177 [INFO] ApiDb:250 - Set database path to: C:\Users\islam\.stmcufinder\plugins\mcufinder//mcu/
2024-02-29 17:50:28,178 [INFO] DbMcusAds:125 - Set database path to: C:\Users\islam\.stmcufinder\plugins\mcufinder//mcu/
2024-02-29 17:50:28,180 [INFO] CrossReferenceDbSqlite:203 - Set database path to: C:\Users\islam\.stmcufinder\plugins\mcufinder//mcu/cs/
2024-02-29 17:50:28,281 [INFO] RulesReader:64 - Compatibility file has been processed (297 Rules)
2024-02-29 17:50:28,382 [INFO] DbMcusXml:78 - Set database path to: C:\ST\STM32CubeIDE_1.13.2\STM32CubeIDE\plugins\com.st.stm32cube.common.mx_6.10.0.202311202037\\db\/mcu/
2024-02-29 17:50:28,382 [INFO] ApiDb:274 - Set plugin database path to: C:\ST\STM32CubeIDE_1.13.2\STM32CubeIDE\plugins\com.st.stm32cube.common.mx_6.10.0.202311202037\\db\/plugins/boardmanager/
2024-02-29 17:50:28,382 [INFO] ApiDb:261 - Set plugin images path to: C:\ST\STM32CubeIDE_1.13.2\STM32CubeIDE\plugins\com.st.stm32cube.common.mx_6.10.0.202311202037\\db\/plugins/mcufinder/images/
2024-02-29 17:50:28,383 [WARN] DbFile:41 - Overriding database path with different value: C:\Users\islam\.stmcufinder\plugins\mcufinder/ => C:\Users\islam\.stmcufinder\plugins\mcufinder
2024-02-29 17:50:28,383 [INFO] ApiDb:250 - Set database path to: C:\Users\islam\.stmcufinder\plugins\mcufinder//mcu/
2024-02-29 17:50:28,383 [WARN] DbFile:41 - Overriding database path with different value: C:\Users\islam\.stmcufinder\plugins\mcufinder/ => C:\Users\islam\.stmcufinder\plugins\mcufinder
2024-02-29 17:50:28,383 [INFO] DbMcusAds:125 - Set database path to: C:\Users\islam\.stmcufinder\plugins\mcufinder//mcu/
2024-02-29 17:50:28,383 [WARN] DbFile:41 - Overriding database path with different value: C:\Users\islam\.stmcufinder\plugins\mcufinder/ => C:\Users\islam\.stmcufinder\plugins\mcufinder
2024-02-29 17:50:28,383 [WARN] DbFile:41 - Overriding database path with different value: C:\Users\islam\.stmcufinder\plugins\mcufinder/ => C:\Users\islam\.stmcufinder\plugins\mcufinder
2024-02-29 17:50:28,383 [INFO] CrossReferenceDbSqlite:203 - Set database path to: C:\Users\islam\.stmcufinder\plugins\mcufinder//mcu/cs/
2024-02-29 17:50:28,461 [INFO] MainPanel:264 - HeapMemory: 268435456
2024-02-29 17:50:28,549 [INFO] DbMcusXml:78 - Set database path to: C:\ST\STM32CubeIDE_1.13.2\STM32CubeIDE\plugins\com.st.stm32cube.common.mx_6.10.0.202311202037\\db\/mcu/
2024-02-29 17:50:28,549 [INFO] ApiDb:274 - Set plugin database path to: C:\ST\STM32CubeIDE_1.13.2\STM32CubeIDE\plugins\com.st.stm32cube.common.mx_6.10.0.202311202037\\db\/plugins/boardmanager/
2024-02-29 17:50:28,549 [INFO] ApiDb:261 - Set plugin images path to: C:\ST\STM32CubeIDE_1.13.2\STM32CubeIDE\plugins\com.st.stm32cube.common.mx_6.10.0.202311202037\\db\/plugins/mcufinder/images/
2024-02-29 17:50:28,550 [WARN] DbFile:41 - Overriding database path with different value: C:\Users\islam\.stmcufinder\plugins\mcufinder/ => C:\Users\islam\.stmcufinder\plugins\mcufinder
2024-02-29 17:50:28,550 [INFO] ApiDb:250 - Set database path to: C:\Users\islam\.stmcufinder\plugins\mcufinder//mcu/
2024-02-29 17:50:28,550 [WARN] DbFile:41 - Overriding database path with different value: C:\Users\islam\.stmcufinder\plugins\mcufinder/ => C:\Users\islam\.stmcufinder\plugins\mcufinder
2024-02-29 17:50:28,550 [INFO] DbMcusAds:125 - Set database path to: C:\Users\islam\.stmcufinder\plugins\mcufinder//mcu/
2024-02-29 17:50:28,550 [WARN] DbFile:41 - Overriding database path with different value: C:\Users\islam\.stmcufinder\plugins\mcufinder/ => C:\Users\islam\.stmcufinder\plugins\mcufinder
2024-02-29 17:50:28,550 [WARN] DbFile:41 - Overriding database path with different value: C:\Users\islam\.stmcufinder\plugins\mcufinder/ => C:\Users\islam\.stmcufinder\plugins\mcufinder
2024-02-29 17:50:28,550 [INFO] CrossReferenceDbSqlite:203 - Set database path to: C:\Users\islam\.stmcufinder\plugins\mcufinder//mcu/cs/
2024-02-29 17:50:28,569 [INFO] ApplicationProperties:184 - Using Application install path: C:\ST\STM32CubeIDE_1.13.2\STM32CubeIDE\plugins\com.st.stm32cube.common.mx_6.10.0.202311202037
2024-02-29 17:50:28,571 [INFO] PluginManage:196 - Search for loadable plugins [exclusion list=, ]
2024-02-29 17:50:28,572 [INFO] PluginManage:310 - Check plugin analytics
2024-02-29 17:50:28,727 [INFO] AnalyticsPlugin:253 - Accepted Software Licenses: 
2024-02-29 17:50:28,728 [INFO] AnalyticsPlugin:255 - Accepted CMSIS Pack Licenses: 
2024-02-29 17:50:28,728 [INFO] AnalyticsPlugin:257 - Accepted Firmware Licenses: 
2024-02-29 17:50:28,730 [INFO] PluginManage:359 - Loaded plugin analytics (category:tool,tabindex:-1)
2024-02-29 17:50:28,730 [INFO] PluginManage:310 - Check plugin cadmodel
2024-02-29 17:50:28,746 [INFO] CADModel:105 - Init CAD model plugin
2024-02-29 17:50:28,746 [INFO] PluginManage:359 - Loaded plugin cadmodel (category:power,tabindex:5)
2024-02-29 17:50:28,747 [INFO] PluginManage:310 - Check plugin clock
2024-02-29 17:50:28,771 [INFO] PluginManage:359 - Loaded plugin clock (category:base,tabindex:2)
2024-02-29 17:50:28,772 [INFO] PluginManage:310 - Check plugin ddr
2024-02-29 17:50:28,775 [INFO] PluginManage:359 - Loaded plugin ddr (category:tool,tabindex:6)
2024-02-29 17:50:28,775 [INFO] PluginManage:310 - Check plugin filemanager
2024-02-29 17:50:28,904 [INFO] PluginManage:359 - Loaded plugin filemanager (category:base,tabindex:10)
2024-02-29 17:50:28,904 [INFO] PluginManage:310 - Check plugin ipmanager
2024-02-29 17:50:28,910 [INFO] PluginManage:359 - Loaded plugin ipmanager (category:base,tabindex:5)
2024-02-29 17:50:28,911 [INFO] PluginManage:310 - Check plugin lpbam
2024-02-29 17:50:28,927 [INFO] PluginManage:359 - Loaded plugin lpbam (category:base,tabindex:0)
2024-02-29 17:50:28,927 [INFO] PluginManage:310 - Check plugin memorymap
2024-02-29 17:50:28,946 [INFO] PluginManage:359 - Loaded plugin memorymap (category:base,tabindex:4)
2024-02-29 17:50:28,946 [INFO] PluginManage:310 - Check plugin pinoutandconfiguration
2024-02-29 17:50:28,960 [INFO] PluginManage:359 - Loaded plugin pinoutandconfiguration (category:base,tabindex:1)
2024-02-29 17:50:28,960 [INFO] PluginManage:310 - Check plugin pinoutconfig
2024-02-29 17:50:29,045 [WARN] SupportedApi:132 - Cannot load RTOS API schema: s4s-elt-must-match.1: The content of 'definitions' must match (annotation?, (simpleType | complexType)?, (unique | key | keyref)*)). A problem was found starting at: attribute.
2024-02-29 17:50:29,163 [INFO] PluginManage:359 - Loaded plugin pinoutconfig (category:base,tabindex:0)
2024-02-29 17:50:29,163 [INFO] PluginManage:310 - Check plugin power
2024-02-29 17:50:29,188 [INFO] PluginManage:359 - Loaded plugin power (category:power,tabindex:4)
2024-02-29 17:50:29,188 [INFO] PluginManage:310 - Check plugin projectmanager
2024-02-29 17:50:29,201 [INFO] PluginManage:359 - Loaded plugin projectmanager (category:projectmanager,tabindex:3)
2024-02-29 17:50:29,201 [INFO] PluginManage:310 - Check plugin thirdparty
2024-02-29 17:50:29,454 [INFO] PluginManage:359 - Loaded plugin thirdparty (category:base,tabindex:-1)
2024-02-29 17:50:29,454 [INFO] PluginManage:310 - Check plugin tools
2024-02-29 17:50:29,454 [WARN] IntegrityCheckThread:84 - waiting for thirdparty lock release [integrity check]
2024-02-29 17:50:29,455 [INFO] IntegrityCheckThread:86 - entering critical section [integrity check]
2024-02-29 17:50:29,455 [INFO] ThirdPartyUpdaterWithRetryManager:70 - Updater plugin not ready yet. [1/15]
2024-02-29 17:50:29,486 [INFO] PluginManage:359 - Loaded plugin tools (category:base,tabindex:7)
2024-02-29 17:50:29,486 [INFO] PluginManage:310 - Check plugin tutovideos
2024-02-29 17:50:29,664 [INFO] PluginManage:359 - Loaded plugin tutovideos (category:base,tabindex:-1)
2024-02-29 17:50:29,664 [INFO] PluginManage:310 - Check plugin updater
2024-02-29 17:50:29,675 [INFO] PluginManage:359 - Loaded plugin updater (category:base,tabindex:12)
2024-02-29 17:50:29,675 [INFO] PluginManage:310 - Check plugin userauth
2024-02-29 17:50:29,681 [INFO] UserAuth:114 - Init User Auth plugin
2024-02-29 17:50:29,681 [INFO] PluginManage:359 - Loaded plugin userauth (category:base,tabindex:14)
2024-02-29 17:50:29,682 [INFO] PluginManage:283 - PluginManage : Loaded plugins [17]
2024-02-29 17:50:29,893 [INFO] PinOutPanel:1499 - setPackage(No Configuration,No Configuration)
2024-02-29 17:50:29,980 [INFO] CADModel:165 - CPN selected for project level
2024-02-29 17:50:29,981 [INFO] CADModel:114 - Register for checkConnection events
2024-02-29 17:50:30,008 [INFO] IPUIPlugin:80 - create IPUIPlugin
2024-02-29 17:50:30,008 [INFO] PluginManager:220 - loadIPPluginJar : add adc
2024-02-29 17:50:30,045 [INFO] IPUIPlugin:80 - create IPUIPlugin
2024-02-29 17:50:30,045 [INFO] PluginManager:220 - loadIPPluginJar : add aes
2024-02-29 17:50:30,090 [INFO] IPUIPlugin:80 - create IPUIPlugin
2024-02-29 17:50:30,090 [INFO] PluginManager:220 - loadIPPluginJar : add can
2024-02-29 17:50:30,114 [INFO] IPUIPlugin:80 - create IPUIPlugin
2024-02-29 17:50:30,114 [INFO] PluginManager:220 - loadIPPluginJar : add comp
2024-02-29 17:50:30,154 [INFO] IPUIPlugin:80 - create IPUIPlugin
2024-02-29 17:50:30,155 [INFO] PluginManager:220 - loadIPPluginJar : add cryp
2024-02-29 17:50:30,188 [INFO] IPUIPlugin:80 - create IPUIPlugin
2024-02-29 17:50:30,189 [INFO] PluginManager:220 - loadIPPluginJar : add dfsdm
2024-02-29 17:50:30,203 [INFO] IPUIPlugin:80 - create IPUIPlugin
2024-02-29 17:50:30,204 [INFO] PluginManager:220 - loadIPPluginJar : add dma
2024-02-29 17:50:30,247 [INFO] IPUIPlugin:80 - create IPUIPlugin
2024-02-29 17:50:30,247 [INFO] PluginManager:220 - loadIPPluginJar : add dma3
2024-02-29 17:50:30,270 [INFO] IPUIPlugin:80 - create IPUIPlugin
2024-02-29 17:50:30,270 [INFO] PluginManager:220 - loadIPPluginJar : add fatfs
2024-02-29 17:50:30,319 [INFO] IPUIPlugin:80 - create IPUIPlugin
2024-02-29 17:50:30,319 [INFO] PluginManager:220 - loadIPPluginJar : add fmc
2024-02-29 17:50:30,333 [INFO] IPUIPlugin:80 - create IPUIPlugin
2024-02-29 17:50:30,333 [INFO] PluginManager:220 - loadIPPluginJar : add freertos
2024-02-29 17:50:30,352 [INFO] IPUIPlugin:80 - create IPUIPlugin
2024-02-29 17:50:30,352 [INFO] PluginManager:220 - loadIPPluginJar : add genericplugin
2024-02-29 17:50:30,440 [INFO] IPUIPlugin:80 - create IPUIPlugin
2024-02-29 17:50:30,440 [INFO] PluginManager:220 - loadIPPluginJar : add gfxmmu
2024-02-29 17:50:30,569 [INFO] IPUIPlugin:80 - create IPUIPlugin
2024-02-29 17:50:30,570 [INFO] PluginManager:220 - loadIPPluginJar : add gic
2024-02-29 17:50:30,581 [INFO] IPUIPlugin:80 - create IPUIPlugin
2024-02-29 17:50:30,581 [INFO] PluginManager:220 - loadIPPluginJar : add gpio
2024-02-29 17:50:30,669 [INFO] IPUIPlugin:80 - create IPUIPlugin
2024-02-29 17:50:30,669 [INFO] PluginManager:220 - loadIPPluginJar : add gtzc
2024-02-29 17:50:30,697 [INFO] IPUIPlugin:80 - create IPUIPlugin
2024-02-29 17:50:30,697 [INFO] PluginManager:220 - loadIPPluginJar : add hash
2024-02-29 17:50:30,746 [INFO] IPUIPlugin:80 - create IPUIPlugin
2024-02-29 17:50:30,746 [INFO] PluginManager:220 - loadIPPluginJar : add i2c
2024-02-29 17:50:30,783 [INFO] IPUIPlugin:80 - create IPUIPlugin
2024-02-29 17:50:30,783 [INFO] PluginManager:220 - loadIPPluginJar : add i2s
2024-02-29 17:50:30,822 [INFO] IPUIPlugin:80 - create IPUIPlugin
2024-02-29 17:50:30,823 [INFO] PluginManager:220 - loadIPPluginJar : add i3c
2024-02-29 17:50:30,925 [INFO] IPUIPlugin:80 - create IPUIPlugin
2024-02-29 17:50:30,925 [INFO] PluginManager:220 - loadIPPluginJar : add ipddr
2024-02-29 17:50:31,014 [INFO] IPUIPlugin:80 - create IPUIPlugin
2024-02-29 17:50:31,014 [INFO] PluginManager:220 - loadIPPluginJar : add linkedlist
2024-02-29 17:50:31,051 [INFO] IPUIPlugin:80 - create IPUIPlugin
2024-02-29 17:50:31,051 [INFO] PluginManager:220 - loadIPPluginJar : add lorawan
2024-02-29 17:50:31,086 [INFO] IPUIPlugin:80 - create IPUIPlugin
2024-02-29 17:50:31,086 [INFO] PluginManager:220 - loadIPPluginJar : add ltdc
2024-02-29 17:50:31,099 [INFO] IPUIPlugin:80 - create IPUIPlugin
2024-02-29 17:50:31,100 [INFO] PluginManager:220 - loadIPPluginJar : add mdma
2024-02-29 17:50:31,112 [INFO] IPUIPlugin:80 - create IPUIPlugin
2024-02-29 17:50:31,112 [INFO] PluginManager:220 - loadIPPluginJar : add nvic
2024-02-29 17:50:31,145 [INFO] IPUIPlugin:80 - create IPUIPlugin
2024-02-29 17:50:31,145 [INFO] PluginManager:220 - loadIPPluginJar : add opamp
2024-02-29 17:50:31,205 [INFO] IPUIPlugin:80 - create IPUIPlugin
2024-02-29 17:50:31,205 [INFO] PluginManager:220 - loadIPPluginJar : add openamp
2024-02-29 17:50:31,243 [INFO] IPUIPlugin:80 - create IPUIPlugin
2024-02-29 17:50:31,243 [INFO] PluginManager:220 - loadIPPluginJar : add pdm2pcm
2024-02-29 17:50:31,256 [INFO] IPUIPlugin:80 - create IPUIPlugin
2024-02-29 17:50:31,257 [INFO] PluginManager:220 - loadIPPluginJar : add plateformsettings
2024-02-29 17:50:31,277 [INFO] IPUIPlugin:80 - create IPUIPlugin
2024-02-29 17:50:31,277 [INFO] PluginManager:220 - loadIPPluginJar : add quadspi
2024-02-29 17:50:31,288 [INFO] IPUIPlugin:80 - create IPUIPlugin
2024-02-29 17:50:31,288 [INFO] PluginManager:220 - loadIPPluginJar : add resmgrutility
2024-02-29 17:50:31,333 [INFO] IPUIPlugin:80 - create IPUIPlugin
2024-02-29 17:50:31,333 [INFO] PluginManager:220 - loadIPPluginJar : add sai
2024-02-29 17:50:31,374 [INFO] IPUIPlugin:80 - create IPUIPlugin
2024-02-29 17:50:31,374 [INFO] PluginManager:220 - loadIPPluginJar : add spi
2024-02-29 17:50:31,437 [INFO] IPUIPlugin:80 - create IPUIPlugin
2024-02-29 17:50:31,437 [INFO] PluginManager:220 - loadIPPluginJar : add stm32_wpan
2024-02-29 17:50:31,457 [INFO] IPUIPlugin:80 - create IPUIPlugin
2024-02-29 17:50:31,457 [INFO] PluginManager:220 - loadIPPluginJar : add tim
2024-02-29 17:50:31,512 [INFO] IPUIPlugin:80 - create IPUIPlugin
2024-02-29 17:50:31,512 [INFO] PluginManager:220 - loadIPPluginJar : add touchsensing
2024-02-29 17:50:31,536 [INFO] IPUIPlugin:80 - create IPUIPlugin
2024-02-29 17:50:31,536 [INFO] PluginManager:220 - loadIPPluginJar : add tracer_emb
2024-02-29 17:50:31,560 [INFO] IPUIPlugin:80 - create IPUIPlugin
2024-02-29 17:50:31,560 [INFO] PluginManager:220 - loadIPPluginJar : add ts
2024-02-29 17:50:31,580 [INFO] IPUIPlugin:80 - create IPUIPlugin
2024-02-29 17:50:31,580 [INFO] PluginManager:220 - loadIPPluginJar : add tsc
2024-02-29 17:50:31,599 [INFO] IPUIPlugin:80 - create IPUIPlugin
2024-02-29 17:50:31,600 [INFO] PluginManager:220 - loadIPPluginJar : add ucpd
2024-02-29 17:50:31,636 [INFO] IPUIPlugin:80 - create IPUIPlugin
2024-02-29 17:50:31,636 [INFO] PluginManager:220 - loadIPPluginJar : add usart
2024-02-29 17:50:31,675 [INFO] IPUIPlugin:80 - create IPUIPlugin
2024-02-29 17:50:31,675 [INFO] PluginManager:220 - loadIPPluginJar : add usbx
2024-02-29 17:50:31,812 [INFO] CADModel:165 - CPN selected for project level
2024-02-29 17:50:31,812 [INFO] CADModel:114 - Register for checkConnection events
2024-02-29 17:50:31,812 [FATAL] Updater:308 - Updater called before beeing initialized
2024-02-29 17:50:31,812 [ERROR] CADModel:125 - Updater not yet initialized, retry later 
2024-02-29 17:50:31,919 [INFO] CADModel:165 - CPN selected for project level
2024-02-29 17:50:31,919 [INFO] CADModel:114 - Register for checkConnection events
2024-02-29 17:50:31,919 [FATAL] Updater:308 - Updater called before beeing initialized
2024-02-29 17:50:31,919 [ERROR] CADModel:125 - Updater not yet initialized, retry later 
2024-02-29 17:50:31,922 [FATAL] Updater:308 - Updater called before beeing initialized
2024-02-29 17:50:32,036 [FATAL] Updater:308 - Updater called before beeing initialized
2024-02-29 17:50:32,044 [INFO] DbMcusAds:53 - JSON generation date=Wed Nov 29 13:52:27 TRT 2023 (1701255147349)
2024-02-29 17:50:32,044 [FATAL] Updater:308 - Updater called before beeing initialized
2024-02-29 17:50:32,116 [WARN] DetailPanel:346 - Failed to get advertising image, set to default
2024-02-29 17:50:32,200 [FATAL] Updater:308 - Updater called before beeing initialized
2024-02-29 17:50:32,201 [FATAL] Updater:308 - Updater called before beeing initialized
2024-02-29 17:50:32,201 [FATAL] Updater:308 - Updater called before beeing initialized
2024-02-29 17:50:32,202 [WARN] DetailPanel:346 - Failed to get advertising image, set to default
2024-02-29 17:50:32,202 [FATAL] Updater:308 - Updater called before beeing initialized
2024-02-29 17:50:32,256 [ERROR] Updater:1120 - MainUpdater not yet initialized. External WinMGr cannot be set.
2024-02-29 17:50:32,266 [INFO] Updater:1056 - Updater Version found : 6.10.0
2024-02-29 17:50:32,283 [INFO] ApplicationProperties:184 - Using Application install path: C:\ST\STM32CubeIDE_1.13.2\STM32CubeIDE\plugins\com.st.stm32cube.common.mx_6.10.0.202311202037
2024-02-29 17:50:32,458 [INFO] ThirdPartyUpdaterWithRetryManager:70 - Updater plugin not ready yet. [2/15]
2024-02-29 17:50:33,857 [ERROR] LogOutputStream:75 - [STDERR_REDIRECT] Feb 29, 2024 5:50:33 PM java.util.prefs.WindowsPreferences <init>
2024-02-29 17:50:33,858 [ERROR] LogOutputStream:75 - [STDERR_REDIRECT] WARNING: Could not open/create prefs root node Software\JavaSoft\Prefs at root 0xffffffff80000002. Windows RegCreateKeyEx(...) returned error code 5.
2024-02-29 17:50:33,858 [ERROR] LogOutputStream:75 - [STDERR_REDIRECT] 
2024-02-29 17:50:34,108 [INFO] MainUpdater:2873 - connection check result : 10
2024-02-29 17:50:34,109 [INFO] MainUpdater:290 - Updater Check For Update Now.
2024-02-29 17:50:34,109 [INFO] MicroXplorer:498 - Change Database Version : DB.6.0.100
2024-02-29 17:50:34,127 [INFO] McuFinderGlobals:63 - Set McuFinder mode to 2 (CubeIDE integrated)
2024-02-29 17:50:34,142 [INFO] UserAuth:404 - Internet connection configuration mode: 1
2024-02-29 17:50:34,175 [INFO] JxBrowserEngine:152 - Initiate JxBrowser Engine with user profile folder
2024-02-29 17:50:34,319 [INFO] CheckServerUpdateThread:120 - End of CheckServer Thread
2024-02-29 17:50:35,625 [WARN] PackLoader:240 - Cannot read IP mode file for STMicroelectronics.X-CUBE-SMBUS.2.1.0
2024-02-29 17:50:35,644 [WARN] PackLoader:240 - Cannot read IP mode file for STMicroelectronics.X-CUBE-TOUCHGFX.4.23.0
2024-02-29 17:50:35,711 [WARN] PackLoader:240 - Cannot read IP mode file for STMicroelectronics.X-CUBE-AZRTOS-F7.1.1.0
2024-02-29 17:50:35,759 [WARN] PackLoader:240 - Cannot read IP mode file for STMicroelectronics.FP-SNS-MOTENV1.4.3.2
2024-02-29 17:50:35,779 [WARN] PackLoader:240 - Cannot read IP mode file for STMicroelectronics.FP-SNS-FLIGHT1.5.0.2
2024-02-29 17:50:35,803 [WARN] PackLoader:240 - Cannot read IP mode file for STMicroelectronics.X-CUBE-DISPLAY.3.0.0
2024-02-29 17:50:35,828 [WARN] PackLoader:240 - Cannot read IP mode file for STMicroelectronics.X-CUBE-BLE1.7.0.0
2024-02-29 17:50:35,842 [WARN] PackLoader:240 - Cannot read IP mode file for emotas.I-CUBE-CANOPEN.1.3.0
2024-02-29 17:50:35,854 [WARN] PackLoader:240 - Cannot read IP mode file for STMicroelectronics.X-CUBE-TOUCHGFX.4.22.1
2024-02-29 17:50:35,878 [INFO] LogOutputStream:77 - [STDOUT_REDIRECT] 1 : Invalid condition id : UX_CORESTACK_Condition cause : null
2024-02-29 17:50:35,879 [INFO] LogOutputStream:77 - [STDOUT_REDIRECT] 1 : Invalid condition id : UX_CORESTACK_Condition cause : null
2024-02-29 17:50:35,880 [INFO] LogOutputStream:77 - [STDOUT_REDIRECT] 1 : Invalid condition id : UX_CORESTACK_Condition cause : null
2024-02-29 17:50:35,881 [INFO] LogOutputStream:77 - [STDOUT_REDIRECT] 1 : Invalid condition id : UX_CORESTACK_Condition cause : null
2024-02-29 17:50:35,883 [INFO] LogOutputStream:77 - [STDOUT_REDIRECT] 1 : Invalid condition id : UX_CORESTACK_Condition cause : null
2024-02-29 17:50:35,888 [WARN] PackLoader:240 - Cannot read IP mode file for STMicroelectronics.X-CUBE-AZRTOS-WL.2.0.0
2024-02-29 17:50:35,906 [WARN] PackLoader:240 - Cannot read IP mode file for WES.I-CUBE-Cesium.1.3.0
2024-02-29 17:50:35,921 [WARN] PackLoader:240 - Cannot read IP mode file for STMicroelectronics.X-CUBE-BLE2.3.3.0
2024-02-29 17:50:35,934 [WARN] PackLoader:240 - Cannot read IP mode file for STMicroelectronics.X-CUBE-ALGOBUILD.1.3.0
2024-02-29 17:50:35,960 [WARN] PackLoader:240 - Cannot read IP mode file for STMicroelectronics.X-CUBE-AZRTOS-G0.1.1.0
2024-02-29 17:50:35,978 [WARN] PackLoader:240 - Cannot read IP mode file for STMicroelectronics.X-CUBE-NFC4.3.0.0
2024-02-29 17:50:35,995 [WARN] PackLoader:240 - Cannot read IP mode file for STMicroelectronics.X-CUBE-BLEMGR.3.0.0
2024-02-29 17:50:36,008 [WARN] PackLoader:240 - Cannot read IP mode file for STMicroelectronics.FP-ATR-SIGFOX1.3.2.0
2024-02-29 17:50:36,022 [WARN] PackLoader:240 - Cannot read IP mode file for STMicroelectronics.X-CUBE-EEPRMA1.5.1.0
2024-02-29 17:50:36,056 [WARN] PackLoader:240 - Cannot read IP mode file for SEGGER.I-CUBE-embOS.1.3.1
2024-02-29 17:50:36,111 [WARN] PackLoader:240 - Cannot read IP mode file for STMicroelectronics.X-CUBE-GNSS1.6.0.0
2024-02-29 17:50:36,150 [WARN] PackLoader:240 - Cannot read IP mode file for STMicroelectronics.X-CUBE-AZRTOS-F4.1.1.0
2024-02-29 17:50:36,167 [WARN] PackLoader:240 - Cannot read IP mode file for wolfSSL.I-CUBE-wolfSSL.5.6.3
2024-02-29 17:50:36,225 [WARN] PackLoader:240 - Cannot read IP mode file for STMicroelectronics.X-CUBE-AZRTOS-L5.2.0.0
2024-02-29 17:50:36,275 [WARN] PackLoader:240 - Cannot read IP mode file for STMicroelectronics.X-CUBE-MEMS1.9.6.0
2024-02-29 17:50:36,409 [WARN] PackLoader:240 - Cannot read IP mode file for STMicroelectronics.X-CUBE-EEPRMA1.4.2.0
2024-02-29 17:50:36,424 [WARN] PackLoader:240 - Cannot read IP mode file for ITTIA_DB.I-CUBE-ITTIADB.8.8.0
2024-02-29 17:50:36,441 [WARN] PackLoader:240 - Cannot read IP mode file for STMicroelectronics.X-CUBE-BLEMGR.2.0.0
2024-02-29 17:50:36,475 [WARN] ConditionMgr:438 - getConditionDescription Invalid condition id : UX DEVICE CLASS RTOS Condition cause : null
2024-02-29 17:50:36,475 [WARN] ConditionMgr:438 - getConditionDescription Invalid condition id : UX DEVICE CLASS RTOS Condition cause : null
2024-02-29 17:50:36,477 [WARN] PackLoader:240 - Cannot read IP mode file for STMicroelectronics.X-CUBE-AZRTOS-H7.3.1.0
2024-02-29 17:50:36,478 [WARN] ConditionMgr:1039 - genDependencies : Invalid condition id : UX DEVICE CLASS RTOS Condition cause : null
2024-02-29 17:50:36,478 [WARN] ConditionMgr:1039 - genDependencies : Invalid condition id : UX DEVICE CLASS RTOS Condition cause : null
2024-02-29 17:50:36,479 [WARN] ConditionMgr:1039 - genDependencies : Invalid condition id : UX DEVICE CLASS RTOS Condition cause : null
2024-02-29 17:50:36,479 [WARN] ConditionMgr:1039 - genDependencies : Invalid condition id : UX DEVICE CLASS RTOS Condition cause : null
2024-02-29 17:50:36,479 [WARN] ConditionMgr:1039 - genDependencies : Invalid condition id : UX DEVICE CLASS RTOS Condition cause : null
2024-02-29 17:50:36,494 [WARN] PackLoader:240 - Cannot read IP mode file for STMicroelectronics.X-CUBE-NFC7.1.0.1
2024-02-29 17:50:36,512 [WARN] PackLoader:240 - Cannot read IP mode file for STMicroelectronics.X-CUBE-EEPRMA1.4.1.0
2024-02-29 17:50:36,528 [WARN] PackLoader:240 - Cannot read IP mode file for STMicroelectronics.X-CUBE-AI.8.1.0
2024-02-29 17:50:36,557 [WARN] ConditionMgr:438 - getConditionDescription Invalid condition id : LAN8742 Phy interface Condition cause : null
2024-02-29 17:50:36,557 [WARN] PackLoader:240 - Cannot read IP mode file for STMicroelectronics.X-CUBE-AZRTOS-L4.2.0.0
2024-02-29 17:50:36,558 [WARN] ConditionMgr:1039 - genDependencies : Invalid condition id : LAN8742 Phy interface Condition cause : null
2024-02-29 17:50:36,559 [WARN] ConditionMgr:1039 - genDependencies : Invalid condition id : LAN8742 Phy interface Condition cause : null
2024-02-29 17:50:36,559 [WARN] ConditionMgr:1039 - genDependencies : Invalid condition id : LAN8742 Phy interface Condition cause : null
2024-02-29 17:50:36,574 [WARN] PackLoader:240 - Cannot read IP mode file for STMicroelectronics.X-CUBE-SFXS2LP1.4.0.0
2024-02-29 17:50:36,592 [WARN] PackLoader:240 - Cannot read IP mode file for STMicroelectronics.X-CUBE-ISPU.1.1.0
2024-02-29 17:50:36,615 [WARN] ConditionMgr:438 - getConditionDescription Invalid condition id : UX DEVICE CLASS RTOS Condition cause : null
2024-02-29 17:50:36,615 [WARN] ConditionMgr:438 - getConditionDescription Invalid condition id : UX DEVICE CLASS RTOS Condition cause : null
2024-02-29 17:50:36,617 [WARN] PackLoader:240 - Cannot read IP mode file for STMicroelectronics.X-CUBE-AZRTOS-WB.2.0.0
2024-02-29 17:50:36,617 [WARN] ConditionMgr:1039 - genDependencies : Invalid condition id : UX DEVICE CLASS RTOS Condition cause : null
2024-02-29 17:50:36,618 [WARN] ConditionMgr:1039 - genDependencies : Invalid condition id : UX DEVICE CLASS RTOS Condition cause : null
2024-02-29 17:50:36,618 [WARN] ConditionMgr:1039 - genDependencies : Invalid condition id : UX DEVICE CLASS RTOS Condition cause : null
2024-02-29 17:50:36,618 [WARN] ConditionMgr:1039 - genDependencies : Invalid condition id : UX DEVICE CLASS RTOS Condition cause : null
2024-02-29 17:50:36,618 [WARN] ConditionMgr:1039 - genDependencies : Invalid condition id : UX DEVICE CLASS RTOS Condition cause : null
2024-02-29 17:50:36,639 [WARN] PackLoader:240 - Cannot read IP mode file for STMicroelectronics.X-CUBE-SUBG2.5.0.0
2024-02-29 17:50:36,665 [WARN] PackLoader:240 - Cannot read IP mode file for STMicroelectronics.X-CUBE-TOF1.3.3.1
2024-02-29 17:50:36,708 [WARN] PackLoader:240 - Cannot read IP mode file for STMicroelectronics.X-CUBE-AZRTOS-G4.2.0.0
2024-02-29 17:50:36,744 [WARN] PackLoader:240 - Cannot read IP mode file for Infineon.AIROC-Wi-Fi-Bluetooth-STM32.1.5.1
2024-02-29 17:50:36,766 [WARN] PackLoader:240 - Cannot read IP mode file for STMicroelectronics.FP-SNS-MOTENVWB1.1.3.1
2024-02-29 17:50:36,805 [WARN] PackLoader:240 - Cannot read IP mode file for STMicroelectronics.X-CUBE-ISPU.2.0.0
2024-02-29 17:50:36,989 [WARN] PackLoader:240 - Cannot read IP mode file for STMicroelectronics.X-CUBE-MEMS1.10.0.0
2024-02-29 17:50:37,250 [WARN] PackLoader:240 - Cannot read IP mode file for STMicroelectronics.X-CUBE-FREERTOS.1.1.0
2024-02-29 17:50:37,275 [WARN] PackLoader:240 - Cannot read IP mode file for portGmbH.I-Cube-SoM-uGOAL.1.1.0
2024-02-29 17:50:37,301 [WARN] PackLoader:240 - Cannot read IP mode file for STMicroelectronics.X-CUBE-ALS.1.0.1
2024-02-29 17:50:37,319 [WARN] PackLoader:240 - Cannot read IP mode file for STMicroelectronics.FP-ATR-ASTRA1.2.0.0
2024-02-29 17:50:37,362 [WARN] PackLoader:240 - Cannot read IP mode file for STMicroelectronics.X-CUBE-TOF1.3.4.0
2024-02-29 17:50:37,420 [INFO] WebApp:161 - Instantiating new browser for Auth
2024-02-29 17:50:37,469 [WARN] PackLoader:240 - Cannot read IP mode file for STMicroelectronics.X-CUBE-AZRTOS-H7.3.2.0
2024-02-29 17:50:37,475 [INFO] ThirdParty:978 - Integrity check success = true
2024-02-29 17:50:37,475 [INFO] IntegrityCheckThread:100 - exiting critical section [integrity check]
2024-02-29 17:50:37,475 [INFO] IntegrityCheckThread:103 - End integrity checks thread
2024-02-29 17:50:38,205 [INFO] WebApp:780 - Register for checkConnection events
2024-02-29 17:50:38,205 [INFO] WebApp:414 - Apply proxy settings
2024-02-29 17:50:38,205 [INFO] WebApp:499 - Chromium requires no authentication
2024-02-29 17:50:38,211 [INFO] WebApp:442 - Direct internet connection detected
2024-02-29 17:50:38,355 [INFO] WebApp:192 - Starting web application
2024-02-29 17:50:38,356 [INFO] WebApp:544 - Web application path used C:\ST\STM32CubeIDE_1.13.2\STM32CubeIDE\plugins\com.st.stm32cube.common.mx_6.10.0.202311202037\db\plugins\mcufinder\reactClient1\index.html
2024-02-29 17:50:59,283 [ERROR] LogOutputStream:75 - [STDERR_REDIRECT] SLF4J: Failed to load class "org.slf4j.impl.StaticLoggerBinder".
2024-02-29 17:50:59,284 [ERROR] LogOutputStream:75 - [STDERR_REDIRECT] SLF4J: Defaulting to no-operation (NOP) logger implementation
2024-02-29 17:50:59,286 [ERROR] LogOutputStream:75 - [STDERR_REDIRECT] SLF4J: See http://www.slf4j.org/codes.html#StaticLoggerBinder for further details.
2024-02-29 17:57:25,200 [INFO] LogOutputStream:77 - [STDOUT_REDIRECT] StartTraceHandler.execute(), success : Collect=false
2024-02-29 17:57:27,397 [INFO] LogOutputStream:77 - [STDOUT_REDIRECT] StartTraceHandler.execute(), success : Collect=true
2024-02-29 17:57:27,652 [INFO] LogOutputStream:77 - [STDOUT_REDIRECT] StartTraceHandler.execute(), success : Collect=false
2024-02-29 17:57:40,597 [INFO] LogOutputStream:77 - [STDOUT_REDIRECT] StartTraceHandler.execute(), success : Collect=true
2024-02-29 17:57:41,047 [INFO] LogOutputStream:77 - [STDOUT_REDIRECT] StartTraceHandler.execute(), success : Collect=false
2024-02-29 17:57:41,209 [INFO] LogOutputStream:77 - [STDOUT_REDIRECT] StartTraceHandler.execute(), success : Collect=true
2024-02-29 17:57:48,689 [INFO] LogOutputStream:77 - [STDOUT_REDIRECT] StartTraceHandler.execute(), success : Collect=false
2024-02-29 17:57:49,979 [INFO] LogOutputStream:77 - [STDOUT_REDIRECT] StartTraceHandler.execute(), success : Collect=true
2024-02-29 17:57:50,857 [INFO] LogOutputStream:77 - [STDOUT_REDIRECT] StartTraceHandler.execute(), success : Collect=false
2024-02-29 17:59:03,257 [INFO] LogOutputStream:77 - [STDOUT_REDIRECT] StartTraceHandler.execute(), success : Collect=true
2024-02-29 17:59:08,267 [INFO] LogOutputStream:77 - [STDOUT_REDIRECT] StartTraceHandler.execute(), success : Collect=false
2024-02-29 17:59:09,316 [INFO] LogOutputStream:77 - [STDOUT_REDIRECT] StartTraceHandler.execute(), success : Collect=true
2024-02-29 17:59:10,150 [INFO] LogOutputStream:77 - [STDOUT_REDIRECT] StartTraceHandler.execute(), success : Collect=false
2024-02-29 17:59:25,423 [INFO] LogOutputStream:77 - [STDOUT_REDIRECT] StartTraceHandler.execute(), success : Collect=true
2024-02-29 18:00:57,963 [ERROR] LogOutputStream:75 - [STDERR_REDIRECT] 
2024-02-29 18:01:16,395 [INFO] Activator:176 - 


2024-02-29 18:01:16,397 [INFO] Activator:177 - !SESSION log4j initialized
2024-02-29 18:01:20,764 [INFO] LogOutputStream:77 - [STDOUT_REDIRECT] 
